#
# A fatal error has been detected by the Java Runtime Environment:
#
#  EXCEPTION_ACCESS_VIOLATION (0xc0000005) at pc=0x00007ff89fd3b51e, pid=8416, tid=16080
#
# JRE version: Java(TM) SE Runtime Environment (21.0.2+13) (build 21.0.2+13-LTS-58)
# Java VM: Java HotSpot(TM) 64-Bit Server VM (21.0.2+13-LTS-58, mixed mode, emulated-client, sharing, tiered, compressed oops, compressed class ptrs, g1 gc, windows-amd64)
# Problematic frame:
# V  [jvm.dll+0x31b51e]
#
# No core dump will be written. Minidumps are not enabled by default on client versions of Windows
#
# If you would like to submit a bug report, please visit:
#   https://bugreport.java.com/bugreport/crash.jsp
#

---------------  S U M M A R Y ------------

Command Line: -XX:+ShowCodeDetailsInExceptionMessages -agentlib:jdwp=transport=dt_socket,suspend=y,address=localhost:54774 -Dcom.sun.management.jmxremote -Dcom.sun.management.jmxremote.port=54773 -Dcom.sun.management.jmxremote.authenticate=false -Dcom.sun.management.jmxremote.ssl=false -Djava.rmi.server.hostname=localhost -Dspring.jmx.enabled=true -Dmanagement.endpoints.jmx.exposure.include=* -Dspring.application.admin.enabled=true -XX:TieredStopAtLevel=1 -Dspring.boot.project.name=shopweb -javaagent:D:\EclipseIDE\eclipse\configuration\org.eclipse.osgi\446\0\.cp\lib\javaagent-shaded.jar -Dfile.encoding=UTF-8 -Dstdout.encoding=UTF-8 -Dstderr.encoding=UTF-8 com.web.ShopwebApplication --spring.output.ansi.enabled=always

Host: 11th Gen Intel(R) Core(TM) i5-1135G7 @ 2.40GHz, 8 cores, 7G,  Windows 10 , 64 bit Build 19041 (10.0.19041.5794)
Time: Thu Jun 19 17:14:31 2025 SE Asia Standard Time elapsed time: 8923.049804 seconds (0d 2h 28m 43s)

---------------  T H R E A D  ---------------

Current thread (0x00000194fdaebca0):  WorkerThread "GC Thread#2"    [id=16080, stack(0x0000006960700000,0x0000006960800000) (1024K)]

Stack: [0x0000006960700000,0x0000006960800000],  sp=0x00000069607fe1c0,  free space=1016k
Native frames: (J=compiled Java code, j=interpreted, Vv=VM code, C=native code)
V  [jvm.dll+0x31b51e]
V  [jvm.dll+0x3419f9]
V  [jvm.dll+0x341962]
V  [jvm.dll+0x315ead]
V  [jvm.dll+0x3158ed]
V  [jvm.dll+0x3ee1d5]
V  [jvm.dll+0x7ff8d6]
V  [jvm.dll+0x809331]
V  [jvm.dll+0x366d6a]
V  [jvm.dll+0x366e24]
V  [jvm.dll+0x3463d3]
V  [jvm.dll+0x883eb7]
V  [jvm.dll+0x7ff568]
V  [jvm.dll+0x6c953d]
C  [ucrtbase.dll+0x21bb2]
C  [KERNEL32.DLL+0x17374]
C  [ntdll.dll+0x4cc91]

JavaThread 0x00000194c1a7cd90 (nid = 20056) was being processed
Java frames: (J=compiled Java code, j=interpreted, Vv=VM code)
j  java.lang.invoke.LambdaForm$DMH+0x00000194811a4800.invokeVirtual(Ljava/lang/Object;Ljava/lang/Object;Ljava/lang/Object;)Ljava/lang/Object;+11 java.base@21.0.2
j  java.lang.invoke.LambdaForm$MH+0x0000019481aaac00.invoke(Ljava/lang/Object;Ljava/lang/Object;Ljava/lang/Object;)Ljava/lang/Object;+52 java.base@21.0.2
J 3946 c1 jdk.internal.reflect.DirectMethodHandleAccessor.invoke(Ljava/lang/Object;[Ljava/lang/Object;)Ljava/lang/Object; java.base@21.0.2 (92 bytes) @ 0x00000194f1391634 [0x00000194f1391320+0x0000000000000314]
J 3950 c1 java.lang.reflect.Method.invoke(Ljava/lang/Object;[Ljava/lang/Object;)Ljava/lang/Object; java.base@21.0.2 (108 bytes) @ 0x00000194f13907f4 [0x00000194f1390600+0x00000000000001f4]
j  org.springframework.web.method.support.InvocableHandlerMethod.doInvoke([Ljava/lang/Object;)Ljava/lang/Object;+55
j  org.springframework.web.method.support.InvocableHandlerMethod.invokeForRequest(Lorg/springframework/web/context/request/NativeWebRequest;Lorg/springframework/web/method/support/ModelAndViewContainer;[Ljava/lang/Object;)Ljava/lang/Object;+82
j  org.springframework.web.servlet.mvc.method.annotation.ServletInvocableHandlerMethod.invokeAndHandle(Lorg/springframework/web/context/request/ServletWebRequest;Lorg/springframework/web/method/support/ModelAndViewContainer;[Ljava/lang/Object;)V+4
j  org.springframework.web.servlet.mvc.method.annotation.RequestMappingHandlerAdapter.invokeHandlerMethod(Ljakarta/servlet/http/HttpServletRequest;Ljakarta/servlet/http/HttpServletResponse;Lorg/springframework/web/method/HandlerMethod;)Lorg/springframework/web/servlet/ModelAndView;+309
j  org.springframework.web.servlet.mvc.method.annotation.RequestMappingHandlerAdapter.handleInternal(Ljakarta/servlet/http/HttpServletRequest;Ljakarta/servlet/http/HttpServletResponse;Lorg/springframework/web/method/HandlerMethod;)Lorg/springframework/web/servlet/ModelAndView;+81
j  org.springframework.web.servlet.mvc.method.AbstractHandlerMethodAdapter.handle(Ljakarta/servlet/http/HttpServletRequest;Ljakarta/servlet/http/HttpServletResponse;Ljava/lang/Object;)Lorg/springframework/web/servlet/ModelAndView;+7
j  org.springframework.web.servlet.DispatcherServlet.doDispatch(Ljakarta/servlet/http/HttpServletRequest;Ljakarta/servlet/http/HttpServletResponse;)V+304
j  org.springframework.web.servlet.DispatcherServlet.doService(Ljakarta/servlet/http/HttpServletRequest;Ljakarta/servlet/http/HttpServletResponse;)V+242
j  org.springframework.web.servlet.FrameworkServlet.processRequest(Ljakarta/servlet/http/HttpServletRequest;Ljakarta/servlet/http/HttpServletResponse;)V+70
j  org.springframework.web.servlet.FrameworkServlet.doPost(Ljakarta/servlet/http/HttpServletRequest;Ljakarta/servlet/http/HttpServletResponse;)V+3
j  jakarta.servlet.http.HttpServlet.service(Ljakarta/servlet/http/HttpServletRequest;Ljakarta/servlet/http/HttpServletResponse;)V+150
j  org.springframework.web.servlet.FrameworkServlet.service(Ljakarta/servlet/http/HttpServletRequest;Ljakarta/servlet/http/HttpServletResponse;)V+20
j  jakarta.servlet.http.HttpServlet.service(Ljakarta/servlet/ServletRequest;Ljakarta/servlet/ServletResponse;)V+37
J 15609 c1 org.apache.catalina.core.ApplicationFilterChain.internalDoFilter(Ljakarta/servlet/ServletRequest;Ljakarta/servlet/ServletResponse;)V (386 bytes) @ 0x00000194f1321ef4 [0x00000194f1321a40+0x00000000000004b4]
J 15619 c1 org.apache.catalina.core.ApplicationFilterChain.doFilter(Ljakarta/servlet/ServletRequest;Ljakarta/servlet/ServletResponse;)V (103 bytes) @ 0x00000194f19ba724 [0x00000194f19ba6c0+0x0000000000000064]
j  org.apache.tomcat.websocket.server.WsFilter.doFilter(Ljakarta/servlet/ServletRequest;Ljakarta/servlet/ServletResponse;Ljakarta/servlet/FilterChain;)V+21
J 15609 c1 org.apache.catalina.core.ApplicationFilterChain.internalDoFilter(Ljakarta/servlet/ServletRequest;Ljakarta/servlet/ServletResponse;)V (386 bytes) @ 0x00000194f13223ac [0x00000194f1321a40+0x000000000000096c]
J 15619 c1 org.apache.catalina.core.ApplicationFilterChain.doFilter(Ljakarta/servlet/ServletRequest;Ljakarta/servlet/ServletResponse;)V (103 bytes) @ 0x00000194f19ba724 [0x00000194f19ba6c0+0x0000000000000064]
j  org.springframework.web.filter.RequestContextFilter.doFilterInternal(Ljakarta/servlet/http/HttpServletRequest;Ljakarta/servlet/http/HttpServletResponse;Ljakarta/servlet/FilterChain;)V+21
J 15770 c1 org.springframework.web.filter.OncePerRequestFilter.doFilter(Ljakarta/servlet/ServletRequest;Ljakarta/servlet/ServletResponse;Ljakarta/servlet/FilterChain;)V (178 bytes) @ 0x00000194f1e30fdc [0x00000194f1e30880+0x000000000000075c]
J 15609 c1 org.apache.catalina.core.ApplicationFilterChain.internalDoFilter(Ljakarta/servlet/ServletRequest;Ljakarta/servlet/ServletResponse;)V (386 bytes) @ 0x00000194f13223ac [0x00000194f1321a40+0x000000000000096c]
J 15619 c1 org.apache.catalina.core.ApplicationFilterChain.doFilter(Ljakarta/servlet/ServletRequest;Ljakarta/servlet/ServletResponse;)V (103 bytes) @ 0x00000194f19ba724 [0x00000194f19ba6c0+0x0000000000000064]
j  org.springframework.web.filter.FormContentFilter.doFilterInternal(Ljakarta/servlet/http/HttpServletRequest;Ljakarta/servlet/http/HttpServletResponse;Ljakarta/servlet/FilterChain;)V+38
J 15770 c1 org.springframework.web.filter.OncePerRequestFilter.doFilter(Ljakarta/servlet/ServletRequest;Ljakarta/servlet/ServletResponse;Ljakarta/servlet/FilterChain;)V (178 bytes) @ 0x00000194f1e30fdc [0x00000194f1e30880+0x000000000000075c]
J 15609 c1 org.apache.catalina.core.ApplicationFilterChain.internalDoFilter(Ljakarta/servlet/ServletRequest;Ljakarta/servlet/ServletResponse;)V (386 bytes) @ 0x00000194f13223ac [0x00000194f1321a40+0x000000000000096c]
J 15619 c1 org.apache.catalina.core.ApplicationFilterChain.doFilter(Ljakarta/servlet/ServletRequest;Ljakarta/servlet/ServletResponse;)V (103 bytes) @ 0x00000194f19ba724 [0x00000194f19ba6c0+0x0000000000000064]
j  org.springframework.web.filter.CharacterEncodingFilter.doFilterInternal(Ljakarta/servlet/http/HttpServletRequest;Ljakarta/servlet/http/HttpServletResponse;Ljakarta/servlet/FilterChain;)V+53
J 15770 c1 org.springframework.web.filter.OncePerRequestFilter.doFilter(Ljakarta/servlet/ServletRequest;Ljakarta/servlet/ServletResponse;Ljakarta/servlet/FilterChain;)V (178 bytes) @ 0x00000194f1e30fdc [0x00000194f1e30880+0x000000000000075c]
J 15609 c1 org.apache.catalina.core.ApplicationFilterChain.internalDoFilter(Ljakarta/servlet/ServletRequest;Ljakarta/servlet/ServletResponse;)V (386 bytes) @ 0x00000194f13223ac [0x00000194f1321a40+0x000000000000096c]
J 15619 c1 org.apache.catalina.core.ApplicationFilterChain.doFilter(Ljakarta/servlet/ServletRequest;Ljakarta/servlet/ServletResponse;)V (103 bytes) @ 0x00000194f19ba724 [0x00000194f19ba6c0+0x0000000000000064]
j  org.apache.catalina.core.StandardWrapperValve.invoke(Lorg/apache/catalina/connector/Request;Lorg/apache/catalina/connector/Response;)V+511
j  org.apache.catalina.core.StandardContextValve.invoke(Lorg/apache/catalina/connector/Request;Lorg/apache/catalina/connector/Response;)V+169
j  org.apache.catalina.authenticator.AuthenticatorBase.invoke(Lorg/apache/catalina/connector/Request;Lorg/apache/catalina/connector/Response;)V+221
j  org.apache.catalina.core.StandardHostValve.invoke(Lorg/apache/catalina/connector/Request;Lorg/apache/catalina/connector/Response;)V+131
j  org.apache.catalina.valves.ErrorReportValve.invoke(Lorg/apache/catalina/connector/Request;Lorg/apache/catalina/connector/Response;)V+6
j  org.apache.catalina.core.StandardEngineValve.invoke(Lorg/apache/catalina/connector/Request;Lorg/apache/catalina/connector/Response;)V+59
j  org.apache.catalina.connector.CoyoteAdapter.service(Lorg/apache/coyote/Request;Lorg/apache/coyote/Response;)V+188
J 15495 c1 org.apache.coyote.http11.Http11Processor.service(Lorg/apache/tomcat/util/net/SocketWrapperBase;)Lorg/apache/tomcat/util/net/AbstractEndpoint$Handler$SocketState; (1243 bytes) @ 0x00000194f115e754 [0x00000194f115d9a0+0x0000000000000db4]
J 15481 c1 org.apache.coyote.AbstractProcessorLight.process(Lorg/apache/tomcat/util/net/SocketWrapperBase;Lorg/apache/tomcat/util/net/SocketEvent;)Lorg/apache/tomcat/util/net/AbstractEndpoint$Handler$SocketState; (314 bytes) @ 0x00000194f19b1014 [0x00000194f19b0c40+0x00000000000003d4]
j  org.apache.coyote.AbstractProtocol$ConnectionHandler.process(Lorg/apache/tomcat/util/net/SocketWrapperBase;Lorg/apache/tomcat/util/net/SocketEvent;)Lorg/apache/tomcat/util/net/AbstractEndpoint$Handler$SocketState;+477
j  org.apache.tomcat.util.net.NioEndpoint$SocketProcessor.doRun()V+222
j  org.apache.tomcat.util.net.SocketProcessorBase.run()V+32
j  org.apache.tomcat.util.threads.ThreadPoolExecutor.runWorker(Lorg/apache/tomcat/util/threads/ThreadPoolExecutor$Worker;)V+92
j  org.apache.tomcat.util.threads.ThreadPoolExecutor$Worker.run()V+5
j  org.apache.tomcat.util.threads.TaskThread$WrappingRunnable.run()V+4
J 13743 c1 java.lang.Thread.run()V java.base@21.0.2 (23 bytes) @ 0x00000194f0cfdbd4 [0x00000194f0cfdb40+0x0000000000000094]
v  ~StubRoutines::call_stub 0x00000194f0a110e7

siginfo: EXCEPTION_ACCESS_VIOLATION (0xc0000005), reading address 0x0000019697a4ff20


Registers:
RAX=0x00000194f42e0000, RBX=0x00000194e8601040, RCX=0x000000000000003b, RDX=0x0000000000000001
RSP=0x00000069607fe1c0, RBP=0x00000069607fe360, RSI=0x00000069607fe540, RDI=0x0000000d1bb7f93b
R8 =0x0000019697a4ff20, R9 =0x00000194f9af8038, R10=0x00000194f0a10000, R11=0x00000069607fe3e8
R12=0x0000000000000000, R13=0x00000000000003d8, R14=0x0000000000000002, R15=0x00000194fdaa33f0
RIP=0x00007ff89fd3b51e, EFLAGS=0x0000000000010202


Register to memory mapping:

RAX=0x00000194f42e0000 points into unknown readable memory: 0x0000000000000001 | 01 00 00 00 00 00 00 00
RBX=0x00000194e8601040 points into unknown readable memory: 0x00007ff8a03f3db8 | b8 3d 3f a0 f8 7f 00 00
RCX=0x000000000000003b is an unknown value
RDX=0x0000000000000001 is an unknown value
RSP=0x00000069607fe1c0 points into unknown readable memory: 0x0000000000000000 | 00 00 00 00 00 00 00 00
RBP=0x00000069607fe360 points into unknown readable memory: 0x0000019480017600 | 00 76 01 80 94 01 00 00
RSI=0x00000069607fe540 points into unknown readable memory: 0x0000006961bfc9c8 | c8 c9 bf 61 69 00 00 00
RDI=0x0000000d1bb7f93b is an unknown value
R8 =0x0000019697a4ff20 is an unknown value
R9 =0x00000194f9af8038 is pointing into metadata
R10=0x00000194f0a10000 points into unknown readable memory: 0x0000000000000006 | 06 00 00 00 00 00 00 00
R11=0x00000069607fe3e8 points into unknown readable memory: 0x00007ff89fd358ed | ed 58 d3 9f f8 7f 00 00
R12=0x0 is null
R13=0x00000000000003d8 is an unknown value
R14=0x0000000000000002 is an unknown value
R15=0x00000194fdaa33f0 points into unknown readable memory: 0x0000000000000002 | 02 00 00 00 00 00 00 00

Top of Stack: (sp=0x00000069607fe1c0)
0x00000069607fe1c0:   0000000000000000 00007ff8a0164582
0x00000069607fe1d0:   00000000842f38e0 0000007fc81cdf09
0x00000069607fe1e0:   00000194fd103f20 00007ff89fd619f9
0x00000069607fe1f0:   0000006961bfc9d8 00007ff8a0164582
0x00000069607fe200:   0000000000000000 00000069607fe540
0x00000069607fe210:   0000000000000010 00007ff8a00d9499
0x00000069607fe220:   00000194fd103f20 00007ff89fd61962
0x00000069607fe230:   00000069607fe2f8 0000006961bfc9d8
0x00000069607fe240:   0000019480480090 0000000000000000
0x00000069607fe250:   0000000000000004 00007ff89fd35ead
0x00000069607fe260:   00000194fd1044d0 0000000000000004
0x00000069607fe270:   00000194fd1044d0 00000069607fe540
0x00000069607fe280:   0000000b00000001 00000194f9af8280
0x00000069607fe290:   00000194fdaebca0 0000019480543560
0x00000069607fe2a0:   00000194fd16d660 00000000000003d8
0x00000069607fe2b0:   00000194fd16d670 00000194fd16da48
0x00000069607fe2c0:   00000194f9af8273 00000194000000b8
0x00000069607fe2d0:   00000194f9af8280 00007ff8a03efa20
0x00000069607fe2e0:   00000069607fe540 00000194fd1044d0
0x00000069607fe2f0:   0000000400000003 0000019480543560
0x00000069607fe300:   0000001300000001 0000000000000055
0x00000069607fe310:   000000010000000c 0000019480480090
0x00000069607fe320:   0000000000000000 00000194f0dda9e0
0x00000069607fe330:   00000194f0dda520 0000000000000000
0x00000069607fe340:   00000194fd103f20 00007ff89fd619f9
0x00000069607fe350:   00000000842f3848 00007ff89fb57d32
0x00000069607fe360:   0000019480017600 00000006fd160013
0x00000069607fe370:   0000fed400000000 0000000000000015
0x00000069607fe380:   00000194fd103f20 00007ff89fd61962
0x00000069607fe390:   0000000000000000 00000000842f3848
0x00000069607fe3a0:   0000fed458c27114 00000069607ffa20
0x00000069607fe3b0:   0000000000000000 00000194fd1044d0 

Instructions: (pc=0x00007ff89fd3b51e)
0x00007ff89fd3b41e:   38 f0 4c 0f c1 04 c8 48 c7 42 08 00 00 00 00 44
0x00007ff89fd3b42e:   89 12 49 ff 41 58 4c 01 5a 08 e9 49 ff ff ff 49
0x00007ff89fd3b43e:   ff 41 50 4c 01 5a 08 e9 3c ff ff ff cc cc cc cc
0x00007ff89fd3b44e:   cc cc 48 89 5c 24 08 57 48 83 ec 20 48 8b 01 48
0x00007ff89fd3b45e:   8b fa 48 8b d9 ff 50 08 4c 8b c8 48 85 c0 74 66
0x00007ff89fd3b46e:   4c 8b 40 10 4c 2b 00 48 c7 40 28 00 00 00 00 4c
0x00007ff89fd3b47e:   89 43 18 48 8b 50 10 48 8b 48 08 48 8b c7 48 2b
0x00007ff89fd3b48e:   ca 48 c1 e9 03 48 3b cf 48 0f 42 c1 48 3b c7 72
0x00007ff89fd3b49e:   1e 48 8d 04 c2 49 89 41 10 90 ff 43 10 48 8b c2
0x00007ff89fd3b4ae:   4c 89 4b 08 48 8b 5c 24 30 48 83 c4 20 5f c3 33
0x00007ff89fd3b4be:   d2 90 ff 43 10 8b c2 4c 89 4b 08 48 8b 5c 24 30
0x00007ff89fd3b4ce:   48 83 c4 20 5f c3 48 8b 5c 24 30 48 83 c4 20 5f
0x00007ff89fd3b4de:   c3 cc 48 89 5c 24 08 57 48 83 ec 20 48 8b 01 48
0x00007ff89fd3b4ee:   8b fa 48 8b d9 ff 10 48 2b 7b 08 8b 4b 18 48 8b
0x00007ff89fd3b4fe:   43 20 48 c1 ef 03 48 d3 ef 40 0f b6 cf 48 8b d7
0x00007ff89fd3b50e:   48 c1 ea 06 80 e1 3f 4c 8d 04 d0 ba 01 00 00 00
0x00007ff89fd3b51e:   49 8b 00 48 d3 e2 48 8b c8 48 0b ca 48 3b c8 74
0x00007ff89fd3b52e:   13 90 f0 49 0f b1 08 74 18 48 8b c8 48 0b ca 48
0x00007ff89fd3b53e:   3b c8 75 ee 32 c0 48 8b 5c 24 30 48 83 c4 20 5f
0x00007ff89fd3b54e:   c3 48 8b 5c 24 30 b0 01 48 83 c4 20 5f c3 cc cc
0x00007ff89fd3b55e:   cc cc 48 89 5c 24 08 57 48 83 ec 20 4c 8b 41 30
0x00007ff89fd3b56e:   48 8b da 48 8b f9 45 8b 88 80 00 00 00 41 8b 80
0x00007ff89fd3b57e:   00 01 00 00 41 8b d1 2b d0 81 e2 ff ff 01 00 81
0x00007ff89fd3b58e:   fa fe ff 01 00 73 26 49 8b 80 80 01 00 00 4a 89
0x00007ff89fd3b59e:   1c c8 41 8d 41 01 25 ff ff 01 00 41 89 80 80 00
0x00007ff89fd3b5ae:   00 00 48 8b 5c 24 30 48 83 c4 20 5f c3 e8 50 93
0x00007ff89fd3b5be:   01 00 48 8b 57 30 44 8b 82 80 00 00 00 8b 82 00
0x00007ff89fd3b5ce:   01 00 00 41 8b c8 2b c8 81 e1 ff ff 01 00 81 f9
0x00007ff89fd3b5de:   fe ff 01 00 73 1a 48 8b 82 80 01 00 00 4a 89 1c
0x00007ff89fd3b5ee:   c0 41 8d 40 01 25 ff ff 01 00 89 82 80 00 00 00
0x00007ff89fd3b5fe:   48 8b 5c 24 30 48 83 c4 20 5f c3 cc cc cc cc cc
0x00007ff89fd3b60e:   cc cc 48 89 5c 24 08 57 48 83 ec 20 48 8b 79 08 


Stack slot to memory mapping:

stack at sp + 0 slots: 0x0 is null
stack at sp + 1 slots: 0x00007ff8a0164582 jvm.dll
stack at sp + 2 slots: 0x00000000842f38e0 is an oop: java.util.concurrent.ThreadPoolExecutor$Worker 
{0x00000000842f38e0} - klass: 'java/util/concurrent/ThreadPoolExecutor$Worker'
 - ---- fields (total size 6 words):
 - private transient 'exclusiveOwnerThread' 'Ljava/lang/Thread;' @12  null (0x00000000)
 - private volatile 'state' 'I' @16  0 (0x00000000)
 - private volatile transient 'head' 'Ljava/util/concurrent/locks/AbstractQueuedSynchronizer$Node;' @20  null (0x00000000)
 - private volatile transient 'tail' 'Ljava/util/concurrent/locks/AbstractQueuedSynchronizer$Node;' @24  null (0x00000000)
 - final 'thread' 'Ljava/lang/Thread;' @28  a 'java/lang/Thread'{0x00000000842f3848} (0x842f3848)
 - volatile 'completedTasks' 'J' @32  30 (0x000000000000001e)
 - 'firstTask' 'Ljava/lang/Runnable;' @40  null (0x00000000)
 - final synthetic 'this$0' 'Ljava/util/concurrent/ThreadPoolExecutor;' @44  a 'java/util/concurrent/ScheduledThreadPoolExecutor'{0x0000000084386a58} (0x84386a58)
stack at sp + 3 slots: 0x0000007fc81cdf09 is an unknown value
stack at sp + 4 slots: 0x00000194fd103f20 points into unknown readable memory: 0x000000695f3ff030 | 30 f0 3f 5f 69 00 00 00
stack at sp + 5 slots: 0x00007ff89fd619f9 jvm.dll
stack at sp + 6 slots: 0x0000006961bfc9d8 is pointing into the stack for thread: 0x00000194c1a7cd90
stack at sp + 7 slots: 0x00007ff8a0164582 jvm.dll


---------------  P R O C E S S  ---------------

Threads class SMR info:
_java_thread_list=0x00000194c1458b00, length=26, elements={
0x00000194f8c95910, 0x00000194f8c964d0, 0x00000194f8c99740, 0x00000194f8c9a1a0,
0x00000194f8c9ac00, 0x00000194f8ca3670, 0x00000194f8ca80f0, 0x00000194fd04edd0,
0x00000194fd1216e0, 0x00000194fd127350, 0x00000194fd12ab00, 0x00000194fd90c500,
0x00000194fda589c0, 0x00000194fda93010, 0x00000194fdaa9dd0, 0x00000194fe17a180,
0x00000194fe1cb470, 0x00000194fe1da280, 0x00000194fe1da910, 0x00000194c1a7c700,
0x00000194c1a83690, 0x00000194c1a7cd90, 0x00000194c1a815c0, 0x00000194c1a81c50,
0x00000194c1a822e0, 0x00000194c1eb8f70
}

Java Threads: ( => current thread )
  0x00000194f8c95910 JavaThread "Reference Handler"          daemon [_thread_blocked, id=13896, stack(0x000000695f400000,0x000000695f500000) (1024K)]
  0x00000194f8c964d0 JavaThread "Finalizer"                  daemon [_thread_blocked, id=11828, stack(0x000000695f500000,0x000000695f600000) (1024K)]
  0x00000194f8c99740 JavaThread "Signal Dispatcher"          daemon [_thread_blocked, id=19184, stack(0x000000695f600000,0x000000695f700000) (1024K)]
  0x00000194f8c9a1a0 JavaThread "Attach Listener"            daemon [_thread_blocked, id=9656, stack(0x000000695f700000,0x000000695f800000) (1024K)]
  0x00000194f8c9ac00 JavaThread "Service Thread"             daemon [_thread_blocked, id=6444, stack(0x000000695f800000,0x000000695f900000) (1024K)]
  0x00000194f8ca3670 JavaThread "Monitor Deflation Thread"   daemon [_thread_blocked, id=18452, stack(0x000000695f900000,0x000000695fa00000) (1024K)]
  0x00000194f8ca80f0 JavaThread "C1 CompilerThread0"         daemon [_thread_blocked, id=16420, stack(0x000000695fa00000,0x000000695fb00000) (1024K)]
  0x00000194fd04edd0 JavaThread "Common-Cleaner"             daemon [_thread_blocked, id=18256, stack(0x000000695fb00000,0x000000695fc00000) (1024K)]
  0x00000194fd1216e0 JavaThread "JDWP Transport Listener: dt_socket" daemon [_thread_blocked, id=20216, stack(0x000000695fd00000,0x000000695fe00000) (1024K)]
  0x00000194fd127350 JavaThread "JDWP Event Helper Thread"   daemon [_thread_blocked, id=7040, stack(0x000000695fe00000,0x000000695ff00000) (1024K)]
  0x00000194fd12ab00 JavaThread "JDWP Command Reader"        daemon [_thread_blocked, id=18500, stack(0x000000695ff00000,0x0000006960000000) (1024K)]
  0x00000194fd90c500 JavaThread "Notification Thread"        daemon [_thread_blocked, id=12908, stack(0x0000006960000000,0x0000006960100000) (1024K)]
  0x00000194fda589c0 JavaThread "RMI TCP Accept-0"           daemon [_thread_in_native, id=10132, stack(0x0000006960300000,0x0000006960400000) (1024K)]
  0x00000194fda93010 JavaThread "RMI TCP Accept-54773"       daemon [_thread_in_native, id=2496, stack(0x0000006960400000,0x0000006960500000) (1024K)]
  0x00000194fdaa9dd0 JavaThread "RMI TCP Accept-0"           daemon [_thread_in_native, id=7964, stack(0x0000006960500000,0x0000006960600000) (1024K)]
  0x00000194fe17a180 JavaThread "RMI Scheduler(0)"           daemon [_thread_blocked, id=12344, stack(0x0000006961000000,0x0000006961100000) (1024K)]
  0x00000194fe1cb470 JavaThread "RMI TCP Connection(146)-127.0.0.1" daemon [_thread_in_native, id=18848, stack(0x0000006961100000,0x0000006961200000) (1024K)]
  0x00000194fe1da280 JavaThread "JMX server connection timeout 43" daemon [_thread_blocked, id=6384, stack(0x0000006961300000,0x0000006961400000) (1024K)]
  0x00000194fe1da910 JavaThread "mysql-cj-abandoned-connection-cleanup" daemon [_thread_blocked, id=2188, stack(0x0000006961700000,0x0000006961800000) (1024K)]
  0x00000194c1a7c700 JavaThread "Live Reload Server"         daemon [_thread_in_native, id=3680, stack(0x0000006961d00000,0x0000006961e00000) (1024K)]
  0x00000194c1a83690 JavaThread "DestroyJavaVM"                     [_thread_blocked, id=1532, stack(0x000000695ec00000,0x000000695ed00000) (1024K)]
  0x00000194c1a7cd90 JavaThread "http-nio-8088-exec-7"       daemon [_thread_blocked, id=20056, stack(0x0000006961b00000,0x0000006961c00000) (1024K)]
  0x00000194c1a815c0 JavaThread "Thread-51"                         [_thread_blocked, id=5136, stack(0x000000695e900000,0x000000695ea00000) (1024K)]
  0x00000194c1a81c50 JavaThread "RMI TCP Connection(147)-127.0.0.1" daemon [_thread_blocked, id=17660, stack(0x0000006960e00000,0x0000006960f00000) (1024K)]
  0x00000194c1a822e0 JavaThread "JMX server connection timeout 421" daemon [_thread_blocked, id=20276, stack(0x0000006960f00000,0x0000006961000000) (1024K)]
  0x00000194c1eb8f70 JavaThread "C1 CompilerThread1"         daemon [_thread_blocked, id=12512, stack(0x000000695ea00000,0x000000695eb00000) (1024K)]
Total: 26

Other Threads:
  0x00000194f8c72b20 VMThread "VM Thread"                           [id=8504, stack(0x000000695f300000,0x000000695f400000) (1024K)]
  0x00000194f8c5b1e0 WatcherThread "VM Periodic Task Thread"        [id=8340, stack(0x000000695f200000,0x000000695f300000) (1024K)]
  0x00000194e8600a30 WorkerThread "GC Thread#0"                     [id=18488, stack(0x000000695ed00000,0x000000695ee00000) (1024K)]
  0x00000194fdb30780 WorkerThread "GC Thread#1"                     [id=18396, stack(0x0000006960600000,0x0000006960700000) (1024K)]
=>0x00000194fdaebca0 WorkerThread "GC Thread#2"                     [id=16080, stack(0x0000006960700000,0x0000006960800000) (1024K)]
  0x00000194fdaec040 WorkerThread "GC Thread#3"                     [id=15540, stack(0x0000006960800000,0x0000006960900000) (1024K)]
  0x00000194fdaec3e0 WorkerThread "GC Thread#4"                     [id=19892, stack(0x0000006960900000,0x0000006960a00000) (1024K)]
  0x00000194fdaf4790 WorkerThread "GC Thread#5"                     [id=8796, stack(0x0000006960a00000,0x0000006960b00000) (1024K)]
  0x00000194fdaf4b30 WorkerThread "GC Thread#6"                     [id=336, stack(0x0000006960b00000,0x0000006960c00000) (1024K)]
  0x00000194fdaf4ed0 WorkerThread "GC Thread#7"                     [id=19936, stack(0x0000006960c00000,0x0000006960d00000) (1024K)]
  0x00000194e8612130 ConcurrentGCThread "G1 Main Marker"            [id=14232, stack(0x000000695ee00000,0x000000695ef00000) (1024K)]
  0x00000194e8613490 WorkerThread "G1 Conc#0"                       [id=3476, stack(0x000000695ef00000,0x000000695f000000) (1024K)]
  0x00000194fe09f290 WorkerThread "G1 Conc#1"                       [id=16172, stack(0x0000006961400000,0x0000006961500000) (1024K)]
  0x00000194e866e9e0 ConcurrentGCThread "G1 Refine#0"               [id=3744, stack(0x000000695f000000,0x000000695f100000) (1024K)]
  0x00000194f8b2e920 ConcurrentGCThread "G1 Service"                [id=18248, stack(0x000000695f100000,0x000000695f200000) (1024K)]
Total: 15

Threads with active compile tasks:
Total: 0

VM state: at safepoint (normal execution)

VM Mutex/Monitor currently owned by a thread:  ([mutex/lock_event])
[0x00007ff8a065cd68] Threads_lock - owner thread: 0x00000194f8c72b20
[0x00007ff8a065ce68] Heap_lock - owner thread: 0x00000194c1a815c0

Heap address: 0x0000000084000000, size: 1984 MB, Compressed Oops mode: 32-bit

CDS archive(s) mapped at: [0x0000019480000000-0x0000019480c90000-0x0000019480c90000), size 13172736, SharedBaseAddress: 0x0000019480000000, ArchiveRelocationMode: 1.
Compressed class space mapped at: 0x0000019481000000-0x00000194c1000000, reserved size: 1073741824
Narrow klass base: 0x0000019480000000, Narrow klass shift: 0, Narrow klass range: 0x100000000

GC Precious Log:
 CardTable entry size: 512
 Card Set container configuration: InlinePtr #cards 5 size 8 Array Of Cards #cards 12 size 40 Howl #buckets 4 coarsen threshold 1843 Howl Bitmap #cards 512 size 80 coarsen threshold 460 Card regions per heap region 1 cards per card region 2048
 CPUs: 8 total, 8 available
 Memory: 7934M
 Large Page Support: Disabled
 NUMA Support: Disabled
 Compressed Oops: Enabled (32-bit)
 Heap Region Size: 1M
 Heap Min Capacity: 8M
 Heap Initial Capacity: 124M
 Heap Max Capacity: 1984M
 Pre-touch: Disabled
 Parallel Workers: 8
 Concurrent Workers: 2
 Concurrent Refinement Workers: 8
 Periodic GC: Disabled

Heap:
 garbage-first heap   total 99328K, used 71918K [0x0000000084000000, 0x0000000100000000)
  region size 1024K, 38 young (38912K), 4 survivors (4096K)
 Metaspace       used 78581K, committed 79488K, reserved 1179648K
  class space    used 10687K, committed 11136K, reserved 1048576K

Heap Regions: E=young(eden), S=young(survivor), O=old, HS=humongous(starts), HC=humongous(continues), CS=collection set, F=free, TAMS=top-at-mark-start, PB=parsable bottom
|   0|0x0000000084000000, 0x0000000084100000, 0x0000000084100000|100%|HS|  |TAMS 0x0000000084000000| PB 0x0000000084000000| Complete 
|   1|0x0000000084100000, 0x0000000084200000, 0x0000000084200000|100%|HS|  |TAMS 0x0000000084100000| PB 0x0000000084100000| Complete 
|   2|0x0000000084200000, 0x00000000842ffff8, 0x0000000084300000| 99%| O|  |TAMS 0x0000000084200000| PB 0x0000000084200000| Untracked 
|   3|0x0000000084300000, 0x0000000084400000, 0x0000000084400000|100%| O|  |TAMS 0x0000000084300000| PB 0x0000000084300000| Untracked 
|   4|0x0000000084400000, 0x0000000084500000, 0x0000000084500000|100%| O|  |TAMS 0x0000000084400000| PB 0x0000000084400000| Untracked 
|   5|0x0000000084500000, 0x00000000845fffd8, 0x0000000084600000| 99%| O|  |TAMS 0x0000000084500000| PB 0x0000000084500000| Untracked 
|   6|0x0000000084600000, 0x00000000846fffa0, 0x0000000084700000| 99%| O|  |TAMS 0x0000000084600000| PB 0x0000000084600000| Untracked 
|   7|0x0000000084700000, 0x0000000084800000, 0x0000000084800000|100%| O|  |TAMS 0x0000000084700000| PB 0x0000000084700000| Untracked 
|   8|0x0000000084800000, 0x00000000848fffe8, 0x0000000084900000| 99%| O|  |TAMS 0x0000000084800000| PB 0x0000000084800000| Untracked 
|   9|0x0000000084900000, 0x00000000849fffb0, 0x0000000084a00000| 99%| O|  |TAMS 0x0000000084900000| PB 0x0000000084900000| Untracked 
|  10|0x0000000084a00000, 0x0000000084b00000, 0x0000000084b00000|100%| O|  |TAMS 0x0000000084a00000| PB 0x0000000084a00000| Untracked 
|  11|0x0000000084b00000, 0x0000000084c00000, 0x0000000084c00000|100%| O|  |TAMS 0x0000000084b00000| PB 0x0000000084b00000| Untracked 
|  12|0x0000000084c00000, 0x0000000084cfff28, 0x0000000084d00000| 99%| O|  |TAMS 0x0000000084c00000| PB 0x0000000084c00000| Untracked 
|  13|0x0000000084d00000, 0x0000000084e00000, 0x0000000084e00000|100%| O|  |TAMS 0x0000000084d00000| PB 0x0000000084d00000| Untracked 
|  14|0x0000000084e00000, 0x0000000084f00000, 0x0000000084f00000|100%| O|  |TAMS 0x0000000084e00000| PB 0x0000000084e00000| Untracked 
|  15|0x0000000084f00000, 0x0000000084ffffb8, 0x0000000085000000| 99%| O|  |TAMS 0x0000000084f00000| PB 0x0000000084f00000| Untracked 
|  16|0x0000000085000000, 0x0000000085100000, 0x0000000085100000|100%| O|  |TAMS 0x0000000085000000| PB 0x0000000085000000| Untracked 
|  17|0x0000000085100000, 0x00000000851ffac8, 0x0000000085200000| 99%| O|  |TAMS 0x0000000085100000| PB 0x0000000085100000| Untracked 
|  18|0x0000000085200000, 0x00000000852fffb8, 0x0000000085300000| 99%| O|  |TAMS 0x0000000085200000| PB 0x0000000085200000| Untracked 
|  19|0x0000000085300000, 0x00000000853ffff8, 0x0000000085400000| 99%| O|  |TAMS 0x0000000085300000| PB 0x0000000085300000| Untracked 
|  20|0x0000000085400000, 0x00000000854fff98, 0x0000000085500000| 99%| O|  |TAMS 0x0000000085400000| PB 0x0000000085400000| Untracked 
|  21|0x0000000085500000, 0x00000000855fffe8, 0x0000000085600000| 99%| O|  |TAMS 0x0000000085500000| PB 0x0000000085500000| Untracked 
|  22|0x0000000085600000, 0x0000000085700000, 0x0000000085700000|100%| O|  |TAMS 0x0000000085600000| PB 0x0000000085600000| Untracked 
|  23|0x0000000085700000, 0x00000000857ffff8, 0x0000000085800000| 99%| O|  |TAMS 0x0000000085700000| PB 0x0000000085700000| Untracked 
|  24|0x0000000085800000, 0x00000000858ffff0, 0x0000000085900000| 99%| O|  |TAMS 0x0000000085800000| PB 0x0000000085800000| Untracked 
|  25|0x0000000085900000, 0x00000000859fe418, 0x0000000085a00000| 99%| O|  |TAMS 0x0000000085900000| PB 0x0000000085900000| Untracked 
|  26|0x0000000085a00000, 0x0000000085affff0, 0x0000000085b00000| 99%| O|  |TAMS 0x0000000085a00000| PB 0x0000000085a00000| Untracked 
|  27|0x0000000085b00000, 0x0000000085b76c78, 0x0000000085c00000| 46%| O|  |TAMS 0x0000000085b00000| PB 0x0000000085b00000| Untracked 
|  28|0x0000000085c00000, 0x0000000085cfffd8, 0x0000000085d00000| 99%| O|  |TAMS 0x0000000085c00000| PB 0x0000000085c00000| Untracked 
|  29|0x0000000085d00000, 0x0000000085d6dd98, 0x0000000085e00000| 42%| O|  |TAMS 0x0000000085d00000| PB 0x0000000085d00000| Untracked 
|  30|0x0000000085e00000, 0x0000000085f00000, 0x0000000085f00000|100%| O|  |TAMS 0x0000000085e00000| PB 0x0000000085e00000| Untracked 
|  31|0x0000000085f00000, 0x0000000085f406e0, 0x0000000086000000| 25%| O|  |TAMS 0x0000000085f00000| PB 0x0000000085f00000| Untracked 
|  32|0x0000000086000000, 0x0000000086100000, 0x0000000086100000|100%| O|  |TAMS 0x0000000086000000| PB 0x0000000086000000| Untracked 
|  33|0x0000000086100000, 0x000000008614fa78, 0x0000000086200000| 31%| O|  |TAMS 0x0000000086100000| PB 0x0000000086100000| Complete 
|  34|0x0000000086200000, 0x0000000086300000, 0x0000000086300000|100%| O|  |TAMS 0x0000000086200000| PB 0x0000000086200000| Untracked 
|  35|0x0000000086300000, 0x0000000086310200, 0x0000000086400000|  6%| O|  |TAMS 0x0000000086300000| PB 0x0000000086300000| Untracked 
|  36|0x0000000086400000, 0x0000000086400000, 0x0000000086500000|  0%| F|  |TAMS 0x0000000086400000| PB 0x0000000086400000| Untracked 
|  37|0x0000000086500000, 0x0000000086500000, 0x0000000086600000|  0%| F|  |TAMS 0x0000000086500000| PB 0x0000000086500000| Untracked 
|  38|0x0000000086600000, 0x0000000086600000, 0x0000000086700000|  0%| F|  |TAMS 0x0000000086600000| PB 0x0000000086600000| Untracked 
|  39|0x0000000086700000, 0x0000000086700000, 0x0000000086800000|  0%| F|  |TAMS 0x0000000086700000| PB 0x0000000086700000| Untracked 
|  40|0x0000000086800000, 0x0000000086800000, 0x0000000086900000|  0%| F|  |TAMS 0x0000000086800000| PB 0x0000000086800000| Untracked 
|  41|0x0000000086900000, 0x0000000086900000, 0x0000000086a00000|  0%| F|  |TAMS 0x0000000086900000| PB 0x0000000086900000| Untracked 
|  42|0x0000000086a00000, 0x0000000086a00000, 0x0000000086b00000|  0%| F|  |TAMS 0x0000000086a00000| PB 0x0000000086a00000| Untracked 
|  43|0x0000000086b00000, 0x0000000086b00000, 0x0000000086c00000|  0%| F|  |TAMS 0x0000000086b00000| PB 0x0000000086b00000| Untracked 
|  44|0x0000000086c00000, 0x0000000086ccc900, 0x0000000086d00000| 79%| S|  |TAMS 0x0000000086c00000| PB 0x0000000086c00000| Complete 
|  45|0x0000000086d00000, 0x0000000086e00000, 0x0000000086e00000|100%| S|  |TAMS 0x0000000086d00000| PB 0x0000000086d00000| Complete 
|  46|0x0000000086e00000, 0x0000000086f00000, 0x0000000086f00000|100%| S|  |TAMS 0x0000000086e00000| PB 0x0000000086e00000| Complete 
|  47|0x0000000086f00000, 0x0000000087000000, 0x0000000087000000|100%| S|  |TAMS 0x0000000086f00000| PB 0x0000000086f00000| Complete 
|  48|0x0000000087000000, 0x0000000087000000, 0x0000000087100000|  0%| F|  |TAMS 0x0000000087000000| PB 0x0000000087000000| Untracked 
|  49|0x0000000087100000, 0x0000000087100000, 0x0000000087200000|  0%| F|  |TAMS 0x0000000087100000| PB 0x0000000087100000| Untracked 
|  50|0x0000000087200000, 0x0000000087200000, 0x0000000087300000|  0%| F|  |TAMS 0x0000000087200000| PB 0x0000000087200000| Untracked 
|  51|0x0000000087300000, 0x0000000087300000, 0x0000000087400000|  0%| F|  |TAMS 0x0000000087300000| PB 0x0000000087300000| Untracked 
|  52|0x0000000087400000, 0x0000000087400000, 0x0000000087500000|  0%| F|  |TAMS 0x0000000087400000| PB 0x0000000087400000| Untracked 
|  53|0x0000000087500000, 0x0000000087500000, 0x0000000087600000|  0%| F|  |TAMS 0x0000000087500000| PB 0x0000000087500000| Untracked 
|  54|0x0000000087600000, 0x0000000087600000, 0x0000000087700000|  0%| F|  |TAMS 0x0000000087600000| PB 0x0000000087600000| Untracked 
|  55|0x0000000087700000, 0x0000000087700000, 0x0000000087800000|  0%| F|  |TAMS 0x0000000087700000| PB 0x0000000087700000| Untracked 
|  56|0x0000000087800000, 0x0000000087800000, 0x0000000087900000|  0%| F|  |TAMS 0x0000000087800000| PB 0x0000000087800000| Untracked 
|  57|0x0000000087900000, 0x0000000087900000, 0x0000000087a00000|  0%| F|  |TAMS 0x0000000087900000| PB 0x0000000087900000| Untracked 
|  58|0x0000000087a00000, 0x0000000087a00000, 0x0000000087b00000|  0%| F|  |TAMS 0x0000000087a00000| PB 0x0000000087a00000| Untracked 
|  59|0x0000000087b00000, 0x0000000087b00000, 0x0000000087c00000|  0%| F|  |TAMS 0x0000000087b00000| PB 0x0000000087b00000| Untracked 
|  60|0x0000000087c00000, 0x0000000087c00000, 0x0000000087d00000|  0%| F|  |TAMS 0x0000000087c00000| PB 0x0000000087c00000| Untracked 
|  61|0x0000000087d00000, 0x0000000087d00000, 0x0000000087e00000|  0%| F|  |TAMS 0x0000000087d00000| PB 0x0000000087d00000| Untracked 
|  62|0x0000000087e00000, 0x0000000087e00000, 0x0000000087f00000|  0%| F|  |TAMS 0x0000000087e00000| PB 0x0000000087e00000| Untracked 
|  63|0x0000000087f00000, 0x0000000087fec878, 0x0000000088000000| 92%| E|  |TAMS 0x0000000087f00000| PB 0x0000000087f00000| Complete 
|  64|0x0000000088000000, 0x0000000088100000, 0x0000000088100000|100%| E|  |TAMS 0x0000000088000000| PB 0x0000000088000000| Complete 
|  65|0x0000000088100000, 0x0000000088200000, 0x0000000088200000|100%| E|  |TAMS 0x0000000088100000| PB 0x0000000088100000| Complete 
|  66|0x0000000088200000, 0x0000000088300000, 0x0000000088300000|100%| E|  |TAMS 0x0000000088200000| PB 0x0000000088200000| Complete 
|  67|0x0000000088300000, 0x0000000088400000, 0x0000000088400000|100%| E|  |TAMS 0x0000000088300000| PB 0x0000000088300000| Complete 
|  68|0x0000000088400000, 0x0000000088500000, 0x0000000088500000|100%| E|  |TAMS 0x0000000088400000| PB 0x0000000088400000| Complete 
|  69|0x0000000088500000, 0x0000000088600000, 0x0000000088600000|100%| E|  |TAMS 0x0000000088500000| PB 0x0000000088500000| Complete 
|  70|0x0000000088600000, 0x0000000088700000, 0x0000000088700000|100%| E|  |TAMS 0x0000000088600000| PB 0x0000000088600000| Complete 
|  71|0x0000000088700000, 0x0000000088800000, 0x0000000088800000|100%| E|  |TAMS 0x0000000088700000| PB 0x0000000088700000| Complete 
|  72|0x0000000088800000, 0x0000000088900000, 0x0000000088900000|100%| E|  |TAMS 0x0000000088800000| PB 0x0000000088800000| Complete 
|  73|0x0000000088900000, 0x0000000088a00000, 0x0000000088a00000|100%| E|  |TAMS 0x0000000088900000| PB 0x0000000088900000| Complete 
|  74|0x0000000088a00000, 0x0000000088b00000, 0x0000000088b00000|100%| E|  |TAMS 0x0000000088a00000| PB 0x0000000088a00000| Complete 
|  75|0x0000000088b00000, 0x0000000088c00000, 0x0000000088c00000|100%| E|  |TAMS 0x0000000088b00000| PB 0x0000000088b00000| Complete 
|  76|0x0000000088c00000, 0x0000000088d00000, 0x0000000088d00000|100%| E|  |TAMS 0x0000000088c00000| PB 0x0000000088c00000| Complete 
|  77|0x0000000088d00000, 0x0000000088e00000, 0x0000000088e00000|100%| E|  |TAMS 0x0000000088d00000| PB 0x0000000088d00000| Complete 
|  78|0x0000000088e00000, 0x0000000088f00000, 0x0000000088f00000|100%| E|  |TAMS 0x0000000088e00000| PB 0x0000000088e00000| Complete 
|  79|0x0000000088f00000, 0x0000000089000000, 0x0000000089000000|100%| E|  |TAMS 0x0000000088f00000| PB 0x0000000088f00000| Complete 
|  80|0x0000000089000000, 0x0000000089100000, 0x0000000089100000|100%| E|  |TAMS 0x0000000089000000| PB 0x0000000089000000| Complete 
|  81|0x0000000089100000, 0x0000000089200000, 0x0000000089200000|100%| E|  |TAMS 0x0000000089100000| PB 0x0000000089100000| Complete 
|  82|0x0000000089200000, 0x0000000089300000, 0x0000000089300000|100%| E|  |TAMS 0x0000000089200000| PB 0x0000000089200000| Complete 
|  83|0x0000000089300000, 0x0000000089400000, 0x0000000089400000|100%| E|  |TAMS 0x0000000089300000| PB 0x0000000089300000| Complete 
|  84|0x0000000089400000, 0x0000000089500000, 0x0000000089500000|100%| E|  |TAMS 0x0000000089400000| PB 0x0000000089400000| Complete 
|  85|0x0000000089500000, 0x0000000089600000, 0x0000000089600000|100%| E|  |TAMS 0x0000000089500000| PB 0x0000000089500000| Complete 
|  86|0x0000000089600000, 0x0000000089700000, 0x0000000089700000|100%| E|  |TAMS 0x0000000089600000| PB 0x0000000089600000| Complete 
|  87|0x0000000089700000, 0x0000000089800000, 0x0000000089800000|100%| E|  |TAMS 0x0000000089700000| PB 0x0000000089700000| Complete 
|  88|0x0000000089800000, 0x0000000089900000, 0x0000000089900000|100%| E|  |TAMS 0x0000000089800000| PB 0x0000000089800000| Complete 
|  89|0x0000000089900000, 0x0000000089a00000, 0x0000000089a00000|100%| E|  |TAMS 0x0000000089900000| PB 0x0000000089900000| Complete 
|  90|0x0000000089a00000, 0x0000000089b00000, 0x0000000089b00000|100%| E|  |TAMS 0x0000000089a00000| PB 0x0000000089a00000| Complete 
|  91|0x0000000089b00000, 0x0000000089c00000, 0x0000000089c00000|100%| E|  |TAMS 0x0000000089b00000| PB 0x0000000089b00000| Complete 
|  92|0x0000000089c00000, 0x0000000089d00000, 0x0000000089d00000|100%| E|  |TAMS 0x0000000089c00000| PB 0x0000000089c00000| Complete 
|  93|0x0000000089d00000, 0x0000000089e00000, 0x0000000089e00000|100%| E|  |TAMS 0x0000000089d00000| PB 0x0000000089d00000| Complete 
|  94|0x0000000089e00000, 0x0000000089f00000, 0x0000000089f00000|100%| E|  |TAMS 0x0000000089e00000| PB 0x0000000089e00000| Complete 
|  95|0x0000000089f00000, 0x000000008a000000, 0x000000008a000000|100%| E|  |TAMS 0x0000000089f00000| PB 0x0000000089f00000| Complete 
|  96|0x000000008a000000, 0x000000008a100000, 0x000000008a100000|100%| E|  |TAMS 0x000000008a000000| PB 0x000000008a000000| Complete 

Card table byte_map: [0x00000194f3f00000,0x00000194f42e0000] _byte_map_base: 0x00000194f3ae0000

Marking Bits: (CMBitMap*) 0x00000194e8601040
 Bits: [0x00000194f42e0000, 0x00000194f61e0000)

Polling page: 0x00000194e7d70000

Metaspace:

Usage:
  Non-class:     66.30 MB used.
      Class:     10.44 MB used.
       Both:     76.74 MB used.

Virtual space:
  Non-class space:      128.00 MB reserved,      66.75 MB ( 52%) committed,  2 nodes.
      Class space:        1.00 GB reserved,      10.88 MB (  1%) committed,  1 nodes.
             Both:        1.12 GB reserved,      77.62 MB (  7%) committed. 

Chunk freelists:
   Non-Class:  12.39 MB
       Class:  5.15 MB
        Both:  17.54 MB

MaxMetaspaceSize: unlimited
CompressedClassSpaceSize: 1.00 GB
Initial GC threshold: 21.00 MB
Current GC threshold: 129.06 MB
CDS: on
 - commit_granule_bytes: 65536.
 - commit_granule_words: 8192.
 - virtual_space_node_default_size: 8388608.
 - enlarge_chunks_in_place: 1.
 - use_allocation_guard: 0.


Internal statistics:

num_allocs_failed_limit: 9.
num_arena_births: 1998.
num_arena_deaths: 922.
num_vsnodes_births: 3.
num_vsnodes_deaths: 0.
num_space_committed: 1242.
num_space_uncommitted: 0.
num_chunks_returned_to_freelist: 1189.
num_chunks_taken_from_freelist: 5469.
num_chunk_merges: 219.
num_chunk_splits: 3182.
num_chunks_enlarged: 2262.
num_inconsistent_stats: 0.

CodeCache: size=49152Kb used=21751Kb max_used=23615Kb free=27400Kb
 bounds [0x00000194f0a10000, 0x00000194f2130000, 0x00000194f3a10000]
 total_blobs=10995 nmethods=10227 adapters=689
 compilation: enabled
              stopped_count=0, restarted_count=0
 full_count=0

Compilation events (20 events):
Event: 8920.846 Thread 0x00000194c1ebb180 15934       1       java.time.temporal.ValueRange::isIntValue (28 bytes)
Event: 8920.846 Thread 0x00000194c1ebb180 nmethod 15934 0x00000194f1eb1b90 code [0x00000194f1eb1d20, 0x00000194f1eb1e28]
Event: 8920.846 Thread 0x00000194f8ca80f0 nmethod 15933 0x00000194f1eb1810 code [0x00000194f1eb19a0, 0x00000194f1eb1af8]
Event: 8920.846 Thread 0x00000194c1ebb180 15935       1       java.time.format.DateTimeFormatterBuilder$OffsetIdPrinterParser::format (273 bytes)
Event: 8920.846 Thread 0x00000194f8ca80f0 15936       1       java.lang.Math::toIntExact (21 bytes)
Event: 8920.846 Thread 0x00000194f8ca80f0 nmethod 15936 0x00000194f1eb1410 code [0x00000194f1eb15c0, 0x00000194f1eb1718]
Event: 8920.846 Thread 0x00000194f8ca80f0 15937       1       java.time.format.DateTimeFormatterBuilder$OffsetIdPrinterParser::isPaddedHour (15 bytes)
Event: 8920.846 Thread 0x00000194f8ca80f0 nmethod 15937 0x00000194f1eb1110 code [0x00000194f1eb12a0, 0x00000194f1eb1378]
Event: 8920.846 Thread 0x00000194f8ca80f0 15938       1       java.time.format.DateTimeFormatterBuilder$OffsetIdPrinterParser::isColon (22 bytes)
Event: 8920.847 Thread 0x00000194c1eb8f70 nmethod 15931 0x00000194f1eafe10 code [0x00000194f1eb00a0, 0x00000194f1eb0898]
Event: 8920.847 Thread 0x00000194f8ca80f0 nmethod 15938 0x00000194f1eafa90 code [0x00000194f1eafc20, 0x00000194f1eafd30]
Event: 8920.847 Thread 0x00000194c1ebb180 nmethod 15935 0x00000194f1ab8190 code [0x00000194f1ab83e0, 0x00000194f1ab8ad0]
Event: 8920.849 Thread 0x00000194c1eb8f70 15939       1       org.springframework.context.support.AbstractApplicationContext::getApplicationEventMulticaster (29 bytes)
Event: 8920.850 Thread 0x00000194c1eb8f70 nmethod 15939 0x00000194f1eaf410 code [0x00000194f1eaf5e0, 0x00000194f1eaf7d0]
Event: 8920.850 Thread 0x00000194c1ebb180 15940   !   1       org.springframework.beans.factory.support.DisposableBeanAdapter::destroy (396 bytes)
Event: 8920.852 Thread 0x00000194c1ebb180 nmethod 15940 0x00000194f1ab6710 code [0x00000194f1ab6ae0, 0x00000194f1ab7860]
Event: 8920.868 Thread 0x00000194c1eb8f70 15941       1       org.hibernate.boot.registry.classloading.internal.AggregatedServiceLoader$ClassPathAndModulePathAggregatedServiceLoader::close (6 bytes)
Event: 8920.869 Thread 0x00000194c1eb8f70 nmethod 15941 0x00000194f1ab6410 code [0x00000194f1ab65a0, 0x00000194f1ab6690]
Event: 8923.023 Thread 0x00000194c1eb8f70 15942       1       org.apache.catalina.util.LifecycleMBeanBase::destroyInternal (9 bytes)
Event: 8923.023 Thread 0x00000194c1eb8f70 nmethod 15942 0x00000194f1ab6090 code [0x00000194f1ab6240, 0x00000194f1ab6370]

GC Heap History (20 events):
Event: 5640.730 GC heap after
{Heap after GC invocations=50 (full 9):
 garbage-first heap   total 99328K, used 37910K [0x0000000084000000, 0x0000000100000000)
  region size 1024K, 4 young (4096K), 4 survivors (4096K)
 Metaspace       used 77454K, committed 78272K, reserved 1179648K
  class space    used 10546K, committed 10944K, reserved 1048576K
}
Event: 6539.050 GC heap before
{Heap before GC invocations=51 (full 9):
 garbage-first heap   total 99328K, used 85014K [0x0000000084000000, 0x0000000100000000)
  region size 1024K, 50 young (51200K), 4 survivors (4096K)
 Metaspace       used 77410K, committed 78272K, reserved 1179648K
  class space    used 10535K, committed 10944K, reserved 1048576K
}
Event: 6539.083 GC heap after
{Heap after GC invocations=52 (full 9):
 garbage-first heap   total 99328K, used 38219K [0x0000000084000000, 0x0000000100000000)
  region size 1024K, 4 young (4096K), 4 survivors (4096K)
 Metaspace       used 77410K, committed 78272K, reserved 1179648K
  class space    used 10535K, committed 10944K, reserved 1048576K
}
Event: 7437.669 GC heap before
{Heap before GC invocations=52 (full 9):
 garbage-first heap   total 99328K, used 85323K [0x0000000084000000, 0x0000000100000000)
  region size 1024K, 50 young (51200K), 4 survivors (4096K)
 Metaspace       used 77416K, committed 78272K, reserved 1179648K
  class space    used 10536K, committed 10944K, reserved 1048576K
}
Event: 7437.688 GC heap after
{Heap after GC invocations=53 (full 9):
 garbage-first heap   total 99328K, used 35700K [0x0000000084000000, 0x0000000100000000)
  region size 1024K, 4 young (4096K), 4 survivors (4096K)
 Metaspace       used 77416K, committed 78272K, reserved 1179648K
  class space    used 10536K, committed 10944K, reserved 1048576K
}
Event: 7688.425 GC heap before
{Heap before GC invocations=53 (full 9):
 garbage-first heap   total 99328K, used 49012K [0x0000000084000000, 0x0000000100000000)
  region size 1024K, 18 young (18432K), 4 survivors (4096K)
 Metaspace       used 77423K, committed 78272K, reserved 1179648K
  class space    used 10538K, committed 10944K, reserved 1048576K
}
Event: 7688.646 GC heap after
{Heap after GC invocations=54 (full 10):
 garbage-first heap   total 99328K, used 28043K [0x0000000084000000, 0x0000000100000000)
  region size 1024K, 0 young (0K), 0 survivors (0K)
 Metaspace       used 77384K, committed 78272K, reserved 1179648K
  class space    used 10529K, committed 10944K, reserved 1048576K
}
Event: 7689.277 GC heap before
{Heap before GC invocations=54 (full 10):
 garbage-first heap   total 99328K, used 86411K [0x0000000084000000, 0x0000000100000000)
  region size 1024K, 58 young (59392K), 0 survivors (0K)
 Metaspace       used 77665K, committed 78528K, reserved 1179648K
  class space    used 10589K, committed 11008K, reserved 1048576K
}
Event: 7689.287 GC heap after
{Heap after GC invocations=55 (full 10):
 garbage-first heap   total 99328K, used 34267K [0x0000000084000000, 0x0000000100000000)
  region size 1024K, 7 young (7168K), 7 survivors (7168K)
 Metaspace       used 77665K, committed 78528K, reserved 1179648K
  class space    used 10589K, committed 11008K, reserved 1048576K
}
Event: 7696.946 GC heap before
{Heap before GC invocations=56 (full 10):
 garbage-first heap   total 99328K, used 57819K [0x0000000084000000, 0x0000000100000000)
  region size 1024K, 31 young (31744K), 7 survivors (7168K)
 Metaspace       used 77890K, committed 78848K, reserved 1179648K
  class space    used 10614K, committed 11072K, reserved 1048576K
}
Event: 7697.003 GC heap after
{Heap after GC invocations=57 (full 11):
 garbage-first heap   total 99328K, used 29887K [0x0000000084000000, 0x0000000100000000)
  region size 1024K, 0 young (0K), 0 survivors (0K)
 Metaspace       used 77823K, committed 78848K, reserved 1179648K
  class space    used 10598K, committed 11072K, reserved 1048576K
}
Event: 7697.473 GC heap before
{Heap before GC invocations=57 (full 11):
 garbage-first heap   total 99328K, used 85183K [0x0000000084000000, 0x0000000100000000)
  region size 1024K, 55 young (56320K), 0 survivors (0K)
 Metaspace       used 78019K, committed 78912K, reserved 1179648K
  class space    used 10619K, committed 11072K, reserved 1048576K
}
Event: 7697.477 GC heap after
{Heap after GC invocations=58 (full 11):
 garbage-first heap   total 99328K, used 34590K [0x0000000084000000, 0x0000000100000000)
  region size 1024K, 5 young (5120K), 5 survivors (5120K)
 Metaspace       used 78019K, committed 78912K, reserved 1179648K
  class space    used 10619K, committed 11072K, reserved 1048576K
}
Event: 7743.245 GC heap before
{Heap before GC invocations=59 (full 11):
 garbage-first heap   total 99328K, used 57118K [0x0000000084000000, 0x0000000100000000)
  region size 1024K, 28 young (28672K), 5 survivors (5120K)
 Metaspace       used 78116K, committed 79040K, reserved 1179648K
  class space    used 10626K, committed 11072K, reserved 1048576K
}
Event: 7743.297 GC heap after
{Heap after GC invocations=60 (full 12):
 garbage-first heap   total 99328K, used 30153K [0x0000000084000000, 0x0000000100000000)
  region size 1024K, 0 young (0K), 0 survivors (0K)
 Metaspace       used 78106K, committed 79040K, reserved 1179648K
  class space    used 10625K, committed 11072K, reserved 1048576K
}
Event: 7743.665 GC heap before
{Heap before GC invocations=60 (full 12):
 garbage-first heap   total 99328K, used 84425K [0x0000000084000000, 0x0000000100000000)
  region size 1024K, 54 young (55296K), 0 survivors (0K)
 Metaspace       used 78255K, committed 79168K, reserved 1179648K
  class space    used 10649K, committed 11072K, reserved 1048576K
}
Event: 7743.669 GC heap after
{Heap after GC invocations=61 (full 12):
 garbage-first heap   total 99328K, used 34675K [0x0000000084000000, 0x0000000100000000)
  region size 1024K, 5 young (5120K), 5 survivors (5120K)
 Metaspace       used 78255K, committed 79168K, reserved 1179648K
  class space    used 10649K, committed 11072K, reserved 1048576K
}
Event: 8236.626 GC heap before
{Heap before GC invocations=62 (full 12):
 garbage-first heap   total 99328K, used 84851K [0x0000000084000000, 0x0000000100000000)
  region size 1024K, 54 young (55296K), 5 survivors (5120K)
 Metaspace       used 78445K, committed 79360K, reserved 1179648K
  class space    used 10661K, committed 11072K, reserved 1048576K
}
Event: 8236.642 GC heap after
{Heap after GC invocations=63 (full 12):
 garbage-first heap   total 99328K, used 37180K [0x0000000084000000, 0x0000000100000000)
  region size 1024K, 4 young (4096K), 4 survivors (4096K)
 Metaspace       used 78445K, committed 79360K, reserved 1179648K
  class space    used 10661K, committed 11072K, reserved 1048576K
}
Event: 8923.024 GC heap before
{Heap before GC invocations=63 (full 12):
 garbage-first heap   total 99328K, used 70972K [0x0000000084000000, 0x0000000100000000)
  region size 1024K, 38 young (38912K), 4 survivors (4096K)
 Metaspace       used 78581K, committed 79488K, reserved 1179648K
  class space    used 10687K, committed 11136K, reserved 1048576K
}

Dll operation events (12 events):
Event: 0.006 Loaded shared library C:\Program Files\Java\jdk-21\bin\java.dll
Event: 0.165 Loaded shared library C:\Program Files\Java\jdk-21\bin\zip.dll
Event: 0.168 Loaded shared library C:\Program Files\Java\jdk-21\bin\instrument.dll
Event: 0.171 Loaded shared library C:\Program Files\Java\jdk-21\bin\net.dll
Event: 0.172 Loaded shared library C:\Program Files\Java\jdk-21\bin\nio.dll
Event: 0.174 Loaded shared library C:\Program Files\Java\jdk-21\bin\zip.dll
Event: 0.267 Loaded shared library C:\Program Files\Java\jdk-21\bin\jimage.dll
Event: 0.302 Loaded shared library C:\Program Files\Java\jdk-21\bin\management.dll
Event: 0.313 Loaded shared library C:\Program Files\Java\jdk-21\bin\management_ext.dll
Event: 0.505 Loaded shared library C:\Program Files\Java\jdk-21\bin\extnet.dll
Event: 0.527 Loaded shared library C:\Program Files\Java\jdk-21\bin\verify.dll
Event: 1.335 Loaded shared library C:\Program Files\Java\jdk-21\bin\sunmscapi.dll

Deoptimization events (20 events):
Event: 8923.016 Thread 0x00000194c1a815c0 DEOPT PACKING pc=0x00000194f123b294 sp=0x000000695e9fc400
Event: 8923.016 Thread 0x00000194c1a815c0 DEOPT UNPACKING pc=0x00000194f0a688e2 sp=0x000000695e9fb9c0 mode 1
Event: 8923.023 Thread 0x00000194fe1d9bf0 DEOPT PACKING pc=0x00000194f1a5b8b4 sp=0x000000695fcfeff0
Event: 8923.023 Thread 0x00000194fe1d9bf0 DEOPT UNPACKING pc=0x00000194f0a688e2 sp=0x000000695fcfe590 mode 1
Event: 8923.023 Thread 0x00000194fe1d9bf0 DEOPT PACKING pc=0x00000194f1a5d0cc sp=0x000000695fcff160
Event: 8923.023 Thread 0x00000194fe1d9bf0 DEOPT UNPACKING pc=0x00000194f0a688e2 sp=0x000000695fcfe6b8 mode 1
Event: 8923.023 Thread 0x00000194fe1d9bf0 DEOPT PACKING pc=0x00000194f1a5c48c sp=0x000000695fcff290
Event: 8923.023 Thread 0x00000194fe1d9bf0 DEOPT UNPACKING pc=0x00000194f0a688e2 sp=0x000000695fcfe720 mode 1
Event: 8923.023 Thread 0x00000194fe1d7b20 DEOPT PACKING pc=0x00000194f0de3bb4 sp=0x00000069601ff0d0
Event: 8923.023 Thread 0x00000194fe1d9bf0 DEOPT PACKING pc=0x00000194f0dda794 sp=0x000000695fcff2c0
Event: 8923.023 Thread 0x00000194fe1d9bf0 DEOPT UNPACKING pc=0x00000194f0a688e2 sp=0x000000695fcfe7b8 mode 1
Event: 8923.023 Thread 0x00000194fe1d7b20 DEOPT UNPACKING pc=0x00000194f0a688e2 sp=0x00000069601fe5b8 mode 1
Event: 8923.023 Thread 0x00000194fe1d8ed0 DEOPT PACKING pc=0x00000194f0de2b04 sp=0x000000695ebfec50
Event: 8923.023 Thread 0x00000194fe1d8ed0 DEOPT UNPACKING pc=0x00000194f0a688e2 sp=0x000000695ebfe1e0 mode 1
Event: 8923.023 Thread 0x00000194fe1d8ed0 DEOPT PACKING pc=0x00000194f1a5d174 sp=0x000000695ebfede0
Event: 8923.023 Thread 0x00000194fe1d8ed0 DEOPT UNPACKING pc=0x00000194f0a688e2 sp=0x000000695ebfe338 mode 1
Event: 8923.023 Thread 0x00000194fe1d8ed0 DEOPT PACKING pc=0x00000194f1a5c48c sp=0x000000695ebfef10
Event: 8923.023 Thread 0x00000194fe1d8ed0 DEOPT UNPACKING pc=0x00000194f0a688e2 sp=0x000000695ebfe3a0 mode 1
Event: 8923.023 Thread 0x00000194fe1d8ed0 DEOPT PACKING pc=0x00000194f0dda794 sp=0x000000695ebfef40
Event: 8923.023 Thread 0x00000194fe1d8ed0 DEOPT UNPACKING pc=0x00000194f0a688e2 sp=0x000000695ebfe438 mode 1

Classes loaded (20 events):
Event: 184.110 Loading class java/util/WeakHashMap$EntryIterator
Event: 184.110 Loading class java/util/WeakHashMap$EntryIterator done
Event: 1635.401 Loading class jdk/internal/loader/BootLoader$PackageHelper
Event: 1635.403 Loading class jdk/internal/loader/BootLoader$PackageHelper done
Event: 3814.311 Loading class java/time/DurationEditor
Event: 3814.311 Loading class java/time/DurationEditor done
Event: 7689.360 Loading class java/time/DurationEditor
Event: 7689.361 Loading class java/time/DurationEditor done
Event: 8474.869 Loading class org/w3c/dom/Node
Event: 8474.870 Loading class org/w3c/dom/Node done
Event: 8474.870 Loading class org/w3c/dom/Document
Event: 8474.871 Loading class org/w3c/dom/Document done
Event: 8905.697 Loading class javax/management/remote/rmi/RMIConnectionImpl$6
Event: 8905.699 Loading class javax/management/remote/rmi/RMIConnectionImpl$6 done
Event: 8905.700 Loading class javax/management/remote/rmi/RMIConnectionImpl$7
Event: 8905.701 Loading class javax/management/remote/rmi/RMIConnectionImpl$7 done
Event: 8905.702 Loading class com/sun/jmx/remote/util/OrderClassLoaders
Event: 8905.702 Loading class com/sun/jmx/remote/util/OrderClassLoaders done
Event: 8905.704 Loading class javax/management/remote/rmi/RMIConnectionImpl$SetCcl
Event: 8905.704 Loading class javax/management/remote/rmi/RMIConnectionImpl$SetCcl done

Classes unloaded (20 events):
Event: 7696.956 Thread 0x00000194f8c72b20 Unloading class 0x00000194811ac800 'java/lang/invoke/LambdaForm$MH+0x00000194811ac800'
Event: 7696.956 Thread 0x00000194f8c72b20 Unloading class 0x00000194811b0400 'java/lang/invoke/LambdaForm$MH+0x00000194811b0400'
Event: 7696.956 Thread 0x00000194f8c72b20 Unloading class 0x00000194817a4800 'java/lang/invoke/LambdaForm$MH+0x00000194817a4800'
Event: 7696.956 Thread 0x00000194f8c72b20 Unloading class 0x0000019481004000 'java/lang/invoke/LambdaForm$MH+0x0000019481004000'
Event: 7696.956 Thread 0x00000194f8c72b20 Unloading class 0x0000019481005c00 'java/lang/invoke/LambdaForm$MH+0x0000019481005c00'
Event: 7696.956 Thread 0x00000194f8c72b20 Unloading class 0x0000019481006400 'java/lang/invoke/LambdaForm$MH+0x0000019481006400'
Event: 7696.956 Thread 0x00000194f8c72b20 Unloading class 0x0000019481009000 'java/lang/invoke/LambdaForm$MH+0x0000019481009000'
Event: 7696.956 Thread 0x00000194f8c72b20 Unloading class 0x000001948100b800 'java/lang/invoke/LambdaForm$MH+0x000001948100b800'
Event: 7696.956 Thread 0x00000194f8c72b20 Unloading class 0x00000194810c1800 'java/lang/invoke/LambdaForm$MH+0x00000194810c1800'
Event: 7696.956 Thread 0x00000194f8c72b20 Unloading class 0x0000019481190c00 'java/lang/invoke/LambdaForm$MH+0x0000019481190c00'
Event: 7696.956 Thread 0x00000194f8c72b20 Unloading class 0x0000019481390000 'java/lang/invoke/LambdaForm$MH+0x0000019481390000'
Event: 7696.956 Thread 0x00000194f8c72b20 Unloading class 0x000001948195c000 'java/lang/invoke/LambdaForm$MH+0x000001948195c000'
Event: 7696.956 Thread 0x00000194f8c72b20 Unloading class 0x0000019481948c00 'java/lang/invoke/LambdaForm$MH+0x0000019481948c00'
Event: 7696.956 Thread 0x00000194f8c72b20 Unloading class 0x0000019481449000 'java/lang/invoke/LambdaForm$MH+0x0000019481449000'
Event: 7696.956 Thread 0x00000194f8c72b20 Unloading class 0x0000019481878400 'java/lang/invoke/LambdaForm$MH+0x0000019481878400'
Event: 7696.956 Thread 0x00000194f8c72b20 Unloading class 0x00000194813b4800 'java/lang/invoke/LambdaForm$MH+0x00000194813b4800'
Event: 7696.956 Thread 0x00000194f8c72b20 Unloading class 0x0000019481385800 'java/lang/invoke/LambdaForm$MH+0x0000019481385800'
Event: 7743.258 Thread 0x00000194f8c72b20 Unloading class 0x00000194811b0400 'jdk/internal/reflect/GeneratedSerializationConstructorAccessor54'
Event: 7743.258 Thread 0x00000194f8c72b20 Unloading class 0x00000194810dec00 'jdk/internal/reflect/GeneratedSerializationConstructorAccessor53'
Event: 7743.258 Thread 0x00000194f8c72b20 Unloading class 0x0000019481ac4c00 'org/apache/catalina/loader/JdbcLeakPrevention'

Classes redefined (10 events):
Event: 182.399 Thread 0x00000194f8c72b20 redefined class name=com.web.converter.ProductConverter, count=1
Event: 320.138 Thread 0x00000194f8c72b20 redefined class name=com.web.controller.admin.ProductController, count=1
Event: 320.138 Thread 0x00000194f8c72b20 redefined class name=com.web.controller.admin.ProductController, count=1
Event: 321.323 Thread 0x00000194f8c72b20 redefined class name=com.web.controller.admin.ProductController, count=2
Event: 321.323 Thread 0x00000194f8c72b20 redefined class name=com.web.controller.admin.ProductController, count=2
Event: 3811.772 Thread 0x00000194f8c72b20 redefined class name=com.web.controller.admin.ProductController, count=1
Event: 3811.772 Thread 0x00000194f8c72b20 redefined class name=com.web.controller.admin.ProductController, count=1
Event: 3811.772 Thread 0x00000194f8c72b20 redefined class name=com.web.controller.admin.ProductController, count=3
Event: 3811.772 Thread 0x00000194f8c72b20 redefined class name=com.web.controller.admin.ProductController, count=3
Event: 3811.772 Thread 0x00000194f8c72b20 redefined class name=com.web.controller.admin.ProductController, count=1

Internal exceptions (20 events):
Event: 7697.320 Thread 0x00000194c1a7ee60 Exception <a 'java/lang/NoClassDefFoundError'{0x00000000885cf150}: org/jooq/DSLContext> (0x00000000885cf150) 
thrown [s\open\src\hotspot\share\oops\constantPool.cpp, line 871]
Event: 7697.322 Thread 0x00000194c1a7ee60 Exception <a 'java/lang/NoClassDefFoundError'{0x0000000088419a20}: org/springframework/batch/core/repository/JobRepository> (0x0000000088419a20) 
thrown [s\open\src\hotspot\share\oops\constantPool.cpp, line 871]
Event: 7697.323 Thread 0x00000194c1a7ee60 Exception <a 'java/lang/NoClassDefFoundError'{0x000000008841a078}: org/quartz/Scheduler> (0x000000008841a078) 
thrown [s\open\src\hotspot\share\oops\constantPool.cpp, line 871]
Event: 7697.323 Thread 0x00000194c1a7ee60 Exception <a 'java/lang/NoClassDefFoundError'{0x000000008841a6f8}: org/springframework/session/jdbc/JdbcIndexedSessionRepository> (0x000000008841a6f8) 
thrown [s\open\src\hotspot\share\oops\constantPool.cpp, line 871]
Event: 7697.357 Thread 0x00000194c1a7ee60 Exception <a 'java/io/FileNotFoundException'{0x0000000087e6c7c8}> (0x0000000087e6c7c8) 
thrown [s\open\src\hotspot\share\prims\jni.cpp, line 520]
Event: 7697.388 Thread 0x00000194c1a7ee60 Exception <a 'java/io/FileNotFoundException'{0x0000000087579b60}> (0x0000000087579b60) 
thrown [s\open\src\hotspot\share\prims\jni.cpp, line 520]
Event: 7743.240 Thread 0x00000194fe1d7490 Exception <a 'java/io/IOException'{0x0000000088bf05b0}: Connection reset by peer> (0x0000000088bf05b0) 
thrown [s\open\src\hotspot\share\prims\jni.cpp, line 539]
Event: 7743.244 Thread 0x00000194c1a815c0 Exception <a 'java/lang/InterruptedException'{0x0000000088a1c658}: sleep interrupted> (0x0000000088a1c658) 
thrown [s\open\src\hotspot\share\prims\jvm.cpp, line 3074]
Event: 7743.308 Thread 0x00000194fe1d7490 Exception <a 'sun/nio/fs/WindowsException'{0x000000008a0828d8}> (0x000000008a0828d8) 
thrown [s\open\src\hotspot\share\prims\jni.cpp, line 520]
Event: 7743.508 Thread 0x00000194fe1d7490 Exception <a 'java/lang/NoClassDefFoundError'{0x000000008859fd50}: org/flywaydb/core/Flyway> (0x000000008859fd50) 
thrown [s\open\src\hotspot\share\oops\constantPool.cpp, line 871]
Event: 7743.510 Thread 0x00000194fe1d7490 Exception <a 'java/lang/NoClassDefFoundError'{0x00000000885a03b0}: liquibase/integration/spring/SpringLiquibase> (0x00000000885a03b0) 
thrown [s\open\src\hotspot\share\oops\constantPool.cpp, line 871]
Event: 7743.513 Thread 0x00000194fe1d7490 Exception <a 'java/lang/NoClassDefFoundError'{0x00000000885c71d8}: org/jooq/DSLContext> (0x00000000885c71d8) 
thrown [s\open\src\hotspot\share\oops\constantPool.cpp, line 871]
Event: 7743.515 Thread 0x00000194fe1d7490 Exception <a 'java/lang/NoClassDefFoundError'{0x0000000088411a88}: org/springframework/batch/core/repository/JobRepository> (0x0000000088411a88) 
thrown [s\open\src\hotspot\share\oops\constantPool.cpp, line 871]
Event: 7743.516 Thread 0x00000194fe1d7490 Exception <a 'java/lang/NoClassDefFoundError'{0x00000000884120e0}: org/quartz/Scheduler> (0x00000000884120e0) 
thrown [s\open\src\hotspot\share\oops\constantPool.cpp, line 871]
Event: 7743.517 Thread 0x00000194fe1d7490 Exception <a 'java/lang/NoClassDefFoundError'{0x0000000088412760}: org/springframework/session/jdbc/JdbcIndexedSessionRepository> (0x0000000088412760) 
thrown [s\open\src\hotspot\share\oops\constantPool.cpp, line 871]
Event: 7743.547 Thread 0x00000194fe1d7490 Exception <a 'java/io/FileNotFoundException'{0x0000000087e58428}> (0x0000000087e58428) 
thrown [s\open\src\hotspot\share\prims\jni.cpp, line 520]
Event: 7743.578 Thread 0x00000194fe1d7490 Exception <a 'java/io/FileNotFoundException'{0x00000000875656d8}> (0x00000000875656d8) 
thrown [s\open\src\hotspot\share\prims\jni.cpp, line 520]
Event: 7807.775 Thread 0x00000194fe1cb470 Exception <a 'java/lang/NoSuchMethodError'{0x000000008857b230}: static [B.<clinit>()V> (0x000000008857b230) 
thrown [s\open\src\hotspot\share\prims\jni.cpp, line 1106]
Event: 8905.689 Thread 0x00000194c1a81c50 Exception <a 'java/lang/NoSuchMethodError'{0x00000000880f22b8}: 'java.lang.Object java.lang.invoke.DirectMethodHandle$Holder.invokeInterface(java.lang.Object, java.lang.Object, java.lang.Object, java.lang.Object, java.lang.Object, java.lang.Object, java.lang.Object)'> (0x00000000880f22b8) 
thrown [s\open\src\hotspot\share\interpreter\linkResolver.cpp, line 773]
Event: 8923.023 Thread 0x00000194fe1d7b20 Exception <a 'java/lang/InterruptedException'{0x0000000087fcc8a8}: sleep interrupted> (0x0000000087fcc8a8) 
thrown [s\open\src\hotspot\share\prims\jvm.cpp, line 3074]

ZGC Phase Switch (0 events):
No events

VM Operations (20 events):
Event: 8885.833 Executing VM operation: get/set locals done
Event: 8906.040 Executing VM operation: Cleanup
Event: 8906.040 Executing VM operation: Cleanup done
Event: 8915.866 Executing VM operation: get/set locals
Event: 8915.866 Executing VM operation: get/set locals done
Event: 8915.867 Executing VM operation: get/set locals
Event: 8915.867 Executing VM operation: get/set locals done
Event: 8915.867 Executing VM operation: get/set locals
Event: 8915.867 Executing VM operation: get/set locals done
Event: 8915.867 Executing VM operation: get/set locals
Event: 8915.867 Executing VM operation: get/set locals done
Event: 8915.868 Executing VM operation: get/set locals
Event: 8915.868 Executing VM operation: get/set locals done
Event: 8915.868 Executing VM operation: get/set locals
Event: 8915.868 Executing VM operation: get/set locals done
Event: 8920.868 Executing VM operation: Cleanup
Event: 8920.869 Executing VM operation: Cleanup done
Event: 8920.908 Executing VM operation: get/set locals
Event: 8920.908 Executing VM operation: get/set locals done
Event: 8923.023 Executing VM operation: G1CollectFull (System.gc())

Events (20 events):
Event: 8915.830 Thread 0x00000194c1a7e140 Thread exited: 0x00000194c1a7e140
Event: 8915.832 Thread 0x00000194c1a7ee60 Thread exited: 0x00000194c1a7ee60
Event: 8915.832 Thread 0x00000194c1a7e7d0 Thread exited: 0x00000194c1a7e7d0
Event: 8915.832 Thread 0x00000194c1a82970 Thread exited: 0x00000194c1a82970
Event: 8915.832 Thread 0x00000194c1a7d420 Thread exited: 0x00000194c1a7d420
Event: 8915.832 Thread 0x00000194c1a83000 Thread exited: 0x00000194c1a83000
Event: 8915.832 Thread 0x00000194c1a7dab0 Thread exited: 0x00000194c1a7dab0
Event: 8915.832 Thread 0x00000194c1a808a0 Thread exited: 0x00000194c1a808a0
Event: 8915.832 Thread 0x00000194c1a80210 Thread exited: 0x00000194c1a80210
Event: 8915.832 Thread 0x00000194c1a7fb80 Thread exited: 0x00000194c1a7fb80
Event: 8915.874 Thread 0x00000194c1a7f4f0 Thread exited: 0x00000194c1a7f4f0
Event: 8920.844 Thread 0x00000194c1eb8f70 Thread added: 0x00000194c1eb8f70
Event: 8920.844 Thread 0x00000194c1ebb180 Thread added: 0x00000194c1ebb180
Event: 8920.873 Thread 0x00000194c1a82970 Thread added: 0x00000194c1a82970
Event: 8920.875 Thread 0x00000194fe1d81b0 Thread exited: 0x00000194fe1d81b0
Event: 8920.880 Thread 0x00000194c1a82970 Thread exited: 0x00000194c1a82970
Event: 8923.023 Thread 0x00000194c1ebb180 Thread exited: 0x00000194c1ebb180
Event: 8923.023 Thread 0x00000194fe1d9bf0 Thread exited: 0x00000194fe1d9bf0
Event: 8923.023 Thread 0x00000194fe1d7b20 Thread exited: 0x00000194fe1d7b20
Event: 8923.023 Thread 0x00000194fe1d8ed0 Thread exited: 0x00000194fe1d8ed0


Dynamic libraries:
0x00007ff784020000 - 0x00007ff784030000 	C:\Program Files\Java\jdk-21\bin\javaw.exe
0x00007ff8e7df0000 - 0x00007ff8e7fe8000 	C:\Windows\SYSTEM32\ntdll.dll
0x00007ff8e5ed0000 - 0x00007ff8e5f92000 	C:\Windows\System32\KERNEL32.DLL
0x00007ff8e5980000 - 0x00007ff8e5c76000 	C:\Windows\System32\KERNELBASE.dll
0x00007ff8e5880000 - 0x00007ff8e5980000 	C:\Windows\System32\ucrtbase.dll
0x00007ff8e1060000 - 0x00007ff8e1079000 	C:\Program Files\Java\jdk-21\bin\jli.dll
0x00007ff8c4de0000 - 0x00007ff8c4dfb000 	C:\Program Files\Java\jdk-21\bin\VCRUNTIME140.dll
0x00007ff8e6460000 - 0x00007ff8e650f000 	C:\Windows\System32\ADVAPI32.dll
0x00007ff8e6570000 - 0x00007ff8e660e000 	C:\Windows\System32\msvcrt.dll
0x00007ff8e60c0000 - 0x00007ff8e615f000 	C:\Windows\System32\sechost.dll
0x00007ff8e75f0000 - 0x00007ff8e7713000 	C:\Windows\System32\RPCRT4.dll
0x00007ff8e5720000 - 0x00007ff8e5747000 	C:\Windows\System32\bcrypt.dll
0x00007ff8e6200000 - 0x00007ff8e639d000 	C:\Windows\System32\USER32.dll
0x00007ff8e5c80000 - 0x00007ff8e5ca2000 	C:\Windows\System32\win32u.dll
0x00007ff8c5380000 - 0x00007ff8c561a000 	C:\Windows\WinSxS\amd64_microsoft.windows.common-controls_6595b64144ccf1df_6.0.19041.5794_none_60bcd33171f2783c\COMCTL32.dll
0x00007ff8e63a0000 - 0x00007ff8e63cb000 	C:\Windows\System32\GDI32.dll
0x00007ff8e5cb0000 - 0x00007ff8e5dca000 	C:\Windows\System32\gdi32full.dll
0x00007ff8e5750000 - 0x00007ff8e57ed000 	C:\Windows\System32\msvcp_win.dll
0x00007ff8dd290000 - 0x00007ff8dd29a000 	C:\Windows\SYSTEM32\VERSION.dll
0x00007ff8e6430000 - 0x00007ff8e645f000 	C:\Windows\System32\IMM32.DLL
0x00007ff8deb50000 - 0x00007ff8deb5c000 	C:\Program Files\Java\jdk-21\bin\vcruntime140_1.dll
0x00007ff8ba7b0000 - 0x00007ff8ba83e000 	C:\Program Files\Java\jdk-21\bin\msvcp140.dll
0x00007ff89fa20000 - 0x00007ff8a0737000 	C:\Program Files\Java\jdk-21\bin\server\jvm.dll
0x00007ff8e7580000 - 0x00007ff8e75eb000 	C:\Windows\System32\WS2_32.dll
0x00007ff8e49d0000 - 0x00007ff8e4a1b000 	C:\Windows\SYSTEM32\POWRPROF.dll
0x00007ff8d6f90000 - 0x00007ff8d6fb7000 	C:\Windows\SYSTEM32\WINMM.dll
0x00007ff8e4890000 - 0x00007ff8e48a2000 	C:\Windows\SYSTEM32\UMPDC.dll
0x00007ff8e3cb0000 - 0x00007ff8e3cc2000 	C:\Windows\SYSTEM32\kernel.appcore.dll
0x00007ff8e1c10000 - 0x00007ff8e1c1a000 	C:\Program Files\Java\jdk-21\bin\jimage.dll
0x00007ff8e2fc0000 - 0x00007ff8e31c1000 	C:\Windows\SYSTEM32\DBGHELP.DLL
0x00007ff8d3dd0000 - 0x00007ff8d3e04000 	C:\Windows\SYSTEM32\dbgcore.DLL
0x00007ff8e57f0000 - 0x00007ff8e5872000 	C:\Windows\System32\bcryptPrimitives.dll
0x00007ff8bb600000 - 0x00007ff8bb63c000 	C:\Program Files\Java\jdk-21\bin\jdwp.dll
0x00007ff8e17e0000 - 0x00007ff8e17ef000 	C:\Program Files\Java\jdk-21\bin\instrument.dll
0x00007ff8de2d0000 - 0x00007ff8de2ef000 	C:\Program Files\Java\jdk-21\bin\java.dll
0x00007ff8e67c0000 - 0x00007ff8e6f2e000 	C:\Windows\System32\SHELL32.dll
0x00007ff8e34f0000 - 0x00007ff8e3c93000 	C:\Windows\SYSTEM32\windows.storage.dll
0x00007ff8e7720000 - 0x00007ff8e7a73000 	C:\Windows\System32\combase.dll
0x00007ff8e4ec0000 - 0x00007ff8e4eeb000 	C:\Windows\SYSTEM32\Wldp.dll
0x00007ff8e74b0000 - 0x00007ff8e757d000 	C:\Windows\System32\OLEAUT32.dll
0x00007ff8e73a0000 - 0x00007ff8e744d000 	C:\Windows\System32\SHCORE.dll
0x00007ff8e63d0000 - 0x00007ff8e6425000 	C:\Windows\System32\shlwapi.dll
0x00007ff8e53c0000 - 0x00007ff8e53e5000 	C:\Windows\SYSTEM32\profapi.dll
0x00007ff8e1550000 - 0x00007ff8e155c000 	C:\Program Files\Java\jdk-21\bin\dt_socket.dll
0x00007ff8e48b0000 - 0x00007ff8e48eb000 	C:\Windows\SYSTEM32\IPHLPAPI.DLL
0x00007ff8e4c20000 - 0x00007ff8e4c8c000 	C:\Windows\system32\mswsock.dll
0x00007ff8e48f0000 - 0x00007ff8e49ba000 	C:\Windows\SYSTEM32\DNSAPI.dll
0x00007ff8e6160000 - 0x00007ff8e6168000 	C:\Windows\System32\NSI.dll
0x00007ff8de250000 - 0x00007ff8de25a000 	C:\Windows\System32\rasadhlp.dll
0x00007ff8dda80000 - 0x00007ff8ddb00000 	C:\Windows\System32\fwpuclnt.dll
0x00007ff8c58a0000 - 0x00007ff8c58b8000 	C:\Program Files\Java\jdk-21\bin\zip.dll
0x00007ff8e1790000 - 0x00007ff8e17a0000 	C:\Program Files\Java\jdk-21\bin\net.dll
0x00007ff8e2260000 - 0x00007ff8e236a000 	C:\Windows\SYSTEM32\WINHTTP.dll
0x00007ff8c5880000 - 0x00007ff8c5896000 	C:\Program Files\Java\jdk-21\bin\nio.dll
0x00007ff8de770000 - 0x00007ff8de77a000 	C:\Program Files\Java\jdk-21\bin\management.dll
0x00007ff8de2c0000 - 0x00007ff8de2cb000 	C:\Program Files\Java\jdk-21\bin\management_ext.dll
0x00007ff8e6040000 - 0x00007ff8e6048000 	C:\Windows\System32\PSAPI.DLL
0x00007ff8c1ca0000 - 0x00007ff8c1cb7000 	C:\Windows\system32\napinsp.dll
0x00007ff8c1c80000 - 0x00007ff8c1c9b000 	C:\Windows\system32\pnrpnsp.dll
0x00007ff8c1c50000 - 0x00007ff8c1c6d000 	C:\Windows\system32\wshbth.dll
0x00007ff8e2370000 - 0x00007ff8e238d000 	C:\Windows\system32\NLAapi.dll
0x00007ff8c1c30000 - 0x00007ff8c1c42000 	C:\Windows\System32\winrnr.dll
0x00007ff8e4e10000 - 0x00007ff8e4e28000 	C:\Windows\SYSTEM32\CRYPTSP.dll
0x00007ff8e44d0000 - 0x00007ff8e4508000 	C:\Windows\system32\rsaenh.dll
0x00007ff8e5380000 - 0x00007ff8e53ae000 	C:\Windows\SYSTEM32\USERENV.dll
0x00007ff8e4e30000 - 0x00007ff8e4e3c000 	C:\Windows\SYSTEM32\CRYPTBASE.dll
0x00007ff8de7e0000 - 0x00007ff8de7e9000 	C:\Program Files\Java\jdk-21\bin\extnet.dll
0x00007ff8e1460000 - 0x00007ff8e1470000 	C:\Program Files\Java\jdk-21\bin\verify.dll
0x00007ff8e0ff0000 - 0x00007ff8e0ffe000 	C:\Program Files\Java\jdk-21\bin\sunmscapi.dll
0x00007ff8e5540000 - 0x00007ff8e569d000 	C:\Windows\System32\CRYPT32.dll
0x00007ff8e4f30000 - 0x00007ff8e4f57000 	C:\Windows\SYSTEM32\ncrypt.dll
0x00007ff8e4ef0000 - 0x00007ff8e4f2b000 	C:\Windows\SYSTEM32\NTASN1.dll
0x00007ff8d9390000 - 0x00007ff8d9397000 	C:\Windows\system32\wshunix.dll

dbghelp: loaded successfully - version: 4.0.5 - missing functions: none
symbol engine: initialized successfully - sym options: 0x614 - pdb path: .;C:\Program Files\Java\jdk-21\bin;C:\Windows\SYSTEM32;C:\Windows\WinSxS\amd64_microsoft.windows.common-controls_6595b64144ccf1df_6.0.19041.5794_none_60bcd33171f2783c;C:\Program Files\Java\jdk-21\bin\server

VM Arguments:
jvm_args: -XX:+ShowCodeDetailsInExceptionMessages -agentlib:jdwp=transport=dt_socket,suspend=y,address=localhost:54774 -Dcom.sun.management.jmxremote -Dcom.sun.management.jmxremote.port=54773 -Dcom.sun.management.jmxremote.authenticate=false -Dcom.sun.management.jmxremote.ssl=false -Djava.rmi.server.hostname=localhost -Dspring.jmx.enabled=true -Dmanagement.endpoints.jmx.exposure.include=* -Dspring.application.admin.enabled=true -XX:TieredStopAtLevel=1 -Dspring.boot.project.name=shopweb -javaagent:D:\EclipseIDE\eclipse\configuration\org.eclipse.osgi\446\0\.cp\lib\javaagent-shaded.jar -Dfile.encoding=UTF-8 -Dstdout.encoding=UTF-8 -Dstderr.encoding=UTF-8 
java_command: com.web.ShopwebApplication --spring.output.ansi.enabled=always
java_class_path (initial): D:\BackendJava\My_Workspace\shopapp\shopweb\target\classes;C:\Users\PHAN ANH TUAN\.m2\repository\org\springframework\boot\spring-boot-starter-data-jpa\3.5.0\spring-boot-starter-data-jpa-3.5.0.jar;C:\Users\PHAN ANH TUAN\.m2\repository\org\springframework\boot\spring-boot-starter\3.5.0\spring-boot-starter-3.5.0.jar;C:\Users\PHAN ANH TUAN\.m2\repository\org\springframework\boot\spring-boot-starter-logging\3.5.0\spring-boot-starter-logging-3.5.0.jar;C:\Users\PHAN ANH TUAN\.m2\repository\ch\qos\logback\logback-classic\1.5.18\logback-classic-1.5.18.jar;C:\Users\PHAN ANH TUAN\.m2\repository\ch\qos\logback\logback-core\1.5.18\logback-core-1.5.18.jar;C:\Users\PHAN ANH TUAN\.m2\repository\org\apache\logging\log4j\log4j-to-slf4j\2.24.3\log4j-to-slf4j-2.24.3.jar;C:\Users\PHAN ANH TUAN\.m2\repository\org\apache\logging\log4j\log4j-api\2.24.3\log4j-api-2.24.3.jar;C:\Users\PHAN ANH TUAN\.m2\repository\org\slf4j\jul-to-slf4j\2.0.17\jul-to-slf4j-2.0.17.jar;C:\Users\PHAN ANH TUAN\.m2\repository\org\yaml\snakeyaml\2.4\snakeyaml-2.4.jar;C:\Users\PHAN ANH TUAN\.m2\repository\org\springframework\boot\spring-boot-starter-jdbc\3.5.0\spring-boot-starter-jdbc-3.5.0.jar;C:\Users\PHAN ANH TUAN\.m2\repository\com\zaxxer\HikariCP\6.3.0\HikariCP-6.3.0.jar;C:\Users\PHAN ANH TUAN\.m2\repository\org\springframework\spring-jdbc\6.2.7\spring-jdbc-6.2.7.jar;C:\Users\PHAN ANH TUAN\.m2\repository\org\hibernate\orm\hibernate-core\6.6.15.Final\hibernate-core-6.6.15.Final.jar;C:\Users\PHAN ANH TUAN\.m2\repository\jakarta\persistence\jakarta.persistence-api\3.1.0\jakarta.persistence-api-3.1.0.jar;C:\Users\PHAN ANH TUAN\.m2\repository\jakarta\transaction\jakarta.transaction-api\2.0.1\jakarta.transaction-api-2.0.1.jar;C:\Users\PHAN ANH TUAN\.m2\repository\org\jboss\logging\jboss-logging\3.6.1.Final\jboss-logging-3.6.1.Final.jar;C:\Users\PHAN ANH TUAN\.m2\repository\org\hibernate\common\hibernate-commons-annotations\7.0.3.Final\hibernate-commons-annotations-7.0.3.Final.jar;C:\Users\PHAN ANH TUAN\.m2\repository\io\smallrye\jandex\3.2.0\jandex-3.2.0.jar;C:\Users\PHAN ANH TUAN\.m2\repository\com\fasterxml\classmate\1.7.0\classmate-1.7.0.jar;C:\Users\PHAN ANH TUAN\.m2\repository\net\bytebuddy\byte-buddy\1.17.5\byte-buddy-1.17.5.jar;C:\Users\PHAN ANH TUAN\.m2\repository\org\glassfish\jaxb\jaxb-runtime\4.0.5\jaxb-runtime-4.0.5.jar;C:\Users\PHAN ANH TUAN\.m2\repository\org\glassfish\jaxb\jaxb-core\4.0.5\jaxb-core-4.0.5.jar;C:\Users\PHAN ANH TUAN\.m2\repository\org\eclipse\angus\angus-activation\2.0.2\angus-activation-2.0.2.jar;C:\Users\PHAN ANH TUAN\.m2\repository\org\glassfish\jaxb\txw2\4.0.5\txw2-4.0.5.jar;C:\Users\PHAN ANH TUAN\.m2\repository\com\sun\istack\istack-commons-runtime\4.1.2\istack-commons-runtime-4.1.2.jar;C:\Users\PHAN ANH TUAN\.m2\repository\jakarta\inject\jakarta.inject-api\2.0.1\jakarta.inject-api-2.0.1.jar;C:\Users\PHAN ANH TUAN\.m2\repository\org\antlr\antlr4-runtime\4.13.0\antlr4-runtime-4.13.0.jar;C:\Users\PHAN ANH TUAN\.m2\repository\org\springframework\data\spring-data-jpa\3.5.0\spring-data-jpa-3.5.0.jar;C:\Users\PHAN ANH TUAN\.m2\repository\org\springframework\data\spring-data-commons\3.5.0\spring-data-commons-3.5.0.jar;C:\Users\PHAN ANH TUAN\.m2\repository\org\springframework\spring-orm\6.2.7\spring-orm-6.2.7.jar;C:\Users\PHAN ANH TUAN\.m2\repository\org\springframework\spring-context\6.2.7\spring-context-6.2.7.jar;C:\Users\PHAN ANH TUAN\.m2\repository\org\springframework\spring-aop\6.2.7\spring-aop-6.2.7.jar;C:\Users\PHAN ANH TUAN\.m2\repository\org\springframework\spring-tx\6.2.7\spring-tx-6.2.7.jar;C:\Users\PHAN ANH TUAN\.m2\repository\org\springframework\spring-beans\6.2.7\spring-beans-6.2.7.jar;C:\Users\PHAN ANH TUAN\.m2\repository\org\slf4j\slf4j-api\2.0.17\slf4j-api-2.0.17.jar;C:\Users\PHAN ANH TUAN\.m2\repository\org\springframework\spring-aspects\6.2.7\spring-aspects-6.2.7.jar;C:\Users\PHAN ANH TUAN\.m2\repository\org\aspectj\aspectjweaver\1.9.24\aspectjweaver-1.9.24.jar;C:\Users\PHAN ANH TUAN\.m2\repository\org\springframework\boot\spring-boot-starter-web\3.5.0\spring-boot-starter-web-3.5.0.jar;C:\Users\PHAN ANH TUAN\.m2\repository\org\springframework\boot\spring-boot-starter-json\3.5.0\spring-boot-starter-json-3.5.0.jar;C:\Users\PHAN ANH TUAN\.m2\repository\com\fasterxml\jackson\core\jackson-databind\2.19.0\jackson-databind-2.19.0.jar;C:\Users\PHAN ANH TUAN\.m2\repository\com\fasterxml\jackson\core\jackson-annotations\2.19.0\jackson-annotations-2.19.0.jar;C:\Users\PHAN ANH TUAN\.m2\repository\com\fasterxml\jackson\core\jackson-core\2.19.0\jackson-core-2.19.0.jar;C:\Users\PHAN ANH TUAN\.m2\repository\com\fasterxml\jackson\datatype\jackson-datatype-jdk8\2.19.0\jackson-datatype-jdk8-2.19.0.jar;C:\Users\PHAN ANH TUAN\.m2\repository\com\fasterxml\jackson\datatype\jackson-datatype-jsr310\2.19.0\jackson-datatype-jsr310-2.19.0.jar;C:\Users\PHAN ANH TUAN\.m2\repository\com\fasterxml\jackson\module\jackson-module-parameter-names\2.19.0\jackson-module-parameter-names-2.19.0.jar;C:\Users\PHAN ANH TUAN\.m2\repository\org\springframework\spring-web\6.2.7\spring-web-6.2.7.jar;C:\Users\PHAN ANH TUAN\.m2\repository\io\micrometer\micrometer-observation\1.15.0\micrometer-observation-1.15.0.jar;C:\Users\PHAN ANH TUAN\.m2\repository\io\micrometer\micrometer-commons\1.15.0\micrometer-commons-1.15.0.jar;C:\Users\PHAN ANH TUAN\.m2\repository\org\springframework\spring-webmvc\6.2.7\spring-webmvc-6.2.7.jar;C:\Users\PHAN ANH TUAN\.m2\repository\org\springframework\spring-expression\6.2.7\spring-expression-6.2.7.jar;C:\Users\PHAN ANH TUAN\.m2\repository\org\springframework\boot\spring-boot-devtools\3.5.0\spring-boot-devtools-3.5.0.jar;C:\Users\PHAN ANH TUAN\.m2\repository\org\springframework\boot\spring-boot\3.5.0\spring-boot-3.5.0.jar;C:\Users\PHAN ANH TUAN\.m2\repository\org\springframework\boot\spring-boot-autoconfigure\3.5.0\spring-boot-autoconfigure-3.5.0.jar;C:\Users\PHAN ANH TUAN\.m2\repository\org\springframework\boot\spring-boot-starter-tomcat\3.5.0\spring-boot-starter-tomcat-3.5.0.jar;C:\Users\PHAN ANH TUAN\.m2\repository\jakarta\annotation\jakarta.annotation-api\2.1.1\jakarta.annotation-api-2.1.1.jar;C:\Users\PHAN ANH TUAN\.m2\repository\org\apache\tomcat\embed\tomcat-embed-core\10.1.41\tomcat-embed-core-10.1.41.jar;C:\Users\PHAN ANH TUAN\.m2\repository\org\apache\tomcat\embed\tomcat-embed-el\10.1.41\tomcat-embed-el-10.1.41.jar;C:\Users\PHAN ANH TUAN\.m2\repository\org\apache\tomcat\embed\tomcat-embed-websocket\10.1.41\tomcat-embed-websocket-10.1.41.jar;C:\Users\PHAN ANH TUAN\.m2\repository\jakarta\xml\bind\jakarta.xml.bind-api\4.0.2\jakarta.xml.bind-api-4.0.2.jar;C:\Users\PHAN ANH TUAN\.m2\repository\jakarta\activation\jakarta.activation-api\2.1.3\jakarta.activation-api-2.1.3.jar;C:\Users\PHAN ANH TUAN\.m2\repository\org\springframework\spring-core\6.2.7\spring-core-6.2.7.jar;C:\Users\PHAN ANH TUAN\.m2\repository\org\springframework\spring-jcl\6.2.7\spring-jcl-6.2.7.jar;C:\Users\PHAN ANH TUAN\.m2\repository\com\mysql\mysql-connector-j\8.0.33\mysql-connector-j-8.0.33.jar;C:\Users\PHAN ANH TUAN\.m2\repository\org\apache\tomcat\embed\tomcat-embed-jasper\10.1.41\tomcat-embed-jasper-10.1.41.jar;C:\Users\PHAN ANH TUAN\.m2\repository\org\eclipse\jdt\ecj\3.33.0\ecj-3.33.0.jar;C:\Users\PHAN ANH TUAN\.m2\repository\org\springframework\boot\spring-boot-starter-thymeleaf\3.5.0\spring-boot-starter-thymeleaf-3.5.0.jar;C:\Users\PHAN ANH TUAN\.m2\repository\org\thymeleaf\thymeleaf-spring6\3.1.3.RELEASE\thymeleaf-spring6-3.1.3.RELEASE.jar;C:\Users\PHAN ANH TUAN\.m2\repository\org\thymeleaf\thymeleaf\3.1.3.RELEASE\thymeleaf-3.1.3.RELEASE.jar;C:\Users\PHAN ANH TUAN\.m2\repository\org\attoparser\attoparser\2.0.7.RELEASE\attoparser-2.0.7.RELEASE.jar;C:\Users\PHAN ANH TUAN\.m2\repository\org\unbescape\unbescape\1.1.6.RELEASE\unbescape-1.1.6.RELEASE.jar;C:\Users\PHAN ANH TUAN\.m2\repository\org\modelmapper\modelmapper\0.7.4\modelmapper-0.7.4.jar;C:\Users\PHAN ANH TUAN\.m2\repository\org\projectlombok\lombok\1.18.24\lombok-1.18.24.jar
Launcher Type: SUN_STANDARD

[Global flags]
     intx CICompilerCount                          = 4                                         {product} {ergonomic}
     uint ConcGCThreads                            = 2                                         {product} {ergonomic}
     uint G1ConcRefinementThreads                  = 8                                         {product} {ergonomic}
   size_t G1HeapRegionSize                         = 1048576                                   {product} {ergonomic}
    uintx GCDrainStackTargetSize                   = 64                                        {product} {ergonomic}
   size_t InitialHeapSize                          = 130023424                                 {product} {ergonomic}
     bool ManagementServer                         = true                                      {product} {command line}
   size_t MarkStackSize                            = 4194304                                   {product} {ergonomic}
   size_t MaxHeapSize                              = 2080374784                                {product} {ergonomic}
   size_t MaxNewSize                               = 1247805440                                {product} {ergonomic}
   size_t MinHeapDeltaBytes                        = 1048576                                   {product} {ergonomic}
   size_t MinHeapSize                              = 8388608                                   {product} {ergonomic}
    uintx NonNMethodCodeHeapSize                   = 4096                                   {pd product} {ergonomic}
    uintx NonProfiledCodeHeapSize                  = 0                                      {pd product} {ergonomic}
     bool ProfileInterpreter                       = false                                  {pd product} {command line}
    uintx ProfiledCodeHeapSize                     = 0                                      {pd product} {ergonomic}
     bool ShowCodeDetailsInExceptionMessages       = true                                   {manageable} {command line}
   size_t SoftMaxHeapSize                          = 2080374784                             {manageable} {ergonomic}
     intx TieredStopAtLevel                        = 1                                         {product} {command line}
     bool UseCompressedOops                        = true                           {product lp64_product} {ergonomic}
     bool UseG1GC                                  = true                                      {product} {ergonomic}
     bool UseLargePagesIndividualAllocation        = false                                  {pd product} {ergonomic}

Logging:
Log output configuration:
 #0: stdout all=warning uptime,level,tags foldmultilines=false
 #1: stderr all=off uptime,level,tags foldmultilines=false

Environment Variables:
JAVA_HOME=C:\Program Files\Java\jdk-21
PATH=C:/Program Files/Java/jdk-21/bin/server;C:/Program Files/Java/jdk-21/bin;C:\Program Files (x86)\Common Files\Oracle\Java\javapath;C:\Program Files\Apache Software Foundation\apache-maven-3.9.9\bin;C:\Program Files\Common Files\Oracle\Java\javapath;C:\Windows\system32;C:\Windows;C:\Windows\System32\Wbem;C:\Windows\System32\WindowsPowerShell\v1.0\;C:\Windows\System32\OpenSSH\;C:\Program Files (x86)\Microsoft SQL Server\160\Tools\Binn\;C:\Program Files\Microsoft SQL Server\160\Tools\Binn\;C:\Program Files\Microsoft SQL Server\Client SDK\ODBC\170\Tools\Binn\;C:\Program Files\Microsoft SQL Server\160\DTS\Binn\;C:\Program Files (x86)\Microsoft SQL Server\160\DTS\Binn\;C:\Program Files\Microsoft SQL Server\150\Tools\Binn\;C:\Program Files\Git\cmd;C:\Program Files\TortoiseGit\bin;C:\Users\PHAN ANH TUAN\AppData\Local\Microsoft\WindowsApps;C:\Users\PHAN ANH TUAN\AppData\Local\Programs\Microsoft VS Code\bin;C:\Program Files\JetBrains\IntelliJ IDEA 2025.1\bin;;C:\Windows\System32;
USERNAME=PHAN ANH TUAN
OS=Windows_NT
PROCESSOR_IDENTIFIER=Intel64 Family 6 Model 140 Stepping 1, GenuineIntel
TMP=C:\Users\PHANAN~1\AppData\Local\Temp
TEMP=C:\Users\PHANAN~1\AppData\Local\Temp




Periodic native trim disabled

---------------  S Y S T E M  ---------------

OS:
 Windows 10 , 64 bit Build 19041 (10.0.19041.5794)
OS uptime: 30 days 13:33 hours

CPU: total 8 (initial active 8) (4 cores per cpu, 2 threads per core) family 6 model 140 stepping 1 microcode 0xb8, cx8, cmov, fxsr, ht, mmx, 3dnowpref, sse, sse2, sse3, ssse3, sse4.1, sse4.2, popcnt, lzcnt, tsc, tscinvbit, avx, avx2, aes, erms, clmul, bmi1, bmi2, adx, avx512f, avx512dq, avx512cd, avx512bw, avx512vl, sha, fma, vzeroupper, avx512_vpopcntdq, avx512_vpclmulqdq, avx512_vaes, avx512_vnni, clflush, clflushopt, clwb, avx512_vbmi2, avx512_vbmi, rdtscp, rdpid, fsrm, gfni, avx512_bitalg, f16c, pku, cet_ibt, cet_ss, avx512_ifma
Processor Information for all 8 processors :
  Max Mhz: 1382, Current Mhz: 1382, Mhz Limit: 1382

Memory: 4k page, system-wide physical 7934M (575M free)
TotalPageFile size 16638M (AvailPageFile size 3608M)
current process WorkingSet (physical memory assigned to process): 153M, peak: 293M
current process commit charge ("private bytes"): 351M, peak: 351M

vm_info: Java HotSpot(TM) 64-Bit Server VM (21.0.2+13-LTS-58) for windows-amd64 JRE (21.0.2+13-LTS-58), built on 2024-01-05T18:32:24Z by "mach5one" with MS VC++ 17.1 (VS2022)

END.
