#
# A fatal error has been detected by the Java Runtime Environment:
#
#  EXCEPTION_ACCESS_VIOLATION (0xc0000005) at pc=0x0000014d4b94939f, pid=11340, tid=9208
#
# JRE version: Java(TM) SE Runtime Environment (21.0.2+13) (build 21.0.2+13-LTS-58)
# Java VM: Java HotSpot(TM) 64-Bit Server VM (21.0.2+13-LTS-58, mixed mode, emulated-client, sharing, tiered, compressed oops, compressed class ptrs, g1 gc, windows-amd64)
# Problematic frame:
# v  ~BufferBlob::MethodHandles adapters 0x0000014d4b94939f
#
# No core dump will be written. Minidumps are not enabled by default on client versions of Windows
#
# If you would like to submit a bug report, please visit:
#   https://bugreport.java.com/bugreport/crash.jsp
#

---------------  S U M M A R Y ------------

Command Line: -XX:+ShowCodeDetailsInExceptionMessages -agentlib:jdwp=transport=dt_socket,suspend=y,address=localhost:63571 -Dcom.sun.management.jmxremote -Dcom.sun.management.jmxremote.port=63570 -Dcom.sun.management.jmxremote.authenticate=false -Dcom.sun.management.jmxremote.ssl=false -Djava.rmi.server.hostname=localhost -Dspring.jmx.enabled=true -Dmanagement.endpoints.jmx.exposure.include=* -Dspring.application.admin.enabled=true -XX:TieredStopAtLevel=1 -Dspring.boot.project.name=shopweb -javaagent:D:\EclipseIDE\eclipse\configuration\org.eclipse.osgi\446\0\.cp\lib\javaagent-shaded.jar -Dfile.encoding=UTF-8 -Dstdout.encoding=UTF-8 -Dstderr.encoding=UTF-8 com.web.ShopwebApplication --spring.output.ansi.enabled=always

Host: 11th Gen Intel(R) Core(TM) i5-1135G7 @ 2.40GHz, 8 cores, 7G,  Windows 10 , 64 bit Build 19041 (10.0.19041.5794)
Time: Thu Jun 12 16:55:07 2025 SE Asia Standard Time elapsed time: 4729.311408 seconds (0d 1h 18m 49s)

---------------  T H R E A D  ---------------

Current thread (0x0000014d58f24080):  JavaThread "http-nio-8088-exec-2" daemon [_thread_in_Java, id=9208, stack(0x0000004731900000,0x0000004731a00000) (1024K)]

Stack: [0x0000004731900000,0x0000004731a00000],  sp=0x00000047319fd688,  free space=1013k
Native frames: (J=compiled Java code, j=interpreted, Vv=VM code, C=native code)
C  0x0000014d4b94939f

The last pc belongs to _linkToVirtual (printed below).

siginfo: EXCEPTION_ACCESS_VIOLATION (0xc0000005), reading address 0x0000000000020038


Registers:
RAX=0x0000014d4b8f958b, RBX=0x0000000000020000, RCX=0x00000047319fd6a0, RDX=0x0000000000000004
RSP=0x00000047319fd688, RBP=0x00000047319fd6e8, RSI=0x0000014d582f8558, RDI=0x0000014d5ab6e1d0
R8 =0x0000000000000004, R9 =0x0000000000000004, R10=0x0000014d55254276, R11=0x0000000000000009
R12=0x0000000000000000, R13=0x00000047319fd688, R14=0x00000047319fd718, R15=0x0000014d58f24080
RIP=0x0000014d4b94939f, EFLAGS=0x0000000000010202


Register to memory mapping:

RAX=0x0000014d4b8f958b is at code_begin+4363 in an Interpreter codelet
return entry points  [0x0000014d4b8f8480, 0x0000014d4b8fa298]  7704 bytes
RBX=0x0000000000020000 is an unknown value
RCX=0x00000047319fd6a0 is pointing into the stack for thread: 0x0000014d58f24080
RDX=0x0000000000000004 is an unknown value
RSP=0x00000047319fd688 is pointing into the stack for thread: 0x0000014d58f24080
RBP=0x00000047319fd6e8 is pointing into the stack for thread: 0x0000014d58f24080
RSI=0x0000014d582f8558 points into unknown readable memory: 0x88000245cf5651bd | bd 51 56 cf 45 02 00 88
RDI=0x0000014d5ab6e1d0 points into unknown readable memory: 0x0000002800000080 | 80 00 00 00 28 00 00 00
R8 =0x0000000000000004 is an unknown value
R9 =0x0000000000000004 is an unknown value
R10=0x0000014d55254276 is pointing into metadata
R11=0x0000000000000009 is an unknown value
R12=0x0 is null
R13=0x00000047319fd688 is pointing into the stack for thread: 0x0000014d58f24080
R14=0x00000047319fd718 is pointing into the stack for thread: 0x0000014d58f24080
R15=0x0000014d58f24080 is a thread

Top of Stack: (sp=0x00000047319fd688)
0x00000047319fd688:   0000014d4b8f958b 0000000086f945f0
0x00000047319fd698:   0000000086f945e0 00000047319fd6a0
0x00000047319fd6a8:   0000014d55254276 0000000000000006
0x00000047319fd6b8:   0000014d552543c8 00000047319fd788
0x00000047319fd6c8:   0000000084d2aa98 0000014d55254288
0x00000047319fd6d8:   00000047319fd688 00000047319fd720
0x00000047319fd6e8:   00000047319fd788 0000014d4b8f958b
0x00000047319fd6f8:   0000000086f94728 0000000086f94650
0x00000047319fd708:   0000000086f945f0 0000000086f945e0
0x00000047319fd718:   0000000086f94700 00000000887e5250
0x00000047319fd728:   00000000887f8c18 0000000089ce1750
0x00000047319fd738:   000000008860d710 00000047319fd740
0x00000047319fd748:   0000014d5c1b2b01 000000000000000c
0x00000047319fd758:   0000014d5c1b2c50 0000000000000000
0x00000047319fd768:   0000000085a55d40 0000014d5c1b2b10
0x00000047319fd778:   00000047319fd720 00000047319fd7f0
0x00000047319fd788:   00000047319fda90 0000014d4c274f5a
0x00000047319fd798:   0000000086f94700 0000000086f94650
0x00000047319fd7a8:   0000000086f947d8 0000000086f945f0
0x00000047319fd7b8:   0000000086f947b0 0000000086f945e0
0x00000047319fd7c8:   0000000086f94788 0000000086f94650
0x00000047319fd7d8:   0000000086f945f0 0000000086f945e0
0x00000047319fd7e8:   0000000086f94758 0000000086a19cc8
0x00000047319fd7f8:   000000008860db98 000000008860db68
0x00000047319fd808:   0000004700000001 0000000086a19cc8
0x00000047319fd818:   000000008545ee00 0000000089ce0b48
0x00000047319fd828:   0000000000000000 00000047319fda90
0x00000047319fd838:   0000014d4bcb6ddc 00000000848bf460
0x00000047319fd848:   00010101ffffffff 00000047319fda90
0x00000047319fd858:   0000014d4c60386c 0000000000000000
0x00000047319fd868:   0000000000000000 0000000000000000
0x00000047319fd878:   0000000000000000 0000000000000000 

Instructions: (pc=0x0000014d4b94939f)
0x0000014d4b94929f:   00 80 a3 94 4b 4d 01 00 00 00 93 94 4b 4d 01 00
0x0000014d4b9492af:   00 80 a3 94 4b 4d 01 00 00 f0 92 94 4b 4d 01 00
0x0000014d4b9492bf:   00 f0 92 94 4b 4d 01 00 00 00 00 00 00 00 00 00
0x0000014d4b9492cf:   00 f8 4f 10 9f f8 7f 00 00 f0 10 00 00 60 00 00
0x0000014d4b9492df:   00 ff ff ff ff f0 10 00 00 00 00 00 00 00 00 00
0x0000014d4b9492ef:   00 00 00 00 00 00 00 00 00 00 00 00 00 00 00 00
0x0000014d4b9492ff:   00 f4 66 66 66 0f 1f 84 00 00 00 00 00 66 66 66
0x0000014d4b94930f:   90 66 66 66 0f 1f 84 00 00 00 00 00 66 66 66 90
0x0000014d4b94931f:   90 48 8b 53 08 0f b7 52 2e 48 8b 0c d4 8b 59 14
0x0000014d4b94932f:   8b 5b 28 8b 5b 24 48 8b 5b 10 48 85 db 0f 84 10
0x0000014d4b94933f:   00 00 00 41 80 bf e0 05 00 00 00 74 03 ff 63 38
0x0000014d4b94934f:   ff 63 50 e9 a9 f6 ff ff 66 0f 1f 84 00 00 00 00
0x0000014d4b94935f:   00 48 8b 53 08 0f b7 52 2e 48 8b 0c d4 58 5b 50
0x0000014d4b94936f:   44 8b 51 08 49 bb 00 00 00 00 4d 01 00 00 4d 03
0x0000014d4b94937f:   d3 4c 8b 5b 10 4b 8b 9c da c8 01 00 00 48 85 db
0x0000014d4b94938f:   0f 84 10 00 00 00 41 80 bf e0 05 00 00 00 74 03
0x0000014d4b94939f:   ff 63 38 ff 63 50 e9 56 f6 ff ff 66 66 66 0f 1f
0x0000014d4b9493af:   84 00 00 00 00 00 66 66 66 90 0f 1f 80 00 00 00
0x0000014d4b9493bf:   00 58 5b 50 8b 5b 24 48 8b 5b 10 48 85 db 0f 84
0x0000014d4b9493cf:   10 00 00 00 41 80 bf e0 05 00 00 00 74 03 ff 63
0x0000014d4b9493df:   38 ff 63 50 e9 18 f6 ff ff 66 66 66 0f 1f 84 00
0x0000014d4b9493ef:   00 00 00 00 66 66 66 90 66 0f 1f 84 00 00 00 00
0x0000014d4b9493ff:   00 48 8b 53 08 0f b7 52 2e 48 8b 0c d4 58 5b 50
0x0000014d4b94940f:   48 3b 01 8b 5b 24 48 8b 5b 10 48 85 db 0f 84 10
0x0000014d4b94941f:   00 00 00 41 80 bf e0 05 00 00 00 74 03 ff 63 38
0x0000014d4b94942f:   ff 63 50 e9 c9 f5 ff ff 66 0f 1f 84 00 00 00 00
0x0000014d4b94943f:   00 48 8b 53 08 0f b7 52 2e 48 8b 0c d4 58 5b 50
0x0000014d4b94944f:   44 8b 51 08 49 bb 00 00 00 00 4d 01 00 00 4d 03
0x0000014d4b94945f:   d3 8b 43 18 48 8b 40 10 48 8b 5b 10 45 8b 9a a0
0x0000014d4b94946f:   00 00 00 4f 8d 9c da c8 01 00 00 4d 8d 14 da 49
0x0000014d4b94947f:   8b 1b 48 3b c3 74 15 48 85 db 0f 84 32 00 00 00
0x0000014d4b94948f:   49 83 c3 10 49 8b 1b 48 3b c3 75 eb 45 8b 5b 08 


Stack slot to memory mapping:

stack at sp + 0 slots: 0x0000014d4b8f958b is at code_begin+4363 in an Interpreter codelet
return entry points  [0x0000014d4b8f8480, 0x0000014d4b8fa298]  7704 bytes
stack at sp + 1 slots: 0x0000000086f945f0 is an oop: com.web.model.request.ProductRequest 
{0x0000000086f945f0} - klass: 'com/web/model/request/ProductRequest'
 - ---- fields (total size 12 words):
 - private 'maxPageItems' 'I' @12  2 (0x00000002)
 - private 'page' 'I' @16  1 (0x00000001)
 - private 'totalItems' 'I' @20  0 (0x00000000)
 - private 'id' 'Ljava/lang/Long;' @24  null (0x00000000)
 - private 'createdDate' 'Ljava/util/Date;' @28  null (0x00000000)
 - private 'createdBy' 'Ljava/lang/String;' @32  null (0x00000000)
 - private 'modifiedDate' 'Ljava/util/Date;' @36  null (0x00000000)
 - private 'modifiedBy' 'Ljava/lang/String;' @40  null (0x00000000)
 - private 'listResult' 'Ljava/util/List;' @44  a 'java/util/ArrayList'{0x0000000086f9f6d0} (0x86f9f6d0)
 - private 'tableId' 'Ljava/lang/String;' @48  "tableList"{0x0000000085435a58} (0x85435a58)
 - private 'limit' 'Ljava/lang/Integer;' @52  null (0x00000000)
 - private 'totalPage' 'Ljava/lang/Integer;' @56  null (0x00000000)
 - private 'totalItem' 'Ljava/lang/Integer;' @60  null (0x00000000)
 - private 'searchValue' 'Ljava/lang/String;' @64  null (0x00000000)
 - private 'name' 'Ljava/lang/String;' @68  null (0x00000000)
 - private 'priceFrom' 'Ljava/lang/Long;' @72  null (0x00000000)
 - private 'priceTo' 'Ljava/lang/Long;' @76  null (0x00000000)
 - private 'stockQuantity' 'Ljava/lang/Long;' @80  null (0x00000000)
 - private 'category' 'Ljava/lang/String;' @84  null (0x00000000)
 - private 'isFeatured' 'Ljava/lang/String;' @88  null (0x00000000)
 - private 'image' 'Lorg/springframework/web/multipart/MultipartFile;' @92  null (0x00000000)
stack at sp + 2 slots: 0x0000000086f945e0 is an oop: com.web.controller.admin.ProductController 
{0x0000000086f945e0} - klass: 'com/web/controller/admin/ProductController'
 - ---- fields (total size 2 words):
 - private 'productService' 'Lcom/web/service/ProductService;' @12  a 'com/web/service/impl/ProductServiceImpl$$SpringCGLIB$$0'{0x0000000086eb83f0} (0x86eb83f0)
stack at sp + 3 slots: 0x00000047319fd6a0 is pointing into the stack for thread: 0x0000014d58f24080
stack at sp + 4 slots: 0x0000014d55254276 is pointing into metadata
stack at sp + 5 slots: 0x0000000000000006 is an unknown value
stack at sp + 6 slots: 0x0000014d552543c8 is pointing into metadata
stack at sp + 7 slots: 0x00000047319fd788 is pointing into the stack for thread: 0x0000014d58f24080

MethodHandle::interpreter_entry::_linkToVirtual [0x0000014d4b949357, 0x0000014d4b9493aa] (83 bytes)
[MachCode]
  0x0000014d4b949357: 660f 1f84 | 0000 0000 | 0048 8b53 | 080f b752 | 2e48 8b0c | d458 5b50 | 448b 5108 | 49bb 0000 
  0x0000014d4b949377: 0000 4d01 | 0000 4d03 | d34c 8b5b | 104b 8b9c | dac8 0100 | 0048 85db | 0f84 1000 | 0000 4180 
  0x0000014d4b949397: bfe0 0500 | 0000 7403 | ff63 38ff | 6350 e956 | 
[/MachCode]

---------------  P R O C E S S  ---------------

Threads class SMR info:
_java_thread_list=0x0000014d5bc08500, length=38, elements={
0x0000014d53b5f590, 0x0000014d53b60910, 0x0000014d53b61a60, 0x0000014d53b62930,
0x0000014d53b6c6c0, 0x0000014d53b70670, 0x0000014d53b7c420, 0x0000014d53b73af0,
0x0000014d58107f00, 0x0000014d58121800, 0x0000014d58121e80, 0x0000014d53b73460,
0x0000014d53b72740, 0x0000014d53b72dd0, 0x0000014d53b70d00, 0x0000014d58f28220,
0x0000014d58f267e0, 0x0000014d58f288b0, 0x0000014d58f23360, 0x0000014d58f25ac0,
0x0000014d5b6a8490, 0x0000014d5bcaa3a0, 0x0000014d5bcab750, 0x0000014d5bcaaa30,
0x0000014d5bcabde0, 0x0000014d5bca8ff0, 0x0000014d58f26150, 0x0000014d58f24080,
0x0000014d58f21fb0, 0x0000014d58f26e70, 0x0000014d58f24da0, 0x0000014d58f27500,
0x0000014d58f295d0, 0x0000014d58f27b90, 0x0000014d58f239f0, 0x0000014d5b6a8b20,
0x0000014d5b6a9ed0, 0x0000014d5b6a91b0
}

Java Threads: ( => current thread )
  0x0000014d53b5f590 JavaThread "Reference Handler"          daemon [_thread_blocked, id=5260, stack(0x000000472f500000,0x000000472f600000) (1024K)]
  0x0000014d53b60910 JavaThread "Finalizer"                  daemon [_thread_blocked, id=14828, stack(0x000000472f600000,0x000000472f700000) (1024K)]
  0x0000014d53b61a60 JavaThread "Signal Dispatcher"          daemon [_thread_blocked, id=17852, stack(0x000000472f700000,0x000000472f800000) (1024K)]
  0x0000014d53b62930 JavaThread "Attach Listener"            daemon [_thread_blocked, id=13856, stack(0x000000472f800000,0x000000472f900000) (1024K)]
  0x0000014d53b6c6c0 JavaThread "Service Thread"             daemon [_thread_blocked, id=18760, stack(0x000000472f900000,0x000000472fa00000) (1024K)]
  0x0000014d53b70670 JavaThread "Monitor Deflation Thread"   daemon [_thread_blocked, id=15384, stack(0x000000472fa00000,0x000000472fb00000) (1024K)]
  0x0000014d53b7c420 JavaThread "C1 CompilerThread0"         daemon [_thread_blocked, id=15704, stack(0x000000472fb00000,0x000000472fc00000) (1024K)]
  0x0000014d53b73af0 JavaThread "Common-Cleaner"             daemon [_thread_blocked, id=19224, stack(0x000000472fc00000,0x000000472fd00000) (1024K)]
  0x0000014d58107f00 JavaThread "JDWP Transport Listener: dt_socket" daemon [_thread_blocked, id=14752, stack(0x000000472ff00000,0x0000004730000000) (1024K)]
  0x0000014d58121800 JavaThread "JDWP Event Helper Thread"   daemon [_thread_blocked, id=9056, stack(0x0000004730000000,0x0000004730100000) (1024K)]
  0x0000014d58121e80 JavaThread "JDWP Command Reader"        daemon [_thread_in_native, id=17252, stack(0x0000004730100000,0x0000004730200000) (1024K)]
  0x0000014d53b73460 JavaThread "Notification Thread"        daemon [_thread_blocked, id=13300, stack(0x0000004730200000,0x0000004730300000) (1024K)]
  0x0000014d53b72740 JavaThread "RMI TCP Accept-0"           daemon [_thread_in_native, id=11532, stack(0x0000004730300000,0x0000004730400000) (1024K)]
  0x0000014d53b72dd0 JavaThread "RMI TCP Accept-63570"       daemon [_thread_in_native, id=9884, stack(0x0000004730400000,0x0000004730500000) (1024K)]
  0x0000014d53b70d00 JavaThread "RMI TCP Accept-0"           daemon [_thread_in_native, id=8976, stack(0x0000004730500000,0x0000004730600000) (1024K)]
  0x0000014d58f28220 JavaThread "RMI Scheduler(0)"           daemon [_thread_blocked, id=840, stack(0x0000004731000000,0x0000004731100000) (1024K)]
  0x0000014d58f267e0 JavaThread "RMI TCP Connection(idle)"   daemon [_thread_blocked, id=2744, stack(0x0000004731200000,0x0000004731300000) (1024K)]
  0x0000014d58f288b0 JavaThread "JMX server connection timeout 41" daemon [_thread_blocked, id=17548, stack(0x0000004731300000,0x0000004731400000) (1024K)]
  0x0000014d58f23360 JavaThread "mysql-cj-abandoned-connection-cleanup" daemon [_thread_blocked, id=4728, stack(0x0000004731800000,0x0000004731900000) (1024K)]
  0x0000014d58f25ac0 JavaThread "Live Reload Server"         daemon [_thread_in_native, id=2180, stack(0x0000004731e00000,0x0000004731f00000) (1024K)]
  0x0000014d5b6a8490 JavaThread "DestroyJavaVM"                     [_thread_blocked, id=14188, stack(0x000000472ed00000,0x000000472ee00000) (1024K)]
  0x0000014d5bcaa3a0 JavaThread "Catalina-utility-1"                [_thread_blocked, id=19088, stack(0x000000472ec00000,0x000000472ed00000) (1024K)]
  0x0000014d5bcab750 JavaThread "Catalina-utility-2"                [_thread_blocked, id=4316, stack(0x000000472fd00000,0x000000472fe00000) (1024K)]
  0x0000014d5bcaaa30 JavaThread "container-0"                       [_thread_blocked, id=19356, stack(0x000000472fe00000,0x000000472ff00000) (1024K)]
  0x0000014d5bcabde0 JavaThread "HikariPool-13:housekeeper"  daemon [_thread_blocked, id=3568, stack(0x0000004731100000,0x0000004731200000) (1024K)]
  0x0000014d5bca8ff0 JavaThread "File Watcher"               daemon [_thread_blocked, id=13320, stack(0x0000004731600000,0x0000004731700000) (1024K)]
  0x0000014d58f26150 JavaThread "http-nio-8088-exec-1"       daemon [_thread_blocked, id=8004, stack(0x0000004731700000,0x0000004731800000) (1024K)]
=>0x0000014d58f24080 JavaThread "http-nio-8088-exec-2"       daemon [_thread_in_Java, id=9208, stack(0x0000004731900000,0x0000004731a00000) (1024K)]
  0x0000014d58f21fb0 JavaThread "http-nio-8088-exec-3"       daemon [_thread_blocked, id=6916, stack(0x0000004731a00000,0x0000004731b00000) (1024K)]
  0x0000014d58f26e70 JavaThread "http-nio-8088-exec-4"       daemon [_thread_blocked, id=13072, stack(0x0000004731b00000,0x0000004731c00000) (1024K)]
  0x0000014d58f24da0 JavaThread "http-nio-8088-exec-5"       daemon [_thread_blocked, id=13276, stack(0x0000004731c00000,0x0000004731d00000) (1024K)]
  0x0000014d58f27500 JavaThread "http-nio-8088-exec-6"       daemon [_thread_blocked, id=7260, stack(0x0000004731d00000,0x0000004731e00000) (1024K)]
  0x0000014d58f295d0 JavaThread "http-nio-8088-exec-7"       daemon [_thread_blocked, id=8124, stack(0x0000004731f00000,0x0000004732000000) (1024K)]
  0x0000014d58f27b90 JavaThread "http-nio-8088-exec-8"       daemon [_thread_blocked, id=8932, stack(0x0000004732000000,0x0000004732100000) (1024K)]
  0x0000014d58f239f0 JavaThread "http-nio-8088-exec-9"       daemon [_thread_blocked, id=14060, stack(0x0000004732100000,0x0000004732200000) (1024K)]
  0x0000014d5b6a8b20 JavaThread "http-nio-8088-exec-10"      daemon [_thread_blocked, id=3644, stack(0x0000004732200000,0x0000004732300000) (1024K)]
  0x0000014d5b6a9ed0 JavaThread "http-nio-8088-Poller"       daemon [_thread_in_native, id=11964, stack(0x0000004732300000,0x0000004732400000) (1024K)]
  0x0000014d5b6a91b0 JavaThread "http-nio-8088-Acceptor"     daemon [_thread_in_native, id=7600, stack(0x0000004732400000,0x0000004732500000) (1024K)]
Total: 38

Other Threads:
  0x0000014d53b3cc80 VMThread "VM Thread"                           [id=19432, stack(0x000000472f400000,0x000000472f500000) (1024K)]
  0x0000014d53b273e0 WatcherThread "VM Periodic Task Thread"        [id=19028, stack(0x000000472f300000,0x000000472f400000) (1024K)]
  0x0000014d434e40c0 WorkerThread "GC Thread#0"                     [id=6300, stack(0x000000472ee00000,0x000000472ef00000) (1024K)]
  0x0000014d43490ff0 WorkerThread "GC Thread#1"                     [id=8852, stack(0x0000004730600000,0x0000004730700000) (1024K)]
  0x0000014d58824eb0 WorkerThread "GC Thread#2"                     [id=2128, stack(0x0000004730700000,0x0000004730800000) (1024K)]
  0x0000014d58825250 WorkerThread "GC Thread#3"                     [id=14820, stack(0x0000004730800000,0x0000004730900000) (1024K)]
  0x0000014d588255f0 WorkerThread "GC Thread#4"                     [id=16620, stack(0x0000004730900000,0x0000004730a00000) (1024K)]
  0x0000014d58825db0 WorkerThread "GC Thread#5"                     [id=11828, stack(0x0000004730a00000,0x0000004730b00000) (1024K)]
  0x0000014d588278b0 WorkerThread "GC Thread#6"                     [id=13608, stack(0x0000004730b00000,0x0000004730c00000) (1024K)]
  0x0000014d58827170 WorkerThread "GC Thread#7"                     [id=1696, stack(0x0000004730c00000,0x0000004730d00000) (1024K)]
  0x0000014d434f47b0 ConcurrentGCThread "G1 Main Marker"            [id=9152, stack(0x000000472ef00000,0x000000472f000000) (1024K)]
  0x0000014d413dd150 WorkerThread "G1 Conc#0"                       [id=12384, stack(0x000000472f000000,0x000000472f100000) (1024K)]
  0x0000014d58828730 WorkerThread "G1 Conc#1"                       [id=9172, stack(0x0000004731500000,0x0000004731600000) (1024K)]
  0x0000014d4354e360 ConcurrentGCThread "G1 Refine#0"               [id=1308, stack(0x000000472f100000,0x000000472f200000) (1024K)]
  0x0000014d539fb520 ConcurrentGCThread "G1 Service"                [id=17016, stack(0x000000472f200000,0x000000472f300000) (1024K)]
Total: 15

Threads with active compile tasks:
Total: 0

VM state: not at safepoint (normal execution)

VM Mutex/Monitor currently owned by a thread: None

Heap address: 0x0000000084000000, size: 1984 MB, Compressed Oops mode: 32-bit

CDS archive(s) mapped at: [0x0000014d00000000-0x0000014d00c90000-0x0000014d00c90000), size 13172736, SharedBaseAddress: 0x0000014d00000000, ArchiveRelocationMode: 1.
Compressed class space mapped at: 0x0000014d01000000-0x0000014d41000000, reserved size: 1073741824
Narrow klass base: 0x0000014d00000000, Narrow klass shift: 0, Narrow klass range: 0x100000000

GC Precious Log:
 CardTable entry size: 512
 Card Set container configuration: InlinePtr #cards 5 size 8 Array Of Cards #cards 12 size 40 Howl #buckets 4 coarsen threshold 1843 Howl Bitmap #cards 512 size 80 coarsen threshold 460 Card regions per heap region 1 cards per card region 2048
 CPUs: 8 total, 8 available
 Memory: 7934M
 Large Page Support: Disabled
 NUMA Support: Disabled
 Compressed Oops: Enabled (32-bit)
 Heap Region Size: 1M
 Heap Min Capacity: 8M
 Heap Initial Capacity: 124M
 Heap Max Capacity: 1984M
 Pre-touch: Disabled
 Parallel Workers: 8
 Concurrent Workers: 2
 Concurrent Refinement Workers: 8
 Periodic GC: Disabled

Heap:
 garbage-first heap   total 96256K, used 39228K [0x0000000084000000, 0x0000000100000000)
  region size 1024K, 8 young (8192K), 3 survivors (3072K)
 Metaspace       used 77591K, committed 78592K, reserved 1179648K
  class space    used 10543K, committed 11008K, reserved 1048576K

Heap Regions: E=young(eden), S=young(survivor), O=old, HS=humongous(starts), HC=humongous(continues), CS=collection set, F=free, TAMS=top-at-mark-start, PB=parsable bottom
|   0|0x0000000084000000, 0x0000000084100000, 0x0000000084100000|100%|HS|  |TAMS 0x0000000084000000| PB 0x0000000084000000| Complete 
|   1|0x0000000084100000, 0x0000000084200000, 0x0000000084200000|100%|HS|  |TAMS 0x0000000084100000| PB 0x0000000084100000| Complete 
|   2|0x0000000084200000, 0x0000000084300000, 0x0000000084300000|100%| O|  |TAMS 0x0000000084200000| PB 0x0000000084200000| Untracked 
|   3|0x0000000084300000, 0x00000000843ffff8, 0x0000000084400000| 99%| O|  |TAMS 0x0000000084300000| PB 0x0000000084300000| Untracked 
|   4|0x0000000084400000, 0x00000000844fffe8, 0x0000000084500000| 99%| O|  |TAMS 0x0000000084400000| PB 0x0000000084400000| Untracked 
|   5|0x0000000084500000, 0x00000000845fffd0, 0x0000000084600000| 99%| O|  |TAMS 0x0000000084500000| PB 0x0000000084500000| Untracked 
|   6|0x0000000084600000, 0x0000000084700000, 0x0000000084700000|100%| O|  |TAMS 0x0000000084600000| PB 0x0000000084600000| Untracked 
|   7|0x0000000084700000, 0x00000000847fffc0, 0x0000000084800000| 99%| O|  |TAMS 0x0000000084700000| PB 0x0000000084700000| Untracked 
|   8|0x0000000084800000, 0x0000000084900000, 0x0000000084900000|100%| O|  |TAMS 0x0000000084800000| PB 0x0000000084800000| Untracked 
|   9|0x0000000084900000, 0x0000000084a00000, 0x0000000084a00000|100%| O|  |TAMS 0x0000000084900000| PB 0x0000000084900000| Untracked 
|  10|0x0000000084a00000, 0x0000000084afffb8, 0x0000000084b00000| 99%| O|  |TAMS 0x0000000084a00000| PB 0x0000000084a00000| Untracked 
|  11|0x0000000084b00000, 0x0000000084bfff98, 0x0000000084c00000| 99%| O|  |TAMS 0x0000000084b00000| PB 0x0000000084b00000| Untracked 
|  12|0x0000000084c00000, 0x0000000084cff790, 0x0000000084d00000| 99%| O|  |TAMS 0x0000000084c00000| PB 0x0000000084c00000| Untracked 
|  13|0x0000000084d00000, 0x0000000084dfffd8, 0x0000000084e00000| 99%| O|  |TAMS 0x0000000084d00000| PB 0x0000000084d00000| Untracked 
|  14|0x0000000084e00000, 0x0000000084effa38, 0x0000000084f00000| 99%| O|  |TAMS 0x0000000084e00000| PB 0x0000000084e00000| Untracked 
|  15|0x0000000084f00000, 0x0000000085000000, 0x0000000085000000|100%| O|  |TAMS 0x0000000084f00000| PB 0x0000000084f00000| Untracked 
|  16|0x0000000085000000, 0x00000000850ffff8, 0x0000000085100000| 99%| O|  |TAMS 0x0000000085000000| PB 0x0000000085000000| Untracked 
|  17|0x0000000085100000, 0x00000000851fff68, 0x0000000085200000| 99%| O|  |TAMS 0x0000000085100000| PB 0x0000000085100000| Untracked 
|  18|0x0000000085200000, 0x0000000085300000, 0x0000000085300000|100%| O|  |TAMS 0x0000000085200000| PB 0x0000000085200000| Untracked 
|  19|0x0000000085300000, 0x0000000085400000, 0x0000000085400000|100%| O|  |TAMS 0x0000000085300000| PB 0x0000000085300000| Untracked 
|  20|0x0000000085400000, 0x00000000854ffff8, 0x0000000085500000| 99%| O|  |TAMS 0x0000000085400000| PB 0x0000000085400000| Untracked 
|  21|0x0000000085500000, 0x00000000855ffff0, 0x0000000085600000| 99%| O|  |TAMS 0x0000000085500000| PB 0x0000000085500000| Untracked 
|  22|0x0000000085600000, 0x00000000856ffff0, 0x0000000085700000| 99%| O|  |TAMS 0x0000000085600000| PB 0x0000000085600000| Untracked 
|  23|0x0000000085700000, 0x00000000857fffe8, 0x0000000085800000| 99%| O|  |TAMS 0x0000000085700000| PB 0x0000000085700000| Untracked 
|  24|0x0000000085800000, 0x00000000858fffc0, 0x0000000085900000| 99%| O|  |TAMS 0x0000000085800000| PB 0x0000000085800000| Untracked 
|  25|0x0000000085900000, 0x00000000859fffe8, 0x0000000085a00000| 99%| O|  |TAMS 0x0000000085900000| PB 0x0000000085900000| Untracked 
|  26|0x0000000085a00000, 0x0000000085afe130, 0x0000000085b00000| 99%| O|  |TAMS 0x0000000085a00000| PB 0x0000000085a00000| Untracked 
|  27|0x0000000085b00000, 0x0000000085b996b8, 0x0000000085c00000| 59%| O|  |TAMS 0x0000000085b00000| PB 0x0000000085b00000| Untracked 
|  28|0x0000000085c00000, 0x0000000085c63978, 0x0000000085d00000| 38%| O|  |TAMS 0x0000000085c00000| PB 0x0000000085c00000| Untracked 
|  29|0x0000000085d00000, 0x0000000085db0cf0, 0x0000000085e00000| 69%| O|  |TAMS 0x0000000085d00000| PB 0x0000000085d00000| Untracked 
|  30|0x0000000085e00000, 0x0000000085e3bfd8, 0x0000000085f00000| 23%| O|  |TAMS 0x0000000085e00000| PB 0x0000000085e00000| Untracked 
|  31|0x0000000085f00000, 0x0000000085f2baa0, 0x0000000086000000| 17%| O|Cm|TAMS 0x0000000085f00000| PB 0x0000000085f00000| Complete 
|  32|0x0000000086000000, 0x0000000086100000, 0x0000000086100000|100%| O|  |TAMS 0x0000000086000000| PB 0x0000000086000000| Untracked 
|  33|0x0000000086100000, 0x0000000086200000, 0x0000000086200000|100%| O|  |TAMS 0x0000000086100000| PB 0x0000000086100000| Untracked 
|  34|0x0000000086200000, 0x00000000862d9b00, 0x0000000086300000| 85%| O|  |TAMS 0x0000000086200000| PB 0x0000000086200000| Untracked 
|  35|0x0000000086300000, 0x0000000086300000, 0x0000000086400000|  0%| F|  |TAMS 0x0000000086300000| PB 0x0000000086300000| Untracked 
|  36|0x0000000086400000, 0x0000000086400000, 0x0000000086500000|  0%| F|  |TAMS 0x0000000086400000| PB 0x0000000086400000| Untracked 
|  37|0x0000000086500000, 0x0000000086500000, 0x0000000086600000|  0%| F|  |TAMS 0x0000000086500000| PB 0x0000000086500000| Untracked 
|  38|0x0000000086600000, 0x0000000086600000, 0x0000000086700000|  0%| F|  |TAMS 0x0000000086600000| PB 0x0000000086600000| Untracked 
|  39|0x0000000086700000, 0x0000000086700000, 0x0000000086800000|  0%| F|  |TAMS 0x0000000086700000| PB 0x0000000086700000| Untracked 
|  40|0x0000000086800000, 0x0000000086800000, 0x0000000086900000|  0%| F|  |TAMS 0x0000000086800000| PB 0x0000000086800000| Untracked 
|  41|0x0000000086900000, 0x0000000086900000, 0x0000000086a00000|  0%| F|  |TAMS 0x0000000086900000| PB 0x0000000086900000| Untracked 
|  42|0x0000000086a00000, 0x0000000086a00000, 0x0000000086b00000|  0%| F|  |TAMS 0x0000000086a00000| PB 0x0000000086a00000| Untracked 
|  43|0x0000000086b00000, 0x0000000086b00000, 0x0000000086c00000|  0%| F|  |TAMS 0x0000000086b00000| PB 0x0000000086b00000| Untracked 
|  44|0x0000000086c00000, 0x0000000086c00000, 0x0000000086d00000|  0%| F|  |TAMS 0x0000000086c00000| PB 0x0000000086c00000| Untracked 
|  45|0x0000000086d00000, 0x0000000086d62e40, 0x0000000086e00000| 38%| S|CS|TAMS 0x0000000086d00000| PB 0x0000000086d00000| Complete 
|  46|0x0000000086e00000, 0x0000000086f00000, 0x0000000086f00000|100%| S|CS|TAMS 0x0000000086e00000| PB 0x0000000086e00000| Complete 
|  47|0x0000000086f00000, 0x0000000087000000, 0x0000000087000000|100%| S|CS|TAMS 0x0000000086f00000| PB 0x0000000086f00000| Complete 
|  48|0x0000000087000000, 0x0000000087000000, 0x0000000087100000|  0%| F|  |TAMS 0x0000000087000000| PB 0x0000000087000000| Untracked 
|  49|0x0000000087100000, 0x0000000087100000, 0x0000000087200000|  0%| F|  |TAMS 0x0000000087100000| PB 0x0000000087100000| Untracked 
|  50|0x0000000087200000, 0x0000000087200000, 0x0000000087300000|  0%| F|  |TAMS 0x0000000087200000| PB 0x0000000087200000| Untracked 
|  51|0x0000000087300000, 0x0000000087300000, 0x0000000087400000|  0%| F|  |TAMS 0x0000000087300000| PB 0x0000000087300000| Untracked 
|  52|0x0000000087400000, 0x0000000087400000, 0x0000000087500000|  0%| F|  |TAMS 0x0000000087400000| PB 0x0000000087400000| Untracked 
|  53|0x0000000087500000, 0x0000000087500000, 0x0000000087600000|  0%| F|  |TAMS 0x0000000087500000| PB 0x0000000087500000| Untracked 
|  54|0x0000000087600000, 0x0000000087600000, 0x0000000087700000|  0%| F|  |TAMS 0x0000000087600000| PB 0x0000000087600000| Untracked 
|  55|0x0000000087700000, 0x0000000087700000, 0x0000000087800000|  0%| F|  |TAMS 0x0000000087700000| PB 0x0000000087700000| Untracked 
|  56|0x0000000087800000, 0x0000000087800000, 0x0000000087900000|  0%| F|  |TAMS 0x0000000087800000| PB 0x0000000087800000| Untracked 
|  57|0x0000000087900000, 0x0000000087900000, 0x0000000087a00000|  0%| F|  |TAMS 0x0000000087900000| PB 0x0000000087900000| Untracked 
|  58|0x0000000087a00000, 0x0000000087a00000, 0x0000000087b00000|  0%| F|  |TAMS 0x0000000087a00000| PB 0x0000000087a00000| Untracked 
|  59|0x0000000087b00000, 0x0000000087b00000, 0x0000000087c00000|  0%| F|  |TAMS 0x0000000087b00000| PB 0x0000000087b00000| Untracked 
|  60|0x0000000087c00000, 0x0000000087c00000, 0x0000000087d00000|  0%| F|  |TAMS 0x0000000087c00000| PB 0x0000000087c00000| Untracked 
|  61|0x0000000087d00000, 0x0000000087d00000, 0x0000000087e00000|  0%| F|  |TAMS 0x0000000087d00000| PB 0x0000000087d00000| Untracked 
|  62|0x0000000087e00000, 0x0000000087e00000, 0x0000000087f00000|  0%| F|  |TAMS 0x0000000087e00000| PB 0x0000000087e00000| Untracked 
|  63|0x0000000087f00000, 0x0000000087f00000, 0x0000000088000000|  0%| F|  |TAMS 0x0000000087f00000| PB 0x0000000087f00000| Untracked 
|  64|0x0000000088000000, 0x0000000088000000, 0x0000000088100000|  0%| F|  |TAMS 0x0000000088000000| PB 0x0000000088000000| Untracked 
|  65|0x0000000088100000, 0x0000000088100000, 0x0000000088200000|  0%| F|  |TAMS 0x0000000088100000| PB 0x0000000088100000| Untracked 
|  66|0x0000000088200000, 0x0000000088200000, 0x0000000088300000|  0%| F|  |TAMS 0x0000000088200000| PB 0x0000000088200000| Untracked 
|  67|0x0000000088300000, 0x0000000088300000, 0x0000000088400000|  0%| F|  |TAMS 0x0000000088300000| PB 0x0000000088300000| Untracked 
|  68|0x0000000088400000, 0x0000000088400000, 0x0000000088500000|  0%| F|  |TAMS 0x0000000088400000| PB 0x0000000088400000| Untracked 
|  69|0x0000000088500000, 0x0000000088500000, 0x0000000088600000|  0%| F|  |TAMS 0x0000000088500000| PB 0x0000000088500000| Untracked 
|  70|0x0000000088600000, 0x0000000088600000, 0x0000000088700000|  0%| F|  |TAMS 0x0000000088600000| PB 0x0000000088600000| Untracked 
|  71|0x0000000088700000, 0x0000000088700000, 0x0000000088800000|  0%| F|  |TAMS 0x0000000088700000| PB 0x0000000088700000| Untracked 
|  72|0x0000000088800000, 0x0000000088800000, 0x0000000088900000|  0%| F|  |TAMS 0x0000000088800000| PB 0x0000000088800000| Untracked 
|  73|0x0000000088900000, 0x0000000088900000, 0x0000000088a00000|  0%| F|  |TAMS 0x0000000088900000| PB 0x0000000088900000| Untracked 
|  74|0x0000000088a00000, 0x0000000088a00000, 0x0000000088b00000|  0%| F|  |TAMS 0x0000000088a00000| PB 0x0000000088a00000| Untracked 
|  75|0x0000000088b00000, 0x0000000088b00000, 0x0000000088c00000|  0%| F|  |TAMS 0x0000000088b00000| PB 0x0000000088b00000| Untracked 
|  76|0x0000000088c00000, 0x0000000088c00000, 0x0000000088d00000|  0%| F|  |TAMS 0x0000000088c00000| PB 0x0000000088c00000| Untracked 
|  77|0x0000000088d00000, 0x0000000088d00000, 0x0000000088e00000|  0%| F|  |TAMS 0x0000000088d00000| PB 0x0000000088d00000| Untracked 
|  78|0x0000000088e00000, 0x0000000088e00000, 0x0000000088f00000|  0%| F|  |TAMS 0x0000000088e00000| PB 0x0000000088e00000| Untracked 
|  79|0x0000000088f00000, 0x0000000088f00000, 0x0000000089000000|  0%| F|  |TAMS 0x0000000088f00000| PB 0x0000000088f00000| Untracked 
|  80|0x0000000089000000, 0x0000000089000000, 0x0000000089100000|  0%| F|  |TAMS 0x0000000089000000| PB 0x0000000089000000| Untracked 
|  81|0x0000000089100000, 0x0000000089100000, 0x0000000089200000|  0%| F|  |TAMS 0x0000000089100000| PB 0x0000000089100000| Untracked 
|  82|0x0000000089200000, 0x0000000089200000, 0x0000000089300000|  0%| F|  |TAMS 0x0000000089200000| PB 0x0000000089200000| Untracked 
|  83|0x0000000089300000, 0x0000000089300000, 0x0000000089400000|  0%| F|  |TAMS 0x0000000089300000| PB 0x0000000089300000| Untracked 
|  84|0x0000000089400000, 0x0000000089400000, 0x0000000089500000|  0%| F|  |TAMS 0x0000000089400000| PB 0x0000000089400000| Untracked 
|  85|0x0000000089500000, 0x0000000089500000, 0x0000000089600000|  0%| F|  |TAMS 0x0000000089500000| PB 0x0000000089500000| Untracked 
|  86|0x0000000089600000, 0x0000000089600000, 0x0000000089700000|  0%| F|  |TAMS 0x0000000089600000| PB 0x0000000089600000| Untracked 
|  87|0x0000000089700000, 0x0000000089700000, 0x0000000089800000|  0%| F|  |TAMS 0x0000000089700000| PB 0x0000000089700000| Untracked 
|  88|0x0000000089800000, 0x0000000089800000, 0x0000000089900000|  0%| F|  |TAMS 0x0000000089800000| PB 0x0000000089800000| Untracked 
|  89|0x0000000089900000, 0x0000000089957a00, 0x0000000089a00000| 34%| E|  |TAMS 0x0000000089900000| PB 0x0000000089900000| Complete 
|  90|0x0000000089a00000, 0x0000000089b00000, 0x0000000089b00000|100%| E|CS|TAMS 0x0000000089a00000| PB 0x0000000089a00000| Complete 
|  91|0x0000000089b00000, 0x0000000089c00000, 0x0000000089c00000|100%| E|CS|TAMS 0x0000000089b00000| PB 0x0000000089b00000| Complete 
|  92|0x0000000089c00000, 0x0000000089d00000, 0x0000000089d00000|100%| E|CS|TAMS 0x0000000089c00000| PB 0x0000000089c00000| Complete 
|  93|0x0000000089d00000, 0x0000000089e00000, 0x0000000089e00000|100%| E|CS|TAMS 0x0000000089d00000| PB 0x0000000089d00000| Complete 

Card table byte_map: [0x0000014d4ede0000,0x0000014d4f1c0000] _byte_map_base: 0x0000014d4e9c0000

Marking Bits: (CMBitMap*) 0x0000014d434e46d0
 Bits: [0x0000014d4f1c0000, 0x0000014d510c0000)

Polling page: 0x0000014d41450000

Metaspace:

Usage:
  Non-class:     65.48 MB used.
      Class:     10.30 MB used.
       Both:     75.77 MB used.

Virtual space:
  Non-class space:      128.00 MB reserved,      66.00 MB ( 52%) committed,  2 nodes.
      Class space:        1.00 GB reserved,      10.75 MB (  1%) committed,  1 nodes.
             Both:        1.12 GB reserved,      76.75 MB (  7%) committed. 

Chunk freelists:
   Non-Class:  13.64 MB
       Class:  5.28 MB
        Both:  18.92 MB

MaxMetaspaceSize: unlimited
CompressedClassSpaceSize: 1.00 GB
Initial GC threshold: 21.00 MB
Current GC threshold: 127.50 MB
CDS: on
 - commit_granule_bytes: 65536.
 - commit_granule_words: 8192.
 - virtual_space_node_default_size: 8388608.
 - enlarge_chunks_in_place: 1.
 - use_allocation_guard: 0.


Internal statistics:

num_allocs_failed_limit: 6.
num_arena_births: 1732.
num_arena_deaths: 716.
num_vsnodes_births: 3.
num_vsnodes_deaths: 0.
num_space_committed: 1228.
num_space_uncommitted: 0.
num_chunks_returned_to_freelist: 882.
num_chunks_taken_from_freelist: 4972.
num_chunk_merges: 154.
num_chunk_splits: 3006.
num_chunks_enlarged: 2182.
num_inconsistent_stats: 0.

CodeCache: size=49152Kb used=18970Kb max_used=20686Kb free=30181Kb
 bounds [0x0000014d4b8f0000, 0x0000014d4ce40000, 0x0000014d4e8f0000]
 total_blobs=9903 nmethods=9150 adapters=676
 compilation: enabled
              stopped_count=0, restarted_count=0
 full_count=0

Compilation events (20 events):
Event: 4561.638 Thread 0x0000014d53b7c420 13580       1       java.lang.invoke.VarHandleByteArrayAsShorts$ArrayHandle::index (12 bytes)
Event: 4561.639 Thread 0x0000014d53b7c420 nmethod 13580 0x0000014d4c99e410 code [0x0000014d4c99e5a0, 0x0000014d4c99e690]
Event: 4561.639 Thread 0x0000014d53b7c420 13581       1       com.sun.jmx.remote.internal.ServerCommunicatorAdmin::logtime (16 bytes)
Event: 4561.641 Thread 0x0000014d53b7c420 nmethod 13581 0x0000014d4c99d710 code [0x0000014d4c99d960, 0x0000014d4c99ddb0]
Event: 4561.641 Thread 0x0000014d53b7c420 13582       1       java.lang.invoke.LambdaForm$MH/0x0000014d011a2400::linkToTargetMethod (10 bytes)
Event: 4561.641 Thread 0x0000014d53b7c420 nmethod 13582 0x0000014d4c99d310 code [0x0000014d4c99d4c0, 0x0000014d4c99d5f8]
Event: 4561.641 Thread 0x0000014d53b7c420 13583       1       java.lang.invoke.LambdaForm$MH/0x0000014d011a2000::invoke (101 bytes)
Event: 4561.641 Thread 0x0000014d53b7c420 nmethod 13583 0x0000014d4c99c990 code [0x0000014d4c99cba0, 0x0000014d4c99cf38]
Event: 4561.641 Thread 0x0000014d53b7c420 13584       1       java.lang.invoke.LambdaForm$MH/0x0000014d011a1400::invoke (48 bytes)
Event: 4561.642 Thread 0x0000014d53b7c420 nmethod 13584 0x0000014d4c99c390 code [0x0000014d4c99c560, 0x0000014d4c99c760]
Event: 4561.642 Thread 0x0000014d53b7c420 13585       1       com.sun.jmx.remote.util.ClassLogger::trace (14 bytes)
Event: 4561.642 Thread 0x0000014d53b7c420 nmethod 13585 0x0000014d4c99c010 code [0x0000014d4c99c1c0, 0x0000014d4c99c2d8]
Event: 4576.642 Thread 0x0000014d53b7c420 13586       1       jdk.internal.misc.Unsafe::putReferenceOpaque (9 bytes)
Event: 4576.642 Thread 0x0000014d53b7c420 nmethod 13586 0x0000014d4c99bd10 code [0x0000014d4c99bea0, 0x0000014d4c99bfb8]
Event: 4621.644 Thread 0x0000014d53b7c420 13587       1       java.io.ObjectInputStream$BlockDataInputStream::readInt (73 bytes)
Event: 4621.644 Thread 0x0000014d53b7c420 nmethod 13587 0x0000014d4c99b490 code [0x0000014d4c99b680, 0x0000014d4c99b978]
Event: 4621.644 Thread 0x0000014d53b7c420 13588       1       java.io.ObjectOutputStream::writeShort (9 bytes)
Event: 4621.645 Thread 0x0000014d53b7c420 nmethod 13588 0x0000014d4c99b110 code [0x0000014d4c99b2c0, 0x0000014d4c99b3c0]
Event: 4636.645 Thread 0x0000014d53b7c420 13589       1       java.util.concurrent.locks.LockSupport::setCurrentBlocker (14 bytes)
Event: 4636.645 Thread 0x0000014d53b7c420 nmethod 13589 0x0000014d4c99ad90 code [0x0000014d4c99af20, 0x0000014d4c99b030]

GC Heap History (20 events):
Event: 1211.955 GC heap before
{Heap before GC invocations=49 (full 9):
 garbage-first heap   total 102400K, used 87045K [0x0000000084000000, 0x0000000100000000)
  region size 1024K, 56 young (57344K), 0 survivors (0K)
 Metaspace       used 76409K, committed 77248K, reserved 1179648K
  class space    used 10411K, committed 10816K, reserved 1048576K
}
Event: 1211.959 GC heap after
{Heap after GC invocations=50 (full 9):
 garbage-first heap   total 102400K, used 35339K [0x0000000084000000, 0x0000000100000000)
  region size 1024K, 5 young (5120K), 5 survivors (5120K)
 Metaspace       used 76409K, committed 77248K, reserved 1179648K
  class space    used 10411K, committed 10816K, reserved 1048576K
}
Event: 1999.471 GC heap before
{Heap before GC invocations=51 (full 9):
 garbage-first heap   total 102400K, used 89611K [0x0000000084000000, 0x0000000100000000)
  region size 1024K, 58 young (59392K), 5 survivors (5120K)
 Metaspace       used 76477K, committed 77312K, reserved 1179648K
  class space    used 10414K, committed 10816K, reserved 1048576K
}
Event: 1999.486 GC heap after
{Heap after GC invocations=52 (full 9):
 garbage-first heap   total 102400K, used 36254K [0x0000000084000000, 0x0000000100000000)
  region size 1024K, 3 young (3072K), 3 survivors (3072K)
 Metaspace       used 76477K, committed 77312K, reserved 1179648K
  class space    used 10414K, committed 10816K, reserved 1048576K
}
Event: 3087.711 GC heap before
{Heap before GC invocations=52 (full 9):
 garbage-first heap   total 102400K, used 89502K [0x0000000084000000, 0x0000000100000000)
  region size 1024K, 55 young (56320K), 3 survivors (3072K)
 Metaspace       used 76477K, committed 77312K, reserved 1179648K
  class space    used 10414K, committed 10816K, reserved 1048576K
}
Event: 3087.720 GC heap after
{Heap after GC invocations=53 (full 9):
 garbage-first heap   total 102400K, used 36630K [0x0000000084000000, 0x0000000100000000)
  region size 1024K, 3 young (3072K), 3 survivors (3072K)
 Metaspace       used 76477K, committed 77312K, reserved 1179648K
  class space    used 10414K, committed 10816K, reserved 1048576K
}
Event: 4094.046 GC heap before
{Heap before GC invocations=53 (full 9):
 garbage-first heap   total 102400K, used 82710K [0x0000000084000000, 0x0000000100000000)
  region size 1024K, 49 young (50176K), 3 survivors (3072K)
 Metaspace       used 76508K, committed 77376K, reserved 1179648K
  class space    used 10415K, committed 10816K, reserved 1048576K
}
Event: 4094.101 GC heap after
{Heap after GC invocations=54 (full 10):
 garbage-first heap   total 96256K, used 25790K [0x0000000084000000, 0x0000000100000000)
  region size 1024K, 0 young (0K), 0 survivors (0K)
 Metaspace       used 76437K, committed 77376K, reserved 1179648K
  class space    used 10398K, committed 10816K, reserved 1048576K
}
Event: 4094.785 GC heap before
{Heap before GC invocations=54 (full 10):
 garbage-first heap   total 96256K, used 82110K [0x0000000084000000, 0x0000000100000000)
  region size 1024K, 56 young (57344K), 0 survivors (0K)
 Metaspace       used 76680K, committed 77568K, reserved 1179648K
  class space    used 10454K, committed 10880K, reserved 1048576K
}
Event: 4094.797 GC heap after
{Heap after GC invocations=55 (full 10):
 garbage-first heap   total 96256K, used 31450K [0x0000000084000000, 0x0000000100000000)
  region size 1024K, 6 young (6144K), 6 survivors (6144K)
 Metaspace       used 76680K, committed 77568K, reserved 1179648K
  class space    used 10454K, committed 10880K, reserved 1048576K
}
Event: 4128.760 GC heap before
{Heap before GC invocations=56 (full 10):
 garbage-first heap   total 96256K, used 59098K [0x0000000084000000, 0x0000000100000000)
  region size 1024K, 34 young (34816K), 6 survivors (6144K)
 Metaspace       used 77004K, committed 77952K, reserved 1179648K
  class space    used 10494K, committed 10944K, reserved 1048576K
}
Event: 4128.816 GC heap after
{Heap after GC invocations=57 (full 11):
 garbage-first heap   total 96256K, used 29895K [0x0000000084000000, 0x0000000100000000)
  region size 1024K, 0 young (0K), 0 survivors (0K)
 Metaspace       used 76942K, committed 77952K, reserved 1179648K
  class space    used 10480K, committed 10944K, reserved 1048576K
}
Event: 4129.247 GC heap before
{Heap before GC invocations=57 (full 11):
 garbage-first heap   total 96256K, used 82119K [0x0000000084000000, 0x0000000100000000)
  region size 1024K, 52 young (53248K), 0 survivors (0K)
 Metaspace       used 77017K, committed 77952K, reserved 1179648K
  class space    used 10495K, committed 10944K, reserved 1048576K
}
Event: 4129.251 GC heap after
{Heap after GC invocations=58 (full 11):
 garbage-first heap   total 96256K, used 34100K [0x0000000084000000, 0x0000000100000000)
  region size 1024K, 5 young (5120K), 5 survivors (5120K)
 Metaspace       used 77017K, committed 77952K, reserved 1179648K
  class space    used 10495K, committed 10944K, reserved 1048576K
}
Event: 4132.843 GC heap before
{Heap before GC invocations=59 (full 11):
 garbage-first heap   total 96256K, used 56628K [0x0000000084000000, 0x0000000100000000)
  region size 1024K, 28 young (28672K), 5 survivors (5120K)
 Metaspace       used 77244K, committed 78144K, reserved 1179648K
  class space    used 10511K, committed 10944K, reserved 1048576K
}
Event: 4132.891 GC heap after
{Heap after GC invocations=60 (full 12):
 garbage-first heap   total 96256K, used 29769K [0x0000000084000000, 0x0000000100000000)
  region size 1024K, 0 young (0K), 0 survivors (0K)
 Metaspace       used 77234K, committed 78144K, reserved 1179648K
  class space    used 10510K, committed 10944K, reserved 1048576K
}
Event: 4133.244 GC heap before
{Heap before GC invocations=60 (full 12):
 garbage-first heap   total 96256K, used 80969K [0x0000000084000000, 0x0000000100000000)
  region size 1024K, 51 young (52224K), 0 survivors (0K)
 Metaspace       used 77324K, committed 78336K, reserved 1179648K
  class space    used 10528K, committed 11008K, reserved 1048576K
}
Event: 4133.247 GC heap after
{Heap after GC invocations=61 (full 12):
 garbage-first heap   total 96256K, used 34268K [0x0000000084000000, 0x0000000100000000)
  region size 1024K, 5 young (5120K), 5 survivors (5120K)
 Metaspace       used 77324K, committed 78336K, reserved 1179648K
  class space    used 10528K, committed 11008K, reserved 1048576K
}
Event: 4641.277 GC heap before
{Heap before GC invocations=62 (full 12):
 garbage-first heap   total 96256K, used 81372K [0x0000000084000000, 0x0000000100000000)
  region size 1024K, 51 young (52224K), 5 survivors (5120K)
 Metaspace       used 77557K, committed 78528K, reserved 1179648K
  class space    used 10543K, committed 11008K, reserved 1048576K
}
Event: 4641.291 GC heap after
{Heap after GC invocations=63 (full 12):
 garbage-first heap   total 96256K, used 35132K [0x0000000084000000, 0x0000000100000000)
  region size 1024K, 3 young (3072K), 3 survivors (3072K)
 Metaspace       used 77557K, committed 78528K, reserved 1179648K
  class space    used 10543K, committed 11008K, reserved 1048576K
}

Dll operation events (12 events):
Event: 0.024 Loaded shared library C:\Program Files\Java\jdk-21\bin\java.dll
Event: 0.200 Loaded shared library C:\Program Files\Java\jdk-21\bin\zip.dll
Event: 0.203 Loaded shared library C:\Program Files\Java\jdk-21\bin\instrument.dll
Event: 0.210 Loaded shared library C:\Program Files\Java\jdk-21\bin\net.dll
Event: 0.211 Loaded shared library C:\Program Files\Java\jdk-21\bin\nio.dll
Event: 0.214 Loaded shared library C:\Program Files\Java\jdk-21\bin\zip.dll
Event: 0.311 Loaded shared library C:\Program Files\Java\jdk-21\bin\jimage.dll
Event: 0.345 Loaded shared library C:\Program Files\Java\jdk-21\bin\management.dll
Event: 0.356 Loaded shared library C:\Program Files\Java\jdk-21\bin\management_ext.dll
Event: 0.546 Loaded shared library C:\Program Files\Java\jdk-21\bin\extnet.dll
Event: 0.567 Loaded shared library C:\Program Files\Java\jdk-21\bin\verify.dll
Event: 1.443 Loaded shared library C:\Program Files\Java\jdk-21\bin\sunmscapi.dll

Deoptimization events (20 events):
Event: 4201.102 Thread 0x0000014d58f267e0 DEOPT PACKING pc=0x0000014d4bb68d64 sp=0x00000047312fdb20
Event: 4201.102 Thread 0x0000014d58f267e0 DEOPT UNPACKING pc=0x0000014d4b9488e2 sp=0x00000047312fd088 mode 1
Event: 4201.102 Thread 0x0000014d58f267e0 DEOPT PACKING pc=0x0000014d4c7e352c sp=0x00000047312fd810
Event: 4201.102 Thread 0x0000014d58f267e0 DEOPT UNPACKING pc=0x0000014d4b9488e2 sp=0x00000047312fcd78 mode 1
Event: 4201.102 Thread 0x0000014d58f267e0 DEOPT PACKING pc=0x0000014d4bb68d64 sp=0x00000047312fd880
Event: 4201.102 Thread 0x0000014d58f267e0 DEOPT UNPACKING pc=0x0000014d4b9488e2 sp=0x00000047312fcde8 mode 1
Event: 4201.102 Thread 0x0000014d58f267e0 DEOPT PACKING pc=0x0000014d4bb68d64 sp=0x00000047312fd880
Event: 4201.102 Thread 0x0000014d58f267e0 DEOPT UNPACKING pc=0x0000014d4b9488e2 sp=0x00000047312fcde8 mode 1
Event: 4201.102 Thread 0x0000014d58f267e0 DEOPT PACKING pc=0x0000014d4bb68d64 sp=0x00000047312fd880
Event: 4201.102 Thread 0x0000014d58f267e0 DEOPT UNPACKING pc=0x0000014d4b9488e2 sp=0x00000047312fcde8 mode 1
Event: 4201.102 Thread 0x0000014d58f267e0 DEOPT PACKING pc=0x0000014d4bb68d64 sp=0x00000047312fd880
Event: 4201.102 Thread 0x0000014d58f267e0 DEOPT UNPACKING pc=0x0000014d4b9488e2 sp=0x00000047312fcde8 mode 1
Event: 4201.102 Thread 0x0000014d58f267e0 DEOPT PACKING pc=0x0000014d4bb68d64 sp=0x00000047312fd880
Event: 4201.102 Thread 0x0000014d58f267e0 DEOPT UNPACKING pc=0x0000014d4b9488e2 sp=0x00000047312fcde8 mode 1
Event: 4201.102 Thread 0x0000014d58f267e0 DEOPT PACKING pc=0x0000014d4bb68d64 sp=0x00000047312fd880
Event: 4201.102 Thread 0x0000014d58f267e0 DEOPT UNPACKING pc=0x0000014d4b9488e2 sp=0x00000047312fcde8 mode 1
Event: 4201.102 Thread 0x0000014d58f267e0 DEOPT PACKING pc=0x0000014d4bb68d64 sp=0x00000047312fd880
Event: 4201.102 Thread 0x0000014d58f267e0 DEOPT UNPACKING pc=0x0000014d4b9488e2 sp=0x00000047312fcde8 mode 1
Event: 4729.085 Thread 0x0000014d58f24080 DEOPT PACKING pc=0x0000014d4be0c9c4 sp=0x00000047319fd6a0
Event: 4729.085 Thread 0x0000014d58f24080 DEOPT UNPACKING pc=0x0000014d4b9488e2 sp=0x00000047319fcb48 mode 0

Classes loaded (20 events):
Event: 810.677 Loading class java/io/PushbackInputStream
Event: 810.677 Loading class java/io/PushbackInputStream done
Event: 810.698 Loading class java/util/stream/ReferencePipeline$4
Event: 810.698 Loading class java/util/stream/ReferencePipeline$4 done
Event: 810.699 Loading class java/util/function/IntBinaryOperator
Event: 810.699 Loading class java/util/function/IntBinaryOperator done
Event: 810.699 Loading class java/util/stream/ReduceOps$7
Event: 810.699 Loading class java/util/stream/ReduceOps$7 done
Event: 810.699 Loading class java/util/stream/ReduceOps$6ReducingSink
Event: 810.699 Loading class java/util/stream/ReduceOps$6ReducingSink done
Event: 810.699 Loading class java/util/stream/ReferencePipeline$4$1
Event: 810.700 Loading class java/util/stream/ReferencePipeline$4$1 done
Event: 810.705 Loading class java/lang/Throwable$WrappedPrintWriter
Event: 810.705 Loading class java/lang/Throwable$WrappedPrintWriter done
Event: 991.876 Loading class java/time/DurationEditor
Event: 991.876 Loading class java/time/DurationEditor done
Event: 1212.010 Loading class java/time/DurationEditor
Event: 1212.010 Loading class java/time/DurationEditor done
Event: 4095.037 Loading class java/time/DurationEditor
Event: 4095.038 Loading class java/time/DurationEditor done

Classes unloaded (20 events):
Event: 4128.771 Thread 0x0000014d53b3cc80 Unloading class 0x0000014d018e6800 'java/lang/invoke/LambdaForm$MH+0x0000014d018e6800'
Event: 4128.771 Thread 0x0000014d53b3cc80 Unloading class 0x0000014d018e6400 'java/lang/invoke/LambdaForm$MH+0x0000014d018e6400'
Event: 4128.771 Thread 0x0000014d53b3cc80 Unloading class 0x0000014d018e5000 'java/lang/invoke/LambdaForm$MH+0x0000014d018e5000'
Event: 4128.771 Thread 0x0000014d53b3cc80 Unloading class 0x0000014d018e4c00 'java/lang/invoke/LambdaForm$MH+0x0000014d018e4c00'
Event: 4128.771 Thread 0x0000014d53b3cc80 Unloading class 0x0000014d018dc800 'java/lang/invoke/LambdaForm$MH+0x0000014d018dc800'
Event: 4128.771 Thread 0x0000014d53b3cc80 Unloading class 0x0000014d01885000 'java/lang/invoke/LambdaForm$MH+0x0000014d01885000'
Event: 4128.771 Thread 0x0000014d53b3cc80 Unloading class 0x0000014d014b0c00 'java/lang/invoke/LambdaForm$MH+0x0000014d014b0c00'
Event: 4128.771 Thread 0x0000014d53b3cc80 Unloading class 0x0000014d014a2400 'java/lang/invoke/LambdaForm$MH+0x0000014d014a2400'
Event: 4128.771 Thread 0x0000014d53b3cc80 Unloading class 0x0000014d014a2000 'java/lang/invoke/LambdaForm$MH+0x0000014d014a2000'
Event: 4128.771 Thread 0x0000014d53b3cc80 Unloading class 0x0000014d014a0400 'java/lang/invoke/LambdaForm$MH+0x0000014d014a0400'
Event: 4128.771 Thread 0x0000014d53b3cc80 Unloading class 0x0000014d0149cc00 'java/lang/invoke/LambdaForm$MH+0x0000014d0149cc00'
Event: 4128.771 Thread 0x0000014d53b3cc80 Unloading class 0x0000014d01494800 'java/lang/invoke/LambdaForm$MH+0x0000014d01494800'
Event: 4128.771 Thread 0x0000014d53b3cc80 Unloading class 0x0000014d01405000 'java/lang/invoke/LambdaForm$MH+0x0000014d01405000'
Event: 4128.771 Thread 0x0000014d53b3cc80 Unloading class 0x0000014d01404800 'java/lang/invoke/LambdaForm$MH+0x0000014d01404800'
Event: 4128.771 Thread 0x0000014d53b3cc80 Unloading class 0x0000014d013f0800 'java/lang/invoke/LambdaForm$MH+0x0000014d013f0800'
Event: 4128.771 Thread 0x0000014d53b3cc80 Unloading class 0x0000014d013c8800 'java/lang/invoke/LambdaForm$MH+0x0000014d013c8800'
Event: 4128.771 Thread 0x0000014d53b3cc80 Unloading class 0x0000014d01000400 'java/lang/invoke/LambdaForm$MH+0x0000014d01000400'
Event: 4132.859 Thread 0x0000014d53b3cc80 Unloading class 0x0000014d018e4c00 'jdk/internal/reflect/GeneratedSerializationConstructorAccessor59'
Event: 4132.859 Thread 0x0000014d53b3cc80 Unloading class 0x0000014d018e5000 'jdk/internal/reflect/GeneratedSerializationConstructorAccessor58'
Event: 4132.859 Thread 0x0000014d53b3cc80 Unloading class 0x0000014d01aa5800 'org/apache/catalina/loader/JdbcLeakPrevention'

Classes redefined (20 events):
Event: 4131.539 Thread 0x0000014d53b3cc80 redefined class name=com.web.controller.admin.ProductController, count=4
Event: 4131.539 Thread 0x0000014d53b3cc80 redefined class name=com.web.controller.admin.ProductController, count=12
Event: 4131.539 Thread 0x0000014d53b3cc80 redefined class name=com.web.controller.admin.ProductController, count=11
Event: 4131.539 Thread 0x0000014d53b3cc80 redefined class name=com.web.controller.admin.ProductController, count=5
Event: 4131.539 Thread 0x0000014d53b3cc80 redefined class name=com.web.controller.admin.ProductController, count=6
Event: 4131.539 Thread 0x0000014d53b3cc80 redefined class name=com.web.controller.admin.ProductController, count=1
Event: 4131.539 Thread 0x0000014d53b3cc80 redefined class name=com.web.controller.admin.ProductController, count=2
Event: 4729.142 Thread 0x0000014d53b3cc80 redefined class name=com.web.controller.admin.ProductController, count=4
Event: 4729.142 Thread 0x0000014d53b3cc80 redefined class name=com.web.controller.admin.ProductController, count=8
Event: 4729.142 Thread 0x0000014d53b3cc80 redefined class name=com.web.controller.admin.ProductController, count=11
Event: 4729.142 Thread 0x0000014d53b3cc80 redefined class name=com.web.controller.admin.ProductController, count=13
Event: 4729.142 Thread 0x0000014d53b3cc80 redefined class name=com.web.controller.admin.ProductController, count=6
Event: 4729.142 Thread 0x0000014d53b3cc80 redefined class name=com.web.controller.admin.ProductController, count=7
Event: 4729.142 Thread 0x0000014d53b3cc80 redefined class name=com.web.controller.admin.ProductController, count=9
Event: 4729.142 Thread 0x0000014d53b3cc80 redefined class name=com.web.controller.admin.ProductController, count=10
Event: 4729.142 Thread 0x0000014d53b3cc80 redefined class name=com.web.controller.admin.ProductController, count=5
Event: 4729.142 Thread 0x0000014d53b3cc80 redefined class name=com.web.controller.admin.ProductController, count=12
Event: 4729.142 Thread 0x0000014d53b3cc80 redefined class name=com.web.controller.admin.ProductController, count=1
Event: 4729.142 Thread 0x0000014d53b3cc80 redefined class name=com.web.controller.admin.ProductController, count=2
Event: 4729.142 Thread 0x0000014d53b3cc80 redefined class name=com.web.controller.admin.ProductController, count=3

Internal exceptions (20 events):
Event: 4129.105 Thread 0x0000014d58f26150 Exception <a 'java/lang/NoClassDefFoundError'{0x00000000882ad220}: org/jooq/DSLContext> (0x00000000882ad220) 
thrown [s\open\src\hotspot\share\oops\constantPool.cpp, line 871]
Event: 4129.107 Thread 0x0000014d58f26150 Exception <a 'java/lang/NoClassDefFoundError'{0x00000000882f6fd8}: org/springframework/batch/core/repository/JobRepository> (0x00000000882f6fd8) 
thrown [s\open\src\hotspot\share\oops\constantPool.cpp, line 871]
Event: 4129.108 Thread 0x0000014d58f26150 Exception <a 'java/lang/NoClassDefFoundError'{0x00000000882f7630}: org/quartz/Scheduler> (0x00000000882f7630) 
thrown [s\open\src\hotspot\share\oops\constantPool.cpp, line 871]
Event: 4129.108 Thread 0x0000014d58f26150 Exception <a 'java/lang/NoClassDefFoundError'{0x00000000882f7cb0}: org/springframework/session/jdbc/JdbcIndexedSessionRepository> (0x00000000882f7cb0) 
thrown [s\open\src\hotspot\share\oops\constantPool.cpp, line 871]
Event: 4129.144 Thread 0x0000014d58f26150 Exception <a 'java/io/FileNotFoundException'{0x0000000087b3d4f0}> (0x0000000087b3d4f0) 
thrown [s\open\src\hotspot\share\prims\jni.cpp, line 520]
Event: 4129.179 Thread 0x0000014d58f26150 Exception <a 'java/io/FileNotFoundException'{0x0000000087249608}> (0x0000000087249608) 
thrown [s\open\src\hotspot\share\prims\jni.cpp, line 520]
Event: 4132.839 Thread 0x0000014d5bcaa3a0 Exception <a 'java/net/SocketException'{0x00000000887c1700}: Connection reset by peer: shutdown> (0x00000000887c1700) 
thrown [s\open\src\hotspot\share\prims\jni.cpp, line 539]
Event: 4132.840 Thread 0x0000014d5bcaa3a0 Exception <a 'java/io/IOException'{0x00000000887c7130}> (0x00000000887c7130) 
thrown [s\open\src\hotspot\share\prims\jni.cpp, line 520]
Event: 4132.840 Thread 0x0000014d5bcaa3a0 Exception <a 'java/io/IOException'{0x00000000887c9198}> (0x00000000887c9198) 
thrown [s\open\src\hotspot\share\prims\jni.cpp, line 520]
Event: 4132.843 Thread 0x0000014d58f27500 Exception <a 'java/lang/InterruptedException'{0x00000000887ed228}: sleep interrupted> (0x00000000887ed228) 
thrown [s\open\src\hotspot\share\prims\jvm.cpp, line 3074]
Event: 4132.902 Thread 0x0000014d5bcab0c0 Exception <a 'sun/nio/fs/WindowsException'{0x0000000089d7de40}> (0x0000000089d7de40) 
thrown [s\open\src\hotspot\share\prims\jni.cpp, line 520]
Event: 4133.117 Thread 0x0000014d5bcab0c0 Exception <a 'java/lang/NoClassDefFoundError'{0x0000000088297180}: org/flywaydb/core/Flyway> (0x0000000088297180) 
thrown [s\open\src\hotspot\share\oops\constantPool.cpp, line 871]
Event: 4133.118 Thread 0x0000014d5bcab0c0 Exception <a 'java/lang/NoClassDefFoundError'{0x00000000882977e0}: liquibase/integration/spring/SpringLiquibase> (0x00000000882977e0) 
thrown [s\open\src\hotspot\share\oops\constantPool.cpp, line 871]
Event: 4133.120 Thread 0x0000014d5bcab0c0 Exception <a 'java/lang/NoClassDefFoundError'{0x00000000882be560}: org/jooq/DSLContext> (0x00000000882be560) 
thrown [s\open\src\hotspot\share\oops\constantPool.cpp, line 871]
Event: 4133.123 Thread 0x0000014d5bcab0c0 Exception <a 'java/lang/NoClassDefFoundError'{0x0000000088108bc8}: org/springframework/batch/core/repository/JobRepository> (0x0000000088108bc8) 
thrown [s\open\src\hotspot\share\oops\constantPool.cpp, line 871]
Event: 4133.124 Thread 0x0000014d5bcab0c0 Exception <a 'java/lang/NoClassDefFoundError'{0x0000000088109220}: org/quartz/Scheduler> (0x0000000088109220) 
thrown [s\open\src\hotspot\share\oops\constantPool.cpp, line 871]
Event: 4133.124 Thread 0x0000014d5bcab0c0 Exception <a 'java/lang/NoClassDefFoundError'{0x00000000881098a0}: org/springframework/session/jdbc/JdbcIndexedSessionRepository> (0x00000000881098a0) 
thrown [s\open\src\hotspot\share\oops\constantPool.cpp, line 871]
Event: 4133.156 Thread 0x0000014d5bcab0c0 Exception <a 'java/io/FileNotFoundException'{0x0000000087b4ef10}> (0x0000000087b4ef10) 
thrown [s\open\src\hotspot\share\prims\jni.cpp, line 520]
Event: 4133.189 Thread 0x0000014d5bcab0c0 Exception <a 'java/io/FileNotFoundException'{0x000000008726a988}> (0x000000008726a988) 
thrown [s\open\src\hotspot\share\prims\jni.cpp, line 520]
Event: 4201.103 Thread 0x0000014d58f267e0 Exception <a 'java/lang/NoSuchMethodError'{0x00000000882095c8}: static [B.<clinit>()V> (0x00000000882095c8) 
thrown [s\open\src\hotspot\share\prims\jni.cpp, line 1106]

ZGC Phase Switch (0 events):
No events

VM Operations (20 events):
Event: 4729.248 Executing VM operation: ChangeBreakpoints
Event: 4729.251 Executing VM operation: ChangeBreakpoints done
Event: 4729.253 Executing VM operation: ChangeBreakpoints
Event: 4729.257 Executing VM operation: ChangeBreakpoints done
Event: 4729.260 Executing VM operation: ChangeBreakpoints
Event: 4729.266 Executing VM operation: ChangeBreakpoints done
Event: 4729.268 Executing VM operation: ChangeBreakpoints
Event: 4729.272 Executing VM operation: ChangeBreakpoints done
Event: 4729.275 Executing VM operation: ChangeBreakpoints
Event: 4729.278 Executing VM operation: ChangeBreakpoints done
Event: 4729.280 Executing VM operation: ChangeBreakpoints
Event: 4729.284 Executing VM operation: ChangeBreakpoints done
Event: 4729.286 Executing VM operation: ChangeBreakpoints
Event: 4729.290 Executing VM operation: ChangeBreakpoints done
Event: 4729.292 Executing VM operation: ChangeBreakpoints
Event: 4729.296 Executing VM operation: ChangeBreakpoints done
Event: 4729.298 Executing VM operation: ChangeBreakpoints
Event: 4729.302 Executing VM operation: ChangeBreakpoints done
Event: 4729.304 Executing VM operation: ChangeSingleStep
Event: 4729.304 Executing VM operation: ChangeSingleStep done

Events (20 events):
Event: 4133.386 Thread 0x0000014d5bca8ff0 Thread added: 0x0000014d5bca8ff0
Event: 4133.395 Thread 0x0000014d58f26150 Thread added: 0x0000014d58f26150
Event: 4133.395 Thread 0x0000014d58f24080 Thread added: 0x0000014d58f24080
Event: 4133.395 Thread 0x0000014d58f21fb0 Thread added: 0x0000014d58f21fb0
Event: 4133.395 Thread 0x0000014d58f26e70 Thread added: 0x0000014d58f26e70
Event: 4133.395 Thread 0x0000014d58f24da0 Thread added: 0x0000014d58f24da0
Event: 4133.395 Thread 0x0000014d58f27500 Thread added: 0x0000014d58f27500
Event: 4133.395 Thread 0x0000014d58f295d0 Thread added: 0x0000014d58f295d0
Event: 4133.395 Thread 0x0000014d58f27b90 Thread added: 0x0000014d58f27b90
Event: 4133.395 Thread 0x0000014d58f239f0 Thread added: 0x0000014d58f239f0
Event: 4133.395 Thread 0x0000014d5b6a8b20 Thread added: 0x0000014d5b6a8b20
Event: 4133.397 Thread 0x0000014d5b6a9ed0 Thread added: 0x0000014d5b6a9ed0
Event: 4133.397 Thread 0x0000014d5b6a91b0 Thread added: 0x0000014d5b6a91b0
Event: 4133.401 Thread 0x0000014d5bcab0c0 Thread exited: 0x0000014d5bcab0c0
Event: 4133.401 Thread 0x0000014d5bca9d10 Thread exited: 0x0000014d5bca9d10
Event: 4136.001 Thread 0x0000014d5925bac0 Thread added: 0x0000014d5925bac0
Event: 4138.677 Thread 0x0000014d5bcac470 Thread exited: 0x0000014d5bcac470
Event: 4141.007 Thread 0x0000014d5925bac0 Thread exited: 0x0000014d5925bac0
Event: 4141.008 Thread 0x0000014d593a0860 Thread exited: 0x0000014d593a0860
Event: 4146.595 Thread 0x0000014d5954eb20 Thread exited: 0x0000014d5954eb20


Dynamic libraries:
0x00007ff755ae0000 - 0x00007ff755af0000 	C:\Program Files\Java\jdk-21\bin\javaw.exe
0x00007ff8e7df0000 - 0x00007ff8e7fe8000 	C:\Windows\SYSTEM32\ntdll.dll
0x00007ff8e5ed0000 - 0x00007ff8e5f92000 	C:\Windows\System32\KERNEL32.DLL
0x00007ff8e5980000 - 0x00007ff8e5c76000 	C:\Windows\System32\KERNELBASE.dll
0x00007ff8e5880000 - 0x00007ff8e5980000 	C:\Windows\System32\ucrtbase.dll
0x00007ff8e1d00000 - 0x00007ff8e1d19000 	C:\Program Files\Java\jdk-21\bin\jli.dll
0x00007ff8e1460000 - 0x00007ff8e147b000 	C:\Program Files\Java\jdk-21\bin\VCRUNTIME140.dll
0x00007ff8e6460000 - 0x00007ff8e650f000 	C:\Windows\System32\ADVAPI32.dll
0x00007ff8e6570000 - 0x00007ff8e660e000 	C:\Windows\System32\msvcrt.dll
0x00007ff8e60c0000 - 0x00007ff8e615f000 	C:\Windows\System32\sechost.dll
0x00007ff8e75f0000 - 0x00007ff8e7713000 	C:\Windows\System32\RPCRT4.dll
0x00007ff8e5720000 - 0x00007ff8e5747000 	C:\Windows\System32\bcrypt.dll
0x00007ff8e6200000 - 0x00007ff8e639d000 	C:\Windows\System32\USER32.dll
0x00007ff8e5c80000 - 0x00007ff8e5ca2000 	C:\Windows\System32\win32u.dll
0x00007ff8e63a0000 - 0x00007ff8e63cb000 	C:\Windows\System32\GDI32.dll
0x00007ff8e5cb0000 - 0x00007ff8e5dca000 	C:\Windows\System32\gdi32full.dll
0x00007ff8e5750000 - 0x00007ff8e57ed000 	C:\Windows\System32\msvcp_win.dll
0x00007ff8c5380000 - 0x00007ff8c561a000 	C:\Windows\WinSxS\amd64_microsoft.windows.common-controls_6595b64144ccf1df_6.0.19041.5794_none_60bcd33171f2783c\COMCTL32.dll
0x00007ff8dd290000 - 0x00007ff8dd29a000 	C:\Windows\SYSTEM32\VERSION.dll
0x00007ff8e6430000 - 0x00007ff8e645f000 	C:\Windows\System32\IMM32.DLL
0x00007ff8e14e0000 - 0x00007ff8e14ec000 	C:\Program Files\Java\jdk-21\bin\vcruntime140_1.dll
0x00007ff8c4f60000 - 0x00007ff8c4fee000 	C:\Program Files\Java\jdk-21\bin\msvcp140.dll
0x00007ff89e750000 - 0x00007ff89f467000 	C:\Program Files\Java\jdk-21\bin\server\jvm.dll
0x00007ff8e7580000 - 0x00007ff8e75eb000 	C:\Windows\System32\WS2_32.dll
0x00007ff8e49d0000 - 0x00007ff8e4a1b000 	C:\Windows\SYSTEM32\POWRPROF.dll
0x00007ff8d6f90000 - 0x00007ff8d6fb7000 	C:\Windows\SYSTEM32\WINMM.dll
0x00007ff8e4890000 - 0x00007ff8e48a2000 	C:\Windows\SYSTEM32\UMPDC.dll
0x00007ff8e3cb0000 - 0x00007ff8e3cc2000 	C:\Windows\SYSTEM32\kernel.appcore.dll
0x00007ff8e24f0000 - 0x00007ff8e24fa000 	C:\Program Files\Java\jdk-21\bin\jimage.dll
0x00007ff8e2fc0000 - 0x00007ff8e31c1000 	C:\Windows\SYSTEM32\DBGHELP.DLL
0x00007ff8d3dd0000 - 0x00007ff8d3e04000 	C:\Windows\SYSTEM32\dbgcore.DLL
0x00007ff8e57f0000 - 0x00007ff8e5872000 	C:\Windows\System32\bcryptPrimitives.dll
0x00007ff8de7f0000 - 0x00007ff8de82c000 	C:\Program Files\Java\jdk-21\bin\jdwp.dll
0x00007ff8e1d20000 - 0x00007ff8e1d2f000 	C:\Program Files\Java\jdk-21\bin\instrument.dll
0x00007ff8e1920000 - 0x00007ff8e193f000 	C:\Program Files\Java\jdk-21\bin\java.dll
0x00007ff8e67c0000 - 0x00007ff8e6f2e000 	C:\Windows\System32\SHELL32.dll
0x00007ff8e34f0000 - 0x00007ff8e3c93000 	C:\Windows\SYSTEM32\windows.storage.dll
0x00007ff8e7720000 - 0x00007ff8e7a73000 	C:\Windows\System32\combase.dll
0x00007ff8e4ec0000 - 0x00007ff8e4eeb000 	C:\Windows\SYSTEM32\Wldp.dll
0x00007ff8e74b0000 - 0x00007ff8e757d000 	C:\Windows\System32\OLEAUT32.dll
0x00007ff8e73a0000 - 0x00007ff8e744d000 	C:\Windows\System32\SHCORE.dll
0x00007ff8e63d0000 - 0x00007ff8e6425000 	C:\Windows\System32\shlwapi.dll
0x00007ff8e53c0000 - 0x00007ff8e53e5000 	C:\Windows\SYSTEM32\profapi.dll
0x00007ff8e14d0000 - 0x00007ff8e14dc000 	C:\Program Files\Java\jdk-21\bin\dt_socket.dll
0x00007ff8e48b0000 - 0x00007ff8e48eb000 	C:\Windows\SYSTEM32\IPHLPAPI.DLL
0x00007ff8e4c20000 - 0x00007ff8e4c8c000 	C:\Windows\system32\mswsock.dll
0x00007ff8e48f0000 - 0x00007ff8e49ba000 	C:\Windows\SYSTEM32\DNSAPI.dll
0x00007ff8e6160000 - 0x00007ff8e6168000 	C:\Windows\System32\NSI.dll
0x00007ff8de250000 - 0x00007ff8de25a000 	C:\Windows\System32\rasadhlp.dll
0x00007ff8dda80000 - 0x00007ff8ddb00000 	C:\Windows\System32\fwpuclnt.dll
0x00007ff8e1810000 - 0x00007ff8e1828000 	C:\Program Files\Java\jdk-21\bin\zip.dll
0x00007ff8e1800000 - 0x00007ff8e1810000 	C:\Program Files\Java\jdk-21\bin\net.dll
0x00007ff8e2260000 - 0x00007ff8e236a000 	C:\Windows\SYSTEM32\WINHTTP.dll
0x00007ff8e17b0000 - 0x00007ff8e17c6000 	C:\Program Files\Java\jdk-21\bin\nio.dll
0x00007ff8e1060000 - 0x00007ff8e106a000 	C:\Program Files\Java\jdk-21\bin\management.dll
0x00007ff8e1010000 - 0x00007ff8e101b000 	C:\Program Files\Java\jdk-21\bin\management_ext.dll
0x00007ff8e6040000 - 0x00007ff8e6048000 	C:\Windows\System32\PSAPI.DLL
0x00007ff8c1ca0000 - 0x00007ff8c1cb7000 	C:\Windows\system32\napinsp.dll
0x00007ff8c1c80000 - 0x00007ff8c1c9b000 	C:\Windows\system32\pnrpnsp.dll
0x00007ff8c1c50000 - 0x00007ff8c1c6d000 	C:\Windows\system32\wshbth.dll
0x00007ff8e2370000 - 0x00007ff8e238d000 	C:\Windows\system32\NLAapi.dll
0x00007ff8c1c30000 - 0x00007ff8c1c42000 	C:\Windows\System32\winrnr.dll
0x00007ff8e4e10000 - 0x00007ff8e4e28000 	C:\Windows\SYSTEM32\CRYPTSP.dll
0x00007ff8e44d0000 - 0x00007ff8e4508000 	C:\Windows\system32\rsaenh.dll
0x00007ff8e5380000 - 0x00007ff8e53ae000 	C:\Windows\SYSTEM32\USERENV.dll
0x00007ff8e4e30000 - 0x00007ff8e4e3c000 	C:\Windows\SYSTEM32\CRYPTBASE.dll
0x00007ff8e0fa0000 - 0x00007ff8e0fa9000 	C:\Program Files\Java\jdk-21\bin\extnet.dll
0x00007ff8e17f0000 - 0x00007ff8e1800000 	C:\Program Files\Java\jdk-21\bin\verify.dll
0x00007ff8e17a0000 - 0x00007ff8e17ae000 	C:\Program Files\Java\jdk-21\bin\sunmscapi.dll
0x00007ff8e5540000 - 0x00007ff8e569d000 	C:\Windows\System32\CRYPT32.dll
0x00007ff8e4f30000 - 0x00007ff8e4f57000 	C:\Windows\SYSTEM32\ncrypt.dll
0x00007ff8e4ef0000 - 0x00007ff8e4f2b000 	C:\Windows\SYSTEM32\NTASN1.dll
0x00007ff8e1000000 - 0x00007ff8e1007000 	C:\Windows\system32\wshunix.dll

dbghelp: loaded successfully - version: 4.0.5 - missing functions: none
symbol engine: initialized successfully - sym options: 0x614 - pdb path: .;C:\Program Files\Java\jdk-21\bin;C:\Windows\SYSTEM32;C:\Windows\WinSxS\amd64_microsoft.windows.common-controls_6595b64144ccf1df_6.0.19041.5794_none_60bcd33171f2783c;C:\Program Files\Java\jdk-21\bin\server

VM Arguments:
jvm_args: -XX:+ShowCodeDetailsInExceptionMessages -agentlib:jdwp=transport=dt_socket,suspend=y,address=localhost:63571 -Dcom.sun.management.jmxremote -Dcom.sun.management.jmxremote.port=63570 -Dcom.sun.management.jmxremote.authenticate=false -Dcom.sun.management.jmxremote.ssl=false -Djava.rmi.server.hostname=localhost -Dspring.jmx.enabled=true -Dmanagement.endpoints.jmx.exposure.include=* -Dspring.application.admin.enabled=true -XX:TieredStopAtLevel=1 -Dspring.boot.project.name=shopweb -javaagent:D:\EclipseIDE\eclipse\configuration\org.eclipse.osgi\446\0\.cp\lib\javaagent-shaded.jar -Dfile.encoding=UTF-8 -Dstdout.encoding=UTF-8 -Dstderr.encoding=UTF-8 
java_command: com.web.ShopwebApplication --spring.output.ansi.enabled=always
java_class_path (initial): D:\BackendJava\My_Workspace\shopapp\shopweb\target\classes;C:\Users\PHAN ANH TUAN\.m2\repository\org\springframework\boot\spring-boot-starter-data-jpa\3.5.0\spring-boot-starter-data-jpa-3.5.0.jar;C:\Users\PHAN ANH TUAN\.m2\repository\org\springframework\boot\spring-boot-starter\3.5.0\spring-boot-starter-3.5.0.jar;C:\Users\PHAN ANH TUAN\.m2\repository\org\springframework\boot\spring-boot-starter-logging\3.5.0\spring-boot-starter-logging-3.5.0.jar;C:\Users\PHAN ANH TUAN\.m2\repository\ch\qos\logback\logback-classic\1.5.18\logback-classic-1.5.18.jar;C:\Users\PHAN ANH TUAN\.m2\repository\ch\qos\logback\logback-core\1.5.18\logback-core-1.5.18.jar;C:\Users\PHAN ANH TUAN\.m2\repository\org\apache\logging\log4j\log4j-to-slf4j\2.24.3\log4j-to-slf4j-2.24.3.jar;C:\Users\PHAN ANH TUAN\.m2\repository\org\apache\logging\log4j\log4j-api\2.24.3\log4j-api-2.24.3.jar;C:\Users\PHAN ANH TUAN\.m2\repository\org\slf4j\jul-to-slf4j\2.0.17\jul-to-slf4j-2.0.17.jar;C:\Users\PHAN ANH TUAN\.m2\repository\org\yaml\snakeyaml\2.4\snakeyaml-2.4.jar;C:\Users\PHAN ANH TUAN\.m2\repository\org\springframework\boot\spring-boot-starter-jdbc\3.5.0\spring-boot-starter-jdbc-3.5.0.jar;C:\Users\PHAN ANH TUAN\.m2\repository\com\zaxxer\HikariCP\6.3.0\HikariCP-6.3.0.jar;C:\Users\PHAN ANH TUAN\.m2\repository\org\springframework\spring-jdbc\6.2.7\spring-jdbc-6.2.7.jar;C:\Users\PHAN ANH TUAN\.m2\repository\org\hibernate\orm\hibernate-core\6.6.15.Final\hibernate-core-6.6.15.Final.jar;C:\Users\PHAN ANH TUAN\.m2\repository\jakarta\persistence\jakarta.persistence-api\3.1.0\jakarta.persistence-api-3.1.0.jar;C:\Users\PHAN ANH TUAN\.m2\repository\jakarta\transaction\jakarta.transaction-api\2.0.1\jakarta.transaction-api-2.0.1.jar;C:\Users\PHAN ANH TUAN\.m2\repository\org\jboss\logging\jboss-logging\3.6.1.Final\jboss-logging-3.6.1.Final.jar;C:\Users\PHAN ANH TUAN\.m2\repository\org\hibernate\common\hibernate-commons-annotations\7.0.3.Final\hibernate-commons-annotations-7.0.3.Final.jar;C:\Users\PHAN ANH TUAN\.m2\repository\io\smallrye\jandex\3.2.0\jandex-3.2.0.jar;C:\Users\PHAN ANH TUAN\.m2\repository\com\fasterxml\classmate\1.7.0\classmate-1.7.0.jar;C:\Users\PHAN ANH TUAN\.m2\repository\net\bytebuddy\byte-buddy\1.17.5\byte-buddy-1.17.5.jar;C:\Users\PHAN ANH TUAN\.m2\repository\org\glassfish\jaxb\jaxb-runtime\4.0.5\jaxb-runtime-4.0.5.jar;C:\Users\PHAN ANH TUAN\.m2\repository\org\glassfish\jaxb\jaxb-core\4.0.5\jaxb-core-4.0.5.jar;C:\Users\PHAN ANH TUAN\.m2\repository\org\eclipse\angus\angus-activation\2.0.2\angus-activation-2.0.2.jar;C:\Users\PHAN ANH TUAN\.m2\repository\org\glassfish\jaxb\txw2\4.0.5\txw2-4.0.5.jar;C:\Users\PHAN ANH TUAN\.m2\repository\com\sun\istack\istack-commons-runtime\4.1.2\istack-commons-runtime-4.1.2.jar;C:\Users\PHAN ANH TUAN\.m2\repository\jakarta\inject\jakarta.inject-api\2.0.1\jakarta.inject-api-2.0.1.jar;C:\Users\PHAN ANH TUAN\.m2\repository\org\antlr\antlr4-runtime\4.13.0\antlr4-runtime-4.13.0.jar;C:\Users\PHAN ANH TUAN\.m2\repository\org\springframework\data\spring-data-jpa\3.5.0\spring-data-jpa-3.5.0.jar;C:\Users\PHAN ANH TUAN\.m2\repository\org\springframework\data\spring-data-commons\3.5.0\spring-data-commons-3.5.0.jar;C:\Users\PHAN ANH TUAN\.m2\repository\org\springframework\spring-orm\6.2.7\spring-orm-6.2.7.jar;C:\Users\PHAN ANH TUAN\.m2\repository\org\springframework\spring-context\6.2.7\spring-context-6.2.7.jar;C:\Users\PHAN ANH TUAN\.m2\repository\org\springframework\spring-aop\6.2.7\spring-aop-6.2.7.jar;C:\Users\PHAN ANH TUAN\.m2\repository\org\springframework\spring-tx\6.2.7\spring-tx-6.2.7.jar;C:\Users\PHAN ANH TUAN\.m2\repository\org\springframework\spring-beans\6.2.7\spring-beans-6.2.7.jar;C:\Users\PHAN ANH TUAN\.m2\repository\org\slf4j\slf4j-api\2.0.17\slf4j-api-2.0.17.jar;C:\Users\PHAN ANH TUAN\.m2\repository\org\springframework\spring-aspects\6.2.7\spring-aspects-6.2.7.jar;C:\Users\PHAN ANH TUAN\.m2\repository\org\aspectj\aspectjweaver\1.9.24\aspectjweaver-1.9.24.jar;C:\Users\PHAN ANH TUAN\.m2\repository\org\springframework\boot\spring-boot-starter-web\3.5.0\spring-boot-starter-web-3.5.0.jar;C:\Users\PHAN ANH TUAN\.m2\repository\org\springframework\boot\spring-boot-starter-json\3.5.0\spring-boot-starter-json-3.5.0.jar;C:\Users\PHAN ANH TUAN\.m2\repository\com\fasterxml\jackson\core\jackson-databind\2.19.0\jackson-databind-2.19.0.jar;C:\Users\PHAN ANH TUAN\.m2\repository\com\fasterxml\jackson\core\jackson-annotations\2.19.0\jackson-annotations-2.19.0.jar;C:\Users\PHAN ANH TUAN\.m2\repository\com\fasterxml\jackson\core\jackson-core\2.19.0\jackson-core-2.19.0.jar;C:\Users\PHAN ANH TUAN\.m2\repository\com\fasterxml\jackson\datatype\jackson-datatype-jdk8\2.19.0\jackson-datatype-jdk8-2.19.0.jar;C:\Users\PHAN ANH TUAN\.m2\repository\com\fasterxml\jackson\datatype\jackson-datatype-jsr310\2.19.0\jackson-datatype-jsr310-2.19.0.jar;C:\Users\PHAN ANH TUAN\.m2\repository\com\fasterxml\jackson\module\jackson-module-parameter-names\2.19.0\jackson-module-parameter-names-2.19.0.jar;C:\Users\PHAN ANH TUAN\.m2\repository\org\springframework\spring-web\6.2.7\spring-web-6.2.7.jar;C:\Users\PHAN ANH TUAN\.m2\repository\io\micrometer\micrometer-observation\1.15.0\micrometer-observation-1.15.0.jar;C:\Users\PHAN ANH TUAN\.m2\repository\io\micrometer\micrometer-commons\1.15.0\micrometer-commons-1.15.0.jar;C:\Users\PHAN ANH TUAN\.m2\repository\org\springframework\spring-webmvc\6.2.7\spring-webmvc-6.2.7.jar;C:\Users\PHAN ANH TUAN\.m2\repository\org\springframework\spring-expression\6.2.7\spring-expression-6.2.7.jar;C:\Users\PHAN ANH TUAN\.m2\repository\org\springframework\boot\spring-boot-devtools\3.5.0\spring-boot-devtools-3.5.0.jar;C:\Users\PHAN ANH TUAN\.m2\repository\org\springframework\boot\spring-boot\3.5.0\spring-boot-3.5.0.jar;C:\Users\PHAN ANH TUAN\.m2\repository\org\springframework\boot\spring-boot-autoconfigure\3.5.0\spring-boot-autoconfigure-3.5.0.jar;C:\Users\PHAN ANH TUAN\.m2\repository\org\springframework\boot\spring-boot-starter-tomcat\3.5.0\spring-boot-starter-tomcat-3.5.0.jar;C:\Users\PHAN ANH TUAN\.m2\repository\jakarta\annotation\jakarta.annotation-api\2.1.1\jakarta.annotation-api-2.1.1.jar;C:\Users\PHAN ANH TUAN\.m2\repository\org\apache\tomcat\embed\tomcat-embed-core\10.1.41\tomcat-embed-core-10.1.41.jar;C:\Users\PHAN ANH TUAN\.m2\repository\org\apache\tomcat\embed\tomcat-embed-el\10.1.41\tomcat-embed-el-10.1.41.jar;C:\Users\PHAN ANH TUAN\.m2\repository\org\apache\tomcat\embed\tomcat-embed-websocket\10.1.41\tomcat-embed-websocket-10.1.41.jar;C:\Users\PHAN ANH TUAN\.m2\repository\jakarta\xml\bind\jakarta.xml.bind-api\4.0.2\jakarta.xml.bind-api-4.0.2.jar;C:\Users\PHAN ANH TUAN\.m2\repository\jakarta\activation\jakarta.activation-api\2.1.3\jakarta.activation-api-2.1.3.jar;C:\Users\PHAN ANH TUAN\.m2\repository\org\springframework\spring-core\6.2.7\spring-core-6.2.7.jar;C:\Users\PHAN ANH TUAN\.m2\repository\org\springframework\spring-jcl\6.2.7\spring-jcl-6.2.7.jar;C:\Users\PHAN ANH TUAN\.m2\repository\com\mysql\mysql-connector-j\8.0.33\mysql-connector-j-8.0.33.jar;C:\Users\PHAN ANH TUAN\.m2\repository\org\apache\tomcat\embed\tomcat-embed-jasper\10.1.41\tomcat-embed-jasper-10.1.41.jar;C:\Users\PHAN ANH TUAN\.m2\repository\org\eclipse\jdt\ecj\3.33.0\ecj-3.33.0.jar;C:\Users\PHAN ANH TUAN\.m2\repository\org\springframework\boot\spring-boot-starter-thymeleaf\3.5.0\spring-boot-starter-thymeleaf-3.5.0.jar;C:\Users\PHAN ANH TUAN\.m2\repository\org\thymeleaf\thymeleaf-spring6\3.1.3.RELEASE\thymeleaf-spring6-3.1.3.RELEASE.jar;C:\Users\PHAN ANH TUAN\.m2\repository\org\thymeleaf\thymeleaf\3.1.3.RELEASE\thymeleaf-3.1.3.RELEASE.jar;C:\Users\PHAN ANH TUAN\.m2\repository\org\attoparser\attoparser\2.0.7.RELEASE\attoparser-2.0.7.RELEASE.jar;C:\Users\PHAN ANH TUAN\.m2\repository\org\unbescape\unbescape\1.1.6.RELEASE\unbescape-1.1.6.RELEASE.jar;C:\Users\PHAN ANH TUAN\.m2\repository\org\modelmapper\modelmapper\0.7.4\modelmapper-0.7.4.jar;C:\Users\PHAN ANH TUAN\.m2\repository\org\projectlombok\lombok\1.18.24\lombok-1.18.24.jar
Launcher Type: SUN_STANDARD

[Global flags]
     intx CICompilerCount                          = 4                                         {product} {ergonomic}
     uint ConcGCThreads                            = 2                                         {product} {ergonomic}
     uint G1ConcRefinementThreads                  = 8                                         {product} {ergonomic}
   size_t G1HeapRegionSize                         = 1048576                                   {product} {ergonomic}
    uintx GCDrainStackTargetSize                   = 64                                        {product} {ergonomic}
   size_t InitialHeapSize                          = 130023424                                 {product} {ergonomic}
     bool ManagementServer                         = true                                      {product} {command line}
   size_t MarkStackSize                            = 4194304                                   {product} {ergonomic}
   size_t MaxHeapSize                              = 2080374784                                {product} {ergonomic}
   size_t MaxNewSize                               = 1247805440                                {product} {ergonomic}
   size_t MinHeapDeltaBytes                        = 1048576                                   {product} {ergonomic}
   size_t MinHeapSize                              = 8388608                                   {product} {ergonomic}
    uintx NonNMethodCodeHeapSize                   = 4096                                   {pd product} {ergonomic}
    uintx NonProfiledCodeHeapSize                  = 0                                      {pd product} {ergonomic}
     bool ProfileInterpreter                       = false                                  {pd product} {command line}
    uintx ProfiledCodeHeapSize                     = 0                                      {pd product} {ergonomic}
     bool ShowCodeDetailsInExceptionMessages       = true                                   {manageable} {command line}
   size_t SoftMaxHeapSize                          = 2080374784                             {manageable} {ergonomic}
     intx TieredStopAtLevel                        = 1                                         {product} {command line}
     bool UseCompressedOops                        = true                           {product lp64_product} {ergonomic}
     bool UseG1GC                                  = true                                      {product} {ergonomic}
     bool UseLargePagesIndividualAllocation        = false                                  {pd product} {ergonomic}

Logging:
Log output configuration:
 #0: stdout all=warning uptime,level,tags foldmultilines=false
 #1: stderr all=off uptime,level,tags foldmultilines=false

Environment Variables:
JAVA_HOME=C:\Program Files\Java\jdk-21
PATH=C:/Program Files/Java/jdk-21/bin/server;C:/Program Files/Java/jdk-21/bin;C:\Program Files (x86)\Common Files\Oracle\Java\javapath;C:\Program Files\Apache Software Foundation\apache-maven-3.9.9\bin;C:\Program Files\Common Files\Oracle\Java\javapath;C:\Windows\system32;C:\Windows;C:\Windows\System32\Wbem;C:\Windows\System32\WindowsPowerShell\v1.0\;C:\Windows\System32\OpenSSH\;C:\Program Files (x86)\Microsoft SQL Server\160\Tools\Binn\;C:\Program Files\Microsoft SQL Server\160\Tools\Binn\;C:\Program Files\Microsoft SQL Server\Client SDK\ODBC\170\Tools\Binn\;C:\Program Files\Microsoft SQL Server\160\DTS\Binn\;C:\Program Files (x86)\Microsoft SQL Server\160\DTS\Binn\;C:\Program Files\Microsoft SQL Server\150\Tools\Binn\;C:\Program Files\Git\cmd;C:\Program Files\TortoiseGit\bin;C:\Users\PHAN ANH TUAN\AppData\Local\Microsoft\WindowsApps;C:\Users\PHAN ANH TUAN\AppData\Local\Programs\Microsoft VS Code\bin;C:\Program Files\JetBrains\IntelliJ IDEA 2025.1\bin;;C:\Windows\System32;
USERNAME=PHAN ANH TUAN
OS=Windows_NT
PROCESSOR_IDENTIFIER=Intel64 Family 6 Model 140 Stepping 1, GenuineIntel
TMP=C:\Users\PHANAN~1\AppData\Local\Temp
TEMP=C:\Users\PHANAN~1\AppData\Local\Temp




Periodic native trim disabled

---------------  S Y S T E M  ---------------

OS:
 Windows 10 , 64 bit Build 19041 (10.0.19041.5794)
OS uptime: 23 days 13:14 hours

CPU: total 8 (initial active 8) (4 cores per cpu, 2 threads per core) family 6 model 140 stepping 1 microcode 0xb8, cx8, cmov, fxsr, ht, mmx, 3dnowpref, sse, sse2, sse3, ssse3, sse4.1, sse4.2, popcnt, lzcnt, tsc, tscinvbit, avx, avx2, aes, erms, clmul, bmi1, bmi2, adx, avx512f, avx512dq, avx512cd, avx512bw, avx512vl, sha, fma, vzeroupper, avx512_vpopcntdq, avx512_vpclmulqdq, avx512_vaes, avx512_vnni, clflush, clflushopt, clwb, avx512_vbmi2, avx512_vbmi, rdtscp, rdpid, fsrm, gfni, avx512_bitalg, f16c, pku, cet_ibt, cet_ss, avx512_ifma
Processor Information for all 8 processors :
  Max Mhz: 1382, Current Mhz: 1382, Mhz Limit: 1382

Memory: 4k page, system-wide physical 7934M (471M free)
TotalPageFile size 16908M (AvailPageFile size 3300M)
current process WorkingSet (physical memory assigned to process): 214M, peak: 286M
current process commit charge ("private bytes"): 325M, peak: 341M

vm_info: Java HotSpot(TM) 64-Bit Server VM (21.0.2+13-LTS-58) for windows-amd64 JRE (21.0.2+13-LTS-58), built on 2024-01-05T18:32:24Z by "mach5one" with MS VC++ 17.1 (VS2022)

END.
