#
# A fatal error has been detected by the Java Runtime Environment:
#
#  EXCEPTION_ACCESS_VIOLATION (0xc0000005) at pc=0x0000028f60b4ad84, pid=19224, tid=8324
#
# JRE version: Java(TM) SE Runtime Environment (21.0.2+13) (build 21.0.2+13-LTS-58)
# Java VM: Java HotSpot(TM) 64-Bit Server VM (21.0.2+13-LTS-58, mixed mode, sharing, tiered, compressed oops, compressed class ptrs, g1 gc, windows-amd64)
# Problematic frame:
# v  ~BufferBlob::MethodHandles adapters 0x0000028f60b4ad84
#
# No core dump will be written. Minidumps are not enabled by default on client versions of Windows
#
# If you would like to submit a bug report, please visit:
#   https://bugreport.java.com/bugreport/crash.jsp
#

---------------  S U M M A R Y ------------

Command Line: -XX:+ShowCodeDetailsInExceptionMessages -agentlib:jdwp=transport=dt_socket,suspend=y,address=localhost:56123 -javaagent:D:\EclipseIDE\eclipse\configuration\org.eclipse.osgi\446\0\.cp\lib\javaagent-shaded.jar -Dfile.encoding=UTF-8 -Dstdout.encoding=UTF-8 -Dstderr.encoding=UTF-8 com.web.ShopwebApplication

Host: 11th Gen Intel(R) Core(TM) i5-1135G7 @ 2.40GHz, 8 cores, 7G,  Windows 10 , 64 bit Build 19041 (10.0.19041.5794)
Time: Thu Jul 24 00:21:32 2025 SE Asia Standard Time elapsed time: 397.710770 seconds (0d 0h 6m 37s)

---------------  T H R E A D  ---------------

Current thread (0x0000028f74d30470):  JavaThread "http-nio-8088-exec-7" daemon [_thread_in_Java, id=8324, stack(0x000000dcdb100000,0x000000dcdb200000) (1024K)]

Stack: [0x000000dcdb100000,0x000000dcdb200000],  sp=0x000000dcdb1fb858,  free space=1006k
Native frames: (J=compiled Java code, j=interpreted, Vv=VM code, C=native code)
C  0x0000028f60b4ad84

The last pc belongs to _linkToVirtual (printed below).

siginfo: EXCEPTION_ACCESS_VIOLATION (0xc0000005), reading address 0x0000029345a745ab


Registers:
RAX=0x0000028f60b1919a, RBX=0x0000000088a69208, RCX=0x000000dcdb1fb868, RDX=0x0000000000000003
RSP=0x000000dcdb1fb858, RBP=0x000000dcdb1fb8b0, RSI=0x0000028f74155338, RDI=0x0000028f7641be40
R8 =0x0000000000000004, R9 =0x0000000000000004, R10=0x0000028f0072b5a3, R11=0x0000000088a691c8
R12=0x0000000000000000, R13=0x000000dcdb1fb858, R14=0x000000dcdb1fb8d8, R15=0x0000028f74d30470
RIP=0x0000028f60b4ad84, EFLAGS=0x0000000000010206


Register to memory mapping:

RAX=0x0000028f60b1919a is at code_begin+3354 in an Interpreter codelet
return entry points  [0x0000028f60b18480, 0x0000028f60b1a550]  8400 bytes
RBX=0x0000000088a69208 is an oop: org.springframework.web.context.request.async.StandardServletAsyncWebRequest$LifecycleHttpServletResponse 
{0x0000000088a69208} - klass: 'org/springframework/web/context/request/async/StandardServletAsyncWebRequest$LifecycleHttpServletResponse'
 - ---- fields (total size 4 words):
 - private 'response' 'Ljakarta/servlet/ServletResponse;' @12  a 'org/springframework/security/web/header/HeaderWriterFilter$HeaderWriterResponse'{0x0000000088a66d50} (0x88a66d50)
 - private 'asyncWebRequest' 'Lorg/springframework/web/context/request/async/StandardServletAsyncWebRequest;' @16  a 'org/springframework/web/context/request/async/StandardServletAsyncWebRequest'{0x0000000088a691c8} (0x88a691c8)
 - private 'outputStream' 'Ljakarta/servlet/ServletOutputStream;' @20  null (0x00000000)
 - private 'writer' 'Ljava/io/PrintWriter;' @24  null (0x00000000)
RCX=0x000000dcdb1fb868 is pointing into the stack for thread: 0x0000028f74d30470
RDX=0x0000000000000003 is an unknown value
RSP=0x000000dcdb1fb858 is pointing into the stack for thread: 0x0000028f74d30470
RBP=0x000000dcdb1fb8b0 is pointing into the stack for thread: 0x0000028f74d30470
RSI=0x0000028f74155338 points into unknown readable memory: 0x88001061095b407d | 7d 40 5b 09 61 10 00 88
RDI=0x0000028f7641be40 points into unknown readable memory: 0x0000002000000070 | 70 00 00 00 20 00 00 00
R8 =0x0000000000000004 is an unknown value
R9 =0x0000000000000004 is an unknown value
R10=0x0000028f0072b5a3 is pointing into metadata
R11=0x0000000088a691c8 is an oop: org.springframework.web.context.request.async.StandardServletAsyncWebRequest 
{0x0000000088a691c8} - klass: 'org/springframework/web/context/request/async/StandardServletAsyncWebRequest'
 - ---- fields (total size 8 words):
 - private volatile 'requestActive' 'Z' @12  true (0x01)
 - protected final 'requestDestructionCallbacks' 'Ljava/util/Map;' @16  a 'java/util/LinkedHashMap'{0x0000000088a69228} (0x88a69228)
 - private final 'request' 'Ljakarta/servlet/http/HttpServletRequest;' @20  a 'org/springframework/security/web/servletapi/HttpServlet3RequestFactory$Servlet3SecurityContextHolderAwareRequestWrapper'{0x0000000088a66f50} (0x88a66f50)
 - private 'response' 'Ljakarta/servlet/http/HttpServletResponse;' @24  a 'org/springframework/web/context/request/async/StandardServletAsyncWebRequest$LifecycleHttpServletResponse'{0x0000000088a69208} (0x88a69208)
 - private volatile 'session' 'Ljakarta/servlet/http/HttpSession;' @28  null (0x00000000)
 - private final 'sessionAttributesToUpdate' 'Ljava/util/Map;' @32  a 'java/util/concurrent/ConcurrentHashMap'{0x0000000088a69268} (0x88a69268)
 - private 'notModified' 'Z' @13  false (0x00)
 - private final 'timeoutHandlers' 'Ljava/util/List;' @36  a 'java/util/ArrayList'{0x0000000088a692a8} (0x88a692a8)
 - private final 'exceptionHandlers' 'Ljava/util/List;' @40  a 'java/util/ArrayList'{0x0000000088a692c0} (0x88a692c0)
 - private final 'completionHandlers' 'Ljava/util/List;' @44  a 'java/util/ArrayList'{0x0000000088a692d8} (0x88a692d8)
 - private 'timeout' 'Ljava/lang/Long;' @48  null (0x00000000)
 - private 'asyncContext' 'Ljakarta/servlet/AsyncContext;' @52  null (0x00000000)
 - private 'state' 'Lorg/springframework/web/context/request/async/StandardServletAsyncWebRequest$State;' @56  a 'org/springframework/web/context/request/async/StandardServletAsyncWebRequest$State'{0x0000000085fcbd98} (0x85fcbd98)
 - private final 'stateLock' 'Ljava/util/concurrent/locks/ReentrantLock;' @60  a 'java/util/concurrent/locks/ReentrantLock'{0x0000000088a692f0} (0x88a692f0)
R12=0x0 is null
R13=0x000000dcdb1fb858 is pointing into the stack for thread: 0x0000028f74d30470
R14=0x000000dcdb1fb8d8 is pointing into the stack for thread: 0x0000028f74d30470
R15=0x0000028f74d30470 is a thread

Top of Stack: (sp=0x000000dcdb1fb858)
0x000000dcdb1fb858:   0000028f60b1919a 0000000085bd2230
0x000000dcdb1fb868:   000000dcdb1fb868 0000028f0072b5a3
0x000000dcdb1fb878:   0000000000000005 0000028f000b2128
0x000000dcdb1fb888:   0000028f6fdc59b8 000000008455afc0
0x000000dcdb1fb898:   0000028f000b4c20 000000dcdb1fb858
0x000000dcdb1fb8a8:   000000dcdb1fb8e0 0000000088a69208
0x000000dcdb1fb8b8:   0000028f5a3674ef 0000000086834b10
0x000000dcdb1fb8c8:   0000000088a69208 0000000085bd2230
0x000000dcdb1fb8d8:   0000000086834aa8 0000028f6ea3c570
0x000000dcdb1fb8e8:   0000028f6111b6a9 000000dcdb1fb910
0x000000dcdb1fb8f8:   0000028f000440c8 0000000086834a78
0x000000dcdb1fb908:   0000000085bd2230 0000000086834bc0
0x000000dcdb1fb918:   0000000088a69208 0000000088a69208
0x000000dcdb1fb928:   0000000086834b98 0000000086834aa8
0x000000dcdb1fb938:   0000000085bd2230 0000028f5a3673e4
0x000000dcdb1fb948:   0000000000000000 0000000088a69208
0x000000dcdb1fb958:   0000028f616a2824 0000000000000000
0x000000dcdb1fb968:   000000dcdb1fb988 000000dcdb1fb9f8
0x000000dcdb1fb978:   0000028f60b1a3bf 0000000086834a78
0x000000dcdb1fb988:   0000000085bd2230 0000000088a69760
0x000000dcdb1fb998:   0000000085d78c70 0000000086834a58
0x000000dcdb1fb9a8:   0000000086834a78 000000dcdb1fb9b0
0x000000dcdb1fb9b8:   0000000085bd2230 0000000000000007
0x000000dcdb1fb9c8:   0000028f71e7b7a8 0000000085bd2230
0x000000dcdb1fb9d8:   0000000085db42c8 0000000085bd2230
0x000000dcdb1fb9e8:   0000000088a69760 0000000085b2d050
0x000000dcdb1fb9f8:   0000000088a69760 0000000000000002
0x000000dcdb1fba08:   0000028f71c2b520 0000000000000000
0x000000dcdb1fba18:   0000000085ab2440 0000028f71c25520
0x000000dcdb1fba28:   0000028f616a0c04 000000dcdb1fbaa0
0x000000dcdb1fba38:   0000028f60b1969f 0000000088a69760
0x000000dcdb1fba48:   0000000085bd2230 0000000085b2d050 

Instructions: (pc=0x0000028f60b4ad84)
0x0000028f60b4ac84:   00 00 00 00 01 00 00 00 00 00 00 00 60 4f 17 9f
0x0000028f60b4ac94:   f8 7f 00 00 00 ad b4 60 8f 02 00 00 80 bd b4 60
0x0000028f60b4aca4:   8f 02 00 00 00 ad b4 60 8f 02 00 00 80 bd b4 60
0x0000028f60b4acb4:   8f 02 00 00 f0 ac b4 60 8f 02 00 00 f0 ac b4 60
0x0000028f60b4acc4:   8f 02 00 00 00 00 00 00 00 00 00 00 f8 4f 17 9f
0x0000028f60b4acd4:   f8 7f 00 00 f0 10 00 00 60 00 00 00 ff ff ff ff
0x0000028f60b4ace4:   f0 10 00 00 00 00 00 00 00 00 00 00 00 00 00 00
0x0000028f60b4acf4:   00 00 00 00 00 00 00 00 00 00 00 00 f4 66 66 66
0x0000028f60b4ad04:   0f 1f 84 00 00 00 00 00 66 66 66 90 66 66 66 0f
0x0000028f60b4ad14:   1f 84 00 00 00 00 00 66 66 66 90 90 48 8b 53 08
0x0000028f60b4ad24:   0f b7 52 2e 48 8b 0c d4 8b 59 14 8b 5b 28 8b 5b
0x0000028f60b4ad34:   24 48 8b 5b 10 48 85 db 0f 84 10 00 00 00 41 80
0x0000028f60b4ad44:   bf e0 05 00 00 00 74 03 ff 63 38 ff 63 50 e9 a9
0x0000028f60b4ad54:   16 00 00 66 0f 1f 84 00 00 00 00 00 48 8b 53 08
0x0000028f60b4ad64:   0f b7 52 2e 48 8b 0c d4 58 5b 50 44 8b 51 08 49
0x0000028f60b4ad74:   bb 00 00 00 00 8f 02 00 00 4d 03 d3 4c 8b 5b 10
0x0000028f60b4ad84:   4b 8b 9c da c8 01 00 00 48 85 db 0f 84 10 00 00
0x0000028f60b4ad94:   00 41 80 bf e0 05 00 00 00 74 03 ff 63 38 ff 63
0x0000028f60b4ada4:   50 e9 56 16 00 00 66 66 66 0f 1f 84 00 00 00 00
0x0000028f60b4adb4:   00 66 66 66 90 0f 1f 80 00 00 00 00 58 5b 50 8b
0x0000028f60b4adc4:   5b 24 48 8b 5b 10 48 85 db 0f 84 10 00 00 00 41
0x0000028f60b4add4:   80 bf e0 05 00 00 00 74 03 ff 63 38 ff 63 50 e9
0x0000028f60b4ade4:   18 16 00 00 66 66 66 0f 1f 84 00 00 00 00 00 66
0x0000028f60b4adf4:   66 66 90 66 0f 1f 84 00 00 00 00 00 48 8b 53 08
0x0000028f60b4ae04:   0f b7 52 2e 48 8b 0c d4 58 5b 50 48 3b 01 8b 5b
0x0000028f60b4ae14:   24 48 8b 5b 10 48 85 db 0f 84 10 00 00 00 41 80
0x0000028f60b4ae24:   bf e0 05 00 00 00 74 03 ff 63 38 ff 63 50 e9 c9
0x0000028f60b4ae34:   15 00 00 66 0f 1f 84 00 00 00 00 00 48 8b 53 08
0x0000028f60b4ae44:   0f b7 52 2e 48 8b 0c d4 58 5b 50 44 8b 51 08 49
0x0000028f60b4ae54:   bb 00 00 00 00 8f 02 00 00 4d 03 d3 8b 43 18 48
0x0000028f60b4ae64:   8b 40 10 48 8b 5b 10 45 8b 9a a0 00 00 00 4f 8d
0x0000028f60b4ae74:   9c da c8 01 00 00 4d 8d 14 da 49 8b 1b 48 3b c3 


Stack slot to memory mapping:

stack at sp + 0 slots: 0x0000028f60b1919a is at code_begin+3354 in an Interpreter codelet
return entry points  [0x0000028f60b18480, 0x0000028f60b1a550]  8400 bytes
stack at sp + 1 slots: 0x0000000085bd2230 is an oop: com.web.api.web.OrderProductAPI 
{0x0000000085bd2230} - klass: 'com/web/api/web/OrderProductAPI'
 - ---- fields (total size 2 words):
stack at sp + 2 slots: 0x000000dcdb1fb868 is pointing into the stack for thread: 0x0000028f74d30470
stack at sp + 3 slots: 0x0000028f0072b5a3 is pointing into metadata
stack at sp + 4 slots: 0x0000000000000005 is an unknown value
stack at sp + 5 slots: 0x0000028f000b2128 is pointing into metadata
stack at sp + 6 slots: 0x0000028f6fdc59b8 is pointing into metadata
stack at sp + 7 slots: 0x000000008455afc0 is an oop: java.lang.Class 
{0x000000008455afc0} - klass: 'java/lang/Class'
 - ---- fields (total size 14 words):
 - private volatile transient 'classRedefinedCount' 'I' @12  0 (0x00000000)
 - injected 'klass' 'J' @16  2813204307192 (0x0000028f000b1cf8)
 - injected 'array_klass' 'J' @24  0 (0x0000000000000000)
 - injected 'oop_size' 'I' @32  14 (0x0000000e)
 - injected 'static_oop_field_count' 'I' @36  0 (0x00000000)
 - private volatile transient 'cachedConstructor' 'Ljava/lang/reflect/Constructor;' @40  null (0x00000000)
 - private transient 'name' 'Ljava/lang/String;' @44  null (0x00000000)
 - private transient 'module' 'Ljava/lang/Module;' @48  a 'java/lang/Module'{0x000000008454fca8} (0x8454fca8)
 - private final 'classLoader' 'Ljava/lang/ClassLoader;' @52  null (0x00000000)
 - private transient 'classData' 'Ljava/lang/Object;' @56  null (0x00000000)
 - private transient 'packageName' 'Ljava/lang/String;' @60  null (0x00000000)
 - private final 'componentType' 'Ljava/lang/Class;' @64  null (0x00000000)
 - private volatile transient 'reflectionData' 'Ljava/lang/ref/SoftReference;' @68  null (0x00000000)
 - private volatile transient 'genericInfo' 'Lsun/reflect/generics/repository/ClassRepository;' @72  null (0x00000000)
 - private volatile transient 'enumConstants' '[Ljava/lang/Object;' @76  null (0x00000000)
 - private volatile transient 'enumConstantDirectory' 'Ljava/util/Map;' @80  null (0x00000000)
 - private volatile transient 'annotationData' 'Ljava/lang/Class$AnnotationData;' @84  null (0x00000000)
 - private volatile transient 'annotationType' 'Lsun/reflect/annotation/AnnotationType;' @88  null (0x00000000)
 - transient 'classValueMap' 'Ljava/lang/ClassValue$ClassValueMap;' @92  null (0x00000000)
 - injected 'protection_domain' 'Ljava/lang/Object;' @96  null (0x00000000)
 - injected 'signers_name' 'Ljava/lang/Object;' @100  null (0x00000000)
 - injected 'source_file' 'Ljava/lang/Object;' @104  null (0x00000000)
 - signature: Ljava/lang/invoke/DirectMethodHandle$Holder;
 - ---- static fields (0):

MethodHandle::interpreter_entry::_linkToVirtual [0x0000028f60b4ad57, 0x0000028f60b4adaa] (83 bytes)
[MachCode]
  0x0000028f60b4ad57: 660f 1f84 | 0000 0000 | 0048 8b53 | 080f b752 | 2e48 8b0c | d458 5b50 | 448b 5108 | 49bb 0000 
  0x0000028f60b4ad77: 0000 8f02 | 0000 4d03 | d34c 8b5b | 104b 8b9c | dac8 0100 | 0048 85db | 0f84 1000 | 0000 4180 
  0x0000028f60b4ad97: bfe0 0500 | 0000 7403 | ff63 38ff | 6350 e956 | 
[/MachCode]

---------------  P R O C E S S  ---------------

Threads class SMR info:
_java_thread_list=0x0000028f7b6540d0, length=33, elements={
0x0000028f6d9eb1f0, 0x0000028f6d9ebf10, 0x0000028f6d9edae0, 0x0000028f6d9ee7c0,
0x0000028f6d9ef220, 0x0000028f6d9f0290, 0x0000028f6da061b0, 0x0000028f6da28c70,
0x0000028f6dc4b610, 0x0000028f6dccf750, 0x0000028f6de27680, 0x0000028f6de28520,
0x0000028f72657e10, 0x0000028f75da8ae0, 0x0000028f78ba7510, 0x0000028f73249410,
0x0000028f75dfacf0, 0x0000028f79051ff0, 0x0000028f75f13190, 0x0000028f75f13eb0,
0x0000028f74d2f0c0, 0x0000028f74d2cff0, 0x0000028f74d2dd10, 0x0000028f74d2ea30,
0x0000028f74d2af20, 0x0000028f74d2e3a0, 0x0000028f74d30470, 0x0000028f74d31190,
0x0000028f74d2fde0, 0x0000028f74d2a200, 0x0000028f74d2f750, 0x0000028f74d30b00,
0x0000028f74d31820
}

Java Threads: ( => current thread )
  0x0000028f6d9eb1f0 JavaThread "Reference Handler"          daemon [_thread_blocked, id=10260, stack(0x000000dcd8b00000,0x000000dcd8c00000) (1024K)]
  0x0000028f6d9ebf10 JavaThread "Finalizer"                  daemon [_thread_blocked, id=23192, stack(0x000000dcd8c00000,0x000000dcd8d00000) (1024K)]
  0x0000028f6d9edae0 JavaThread "Signal Dispatcher"          daemon [_thread_blocked, id=12548, stack(0x000000dcd8d00000,0x000000dcd8e00000) (1024K)]
  0x0000028f6d9ee7c0 JavaThread "Attach Listener"            daemon [_thread_blocked, id=22344, stack(0x000000dcd8e00000,0x000000dcd8f00000) (1024K)]
  0x0000028f6d9ef220 JavaThread "Service Thread"             daemon [_thread_blocked, id=3100, stack(0x000000dcd8f00000,0x000000dcd9000000) (1024K)]
  0x0000028f6d9f0290 JavaThread "Monitor Deflation Thread"   daemon [_thread_blocked, id=16936, stack(0x000000dcd9000000,0x000000dcd9100000) (1024K)]
  0x0000028f6da061b0 JavaThread "C2 CompilerThread0"         daemon [_thread_blocked, id=23832, stack(0x000000dcd9100000,0x000000dcd9200000) (1024K)]
  0x0000028f6da28c70 JavaThread "C1 CompilerThread0"         daemon [_thread_blocked, id=452, stack(0x000000dcd9200000,0x000000dcd9300000) (1024K)]
  0x0000028f6dc4b610 JavaThread "Common-Cleaner"             daemon [_thread_blocked, id=21536, stack(0x000000dcd9300000,0x000000dcd9400000) (1024K)]
  0x0000028f6dccf750 JavaThread "JDWP Transport Listener: dt_socket" daemon [_thread_blocked, id=20308, stack(0x000000dcd9400000,0x000000dcd9500000) (1024K)]
  0x0000028f6de27680 JavaThread "JDWP Event Helper Thread"   daemon [_thread_blocked, id=18380, stack(0x000000dcd9500000,0x000000dcd9600000) (1024K)]
  0x0000028f6de28520 JavaThread "JDWP Command Reader"        daemon [_thread_in_native, id=4108, stack(0x000000dcd9600000,0x000000dcd9700000) (1024K)]
  0x0000028f72657e10 JavaThread "Notification Thread"        daemon [_thread_blocked, id=16080, stack(0x000000dcd9800000,0x000000dcd9900000) (1024K)]
  0x0000028f75da8ae0 JavaThread "Catalina-utility-1"                [_thread_blocked, id=968, stack(0x000000dcda400000,0x000000dcda500000) (1024K)]
  0x0000028f78ba7510 JavaThread "Catalina-utility-2"                [_thread_blocked, id=17052, stack(0x000000dcda500000,0x000000dcda600000) (1024K)]
  0x0000028f73249410 JavaThread "container-0"                       [_thread_blocked, id=16844, stack(0x000000dcda600000,0x000000dcda700000) (1024K)]
  0x0000028f75dfacf0 JavaThread "mysql-cj-abandoned-connection-cleanup" daemon [_thread_blocked, id=8240, stack(0x000000dcda700000,0x000000dcda800000) (1024K)]
  0x0000028f79051ff0 JavaThread "HikariPool-1:housekeeper"   daemon [_thread_blocked, id=10900, stack(0x000000dcda900000,0x000000dcdaa00000) (1024K)]
  0x0000028f75f13190 JavaThread "File Watcher"               daemon [_thread_blocked, id=21820, stack(0x000000dcda200000,0x000000dcda300000) (1024K)]
  0x0000028f75f13eb0 JavaThread "Live Reload Server"         daemon [_thread_in_native, id=12576, stack(0x000000dcdaa00000,0x000000dcdab00000) (1024K)]
  0x0000028f74d2f0c0 JavaThread "http-nio-8088-exec-1"       daemon [_thread_blocked, id=23548, stack(0x000000dcdab00000,0x000000dcdac00000) (1024K)]
  0x0000028f74d2cff0 JavaThread "http-nio-8088-exec-2"       daemon [_thread_blocked, id=6744, stack(0x000000dcdac00000,0x000000dcdad00000) (1024K)]
  0x0000028f74d2dd10 JavaThread "http-nio-8088-exec-3"       daemon [_thread_blocked, id=13780, stack(0x000000dcdad00000,0x000000dcdae00000) (1024K)]
  0x0000028f74d2ea30 JavaThread "http-nio-8088-exec-4"       daemon [_thread_blocked, id=7600, stack(0x000000dcdae00000,0x000000dcdaf00000) (1024K)]
  0x0000028f74d2af20 JavaThread "http-nio-8088-exec-5"       daemon [_thread_blocked, id=4780, stack(0x000000dcdaf00000,0x000000dcdb000000) (1024K)]
  0x0000028f74d2e3a0 JavaThread "http-nio-8088-exec-6"       daemon [_thread_blocked, id=19240, stack(0x000000dcdb000000,0x000000dcdb100000) (1024K)]
=>0x0000028f74d30470 JavaThread "http-nio-8088-exec-7"       daemon [_thread_in_Java, id=8324, stack(0x000000dcdb100000,0x000000dcdb200000) (1024K)]
  0x0000028f74d31190 JavaThread "http-nio-8088-exec-8"       daemon [_thread_blocked, id=11056, stack(0x000000dcdb200000,0x000000dcdb300000) (1024K)]
  0x0000028f74d2fde0 JavaThread "http-nio-8088-exec-9"       daemon [_thread_blocked, id=8512, stack(0x000000dcdb300000,0x000000dcdb400000) (1024K)]
  0x0000028f74d2a200 JavaThread "http-nio-8088-exec-10"      daemon [_thread_blocked, id=22288, stack(0x000000dcdb400000,0x000000dcdb500000) (1024K)]
  0x0000028f74d2f750 JavaThread "http-nio-8088-Poller"       daemon [_thread_in_native, id=12324, stack(0x000000dcdb500000,0x000000dcdb600000) (1024K)]
  0x0000028f74d30b00 JavaThread "http-nio-8088-Acceptor"     daemon [_thread_in_native, id=11584, stack(0x000000dcdb600000,0x000000dcdb700000) (1024K)]
  0x0000028f74d31820 JavaThread "DestroyJavaVM"                     [_thread_blocked, id=21148, stack(0x000000dcd8300000,0x000000dcd8400000) (1024K)]
Total: 33

Other Threads:
  0x0000028f6d9cc380 VMThread "VM Thread"                           [id=21100, stack(0x000000dcd8a00000,0x000000dcd8b00000) (1024K)]
  0x0000028f6d9b5e50 WatcherThread "VM Periodic Task Thread"        [id=15256, stack(0x000000dcd8900000,0x000000dcd8a00000) (1024K)]
  0x0000028f511cfb90 WorkerThread "GC Thread#0"                     [id=19600, stack(0x000000dcd8400000,0x000000dcd8500000) (1024K)]
  0x0000028f7294a890 WorkerThread "GC Thread#1"                     [id=21120, stack(0x000000dcd9900000,0x000000dcd9a00000) (1024K)]
  0x0000028f72908bd0 WorkerThread "GC Thread#2"                     [id=10972, stack(0x000000dcd9a00000,0x000000dcd9b00000) (1024K)]
  0x0000028f72908f70 WorkerThread "GC Thread#3"                     [id=15808, stack(0x000000dcd9b00000,0x000000dcd9c00000) (1024K)]
  0x0000028f72909310 WorkerThread "GC Thread#4"                     [id=21852, stack(0x000000dcd9c00000,0x000000dcd9d00000) (1024K)]
  0x0000028f729096b0 WorkerThread "GC Thread#5"                     [id=22312, stack(0x000000dcd9d00000,0x000000dcd9e00000) (1024K)]
  0x0000028f72909a50 WorkerThread "GC Thread#6"                     [id=6884, stack(0x000000dcd9e00000,0x000000dcd9f00000) (1024K)]
  0x0000028f72909df0 WorkerThread "GC Thread#7"                     [id=18256, stack(0x000000dcd9f00000,0x000000dcda000000) (1024K)]
  0x0000028f511e22f0 ConcurrentGCThread "G1 Main Marker"            [id=15528, stack(0x000000dcd8500000,0x000000dcd8600000) (1024K)]
  0x0000028f511e2c00 WorkerThread "G1 Conc#0"                       [id=14004, stack(0x000000dcd8600000,0x000000dcd8700000) (1024K)]
  0x0000028f730ac7c0 WorkerThread "G1 Conc#1"                       [id=18372, stack(0x000000dcda300000,0x000000dcda400000) (1024K)]
  0x0000028f6d8864f0 ConcurrentGCThread "G1 Refine#0"               [id=10128, stack(0x000000dcd8700000,0x000000dcd8800000) (1024K)]
  0x0000028f5123e4e0 ConcurrentGCThread "G1 Service"                [id=22148, stack(0x000000dcd8800000,0x000000dcd8900000) (1024K)]
Total: 15

Threads with active compile tasks:
Total: 0

VM state: not at safepoint (normal execution)

VM Mutex/Monitor currently owned by a thread: None

Heap address: 0x0000000084000000, size: 1984 MB, Compressed Oops mode: 32-bit

CDS archive(s) mapped at: [0x0000028f00000000-0x0000028f00c90000-0x0000028f00c90000), size 13172736, SharedBaseAddress: 0x0000028f00000000, ArchiveRelocationMode: 1.
Compressed class space mapped at: 0x0000028f01000000-0x0000028f41000000, reserved size: 1073741824
Narrow klass base: 0x0000028f00000000, Narrow klass shift: 0, Narrow klass range: 0x100000000

GC Precious Log:
 CardTable entry size: 512
 Card Set container configuration: InlinePtr #cards 5 size 8 Array Of Cards #cards 12 size 40 Howl #buckets 4 coarsen threshold 1843 Howl Bitmap #cards 512 size 80 coarsen threshold 460 Card regions per heap region 1 cards per card region 2048
 CPUs: 8 total, 8 available
 Memory: 7934M
 Large Page Support: Disabled
 NUMA Support: Disabled
 Compressed Oops: Enabled (32-bit)
 Heap Region Size: 1M
 Heap Min Capacity: 8M
 Heap Initial Capacity: 124M
 Heap Max Capacity: 1984M
 Pre-touch: Disabled
 Parallel Workers: 8
 Concurrent Workers: 2
 Concurrent Refinement Workers: 8
 Periodic GC: Disabled

Heap:
 garbage-first heap   total 81920K, used 53737K [0x0000000084000000, 0x0000000100000000)
  region size 1024K, 17 young (17408K), 2 survivors (2048K)
 Metaspace       used 81850K, committed 82624K, reserved 1179648K
  class space    used 10716K, committed 11072K, reserved 1048576K

Heap Regions: E=young(eden), S=young(survivor), O=old, HS=humongous(starts), HC=humongous(continues), CS=collection set, F=free, TAMS=top-at-mark-start, PB=parsable bottom
|   0|0x0000000084000000, 0x0000000084100000, 0x0000000084100000|100%|HS|  |TAMS 0x0000000084000000| PB 0x0000000084000000| Complete 
|   1|0x0000000084100000, 0x0000000084200000, 0x0000000084200000|100%|HS|  |TAMS 0x0000000084100000| PB 0x0000000084100000| Complete 
|   2|0x0000000084200000, 0x0000000084300000, 0x0000000084300000|100%| O|  |TAMS 0x0000000084200000| PB 0x0000000084200000| Untracked 
|   3|0x0000000084300000, 0x0000000084400000, 0x0000000084400000|100%| O|  |TAMS 0x0000000084300000| PB 0x0000000084300000| Untracked 
|   4|0x0000000084400000, 0x0000000084500000, 0x0000000084500000|100%| O|  |TAMS 0x0000000084400000| PB 0x0000000084400000| Untracked 
|   5|0x0000000084500000, 0x0000000084600000, 0x0000000084600000|100%| O|  |TAMS 0x0000000084500000| PB 0x0000000084500000| Untracked 
|   6|0x0000000084600000, 0x0000000084700000, 0x0000000084700000|100%| O|  |TAMS 0x0000000084600000| PB 0x0000000084600000| Untracked 
|   7|0x0000000084700000, 0x0000000084800000, 0x0000000084800000|100%| O|  |TAMS 0x0000000084700000| PB 0x0000000084700000| Untracked 
|   8|0x0000000084800000, 0x0000000084900000, 0x0000000084900000|100%| O|  |TAMS 0x0000000084800000| PB 0x0000000084800000| Untracked 
|   9|0x0000000084900000, 0x0000000084a00000, 0x0000000084a00000|100%| O|  |TAMS 0x0000000084900000| PB 0x0000000084900000| Untracked 
|  10|0x0000000084a00000, 0x0000000084b00000, 0x0000000084b00000|100%| O|  |TAMS 0x0000000084a00000| PB 0x0000000084a00000| Untracked 
|  11|0x0000000084b00000, 0x0000000084c00000, 0x0000000084c00000|100%| O|  |TAMS 0x0000000084b00000| PB 0x0000000084b00000| Untracked 
|  12|0x0000000084c00000, 0x0000000084d00000, 0x0000000084d00000|100%| O|  |TAMS 0x0000000084c00000| PB 0x0000000084c00000| Untracked 
|  13|0x0000000084d00000, 0x0000000084e00000, 0x0000000084e00000|100%| O|  |TAMS 0x0000000084d00000| PB 0x0000000084d00000| Untracked 
|  14|0x0000000084e00000, 0x0000000084f00000, 0x0000000084f00000|100%| O|  |TAMS 0x0000000084e00000| PB 0x0000000084e00000| Untracked 
|  15|0x0000000084f00000, 0x0000000085000000, 0x0000000085000000|100%| O|  |TAMS 0x0000000084f00000| PB 0x0000000084f00000| Untracked 
|  16|0x0000000085000000, 0x0000000085100000, 0x0000000085100000|100%| O|  |TAMS 0x0000000085000000| PB 0x0000000085000000| Untracked 
|  17|0x0000000085100000, 0x0000000085200000, 0x0000000085200000|100%| O|  |TAMS 0x0000000085100000| PB 0x0000000085100000| Untracked 
|  18|0x0000000085200000, 0x0000000085300000, 0x0000000085300000|100%| O|  |TAMS 0x0000000085200000| PB 0x0000000085200000| Untracked 
|  19|0x0000000085300000, 0x0000000085400000, 0x0000000085400000|100%| O|  |TAMS 0x0000000085300000| PB 0x0000000085300000| Untracked 
|  20|0x0000000085400000, 0x0000000085500000, 0x0000000085500000|100%| O|  |TAMS 0x0000000085400000| PB 0x0000000085400000| Untracked 
|  21|0x0000000085500000, 0x0000000085600000, 0x0000000085600000|100%| O|  |TAMS 0x0000000085500000| PB 0x0000000085500000| Untracked 
|  22|0x0000000085600000, 0x0000000085700000, 0x0000000085700000|100%| O|  |TAMS 0x0000000085600000| PB 0x0000000085600000| Untracked 
|  23|0x0000000085700000, 0x0000000085800000, 0x0000000085800000|100%| O|  |TAMS 0x0000000085700000| PB 0x0000000085700000| Untracked 
|  24|0x0000000085800000, 0x0000000085900000, 0x0000000085900000|100%| O|  |TAMS 0x0000000085800000| PB 0x0000000085800000| Untracked 
|  25|0x0000000085900000, 0x0000000085a00000, 0x0000000085a00000|100%| O|  |TAMS 0x0000000085900000| PB 0x0000000085900000| Untracked 
|  26|0x0000000085a00000, 0x0000000085b00000, 0x0000000085b00000|100%| O|Cm|TAMS 0x0000000085a00000| PB 0x0000000085a00000| Complete 
|  27|0x0000000085b00000, 0x0000000085c00000, 0x0000000085c00000|100%| O|  |TAMS 0x0000000085b00000| PB 0x0000000085b00000| Untracked 
|  28|0x0000000085c00000, 0x0000000085d00000, 0x0000000085d00000|100%| O|Cm|TAMS 0x0000000085c00000| PB 0x0000000085c00000| Complete 
|  29|0x0000000085d00000, 0x0000000085e00000, 0x0000000085e00000|100%| O|  |TAMS 0x0000000085d00000| PB 0x0000000085d00000| Untracked 
|  30|0x0000000085e00000, 0x0000000085f00000, 0x0000000085f00000|100%| O|  |TAMS 0x0000000085e00000| PB 0x0000000085e00000| Untracked 
|  31|0x0000000085f00000, 0x0000000086000000, 0x0000000086000000|100%| O|  |TAMS 0x0000000085f00000| PB 0x0000000085f00000| Untracked 
|  32|0x0000000086000000, 0x00000000860d4b98, 0x0000000086100000| 83%| O|  |TAMS 0x0000000086000000| PB 0x0000000086000000| Untracked 
|  33|0x0000000086100000, 0x0000000086100000, 0x0000000086200000|  0%| F|  |TAMS 0x0000000086100000| PB 0x0000000086100000| Untracked 
|  34|0x0000000086200000, 0x0000000086200000, 0x0000000086300000|  0%| F|  |TAMS 0x0000000086200000| PB 0x0000000086200000| Untracked 
|  35|0x0000000086300000, 0x0000000086300000, 0x0000000086400000|  0%| F|  |TAMS 0x0000000086300000| PB 0x0000000086300000| Untracked 
|  36|0x0000000086400000, 0x0000000086400000, 0x0000000086500000|  0%| F|  |TAMS 0x0000000086400000| PB 0x0000000086400000| Untracked 
|  37|0x0000000086500000, 0x00000000865a5c08, 0x0000000086600000| 64%| S|CS|TAMS 0x0000000086500000| PB 0x0000000086500000| Complete 
|  38|0x0000000086600000, 0x0000000086600000, 0x0000000086700000|  0%| F|  |TAMS 0x0000000086600000| PB 0x0000000086600000| Untracked 
|  39|0x0000000086700000, 0x0000000086700000, 0x0000000086800000|  0%| F|  |TAMS 0x0000000086700000| PB 0x0000000086700000| Untracked 
|  40|0x0000000086800000, 0x0000000086900000, 0x0000000086900000|100%| S|CS|TAMS 0x0000000086800000| PB 0x0000000086800000| Complete 
|  41|0x0000000086900000, 0x0000000086900000, 0x0000000086a00000|  0%| F|  |TAMS 0x0000000086900000| PB 0x0000000086900000| Untracked 
|  42|0x0000000086a00000, 0x0000000086a00000, 0x0000000086b00000|  0%| F|  |TAMS 0x0000000086a00000| PB 0x0000000086a00000| Untracked 
|  43|0x0000000086b00000, 0x0000000086b00000, 0x0000000086c00000|  0%| F|  |TAMS 0x0000000086b00000| PB 0x0000000086b00000| Untracked 
|  44|0x0000000086c00000, 0x0000000086c00000, 0x0000000086d00000|  0%| F|  |TAMS 0x0000000086c00000| PB 0x0000000086c00000| Untracked 
|  45|0x0000000086d00000, 0x0000000086d00000, 0x0000000086e00000|  0%| F|  |TAMS 0x0000000086d00000| PB 0x0000000086d00000| Untracked 
|  46|0x0000000086e00000, 0x0000000086e00000, 0x0000000086f00000|  0%| F|  |TAMS 0x0000000086e00000| PB 0x0000000086e00000| Untracked 
|  47|0x0000000086f00000, 0x0000000086f00000, 0x0000000087000000|  0%| F|  |TAMS 0x0000000086f00000| PB 0x0000000086f00000| Untracked 
|  48|0x0000000087000000, 0x0000000087000000, 0x0000000087100000|  0%| F|  |TAMS 0x0000000087000000| PB 0x0000000087000000| Untracked 
|  49|0x0000000087100000, 0x0000000087100000, 0x0000000087200000|  0%| F|  |TAMS 0x0000000087100000| PB 0x0000000087100000| Untracked 
|  50|0x0000000087200000, 0x0000000087200000, 0x0000000087300000|  0%| F|  |TAMS 0x0000000087200000| PB 0x0000000087200000| Untracked 
|  51|0x0000000087300000, 0x0000000087300000, 0x0000000087400000|  0%| F|  |TAMS 0x0000000087300000| PB 0x0000000087300000| Untracked 
|  52|0x0000000087400000, 0x0000000087400000, 0x0000000087500000|  0%| F|  |TAMS 0x0000000087400000| PB 0x0000000087400000| Untracked 
|  53|0x0000000087500000, 0x0000000087500000, 0x0000000087600000|  0%| F|  |TAMS 0x0000000087500000| PB 0x0000000087500000| Untracked 
|  54|0x0000000087600000, 0x0000000087600000, 0x0000000087700000|  0%| F|  |TAMS 0x0000000087600000| PB 0x0000000087600000| Untracked 
|  55|0x0000000087700000, 0x0000000087700000, 0x0000000087800000|  0%| F|  |TAMS 0x0000000087700000| PB 0x0000000087700000| Untracked 
|  56|0x0000000087800000, 0x0000000087800000, 0x0000000087900000|  0%| F|  |TAMS 0x0000000087800000| PB 0x0000000087800000| Untracked 
|  57|0x0000000087900000, 0x0000000087900000, 0x0000000087a00000|  0%| F|  |TAMS 0x0000000087900000| PB 0x0000000087900000| Untracked 
|  58|0x0000000087a00000, 0x0000000087a00000, 0x0000000087b00000|  0%| F|  |TAMS 0x0000000087a00000| PB 0x0000000087a00000| Untracked 
|  59|0x0000000087b00000, 0x0000000087b00000, 0x0000000087c00000|  0%| F|  |TAMS 0x0000000087b00000| PB 0x0000000087b00000| Untracked 
|  60|0x0000000087c00000, 0x0000000087c00000, 0x0000000087d00000|  0%| F|  |TAMS 0x0000000087c00000| PB 0x0000000087c00000| Untracked 
|  61|0x0000000087d00000, 0x0000000087d8c230, 0x0000000087e00000| 54%| E|  |TAMS 0x0000000087d00000| PB 0x0000000087d00000| Complete 
|  62|0x0000000087e00000, 0x0000000087f00000, 0x0000000087f00000|100%| E|CS|TAMS 0x0000000087e00000| PB 0x0000000087e00000| Complete 
|  63|0x0000000087f00000, 0x0000000088000000, 0x0000000088000000|100%| E|CS|TAMS 0x0000000087f00000| PB 0x0000000087f00000| Complete 
|  64|0x0000000088000000, 0x0000000088100000, 0x0000000088100000|100%| E|CS|TAMS 0x0000000088000000| PB 0x0000000088000000| Complete 
|  65|0x0000000088100000, 0x0000000088200000, 0x0000000088200000|100%| E|CS|TAMS 0x0000000088100000| PB 0x0000000088100000| Complete 
|  66|0x0000000088200000, 0x0000000088300000, 0x0000000088300000|100%| E|CS|TAMS 0x0000000088200000| PB 0x0000000088200000| Complete 
|  67|0x0000000088300000, 0x0000000088400000, 0x0000000088400000|100%| E|CS|TAMS 0x0000000088300000| PB 0x0000000088300000| Complete 
|  68|0x0000000088400000, 0x0000000088500000, 0x0000000088500000|100%| E|CS|TAMS 0x0000000088400000| PB 0x0000000088400000| Complete 
|  69|0x0000000088500000, 0x0000000088600000, 0x0000000088600000|100%| E|CS|TAMS 0x0000000088500000| PB 0x0000000088500000| Complete 
|  70|0x0000000088600000, 0x0000000088700000, 0x0000000088700000|100%| E|CS|TAMS 0x0000000088600000| PB 0x0000000088600000| Complete 
|  71|0x0000000088700000, 0x0000000088800000, 0x0000000088800000|100%| E|CS|TAMS 0x0000000088700000| PB 0x0000000088700000| Complete 
|  72|0x0000000088800000, 0x0000000088900000, 0x0000000088900000|100%| E|CS|TAMS 0x0000000088800000| PB 0x0000000088800000| Complete 
|  73|0x0000000088900000, 0x0000000088a00000, 0x0000000088a00000|100%| E|CS|TAMS 0x0000000088900000| PB 0x0000000088900000| Complete 
|  74|0x0000000088a00000, 0x0000000088b00000, 0x0000000088b00000|100%| E|CS|TAMS 0x0000000088a00000| PB 0x0000000088a00000| Complete 
| 123|0x000000008bb00000, 0x000000008bc00000, 0x000000008bc00000|100%| E|CS|TAMS 0x000000008bb00000| PB 0x000000008bb00000| Complete 
|1980|0x00000000ffc00000, 0x00000000ffd00000, 0x00000000ffd00000|100%| O|  |TAMS 0x00000000ffc00000| PB 0x00000000ffc00000| Untracked 
|1981|0x00000000ffd00000, 0x00000000ffe00000, 0x00000000ffe00000|100%| O|  |TAMS 0x00000000ffd00000| PB 0x00000000ffd00000| Untracked 
|1982|0x00000000ffe00000, 0x00000000fff00000, 0x00000000fff00000|100%| O|  |TAMS 0x00000000ffe00000| PB 0x00000000ffe00000| Untracked 
|1983|0x00000000fff00000, 0x0000000100000000, 0x0000000100000000|100%| O|  |TAMS 0x00000000fff00000| PB 0x00000000fff00000| Untracked 

Card table byte_map: [0x0000028f68cf0000,0x0000028f690d0000] _byte_map_base: 0x0000028f688d0000

Marking Bits: (CMBitMap*) 0x0000028f511d18c0
 Bits: [0x0000028f690d0000, 0x0000028f6afd0000)

Polling page: 0x0000028f50940000

Metaspace:

Usage:
  Non-class:     69.47 MB used.
      Class:     10.47 MB used.
       Both:     79.93 MB used.

Virtual space:
  Non-class space:      128.00 MB reserved,      69.88 MB ( 55%) committed,  2 nodes.
      Class space:        1.00 GB reserved,      10.81 MB (  1%) committed,  1 nodes.
             Both:        1.12 GB reserved,      80.69 MB (  7%) committed. 

Chunk freelists:
   Non-Class:  9.84 MB
       Class:  5.22 MB
        Both:  15.06 MB

MaxMetaspaceSize: unlimited
CompressedClassSpaceSize: 1.00 GB
Initial GC threshold: 21.00 MB
Current GC threshold: 134.50 MB
CDS: on
 - commit_granule_bytes: 65536.
 - commit_granule_words: 8192.
 - virtual_space_node_default_size: 8388608.
 - enlarge_chunks_in_place: 1.
 - use_allocation_guard: 0.


Internal statistics:

num_allocs_failed_limit: 9.
num_arena_births: 1064.
num_arena_deaths: 8.
num_vsnodes_births: 3.
num_vsnodes_deaths: 0.
num_space_committed: 1291.
num_space_uncommitted: 0.
num_chunks_returned_to_freelist: 21.
num_chunks_taken_from_freelist: 3943.
num_chunk_merges: 10.
num_chunk_splits: 2831.
num_chunks_enlarged: 2198.
num_inconsistent_stats: 0.

CodeHeap 'non-profiled nmethods': size=120000Kb used=5930Kb max_used=6966Kb free=114069Kb
 bounds [0x0000028f610b0000, 0x0000028f61780000, 0x0000028f685e0000]
CodeHeap 'profiled nmethods': size=120000Kb used=14064Kb max_used=14776Kb free=105935Kb
 bounds [0x0000028f595e0000, 0x0000028f5a450000, 0x0000028f60b10000]
CodeHeap 'non-nmethods': size=5760Kb used=2066Kb max_used=2105Kb free=3693Kb
 bounds [0x0000028f60b10000, 0x0000028f60d80000, 0x0000028f610b0000]
 total_blobs=7948 nmethods=7165 adapters=687
 compilation: enabled
              stopped_count=0, restarted_count=0
 full_count=0

Compilation events (20 events):
Event: 367.710 Thread 0x0000028f6da28c70 8583   !   3       sun.nio.ch.WEPollSelectorImpl::processUpdateQueue (203 bytes)
Event: 367.712 Thread 0x0000028f6da28c70 nmethod 8583 0x0000028f59fd3910 code [0x0000028f59fd3bc0, 0x0000028f59fd4bd0]
Event: 367.712 Thread 0x0000028f6da28c70 8582   !   3       sun.nio.ch.WEPollSelectorImpl::doSelect (132 bytes)
Event: 367.713 Thread 0x0000028f6da28c70 nmethod 8582 0x0000028f597eff10 code [0x0000028f597f0200, 0x0000028f597f0e00]
Event: 367.713 Thread 0x0000028f6da28c70 8584       3       sun.nio.ch.SelectorImpl::begin (9 bytes)
Event: 367.713 Thread 0x0000028f6da28c70 nmethod 8584 0x0000028f59b47d10 code [0x0000028f59b47ec0, 0x0000028f59b48040]
Event: 367.713 Thread 0x0000028f6da28c70 8585       3       java.nio.channels.spi.AbstractSelector::begin (48 bytes)
Event: 367.714 Thread 0x0000028f6da28c70 nmethod 8585 0x0000028f59ad2b90 code [0x0000028f59ad2da0, 0x0000028f59ad3430]
Event: 367.714 Thread 0x0000028f6da28c70 8586       3       jdk.internal.misc.Blocker::begin (14 bytes)
Event: 367.714 Thread 0x0000028f6da28c70 nmethod 8586 0x0000028f59b53390 code [0x0000028f59b53540, 0x0000028f59b536d0]
Event: 368.722 Thread 0x0000028f6da28c70 8587   !   3       org.apache.tomcat.util.net.NioEndpoint$Poller::timeout (501 bytes)
Event: 368.726 Thread 0x0000028f6da28c70 nmethod 8587 0x0000028f5986c210 code [0x0000028f5986c6c0, 0x0000028f5986f3b0]
Event: 373.842 Thread 0x0000028f6da28c70 8588       3       org.apache.catalina.valves.ValveBase::backgroundProcess (1 bytes)
Event: 373.842 Thread 0x0000028f6da28c70 nmethod 8588 0x0000028f59b79f10 code [0x0000028f59b7a0a0, 0x0000028f59b7a1a8]
Event: 385.567 Thread 0x0000028f6da061b0 8589       4       java.util.concurrent.locks.AbstractQueuedSynchronizer$Node::setStatusRelaxed (12 bytes)
Event: 385.567 Thread 0x0000028f6da061b0 nmethod 8589 0x0000028f612cf010 code [0x0000028f612cf1a0, 0x0000028f612cf230]
Event: 393.868 Thread 0x0000028f6da28c70 8590       3       java.util.HashMap$Values::toArray (16 bytes)
Event: 393.868 Thread 0x0000028f6da28c70 nmethod 8590 0x0000028f598a4910 code [0x0000028f598a4ac0, 0x0000028f598a4ce8]
Event: 397.158 Thread 0x0000028f6da061b0 8591       4       java.util.HashMap$HashIterator::<init> (79 bytes)
Event: 397.163 Thread 0x0000028f6da061b0 nmethod 8591 0x0000028f612ce910 code [0x0000028f612ceac0, 0x0000028f612ceed0]

GC Heap History (20 events):
Event: 4.986 GC heap before
{Heap before GC invocations=13 (full 0):
 garbage-first heap   total 81920K, used 70025K [0x0000000084000000, 0x0000000100000000)
  region size 1024K, 48 young (49152K), 4 survivors (4096K)
 Metaspace       used 51642K, committed 52224K, reserved 1114112K
  class space    used 6532K, committed 6784K, reserved 1048576K
}
Event: 4.990 GC heap after
{Heap after GC invocations=14 (full 0):
 garbage-first heap   total 81920K, used 27327K [0x0000000084000000, 0x0000000100000000)
  region size 1024K, 5 young (5120K), 5 survivors (5120K)
 Metaspace       used 51642K, committed 52224K, reserved 1114112K
  class space    used 6532K, committed 6784K, reserved 1048576K
}
Event: 5.380 GC heap before
{Heap before GC invocations=14 (full 0):
 garbage-first heap   total 81920K, used 70335K [0x0000000084000000, 0x0000000100000000)
  region size 1024K, 48 young (49152K), 5 survivors (5120K)
 Metaspace       used 56100K, committed 56704K, reserved 1114112K
  class space    used 7031K, committed 7296K, reserved 1048576K
}
Event: 5.384 GC heap after
{Heap after GC invocations=15 (full 0):
 garbage-first heap   total 81920K, used 28390K [0x0000000084000000, 0x0000000100000000)
  region size 1024K, 4 young (4096K), 4 survivors (4096K)
 Metaspace       used 56100K, committed 56704K, reserved 1114112K
  class space    used 7031K, committed 7296K, reserved 1048576K
}
Event: 5.636 GC heap before
{Heap before GC invocations=15 (full 0):
 garbage-first heap   total 81920K, used 60134K [0x0000000084000000, 0x0000000100000000)
  region size 1024K, 36 young (36864K), 4 survivors (4096K)
 Metaspace       used 59886K, committed 60480K, reserved 1114112K
  class space    used 7720K, committed 8000K, reserved 1048576K
}
Event: 5.640 GC heap after
{Heap after GC invocations=16 (full 0):
 garbage-first heap   total 81920K, used 28889K [0x0000000084000000, 0x0000000100000000)
  region size 1024K, 2 young (2048K), 2 survivors (2048K)
 Metaspace       used 59886K, committed 60480K, reserved 1114112K
  class space    used 7720K, committed 8000K, reserved 1048576K
}
Event: 6.025 GC heap before
{Heap before GC invocations=17 (full 0):
 garbage-first heap   total 81920K, used 74969K [0x0000000084000000, 0x0000000100000000)
  region size 1024K, 47 young (48128K), 2 survivors (2048K)
 Metaspace       used 63989K, committed 64640K, reserved 1114112K
  class space    used 8370K, committed 8640K, reserved 1048576K
}
Event: 6.028 GC heap after
{Heap after GC invocations=18 (full 0):
 garbage-first heap   total 81920K, used 29629K [0x0000000084000000, 0x0000000100000000)
  region size 1024K, 3 young (3072K), 3 survivors (3072K)
 Metaspace       used 63989K, committed 64640K, reserved 1114112K
  class space    used 8370K, committed 8640K, reserved 1048576K
}
Event: 8.951 GC heap before
{Heap before GC invocations=18 (full 0):
 garbage-first heap   total 81920K, used 73661K [0x0000000084000000, 0x0000000100000000)
  region size 1024K, 46 young (47104K), 3 survivors (3072K)
 Metaspace       used 68309K, committed 68992K, reserved 1114112K
  class space    used 8916K, committed 9216K, reserved 1048576K
}
Event: 8.956 GC heap after
{Heap after GC invocations=19 (full 0):
 garbage-first heap   total 81920K, used 31505K [0x0000000084000000, 0x0000000100000000)
  region size 1024K, 5 young (5120K), 5 survivors (5120K)
 Metaspace       used 68309K, committed 68992K, reserved 1114112K
  class space    used 8916K, committed 9216K, reserved 1048576K
}
Event: 10.808 GC heap before
{Heap before GC invocations=19 (full 0):
 garbage-first heap   total 81920K, used 71441K [0x0000000084000000, 0x0000000100000000)
  region size 1024K, 44 young (45056K), 5 survivors (5120K)
 Metaspace       used 71176K, committed 71808K, reserved 1114112K
  class space    used 9303K, committed 9600K, reserved 1048576K
}
Event: 10.814 GC heap after
{Heap after GC invocations=20 (full 0):
 garbage-first heap   total 81920K, used 33952K [0x0000000084000000, 0x0000000100000000)
  region size 1024K, 6 young (6144K), 6 survivors (6144K)
 Metaspace       used 71176K, committed 71808K, reserved 1114112K
  class space    used 9303K, committed 9600K, reserved 1048576K
}
Event: 13.486 GC heap before
{Heap before GC invocations=20 (full 0):
 garbage-first heap   total 81920K, used 70816K [0x0000000084000000, 0x0000000100000000)
  region size 1024K, 42 young (43008K), 6 survivors (6144K)
 Metaspace       used 73862K, committed 74624K, reserved 1114112K
  class space    used 9702K, committed 10048K, reserved 1048576K
}
Event: 13.493 GC heap after
{Heap after GC invocations=21 (full 0):
 garbage-first heap   total 81920K, used 35970K [0x0000000084000000, 0x0000000100000000)
  region size 1024K, 5 young (5120K), 5 survivors (5120K)
 Metaspace       used 73862K, committed 74624K, reserved 1114112K
  class space    used 9702K, committed 10048K, reserved 1048576K
}
Event: 23.708 GC heap before
{Heap before GC invocations=22 (full 0):
 garbage-first heap   total 81920K, used 70786K [0x0000000084000000, 0x0000000100000000)
  region size 1024K, 40 young (40960K), 5 survivors (5120K)
 Metaspace       used 77090K, committed 77824K, reserved 1179648K
  class space    used 10168K, committed 10496K, reserved 1048576K
}
Event: 23.714 GC heap after
{Heap after GC invocations=23 (full 0):
 garbage-first heap   total 81920K, used 38053K [0x0000000084000000, 0x0000000100000000)
  region size 1024K, 5 young (5120K), 5 survivors (5120K)
 Metaspace       used 77090K, committed 77824K, reserved 1179648K
  class space    used 10168K, committed 10496K, reserved 1048576K
}
Event: 29.684 GC heap before
{Heap before GC invocations=23 (full 0):
 garbage-first heap   total 81920K, used 70821K [0x0000000084000000, 0x0000000100000000)
  region size 1024K, 38 young (38912K), 5 survivors (5120K)
 Metaspace       used 80469K, committed 81280K, reserved 1179648K
  class space    used 10582K, committed 10944K, reserved 1048576K
}
Event: 29.689 GC heap after
{Heap after GC invocations=24 (full 0):
 garbage-first heap   total 81920K, used 39103K [0x0000000084000000, 0x0000000100000000)
  region size 1024K, 4 young (4096K), 4 survivors (4096K)
 Metaspace       used 80469K, committed 81280K, reserved 1179648K
  class space    used 10582K, committed 10944K, reserved 1048576K
}
Event: 254.170 GC heap before
{Heap before GC invocations=24 (full 0):
 garbage-first heap   total 81920K, used 71871K [0x0000000084000000, 0x0000000100000000)
  region size 1024K, 37 young (37888K), 4 survivors (4096K)
 Metaspace       used 81788K, committed 82560K, reserved 1179648K
  class space    used 10715K, committed 11072K, reserved 1048576K
}
Event: 254.175 GC heap after
{Heap after GC invocations=25 (full 0):
 garbage-first heap   total 81920K, used 39401K [0x0000000084000000, 0x0000000100000000)
  region size 1024K, 2 young (2048K), 2 survivors (2048K)
 Metaspace       used 81788K, committed 82560K, reserved 1179648K
  class space    used 10715K, committed 11072K, reserved 1048576K
}

Dll operation events (13 events):
Event: 0.005 Loaded shared library C:\Program Files\Java\jdk-21\bin\java.dll
Event: 0.030 Loaded shared library C:\Program Files\Java\jdk-21\bin\jsvml.dll
Event: 0.221 Loaded shared library C:\Program Files\Java\jdk-21\bin\zip.dll
Event: 0.223 Loaded shared library C:\Program Files\Java\jdk-21\bin\instrument.dll
Event: 0.226 Loaded shared library C:\Program Files\Java\jdk-21\bin\net.dll
Event: 0.227 Loaded shared library C:\Program Files\Java\jdk-21\bin\nio.dll
Event: 0.229 Loaded shared library C:\Program Files\Java\jdk-21\bin\zip.dll
Event: 0.337 Loaded shared library C:\Program Files\Java\jdk-21\bin\jimage.dll
Event: 0.372 Loaded shared library C:\Program Files\Java\jdk-21\bin\verify.dll
Event: 0.623 Loaded shared library C:\Program Files\Java\jdk-21\bin\management.dll
Event: 0.624 Loaded shared library C:\Program Files\Java\jdk-21\bin\management_ext.dll
Event: 1.538 Loaded shared library C:\Program Files\Java\jdk-21\bin\sunmscapi.dll
Event: 4.375 Loaded shared library C:\Program Files\Java\jdk-21\bin\extnet.dll

Deoptimization events (20 events):
Event: 250.390 Thread 0x0000028f74d2dd10 DEOPT PACKING pc=0x0000028f613db614 sp=0x000000dcdadfaaf0
Event: 250.390 Thread 0x0000028f74d2dd10 DEOPT UNPACKING pc=0x0000028f60b67da2 sp=0x000000dcdadfab58 mode 2
Event: 250.391 Thread 0x0000028f74d2dd10 Uncommon trap: trap_request=0xffffffde fr.pc=0x0000028f61362ffc relative=0x000000000000019c
Event: 250.391 Thread 0x0000028f74d2dd10 Uncommon trap: reason=class_check action=maybe_recompile pc=0x0000028f61362ffc method=java.util.concurrent.ConcurrentMap.computeIfAbsent(Ljava/lang/Object;Ljava/util/function/Function;)Ljava/lang/Object; @ 7 c2
Event: 250.391 Thread 0x0000028f74d2dd10 DEOPT PACKING pc=0x0000028f61362ffc sp=0x000000dcdadf91a0
Event: 250.391 Thread 0x0000028f74d2dd10 DEOPT UNPACKING pc=0x0000028f60b67da2 sp=0x000000dcdadf9178 mode 2
Event: 252.956 Thread 0x0000028f74d2dd10 Uncommon trap: trap_request=0xffffffc6 fr.pc=0x0000028f61770258 relative=0x0000000000000f38
Event: 252.956 Thread 0x0000028f74d2dd10 Uncommon trap: reason=bimorphic_or_optimized_type_check action=maybe_recompile pc=0x0000028f61770258 method=java.util.AbstractCollection.containsAll(Ljava/util/Collection;)Z @ 1 c2
Event: 252.956 Thread 0x0000028f74d2dd10 DEOPT PACKING pc=0x0000028f61770258 sp=0x000000dcdadf9610
Event: 252.956 Thread 0x0000028f74d2dd10 DEOPT UNPACKING pc=0x0000028f60b67da2 sp=0x000000dcdadf9630 mode 2
Event: 254.201 Thread 0x0000028f74d2e3a0 Uncommon trap: trap_request=0xffffffdc fr.pc=0x0000028f6177c70c relative=0x000000000000024c
Event: 254.201 Thread 0x0000028f74d2e3a0 Uncommon trap: reason=class_check action=make_not_entrant pc=0x0000028f6177c70c method=java.util.ArrayList.toArray([Ljava/lang/Object;)[Ljava/lang/Object; @ 21 c2
Event: 254.201 Thread 0x0000028f74d2e3a0 DEOPT PACKING pc=0x0000028f6177c70c sp=0x000000dcdb0fd460
Event: 254.201 Thread 0x0000028f74d2e3a0 DEOPT UNPACKING pc=0x0000028f60b67da2 sp=0x000000dcdb0fd420 mode 2
Event: 397.627 Thread 0x0000028f74d30470 DEOPT PACKING pc=0x0000028f5a0d56e4 sp=0x000000dcdb1fb870
Event: 397.627 Thread 0x0000028f74d30470 DEOPT UNPACKING pc=0x0000028f60b688e2 sp=0x000000dcdb1fad18 mode 0
Event: 397.638 Thread 0x0000028f6dccf750 Uncommon trap: trap_request=0xffffff45 fr.pc=0x0000028f616f4e5c relative=0x0000000000000b5c
Event: 397.638 Thread 0x0000028f6dccf750 Uncommon trap: reason=unstable_if action=reinterpret pc=0x0000028f616f4e5c method=sun.instrument.InstrumentationImpl.transform(Ljava/lang/Module;Ljava/lang/ClassLoader;Ljava/lang/String;Ljava/lang/Class;Ljava/security/ProtectionDomain;[BZ)[B @ 24 c2
Event: 397.638 Thread 0x0000028f6dccf750 DEOPT PACKING pc=0x0000028f616f4e5c sp=0x000000dcd94fe860
Event: 397.638 Thread 0x0000028f6dccf750 DEOPT UNPACKING pc=0x0000028f60b67da2 sp=0x000000dcd94fe938 mode 2

Classes loaded (20 events):
Event: 32.461 Loading class java/util/concurrent/atomic/AtomicLongFieldUpdater
Event: 32.461 Loading class java/util/concurrent/atomic/AtomicLongFieldUpdater done
Event: 32.461 Loading class java/util/concurrent/atomic/AtomicMarkableReference
Event: 32.461 Loading class java/util/concurrent/atomic/AtomicMarkableReference done
Event: 32.461 Loading class java/util/concurrent/atomic/AtomicStampedReference
Event: 32.461 Loading class java/util/concurrent/atomic/AtomicStampedReference done
Event: 32.461 Loading class java/util/concurrent/atomic/DoubleAccumulator
Event: 32.461 Loading class java/util/concurrent/atomic/DoubleAccumulator done
Event: 32.461 Loading class java/util/concurrent/atomic/DoubleAdder
Event: 32.462 Loading class java/util/concurrent/atomic/DoubleAdder done
Event: 32.462 Loading class java/util/concurrent/atomic/LongAccumulator
Event: 32.462 Loading class java/util/concurrent/atomic/LongAccumulator done
Event: 32.470 Loading class java/lang/invoke/SerializedLambda
Event: 32.471 Loading class java/lang/invoke/SerializedLambda done
Event: 40.558 Loading class java/io/WriteAbortedException
Event: 40.558 Loading class java/io/WriteAbortedException done
Event: 40.558 Loading class sun/security/provider/SecureRandom
Event: 40.559 Loading class sun/security/provider/SecureRandom done
Event: 40.559 Loading class sun/security/provider/SecureRandom$SeederHolder
Event: 40.559 Loading class sun/security/provider/SecureRandom$SeederHolder done

Classes unloaded (4 events):
Event: 254.220 Thread 0x0000028f6d9cc380 Unloading class 0x0000028f0191cc00 'jdk/internal/reflect/GeneratedSerializationConstructorAccessor4'
Event: 254.220 Thread 0x0000028f6d9cc380 Unloading class 0x0000028f0191c800 'jdk/internal/reflect/GeneratedSerializationConstructorAccessor3'
Event: 254.220 Thread 0x0000028f6d9cc380 Unloading class 0x0000028f0191c400 'jdk/internal/reflect/GeneratedSerializationConstructorAccessor2'
Event: 254.220 Thread 0x0000028f6d9cc380 Unloading class 0x0000028f0189cc00 'jdk/internal/reflect/GeneratedSerializationConstructorAccessor1'

Classes redefined (1 events):
Event: 397.649 Thread 0x0000028f6d9cc380 redefined class name=com.web.api.web.OrderProductAPI, count=1

Internal exceptions (20 events):
Event: 10.547 Thread 0x0000028f730a1ea0 Exception <a 'java/lang/NoSuchMethodError'{0x0000000087b678a0}: 'java.lang.Object java.lang.invoke.DirectMethodHandle$Holder.newInvokeSpecial(java.lang.Object, java.lang.Object, java.lang.Object, java.lang.Object, java.lang.Object, java.lang.Object, java.lang.Object, java.lang.Object)'> (0x0000000087b678a0) 
thrown [s\open\src\hotspot\share\interpreter\linkResolver.cpp, line 773]
Event: 10.635 Thread 0x0000028f730a1ea0 Implicit null exception at 0x0000028f61608c72 to 0x0000028f61609440
Event: 10.754 Thread 0x0000028f730a1ea0 Exception <a 'java/lang/IncompatibleClassChangeError'{0x0000000086be5af0}: Found class java.lang.Object, but interface was expected> (0x0000000086be5af0) 
thrown [s\open\src\hotspot\share\interpreter\linkResolver.cpp, line 840]
Event: 13.312 Thread 0x0000028f730a1ea0 Exception <a 'java/lang/NoSuchMethodError'{0x00000000874779a8}: 'int java.lang.invoke.DirectMethodHandle$Holder.invokeStaticInit(java.lang.Object, java.lang.Object, java.lang.Object, java.lang.Object)'> (0x00000000874779a8) 
thrown [s\open\src\hotspot\share\interpreter\linkResolver.cpp, line 773]
Event: 13.321 Thread 0x0000028f730a1ea0 Implicit null exception at 0x0000028f616a446f to 0x0000028f616a4718
Event: 13.380 Thread 0x0000028f730a1ea0 Exception <a 'java/lang/IncompatibleClassChangeError'{0x0000000086fd70a8}: Found class java.lang.Object, but interface was expected> (0x0000000086fd70a8) 
thrown [s\open\src\hotspot\share\interpreter\linkResolver.cpp, line 840]
Event: 13.416 Thread 0x0000028f730a1ea0 Exception <a 'java/lang/NoSuchMethodError'{0x0000000086ca4b98}: 'java.lang.Object java.lang.invoke.Invokers$Holder.invoke_MT(java.lang.Object, java.lang.Object, java.lang.Object, java.lang.Object, java.lang.Object, java.lang.Object, java.lang.Object, java.lang.Object, java.lang.Object, java.lang.Object, java.lang.Object)'> (0x0000000086ca4b98) 
thrown [s\open\src\hotspot\share\interpreter\linkResolver.cpp, line 773]
Event: 13.526 Thread 0x0000028f730a1ea0 Exception <a 'java/lang/NoSuchMethodError'{0x0000000088a1c838}: 'java.lang.Object java.lang.invoke.DirectMethodHandle$Holder.newInvokeSpecial(java.lang.Object, java.lang.Object, int, java.lang.Object, java.lang.Object)'> (0x0000000088a1c838) 
thrown [s\open\src\hotspot\share\interpreter\linkResolver.cpp, line 773]
Event: 20.846 Thread 0x0000028f74d30b00 Exception <a 'java/lang/NoSuchMethodError'{0x0000000088429d28}: 'java.lang.Object java.lang.invoke.DirectMethodHandle$Holder.invokeStatic(java.lang.Object, java.lang.Object, java.lang.Object, int, int)'> (0x0000000088429d28) 
thrown [s\open\src\hotspot\share\interpreter\linkResolver.cpp, line 773]
Event: 20.846 Thread 0x0000028f74d30b00 Exception <a 'java/lang/NoSuchMethodError'{0x000000008842d4c8}: 'java.lang.Object java.lang.invoke.DirectMethodHandle$Holder.invokeStaticInit(java.lang.Object, java.lang.Object, java.lang.Object, int, int)'> (0x000000008842d4c8) 
thrown [s\open\src\hotspot\share\interpreter\linkResolver.cpp, line 773]
Event: 20.894 Thread 0x0000028f74d2cff0 Exception <a 'java/lang/NoSuchMethodError'{0x0000000088195c20}: 'java.lang.Object java.lang.invoke.DirectMethodHandle$Holder.invokeSpecial(java.lang.Object, java.lang.Object, java.lang.Object, java.lang.Object, java.lang.Object, long)'> (0x0000000088195c20) 
thrown [s\open\src\hotspot\share\interpreter\linkResolver.cpp, line 773]
Event: 20.894 Thread 0x0000028f74d2cff0 Exception <a 'java/lang/NoSuchMethodError'{0x00000000881993e0}: 'java.lang.Object java.lang.invoke.Invokers$Holder.linkToTargetMethod(java.lang.Object, java.lang.Object, java.lang.Object, long, java.lang.Object)'> (0x00000000881993e0) 
thrown [s\open\src\hotspot\share\interpreter\linkResolver.cpp, line 773]
Event: 23.882 Thread 0x0000028f74d2ea30 Exception <a 'java/lang/NoSuchMethodError'{0x0000000087b8f9c8}: 'java.lang.Object java.lang.invoke.DirectMethodHandle$Holder.invokeStatic(java.lang.Object, int, int)'> (0x0000000087b8f9c8) 
thrown [s\open\src\hotspot\share\interpreter\linkResolver.cpp, line 773]
Event: 27.204 Thread 0x0000028f74d2dd10 Exception <a 'java/lang/NoSuchMethodError'{0x0000000087766728}: 'java.lang.Object java.lang.invoke.DirectMethodHandle$Holder.invokeInterface(java.lang.Object, java.lang.Object, java.lang.Object, java.lang.Object)'> (0x0000000087766728) 
thrown [s\open\src\hotspot\share\interpreter\linkResolver.cpp, line 773]
Event: 29.664 Thread 0x0000028f74d2dd10 Exception <a 'java/lang/NoSuchMethodError'{0x0000000086d06160}: 'java.lang.Object java.lang.invoke.DirectMethodHandle$Holder.invokeInterface(java.lang.Object, java.lang.Object, int)'> (0x0000000086d06160) 
thrown [s\open\src\hotspot\share\interpreter\linkResolver.cpp, line 773]
Event: 29.710 Thread 0x0000028f74d2dd10 Exception <a 'java/lang/IncompatibleClassChangeError'{0x0000000088af9c70}: Found class java.lang.Object, but interface was expected> (0x0000000088af9c70) 
thrown [s\open\src\hotspot\share\interpreter\linkResolver.cpp, line 840]
Event: 32.469 Thread 0x0000028f74d2dd10 Exception <a 'java/lang/NoSuchMethodError'{0x00000000883918d8}: 'java.lang.Object java.lang.invoke.DirectMethodHandle$Holder.invokeStatic(java.lang.Object, java.lang.Object, java.lang.Object, java.lang.Object, int, java.lang.Object)'> (0x00000000883918d8) 
thrown [s\open\src\hotspot\share\interpreter\linkResolver.cpp, line 773]
Event: 32.469 Thread 0x0000028f74d2dd10 Exception <a 'java/lang/NoSuchMethodError'{0x0000000088399280}: 'java.lang.Object java.lang.invoke.DirectMethodHandle$Holder.newInvokeSpecial(java.lang.Object, java.lang.Object, java.lang.Object, java.lang.Object, int)'> (0x0000000088399280) 
thrown [s\open\src\hotspot\share\interpreter\linkResolver.cpp, line 773]
Event: 32.470 Thread 0x0000028f74d2dd10 Exception <a 'java/lang/NoSuchMethodError'{0x000000008839dcf0}: 'java.lang.Object java.lang.invoke.DirectMethodHandle$Holder.invokeSpecial(java.lang.Object, java.lang.Object, java.lang.Object, java.lang.Object, java.lang.Object, int)'> (0x000000008839dcf0) 
thrown [s\open\src\hotspot\share\interpreter\linkResolver.cpp, line 773]
Event: 32.470 Thread 0x0000028f74d2dd10 Exception <a 'java/lang/NoSuchMethodError'{0x00000000883a2020}: 'java.lang.Object java.lang.invoke.Invokers$Holder.linkToTargetMethod(java.lang.Object, java.lang.Object, java.lang.Object, int, java.lang.Object)'> (0x00000000883a2020) 
thrown [s\open\src\hotspot\share\interpreter\linkResolver.cpp, line 773]

ZGC Phase Switch (0 events):
No events

VM Operations (20 events):
Event: 291.212 Executing VM operation: get/set locals
Event: 291.212 Executing VM operation: get/set locals done
Event: 291.212 Executing VM operation: get/set locals
Event: 291.212 Executing VM operation: get/set locals done
Event: 316.439 Executing VM operation: Cleanup
Event: 316.439 Executing VM operation: Cleanup done
Event: 397.560 Executing VM operation: ChangeBreakpoints
Event: 397.560 Executing VM operation: ChangeBreakpoints done
Event: 397.627 Executing VM operation: ChangeSingleStep
Event: 397.627 Executing VM operation: ChangeSingleStep done
Event: 397.627 Executing VM operation: ChangeSingleStep
Event: 397.627 Executing VM operation: ChangeSingleStep done
Event: 397.639 Executing VM operation: RedefineClasses
Event: 397.668 Executing VM operation: RedefineClasses done
Event: 397.683 Executing VM operation: ChangeBreakpoints
Event: 397.685 Executing VM operation: ChangeBreakpoints done
Event: 397.698 Executing VM operation: ChangeBreakpoints
Event: 397.700 Executing VM operation: ChangeBreakpoints done
Event: 397.705 Executing VM operation: ChangeSingleStep
Event: 397.706 Executing VM operation: ChangeSingleStep done

Events (20 events):
Event: 254.237 Thread 0x0000028f6d9cc380 flushing nmethod 0x0000028f6142c010
Event: 254.237 Thread 0x0000028f6d9cc380 flushing nmethod 0x0000028f614e5510
Event: 254.237 Thread 0x0000028f6d9cc380 flushing nmethod 0x0000028f61420d90
Event: 254.237 Thread 0x0000028f6d9cc380 flushing nmethod 0x0000028f613fdb90
Event: 254.237 Thread 0x0000028f6d9cc380 flushing nmethod 0x0000028f61314810
Event: 254.237 Thread 0x0000028f6d9cc380 flushing nmethod 0x0000028f613fa810
Event: 254.237 Thread 0x0000028f6d9cc380 flushing nmethod 0x0000028f61312b10
Event: 254.237 Thread 0x0000028f6d9cc380 flushing nmethod 0x0000028f6138ca10
Event: 254.237 Thread 0x0000028f6d9cc380 flushing nmethod 0x0000028f61284310
Event: 254.237 Thread 0x0000028f6d9cc380 flushing nmethod 0x0000028f61333010
Event: 254.237 Thread 0x0000028f6d9cc380 flushing nmethod 0x0000028f6131a790
Event: 254.237 Thread 0x0000028f6d9cc380 flushing nmethod 0x0000028f612fdb10
Event: 254.237 Thread 0x0000028f6d9cc380 flushing nmethod 0x0000028f612cdc10
Event: 254.237 Thread 0x0000028f6d9cc380 flushing nmethod 0x0000028f612cd510
Event: 254.237 Thread 0x0000028f6d9cc380 flushing nmethod 0x0000028f612a9390
Event: 254.237 Thread 0x0000028f6d9cc380 flushing nmethod 0x0000028f6126a290
Event: 254.237 Thread 0x0000028f6d9cc380 flushing nmethod 0x0000028f61205d10
Event: 254.237 Thread 0x0000028f6d9cc380 flushing nmethod 0x0000028f611ff790
Event: 254.237 Thread 0x0000028f6d9cc380 flushing nmethod 0x0000028f61185790
Event: 254.237 Thread 0x0000028f6d9cc380 flushing nmethod 0x0000028f610e5310


Dynamic libraries:
0x00007ff62e4a0000 - 0x00007ff62e4b0000 	C:\Program Files\Java\jdk-21\bin\javaw.exe
0x00007ff8e7df0000 - 0x00007ff8e7fe8000 	C:\Windows\SYSTEM32\ntdll.dll
0x00007ff8e5ed0000 - 0x00007ff8e5f92000 	C:\Windows\System32\KERNEL32.DLL
0x00007ff8e5980000 - 0x00007ff8e5c76000 	C:\Windows\System32\KERNELBASE.dll
0x00007ff8e5880000 - 0x00007ff8e5980000 	C:\Windows\System32\ucrtbase.dll
0x00007ff8ddd10000 - 0x00007ff8ddd29000 	C:\Program Files\Java\jdk-21\bin\jli.dll
0x00007ff8e16d0000 - 0x00007ff8e16eb000 	C:\Program Files\Java\jdk-21\bin\VCRUNTIME140.dll
0x00007ff8e6460000 - 0x00007ff8e650f000 	C:\Windows\System32\ADVAPI32.dll
0x00007ff8e6570000 - 0x00007ff8e660e000 	C:\Windows\System32\msvcrt.dll
0x00007ff8e60c0000 - 0x00007ff8e615f000 	C:\Windows\System32\sechost.dll
0x00007ff8e75f0000 - 0x00007ff8e7713000 	C:\Windows\System32\RPCRT4.dll
0x00007ff8e5720000 - 0x00007ff8e5747000 	C:\Windows\System32\bcrypt.dll
0x00007ff8e6200000 - 0x00007ff8e639d000 	C:\Windows\System32\USER32.dll
0x00007ff8c5380000 - 0x00007ff8c561a000 	C:\Windows\WinSxS\amd64_microsoft.windows.common-controls_6595b64144ccf1df_6.0.19041.5794_none_60bcd33171f2783c\COMCTL32.dll
0x00007ff8e5c80000 - 0x00007ff8e5ca2000 	C:\Windows\System32\win32u.dll
0x00007ff8e63a0000 - 0x00007ff8e63cb000 	C:\Windows\System32\GDI32.dll
0x00007ff8e5cb0000 - 0x00007ff8e5dca000 	C:\Windows\System32\gdi32full.dll
0x00007ff8e5750000 - 0x00007ff8e57ed000 	C:\Windows\System32\msvcp_win.dll
0x00007ff8dd290000 - 0x00007ff8dd29a000 	C:\Windows\SYSTEM32\VERSION.dll
0x00007ff8e6430000 - 0x00007ff8e645f000 	C:\Windows\System32\IMM32.DLL
0x00007ff8e16c0000 - 0x00007ff8e16cc000 	C:\Program Files\Java\jdk-21\bin\vcruntime140_1.dll
0x00007ff8c5a10000 - 0x00007ff8c5a9e000 	C:\Program Files\Java\jdk-21\bin\msvcp140.dll
0x00007ff89e7c0000 - 0x00007ff89f4d7000 	C:\Program Files\Java\jdk-21\bin\server\jvm.dll
0x00007ff8e7580000 - 0x00007ff8e75eb000 	C:\Windows\System32\WS2_32.dll
0x00007ff8e49d0000 - 0x00007ff8e4a1b000 	C:\Windows\SYSTEM32\POWRPROF.dll
0x00007ff8d6f90000 - 0x00007ff8d6fb7000 	C:\Windows\SYSTEM32\WINMM.dll
0x00007ff8e4890000 - 0x00007ff8e48a2000 	C:\Windows\SYSTEM32\UMPDC.dll
0x00007ff8e3cb0000 - 0x00007ff8e3cc2000 	C:\Windows\SYSTEM32\kernel.appcore.dll
0x00007ff8e1d20000 - 0x00007ff8e1d2a000 	C:\Program Files\Java\jdk-21\bin\jimage.dll
0x00007ff8e2fc0000 - 0x00007ff8e31c1000 	C:\Windows\SYSTEM32\DBGHELP.DLL
0x00007ff8d3dd0000 - 0x00007ff8d3e04000 	C:\Windows\SYSTEM32\dbgcore.DLL
0x00007ff8e57f0000 - 0x00007ff8e5872000 	C:\Windows\System32\bcryptPrimitives.dll
0x00007ff8c5060000 - 0x00007ff8c509c000 	C:\Program Files\Java\jdk-21\bin\jdwp.dll
0x00007ff8e16a0000 - 0x00007ff8e16af000 	C:\Program Files\Java\jdk-21\bin\instrument.dll
0x00007ff8ddd30000 - 0x00007ff8ddd4f000 	C:\Program Files\Java\jdk-21\bin\java.dll
0x00007ff8e67c0000 - 0x00007ff8e6f2e000 	C:\Windows\System32\SHELL32.dll
0x00007ff8e34f0000 - 0x00007ff8e3c93000 	C:\Windows\SYSTEM32\windows.storage.dll
0x00007ff8e7720000 - 0x00007ff8e7a73000 	C:\Windows\System32\combase.dll
0x00007ff8e4ec0000 - 0x00007ff8e4eeb000 	C:\Windows\SYSTEM32\Wldp.dll
0x00007ff8e74b0000 - 0x00007ff8e757d000 	C:\Windows\System32\OLEAUT32.dll
0x00007ff8e73a0000 - 0x00007ff8e744d000 	C:\Windows\System32\SHCORE.dll
0x00007ff8e63d0000 - 0x00007ff8e6425000 	C:\Windows\System32\shlwapi.dll
0x00007ff8e53c0000 - 0x00007ff8e53e5000 	C:\Windows\SYSTEM32\profapi.dll
0x00007ff8c5790000 - 0x00007ff8c5867000 	C:\Program Files\Java\jdk-21\bin\jsvml.dll
0x00007ff8df210000 - 0x00007ff8df21c000 	C:\Program Files\Java\jdk-21\bin\dt_socket.dll
0x00007ff8e48b0000 - 0x00007ff8e48eb000 	C:\Windows\SYSTEM32\IPHLPAPI.DLL
0x00007ff8e4c20000 - 0x00007ff8e4c8c000 	C:\Windows\system32\mswsock.dll
0x00007ff8e48f0000 - 0x00007ff8e49ba000 	C:\Windows\SYSTEM32\DNSAPI.dll
0x00007ff8e6160000 - 0x00007ff8e6168000 	C:\Windows\System32\NSI.dll
0x00007ff8de250000 - 0x00007ff8de25a000 	C:\Windows\System32\rasadhlp.dll
0x00007ff8dda80000 - 0x00007ff8ddb00000 	C:\Windows\System32\fwpuclnt.dll
0x00007ff8d5050000 - 0x00007ff8d5068000 	C:\Program Files\Java\jdk-21\bin\zip.dll
0x00007ff8e15b0000 - 0x00007ff8e15c0000 	C:\Program Files\Java\jdk-21\bin\net.dll
0x00007ff8e2260000 - 0x00007ff8e236a000 	C:\Windows\SYSTEM32\WINHTTP.dll
0x00007ff8ccd40000 - 0x00007ff8ccd56000 	C:\Program Files\Java\jdk-21\bin\nio.dll
0x00007ff8e0c10000 - 0x00007ff8e0c20000 	C:\Program Files\Java\jdk-21\bin\verify.dll
0x00007ff8e16b0000 - 0x00007ff8e16ba000 	C:\Program Files\Java\jdk-21\bin\management.dll
0x00007ff8e1050000 - 0x00007ff8e105b000 	C:\Program Files\Java\jdk-21\bin\management_ext.dll
0x00007ff8e6040000 - 0x00007ff8e6048000 	C:\Windows\System32\PSAPI.DLL
0x00007ff8e1c40000 - 0x00007ff8e1c4e000 	C:\Program Files\Java\jdk-21\bin\sunmscapi.dll
0x00007ff8e5540000 - 0x00007ff8e569d000 	C:\Windows\System32\CRYPT32.dll
0x00007ff8e4f30000 - 0x00007ff8e4f57000 	C:\Windows\SYSTEM32\ncrypt.dll
0x00007ff8e4ef0000 - 0x00007ff8e4f2b000 	C:\Windows\SYSTEM32\NTASN1.dll
0x00007ff8e4e10000 - 0x00007ff8e4e28000 	C:\Windows\SYSTEM32\CRYPTSP.dll
0x00007ff8e44d0000 - 0x00007ff8e4508000 	C:\Windows\system32\rsaenh.dll
0x00007ff8e5380000 - 0x00007ff8e53ae000 	C:\Windows\SYSTEM32\USERENV.dll
0x00007ff8e4e30000 - 0x00007ff8e4e3c000 	C:\Windows\SYSTEM32\CRYPTBASE.dll
0x00007ff8df270000 - 0x00007ff8df279000 	C:\Program Files\Java\jdk-21\bin\extnet.dll
0x00007ff8e1040000 - 0x00007ff8e1047000 	C:\Windows\system32\wshunix.dll

dbghelp: loaded successfully - version: 4.0.5 - missing functions: none
symbol engine: initialized successfully - sym options: 0x614 - pdb path: .;C:\Program Files\Java\jdk-21\bin;C:\Windows\SYSTEM32;C:\Windows\WinSxS\amd64_microsoft.windows.common-controls_6595b64144ccf1df_6.0.19041.5794_none_60bcd33171f2783c;C:\Program Files\Java\jdk-21\bin\server

VM Arguments:
jvm_args: -XX:+ShowCodeDetailsInExceptionMessages -agentlib:jdwp=transport=dt_socket,suspend=y,address=localhost:56123 -javaagent:D:\EclipseIDE\eclipse\configuration\org.eclipse.osgi\446\0\.cp\lib\javaagent-shaded.jar -Dfile.encoding=UTF-8 -Dstdout.encoding=UTF-8 -Dstderr.encoding=UTF-8 
java_command: com.web.ShopwebApplication
java_class_path (initial): D:\BackendJava\My_Workspace\shopapp\shopweb\target\classes;C:\Users\PHAN ANH TUAN\.m2\repository\org\springframework\boot\spring-boot-starter-data-jpa\3.5.0\spring-boot-starter-data-jpa-3.5.0.jar;C:\Users\PHAN ANH TUAN\.m2\repository\org\springframework\boot\spring-boot-starter\3.5.0\spring-boot-starter-3.5.0.jar;C:\Users\PHAN ANH TUAN\.m2\repository\org\springframework\boot\spring-boot-starter-logging\3.5.0\spring-boot-starter-logging-3.5.0.jar;C:\Users\PHAN ANH TUAN\.m2\repository\ch\qos\logback\logback-classic\1.5.18\logback-classic-1.5.18.jar;C:\Users\PHAN ANH TUAN\.m2\repository\ch\qos\logback\logback-core\1.5.18\logback-core-1.5.18.jar;C:\Users\PHAN ANH TUAN\.m2\repository\org\apache\logging\log4j\log4j-to-slf4j\2.24.3\log4j-to-slf4j-2.24.3.jar;C:\Users\PHAN ANH TUAN\.m2\repository\org\apache\logging\log4j\log4j-api\2.24.3\log4j-api-2.24.3.jar;C:\Users\PHAN ANH TUAN\.m2\repository\org\slf4j\jul-to-slf4j\2.0.17\jul-to-slf4j-2.0.17.jar;C:\Users\PHAN ANH TUAN\.m2\repository\org\yaml\snakeyaml\2.4\snakeyaml-2.4.jar;C:\Users\PHAN ANH TUAN\.m2\repository\org\springframework\boot\spring-boot-starter-jdbc\3.5.0\spring-boot-starter-jdbc-3.5.0.jar;C:\Users\PHAN ANH TUAN\.m2\repository\com\zaxxer\HikariCP\6.3.0\HikariCP-6.3.0.jar;C:\Users\PHAN ANH TUAN\.m2\repository\org\springframework\spring-jdbc\6.2.7\spring-jdbc-6.2.7.jar;C:\Users\PHAN ANH TUAN\.m2\repository\org\hibernate\orm\hibernate-core\6.6.15.Final\hibernate-core-6.6.15.Final.jar;C:\Users\PHAN ANH TUAN\.m2\repository\jakarta\persistence\jakarta.persistence-api\3.1.0\jakarta.persistence-api-3.1.0.jar;C:\Users\PHAN ANH TUAN\.m2\repository\jakarta\transaction\jakarta.transaction-api\2.0.1\jakarta.transaction-api-2.0.1.jar;C:\Users\PHAN ANH TUAN\.m2\repository\org\jboss\logging\jboss-logging\3.6.1.Final\jboss-logging-3.6.1.Final.jar;C:\Users\PHAN ANH TUAN\.m2\repository\org\hibernate\common\hibernate-commons-annotations\7.0.3.Final\hibernate-commons-annotations-7.0.3.Final.jar;C:\Users\PHAN ANH TUAN\.m2\repository\io\smallrye\jandex\3.2.0\jandex-3.2.0.jar;C:\Users\PHAN ANH TUAN\.m2\repository\com\fasterxml\classmate\1.7.0\classmate-1.7.0.jar;C:\Users\PHAN ANH TUAN\.m2\repository\net\bytebuddy\byte-buddy\1.17.5\byte-buddy-1.17.5.jar;C:\Users\PHAN ANH TUAN\.m2\repository\org\glassfish\jaxb\jaxb-runtime\4.0.5\jaxb-runtime-4.0.5.jar;C:\Users\PHAN ANH TUAN\.m2\repository\org\glassfish\jaxb\jaxb-core\4.0.5\jaxb-core-4.0.5.jar;C:\Users\PHAN ANH TUAN\.m2\repository\org\eclipse\angus\angus-activation\2.0.2\angus-activation-2.0.2.jar;C:\Users\PHAN ANH TUAN\.m2\repository\org\glassfish\jaxb\txw2\4.0.5\txw2-4.0.5.jar;C:\Users\PHAN ANH TUAN\.m2\repository\com\sun\istack\istack-commons-runtime\4.1.2\istack-commons-runtime-4.1.2.jar;C:\Users\PHAN ANH TUAN\.m2\repository\jakarta\inject\jakarta.inject-api\2.0.1\jakarta.inject-api-2.0.1.jar;C:\Users\PHAN ANH TUAN\.m2\repository\org\antlr\antlr4-runtime\4.13.0\antlr4-runtime-4.13.0.jar;C:\Users\PHAN ANH TUAN\.m2\repository\org\springframework\data\spring-data-jpa\3.5.0\spring-data-jpa-3.5.0.jar;C:\Users\PHAN ANH TUAN\.m2\repository\org\springframework\data\spring-data-commons\3.5.0\spring-data-commons-3.5.0.jar;C:\Users\PHAN ANH TUAN\.m2\repository\org\springframework\spring-orm\6.2.7\spring-orm-6.2.7.jar;C:\Users\PHAN ANH TUAN\.m2\repository\org\springframework\spring-context\6.2.7\spring-context-6.2.7.jar;C:\Users\PHAN ANH TUAN\.m2\repository\org\springframework\spring-tx\6.2.7\spring-tx-6.2.7.jar;C:\Users\PHAN ANH TUAN\.m2\repository\org\springframework\spring-beans\6.2.7\spring-beans-6.2.7.jar;C:\Users\PHAN ANH TUAN\.m2\repository\org\slf4j\slf4j-api\2.0.17\slf4j-api-2.0.17.jar;C:\Users\PHAN ANH TUAN\.m2\repository\org\springframework\spring-aspects\6.2.7\spring-aspects-6.2.7.jar;C:\Users\PHAN ANH TUAN\.m2\repository\org\aspectj\aspectjweaver\1.9.24\aspectjweaver-1.9.24.jar;C:\Users\PHAN ANH TUAN\.m2\repository\org\springframework\boot\spring-boot-starter-web\3.5.0\spring-boot-starter-web-3.5.0.jar;C:\Users\PHAN ANH TUAN\.m2\repository\org\springframework\boot\spring-boot-starter-json\3.5.0\spring-boot-starter-json-3.5.0.jar;C:\Users\PHAN ANH TUAN\.m2\repository\com\fasterxml\jackson\core\jackson-databind\2.19.0\jackson-databind-2.19.0.jar;C:\Users\PHAN ANH TUAN\.m2\repository\com\fasterxml\jackson\core\jackson-annotations\2.19.0\jackson-annotations-2.19.0.jar;C:\Users\PHAN ANH TUAN\.m2\repository\com\fasterxml\jackson\core\jackson-core\2.19.0\jackson-core-2.19.0.jar;C:\Users\PHAN ANH TUAN\.m2\repository\com\fasterxml\jackson\datatype\jackson-datatype-jdk8\2.19.0\jackson-datatype-jdk8-2.19.0.jar;C:\Users\PHAN ANH TUAN\.m2\repository\com\fasterxml\jackson\datatype\jackson-datatype-jsr310\2.19.0\jackson-datatype-jsr310-2.19.0.jar;C:\Users\PHAN ANH TUAN\.m2\repository\com\fasterxml\jackson\module\jackson-module-parameter-names\2.19.0\jackson-module-parameter-names-2.19.0.jar;C:\Users\PHAN ANH TUAN\.m2\repository\org\springframework\spring-web\6.2.7\spring-web-6.2.7.jar;C:\Users\PHAN ANH TUAN\.m2\repository\io\micrometer\micrometer-observation\1.15.0\micrometer-observation-1.15.0.jar;C:\Users\PHAN ANH TUAN\.m2\repository\io\micrometer\micrometer-commons\1.15.0\micrometer-commons-1.15.0.jar;C:\Users\PHAN ANH TUAN\.m2\repository\org\springframework\spring-webmvc\6.2.7\spring-webmvc-6.2.7.jar;C:\Users\PHAN ANH TUAN\.m2\repository\org\springframework\spring-expression\6.2.7\spring-expression-6.2.7.jar;C:\Users\PHAN ANH TUAN\.m2\repository\org\springframework\boot\spring-boot-devtools\3.5.0\spring-boot-devtools-3.5.0.jar;C:\Users\PHAN ANH TUAN\.m2\repository\org\springframework\boot\spring-boot\3.5.0\spring-boot-3.5.0.jar;C:\Users\PHAN ANH TUAN\.m2\repository\org\springframework\boot\spring-boot-autoconfigure\3.5.0\spring-boot-autoconfigure-3.5.0.jar;C:\Users\PHAN ANH TUAN\.m2\repository\org\springframework\boot\spring-boot-starter-tomcat\3.5.0\spring-boot-starter-tomcat-3.5.0.jar;C:\Users\PHAN ANH TUAN\.m2\repository\jakarta\annotation\jakarta.annotation-api\2.1.1\jakarta.annotation-api-2.1.1.jar;C:\Users\PHAN ANH TUAN\.m2\repository\org\apache\tomcat\embed\tomcat-embed-core\10.1.41\tomcat-embed-core-10.1.41.jar;C:\Users\PHAN ANH TUAN\.m2\repository\org\apache\tomcat\embed\tomcat-embed-el\10.1.41\tomcat-embed-el-10.1.41.jar;C:\Users\PHAN ANH TUAN\.m2\repository\org\apache\tomcat\embed\tomcat-embed-websocket\10.1.41\tomcat-embed-websocket-10.1.41.jar;C:\Users\PHAN ANH TUAN\.m2\repository\jakarta\xml\bind\jakarta.xml.bind-api\4.0.2\jakarta.xml.bind-api-4.0.2.jar;C:\Users\PHAN ANH TUAN\.m2\repository\jakarta\activation\jakarta.activation-api\2.1.3\jakarta.activation-api-2.1.3.jar;C:\Users\PHAN ANH TUAN\.m2\repository\org\springframework\spring-core\6.2.7\spring-core-6.2.7.jar;C:\Users\PHAN ANH TUAN\.m2\repository\org\springframework\spring-jcl\6.2.7\spring-jcl-6.2.7.jar;C:\Users\PHAN ANH TUAN\.m2\repository\com\mysql\mysql-connector-j\8.0.33\mysql-connector-j-8.0.33.jar;C:\Users\PHAN ANH TUAN\.m2\repository\org\apache\tomcat\embed\tomcat-embed-jasper\10.1.41\tomcat-embed-jasper-10.1.41.jar;C:\Users\PHAN ANH TUAN\.m2\repository\org\eclipse\jdt\ecj\3.33.0\ecj-3.33.0.jar;C:\Users\PHAN ANH TUAN\.m2\repository\org\springframework\boot\spring-boot-starter-thymeleaf\3.5.0\spring-boot-starter-thymeleaf-3.5.0.jar;C:\Users\PHAN ANH TUAN\.m2\repository\org\thymeleaf\thymeleaf-spring6\3.1.3.RELEASE\thymeleaf-spring6-3.1.3.RELEASE.jar;C:\Users\PHAN ANH TUAN\.m2\repository\org\thymeleaf\thymeleaf\3.1.3.RELEASE\thymeleaf-3.1.3.RELEASE.jar;C:\Users\PHAN ANH TUAN\.m2\repository\org\attoparser\attoparser\2.0.7.RELEASE\attoparser-2.0.7.RELEASE.jar;C:\Users\PHAN ANH TUAN\.m2\repository\org\unbescape\unbescape\1.1.6.RELEASE\unbescape-1.1.6.RELEASE.jar;C:\Users\PHAN ANH TUAN\.m2\repository\org\modelmapper\modelmapper\3.1.1\modelmapper-3.1.1.jar;C:\Users\PHAN ANH TUAN\.m2\repository\org\projectlombok\lombok\1.18.30\lombok-1.18.30.jar;C:\Users\PHAN ANH TUAN\.m2\repository\org\springframework\boot\spring-boot-starter-security\3.5.0\spring-boot-starter-security-3.5.0.jar;C:\Users\PHAN ANH TUAN\.m2\repository\org\springframework\spring-aop\6.2.7\spring-aop-6.2.7.jar;C:\Users\PHAN ANH TUAN\.m2\repository\org\springframework\security\spring-security-config\6.5.0\spring-security-config-6.5.0.jar;C:\Users\PHAN ANH TUAN\.m2\repository\org\springframework\security\spring-security-core\6.5.0\spring-security-core-6.5.0.jar;C:\Users\PHAN ANH TUAN\.m2\repository\org\springframework\security\spring-security-crypto\6.5.0\spring-security-crypto-6.5.0.jar;C:\Users\PHAN ANH TUAN\.m2\repository\org\springframework\security\spring-security-web\6.5.0\spring-security-web-6.5.0.jar
Launcher Type: SUN_STANDARD

[Global flags]
     intx CICompilerCount                          = 4                                         {product} {ergonomic}
     uint ConcGCThreads                            = 2                                         {product} {ergonomic}
     uint G1ConcRefinementThreads                  = 8                                         {product} {ergonomic}
   size_t G1HeapRegionSize                         = 1048576                                   {product} {ergonomic}
    uintx GCDrainStackTargetSize                   = 64                                        {product} {ergonomic}
   size_t InitialHeapSize                          = 130023424                                 {product} {ergonomic}
   size_t MarkStackSize                            = 4194304                                   {product} {ergonomic}
   size_t MaxHeapSize                              = 2080374784                                {product} {ergonomic}
   size_t MaxNewSize                               = 1247805440                                {product} {ergonomic}
   size_t MinHeapDeltaBytes                        = 1048576                                   {product} {ergonomic}
   size_t MinHeapSize                              = 8388608                                   {product} {ergonomic}
    uintx NonNMethodCodeHeapSize                   = 5839372                                {pd product} {ergonomic}
    uintx NonProfiledCodeHeapSize                  = 122909434                              {pd product} {ergonomic}
    uintx ProfiledCodeHeapSize                     = 122909434                              {pd product} {ergonomic}
    uintx ReservedCodeCacheSize                    = 251658240                              {pd product} {ergonomic}
     bool SegmentedCodeCache                       = true                                      {product} {ergonomic}
     bool ShowCodeDetailsInExceptionMessages       = true                                   {manageable} {command line}
   size_t SoftMaxHeapSize                          = 2080374784                             {manageable} {ergonomic}
     bool UseCompressedOops                        = true                           {product lp64_product} {ergonomic}
     bool UseG1GC                                  = true                                      {product} {ergonomic}
     bool UseLargePagesIndividualAllocation        = false                                  {pd product} {ergonomic}

Logging:
Log output configuration:
 #0: stdout all=warning uptime,level,tags foldmultilines=false
 #1: stderr all=off uptime,level,tags foldmultilines=false

Environment Variables:
JAVA_HOME=C:\Program Files\Java\jdk-21
PATH=C:/Program Files/Java/jdk-21/bin/server;C:/Program Files/Java/jdk-21/bin;C:\Program Files (x86)\Common Files\Oracle\Java\javapath;C:\Program Files\Apache Software Foundation\apache-maven-3.9.9\bin;C:\Program Files\Common Files\Oracle\Java\javapath;C:\Windows\system32;C:\Windows;C:\Windows\System32\Wbem;C:\Windows\System32\WindowsPowerShell\v1.0\;C:\Windows\System32\OpenSSH\;C:\Program Files (x86)\Microsoft SQL Server\160\Tools\Binn\;C:\Program Files\Microsoft SQL Server\160\Tools\Binn\;C:\Program Files\Microsoft SQL Server\Client SDK\ODBC\170\Tools\Binn\;C:\Program Files\Microsoft SQL Server\160\DTS\Binn\;C:\Program Files (x86)\Microsoft SQL Server\160\DTS\Binn\;C:\Program Files\Microsoft SQL Server\150\Tools\Binn\;C:\Program Files\Git\cmd;C:\Program Files\TortoiseGit\bin;C:\Users\PHAN ANH TUAN\AppData\Local\Microsoft\WindowsApps;C:\Users\PHAN ANH TUAN\AppData\Local\Programs\Microsoft VS Code\bin;C:\Program Files\JetBrains\IntelliJ IDEA 2025.1\bin;;C:\Windows\System32;
USERNAME=PHAN ANH TUAN
OS=Windows_NT
PROCESSOR_IDENTIFIER=Intel64 Family 6 Model 140 Stepping 1, GenuineIntel
TMP=C:\Users\PHANAN~1\AppData\Local\Temp
TEMP=C:\Users\PHANAN~1\AppData\Local\Temp




Periodic native trim disabled

---------------  S Y S T E M  ---------------

OS:
 Windows 10 , 64 bit Build 19041 (10.0.19041.5794)
OS uptime: 64 days 20:41 hours

CPU: total 8 (initial active 8) (4 cores per cpu, 2 threads per core) family 6 model 140 stepping 1 microcode 0xb8, cx8, cmov, fxsr, ht, mmx, 3dnowpref, sse, sse2, sse3, ssse3, sse4.1, sse4.2, popcnt, lzcnt, tsc, tscinvbit, avx, avx2, aes, erms, clmul, bmi1, bmi2, adx, avx512f, avx512dq, avx512cd, avx512bw, avx512vl, sha, fma, vzeroupper, avx512_vpopcntdq, avx512_vpclmulqdq, avx512_vaes, avx512_vnni, clflush, clflushopt, clwb, avx512_vbmi2, avx512_vbmi, rdtscp, rdpid, fsrm, gfni, avx512_bitalg, f16c, pku, cet_ibt, cet_ss, avx512_ifma
Processor Information for all 8 processors :
  Max Mhz: 1382, Current Mhz: 1382, Mhz Limit: 1382

Memory: 4k page, system-wide physical 7934M (1195M free)
TotalPageFile size 18208M (AvailPageFile size 4755M)
current process WorkingSet (physical memory assigned to process): 276M, peak: 406M
current process commit charge ("private bytes"): 328M, peak: 445M

vm_info: Java HotSpot(TM) 64-Bit Server VM (21.0.2+13-LTS-58) for windows-amd64 JRE (21.0.2+13-LTS-58), built on 2024-01-05T18:32:24Z by "mach5one" with MS VC++ 17.1 (VS2022)

END.
