#
# A fatal error has been detected by the Java Runtime Environment:
#
#  EXCEPTION_ACCESS_VIOLATION (0xc0000005) at pc=0x000002b2ecd5ad84, pid=11836, tid=19716
#
# JRE version: Java(TM) SE Runtime Environment (21.0.2+13) (build 21.0.2+13-LTS-58)
# Java VM: Java HotSpot(TM) 64-Bit Server VM (21.0.2+13-LTS-58, mixed mode, sharing, tiered, compressed oops, compressed class ptrs, g1 gc, windows-amd64)
# Problematic frame:
# v  ~BufferBlob::MethodHandles adapters 0x000002b2ecd5ad84
#
# No core dump will be written. Minidumps are not enabled by default on client versions of Windows
#
# If you would like to submit a bug report, please visit:
#   https://bugreport.java.com/bugreport/crash.jsp
#

---------------  S U M M A R Y ------------

Command Line: -XX:+ShowCodeDetailsInExceptionMessages -agentlib:jdwp=transport=dt_socket,suspend=y,address=localhost:50433 -javaagent:D:\EclipseIDE\eclipse\configuration\org.eclipse.osgi\446\0\.cp\lib\javaagent-shaded.jar -Dfile.encoding=UTF-8 -Dstdout.encoding=UTF-8 -Dstderr.encoding=UTF-8 com.web.ShopwebApplication

Host: 11th Gen Intel(R) Core(TM) i5-1135G7 @ 2.40GHz, 8 cores, 7G,  Windows 10 , 64 bit Build 19041 (10.0.19041.5794)
Time: Tue Aug  5 22:39:03 2025 SE Asia Standard Time elapsed time: 1779.063979 seconds (0d 0h 29m 39s)

---------------  T H R E A D  ---------------

Current thread (0x000002b2c3269bd0):  JavaThread "http-nio-8088-exec-2" daemon [_thread_in_Java, id=19716, stack(0x000000e812800000,0x000000e812900000) (1024K)]

Stack: [0x000000e812800000,0x000000e812900000],  sp=0x000000e8128fb838,  free space=1006k
Native frames: (J=compiled Java code, j=interpreted, Vv=VM code, C=native code)
C  0x000002b2ecd5ad84

The last pc belongs to _linkToVirtual (printed below).

siginfo: EXCEPTION_ACCESS_VIOLATION (0xc0000005), reading address 0xffffffffffffffff


Registers:
RAX=0x000002b2ecd2969f, RBX=0x00000000875000a0, RCX=0x000000e8128fb848, RDX=0x0000000000000003
RSP=0x000000e8128fb838, RBP=0x000000e8128fb890, RSI=0x000002b2c2e4e818, RDI=0x000002b2c69fcb00
R8 =0x0000000000000004, R9 =0x0000000000000004, R10=0x000002b37aa20273, R11=0x875dc71084402080
R12=0x0000000000000000, R13=0x000000e8128fb838, R14=0x000000e8128fb8b8, R15=0x000002b2c3269bd0
RIP=0x000002b2ecd5ad84, EFLAGS=0x0000000000010202


Register to memory mapping:

RAX=0x000002b2ecd2969f is at code_begin+4639 in an Interpreter codelet
return entry points  [0x000002b2ecd28480, 0x000002b2ecd2a550]  8400 bytes
RBX=0x00000000875000a0 is an oop: com.web.model.request.OrderRequest 
{0x00000000875000a0} - klass: 'com/web/model/request/OrderRequest'
 - ---- fields (total size 4 words):
 - private 'isChecked' 'Z' @12  false (0x00)
 - private 'userId' 'Ljava/lang/Long;' @16  a 'java/lang/Long'{0x0000000084402080} = 40 (0x84402080)
 - private 'productId' 'Ljava/util/List;' @20  a 'java/util/ArrayList'{0x00000000875dc710} (0x875dc710)
 - private 'quantity' 'Ljava/lang/Long;' @24  null (0x00000000)
RCX=0x000000e8128fb848 is pointing into the stack for thread: 0x000002b2c3269bd0
RDX=0x0000000000000003 is an unknown value
RSP=0x000000e8128fb838 is pointing into the stack for thread: 0x000002b2c3269bd0
RBP=0x000000e8128fb890 is pointing into the stack for thread: 0x000002b2c3269bd0
RSI=0x000002b2c2e4e818 points into unknown readable memory: 0x8000010031b8a41d | 1d a4 b8 31 00 01 00 80
RDI=0x000002b2c69fcb00 points into unknown readable memory: 0x0000002000000070 | 70 00 00 00 20 00 00 00
R8 =0x0000000000000004 is an unknown value
R9 =0x0000000000000004 is an unknown value
R10=0x000002b37aa20273 is an unknown value
R11=0x875dc71084402080 is an unknown value
R12=0x0 is null
R13=0x000000e8128fb838 is pointing into the stack for thread: 0x000002b2c3269bd0
R14=0x000000e8128fb8b8 is pointing into the stack for thread: 0x000002b2c3269bd0
R15=0x000002b2c3269bd0 is a thread

Top of Stack: (sp=0x000000e8128fb838)
0x000000e8128fb838:   000002b2ecd2969f 00000000867cf6f8
0x000000e8128fb848:   000000e8128fb848 000002b2faa20273
0x000000e8128fb858:   0000000000000005 000002b2faa203c0
0x000000e8128fb868:   000002b2faa20688 0000000084902e88
0x000000e8128fb878:   000002b2faa20280 000000e8128fb838
0x000000e8128fb888:   000000e8128fb8c0 000000008940d1a8
0x000000e8128fb898:   000002b2e68a72c7 0000000087500148
0x000000e8128fb8a8:   00000000875000a0 00000000867cf6f8
0x000000e8128fb8b8:   0000000087500120 000002b2fbe05038
0x000000e8128fb8c8:   000002b2ed2e8529 0000000000000000
0x000000e8128fb8d8:   000002b2800440c8 0000000087500178
0x000000e8128fb8e8:   00000000867cf6f8 00000000875001a8
0x000000e8128fb8f8:   00000000875000a0 00000000875000a0
0x000000e8128fb908:   00000000875001d0 0000000087500120
0x000000e8128fb918:   00000000867cf6f8 000002b2e68a7164
0x000000e8128fb928:   0000000000000000 00000000875000a0
0x000000e8128fb938:   000002b2ed863d1c 000002b2ecd2a3bf
0x000000e8128fb948:   000000008940d6e8 000000008940d6b0
0x000000e8128fb958:   000000008940d618 0000000087500178
0x000000e8128fb968:   0000000086b25ec0 0000000089404d38
0x000000e8128fb978:   0000000085824828 00000000875001f8
0x000000e8128fb988:   00000000892ead58 000000e8128fb990
0x000000e8128fb998:   00000000867cf708 00000000867cf6f8
0x000000e8128fb9a8:   000002b2fdef0d08 0000000000000000
0x000000e8128fb9b8:   00000000867cf6f8 00000000867cf6f8
0x000000e8128fb9c8:   0000000087500218 0000000089404d38
0x000000e8128fb9d8:   000002b2fdccda68 0000000000000002
0x000000e8128fb9e8:   000002b2fdcd3a90 0000000000000000
0x000000e8128fb9f8:   000000008579cfb0 000002b2fdccda80
0x000000e8128fba08:   000002b2ed862528 000000e8128fba80
0x000000e8128fba18:   000002b2ecd2969f 0000000089404d38
0x000000e8128fba28:   0000000086b25ec0 00000000872ee370 

Instructions: (pc=0x000002b2ecd5ad84)
0x000002b2ecd5ac84:   00 00 00 00 01 00 00 00 00 00 00 00 60 4f 8e 9c
0x000002b2ecd5ac94:   f8 7f 00 00 00 ad d5 ec b2 02 00 00 80 bd d5 ec
0x000002b2ecd5aca4:   b2 02 00 00 00 ad d5 ec b2 02 00 00 80 bd d5 ec
0x000002b2ecd5acb4:   b2 02 00 00 f0 ac d5 ec b2 02 00 00 f0 ac d5 ec
0x000002b2ecd5acc4:   b2 02 00 00 00 00 00 00 00 00 00 00 f8 4f 8e 9c
0x000002b2ecd5acd4:   f8 7f 00 00 f0 10 00 00 60 00 00 00 ff ff ff ff
0x000002b2ecd5ace4:   f0 10 00 00 00 00 00 00 00 00 00 00 00 00 00 00
0x000002b2ecd5acf4:   00 00 00 00 00 00 00 00 00 00 00 00 f4 66 66 66
0x000002b2ecd5ad04:   0f 1f 84 00 00 00 00 00 66 66 66 90 66 66 66 0f
0x000002b2ecd5ad14:   1f 84 00 00 00 00 00 66 66 66 90 90 48 8b 53 08
0x000002b2ecd5ad24:   0f b7 52 2e 48 8b 0c d4 8b 59 14 8b 5b 28 8b 5b
0x000002b2ecd5ad34:   24 48 8b 5b 10 48 85 db 0f 84 10 00 00 00 41 80
0x000002b2ecd5ad44:   bf e0 05 00 00 00 74 03 ff 63 38 ff 63 50 e9 a9
0x000002b2ecd5ad54:   16 00 00 66 0f 1f 84 00 00 00 00 00 48 8b 53 08
0x000002b2ecd5ad64:   0f b7 52 2e 48 8b 0c d4 58 5b 50 44 8b 51 08 49
0x000002b2ecd5ad74:   bb 00 00 00 80 b2 02 00 00 4d 03 d3 4c 8b 5b 10
0x000002b2ecd5ad84:   4b 8b 9c da c8 01 00 00 48 85 db 0f 84 10 00 00
0x000002b2ecd5ad94:   00 41 80 bf e0 05 00 00 00 74 03 ff 63 38 ff 63
0x000002b2ecd5ada4:   50 e9 56 16 00 00 66 66 66 0f 1f 84 00 00 00 00
0x000002b2ecd5adb4:   00 66 66 66 90 0f 1f 80 00 00 00 00 58 5b 50 8b
0x000002b2ecd5adc4:   5b 24 48 8b 5b 10 48 85 db 0f 84 10 00 00 00 41
0x000002b2ecd5add4:   80 bf e0 05 00 00 00 74 03 ff 63 38 ff 63 50 e9
0x000002b2ecd5ade4:   18 16 00 00 66 66 66 0f 1f 84 00 00 00 00 00 66
0x000002b2ecd5adf4:   66 66 90 66 0f 1f 84 00 00 00 00 00 48 8b 53 08
0x000002b2ecd5ae04:   0f b7 52 2e 48 8b 0c d4 58 5b 50 48 3b 01 8b 5b
0x000002b2ecd5ae14:   24 48 8b 5b 10 48 85 db 0f 84 10 00 00 00 41 80
0x000002b2ecd5ae24:   bf e0 05 00 00 00 74 03 ff 63 38 ff 63 50 e9 c9
0x000002b2ecd5ae34:   15 00 00 66 0f 1f 84 00 00 00 00 00 48 8b 53 08
0x000002b2ecd5ae44:   0f b7 52 2e 48 8b 0c d4 58 5b 50 44 8b 51 08 49
0x000002b2ecd5ae54:   bb 00 00 00 80 b2 02 00 00 4d 03 d3 8b 43 18 48
0x000002b2ecd5ae64:   8b 40 10 48 8b 5b 10 45 8b 9a a0 00 00 00 4f 8d
0x000002b2ecd5ae74:   9c da c8 01 00 00 4d 8d 14 da 49 8b 1b 48 3b c3 


Stack slot to memory mapping:

stack at sp + 0 slots: 0x000002b2ecd2969f is at code_begin+4639 in an Interpreter codelet
return entry points  [0x000002b2ecd28480, 0x000002b2ecd2a550]  8400 bytes
stack at sp + 1 slots: 0x00000000867cf6f8 is an oop: com.web.api.web.OrderProductAPI 
{0x00000000867cf6f8} - klass: 'com/web/api/web/OrderProductAPI'
 - ---- fields (total size 2 words):
 - private 'cartService' 'Lcom/web/service/web/CartService;' @12  a 'com/web/service/web/impl/CartServiceImpl'{0x00000000867cf6d8} (0x867cf6d8)
stack at sp + 2 slots: 0x000000e8128fb848 is pointing into the stack for thread: 0x000002b2c3269bd0
stack at sp + 3 slots: 0x000002b2faa20273 is pointing into metadata
stack at sp + 4 slots: 0x0000000000000005 is an unknown value
stack at sp + 5 slots: 0x000002b2faa203c0 is pointing into metadata
stack at sp + 6 slots: 0x000002b2faa20688 is pointing into metadata
stack at sp + 7 slots: 0x0000000084902e88 is an oop: java.lang.Class 
{0x0000000084902e88} - klass: 'java/lang/Class'
 - ---- fields (total size 15 words):
 - private volatile transient 'classRedefinedCount' 'I' @12  0 (0x00000000)
 - injected 'klass' 'J' @16  2965693251584 (0x000002b28117c000)
 - injected 'array_klass' 'J' @24  0 (0x0000000000000000)
 - injected 'oop_size' 'I' @32  15 (0x0000000f)
 - injected 'static_oop_field_count' 'I' @36  1 (0x00000001)
 - private volatile transient 'cachedConstructor' 'Ljava/lang/reflect/Constructor;' @40  null (0x00000000)
 - private transient 'name' 'Ljava/lang/String;' @44  null (0x00000000)
 - private transient 'module' 'Ljava/lang/Module;' @48  a 'java/lang/Module'{0x00000000845583d0} (0x845583d0)
 - private final 'classLoader' 'Ljava/lang/ClassLoader;' @52  null (0x00000000)
 - private transient 'classData' 'Ljava/lang/Object;' @56  a 'java/lang/invoke/LambdaForm'{0x0000000084c29ef0} => a 'java/lang/invoke/MemberName'{0x0000000084c2a020} = {method} {0x000002b2faa20288} 'invokeVirtual' '(Ljava/lang/Object;Ljava/lang/Object;Ljava/lang/Object;)Ljava/lang/Object;' in 'java/lang/invoke/LambdaForm$DMH+0x000002b28117c000' (0x84c29ef0)
 - private transient 'packageName' 'Ljava/lang/String;' @60  null (0x00000000)
 - private final 'componentType' 'Ljava/lang/Class;' @64  null (0x00000000)
 - private volatile transient 'reflectionData' 'Ljava/lang/ref/SoftReference;' @68  null (0x00000000)
 - private volatile transient 'genericInfo' 'Lsun/reflect/generics/repository/ClassRepository;' @72  null (0x00000000)
 - private volatile transient 'enumConstants' '[Ljava/lang/Object;' @76  null (0x00000000)
 - private volatile transient 'enumConstantDirectory' 'Ljava/util/Map;' @80  null (0x00000000)
 - private volatile transient 'annotationData' 'Ljava/lang/Class$AnnotationData;' @84  null (0x00000000)
 - private volatile transient 'annotationType' 'Lsun/reflect/annotation/AnnotationType;' @88  null (0x00000000)
 - transient 'classValueMap' 'Ljava/lang/ClassValue$ClassValueMap;' @92  null (0x00000000)
 - injected 'protection_domain' 'Ljava/lang/Object;' @96  null (0x00000000)
 - injected 'signers_name' 'Ljava/lang/Object;' @100  null (0x00000000)
 - injected 'source_file' 'Ljava/lang/Object;' @104  null (0x00000000)
 - signature: Ljava/lang/invoke/LambdaForm$DMH+0x000002b28117c000;
 - ---- static fields (1):
 - static final '_D_0' 'Ljava/lang/invoke/LambdaForm;' @112  a 'java/lang/invoke/LambdaForm'{0x0000000084c29ef0} => a 'java/lang/invoke/MemberName'{0x0000000084c2a020} = {method} {0x000002b2faa20288} 'invokeVirtual' '(Ljava/lang/Object;Ljava/lang/Object;Ljava/lang/Object;)Ljava/lang/Object;' in 'java/lang/invoke/LambdaForm$DMH+0x000002b28117c000' (0x84c29ef0)

MethodHandle::interpreter_entry::_linkToVirtual [0x000002b2ecd5ad57, 0x000002b2ecd5adaa] (83 bytes)
[MachCode]
  0x000002b2ecd5ad57: 660f 1f84 | 0000 0000 | 0048 8b53 | 080f b752 | 2e48 8b0c | d458 5b50 | 448b 5108 | 49bb 0000 
  0x000002b2ecd5ad77: 0080 b202 | 0000 4d03 | d34c 8b5b | 104b 8b9c | dac8 0100 | 0048 85db | 0f84 1000 | 0000 4180 
  0x000002b2ecd5ad97: bfe0 0500 | 0000 7403 | ff63 38ff | 6350 e956 | 
[/MachCode]

---------------  P R O C E S S  ---------------

Threads class SMR info:
_java_thread_list=0x000002b2c5de4320, length=33, elements={
0x000002b2f9c3b380, 0x000002b2f9c3c0a0, 0x000002b2f9c3def0, 0x000002b2f9c3e950,
0x000002b2f9c3f3b0, 0x000002b2f9c41e20, 0x000002b2f9c503a0, 0x000002b2f9c56e70,
0x000002b2fe0ef5c0, 0x000002b2fe1fdfe0, 0x000002b2fe1b1590, 0x000002b2fe2e9fe0,
0x000002b2fe99b7a0, 0x000002b2c5015ea0, 0x000002b2c5018600, 0x000002b2c18e84e0,
0x000002b2c326f7b0, 0x000002b2c326d6e0, 0x000002b2c326dd70, 0x000002b2c326fe40,
0x000002b2c326ea90, 0x000002b2c326c9c0, 0x000002b2c3269bd0, 0x000002b2c326af80,
0x000002b2c326a260, 0x000002b2c326a8f0, 0x000002b2c326b610, 0x000002b2c326bca0,
0x000002b2c18e5d80, 0x000002b2c18e6aa0, 0x000002b2c18e2270, 0x000002b2c18e77c0,
0x000002b2c18e1550
}

Java Threads: ( => current thread )
  0x000002b2f9c3b380 JavaThread "Reference Handler"          daemon [_thread_blocked, id=18596, stack(0x000000e810a00000,0x000000e810b00000) (1024K)]
  0x000002b2f9c3c0a0 JavaThread "Finalizer"                  daemon [_thread_blocked, id=18376, stack(0x000000e810b00000,0x000000e810c00000) (1024K)]
  0x000002b2f9c3def0 JavaThread "Signal Dispatcher"          daemon [_thread_blocked, id=21324, stack(0x000000e810c00000,0x000000e810d00000) (1024K)]
  0x000002b2f9c3e950 JavaThread "Attach Listener"            daemon [_thread_blocked, id=23316, stack(0x000000e810d00000,0x000000e810e00000) (1024K)]
  0x000002b2f9c3f3b0 JavaThread "Service Thread"             daemon [_thread_blocked, id=7336, stack(0x000000e810e00000,0x000000e810f00000) (1024K)]
  0x000002b2f9c41e20 JavaThread "Monitor Deflation Thread"   daemon [_thread_blocked, id=22728, stack(0x000000e810f00000,0x000000e811000000) (1024K)]
  0x000002b2f9c503a0 JavaThread "C2 CompilerThread0"         daemon [_thread_blocked, id=22400, stack(0x000000e811000000,0x000000e811100000) (1024K)]
  0x000002b2f9c56e70 JavaThread "C1 CompilerThread0"         daemon [_thread_blocked, id=8348, stack(0x000000e811100000,0x000000e811200000) (1024K)]
  0x000002b2fe0ef5c0 JavaThread "Common-Cleaner"             daemon [_thread_blocked, id=2036, stack(0x000000e811200000,0x000000e811300000) (1024K)]
  0x000002b2fe1fdfe0 JavaThread "JDWP Transport Listener: dt_socket" daemon [_thread_blocked, id=20868, stack(0x000000e811300000,0x000000e811400000) (1024K)]
  0x000002b2fe1b1590 JavaThread "JDWP Event Helper Thread"   daemon [_thread_blocked, id=1108, stack(0x000000e811400000,0x000000e811500000) (1024K)]
  0x000002b2fe2e9fe0 JavaThread "JDWP Command Reader"        daemon [_thread_in_native, id=4728, stack(0x000000e811500000,0x000000e811600000) (1024K)]
  0x000002b2fe99b7a0 JavaThread "Notification Thread"        daemon [_thread_blocked, id=12508, stack(0x000000e811700000,0x000000e811800000) (1024K)]
  0x000002b2c5015ea0 JavaThread "mysql-cj-abandoned-connection-cleanup" daemon [_thread_blocked, id=14328, stack(0x000000e812600000,0x000000e812700000) (1024K)]
  0x000002b2c5018600 JavaThread "Live Reload Server"         daemon [_thread_in_native, id=2480, stack(0x000000e812c00000,0x000000e812d00000) (1024K)]
  0x000002b2c18e84e0 JavaThread "DestroyJavaVM"                     [_thread_blocked, id=9460, stack(0x000000e810200000,0x000000e810300000) (1024K)]
  0x000002b2c326f7b0 JavaThread "Catalina-utility-1"                [_thread_blocked, id=17180, stack(0x000000e812000000,0x000000e812100000) (1024K)]
  0x000002b2c326d6e0 JavaThread "Catalina-utility-2"                [_thread_blocked, id=14904, stack(0x000000e812100000,0x000000e812200000) (1024K)]
  0x000002b2c326dd70 JavaThread "container-0"                       [_thread_blocked, id=4180, stack(0x000000e812300000,0x000000e812400000) (1024K)]
  0x000002b2c326fe40 JavaThread "HikariPool-7:housekeeper"   daemon [_thread_blocked, id=1404, stack(0x000000e812400000,0x000000e812500000) (1024K)]
  0x000002b2c326ea90 JavaThread "File Watcher"               daemon [_thread_blocked, id=13212, stack(0x000000e811f00000,0x000000e812000000) (1024K)]
  0x000002b2c326c9c0 JavaThread "http-nio-8088-exec-1"       daemon [_thread_blocked, id=16068, stack(0x000000e812700000,0x000000e812800000) (1024K)]
=>0x000002b2c3269bd0 JavaThread "http-nio-8088-exec-2"       daemon [_thread_in_Java, id=19716, stack(0x000000e812800000,0x000000e812900000) (1024K)]
  0x000002b2c326af80 JavaThread "http-nio-8088-exec-3"       daemon [_thread_blocked, id=17268, stack(0x000000e812900000,0x000000e812a00000) (1024K)]
  0x000002b2c326a260 JavaThread "http-nio-8088-exec-4"       daemon [_thread_blocked, id=684, stack(0x000000e812a00000,0x000000e812b00000) (1024K)]
  0x000002b2c326a8f0 JavaThread "http-nio-8088-exec-5"       daemon [_thread_blocked, id=6188, stack(0x000000e812b00000,0x000000e812c00000) (1024K)]
  0x000002b2c326b610 JavaThread "http-nio-8088-exec-6"       daemon [_thread_blocked, id=8656, stack(0x000000e812d00000,0x000000e812e00000) (1024K)]
  0x000002b2c326bca0 JavaThread "http-nio-8088-exec-7"       daemon [_thread_blocked, id=8048, stack(0x000000e812e00000,0x000000e812f00000) (1024K)]
  0x000002b2c18e5d80 JavaThread "http-nio-8088-exec-8"       daemon [_thread_blocked, id=8808, stack(0x000000e812f00000,0x000000e813000000) (1024K)]
  0x000002b2c18e6aa0 JavaThread "http-nio-8088-exec-9"       daemon [_thread_blocked, id=21820, stack(0x000000e813000000,0x000000e813100000) (1024K)]
  0x000002b2c18e2270 JavaThread "http-nio-8088-exec-10"      daemon [_thread_blocked, id=18508, stack(0x000000e813100000,0x000000e813200000) (1024K)]
  0x000002b2c18e77c0 JavaThread "http-nio-8088-Poller"       daemon [_thread_in_native, id=8976, stack(0x000000e813200000,0x000000e813300000) (1024K)]
  0x000002b2c18e1550 JavaThread "http-nio-8088-Acceptor"     daemon [_thread_in_native, id=19112, stack(0x000000e813300000,0x000000e813400000) (1024K)]
Total: 33

Other Threads:
  0x000002b2db1da3f0 VMThread "VM Thread"                           [id=19472, stack(0x000000e810900000,0x000000e810a00000) (1024K)]
  0x000002b2f9c01f50 WatcherThread "VM Periodic Task Thread"        [id=3304, stack(0x000000e810800000,0x000000e810900000) (1024K)]
  0x000002b2db1da050 WorkerThread "GC Thread#0"                     [id=19128, stack(0x000000e810300000,0x000000e810400000) (1024K)]
  0x000002b2db1d9910 WorkerThread "GC Thread#1"                     [id=19620, stack(0x000000e811800000,0x000000e811900000) (1024K)]
  0x000002b2db1dab30 WorkerThread "GC Thread#2"                     [id=2960, stack(0x000000e811900000,0x000000e811a00000) (1024K)]
  0x000002b2fec7ca60 WorkerThread "GC Thread#3"                     [id=16640, stack(0x000000e811a00000,0x000000e811b00000) (1024K)]
  0x000002b2fec7bf80 WorkerThread "GC Thread#4"                     [id=21052, stack(0x000000e811b00000,0x000000e811c00000) (1024K)]
  0x000002b2fec7bbe0 WorkerThread "GC Thread#5"                     [id=8820, stack(0x000000e811c00000,0x000000e811d00000) (1024K)]
  0x000002b2fec7b840 WorkerThread "GC Thread#6"                     [id=18284, stack(0x000000e811d00000,0x000000e811e00000) (1024K)]
  0x000002b2fec7ce00 WorkerThread "GC Thread#7"                     [id=13332, stack(0x000000e811e00000,0x000000e811f00000) (1024K)]
  0x000002b2dd40e010 ConcurrentGCThread "G1 Main Marker"            [id=22916, stack(0x000000e810400000,0x000000e810500000) (1024K)]
  0x000002b2db1d9cb0 WorkerThread "G1 Conc#0"                       [id=20360, stack(0x000000e810500000,0x000000e810600000) (1024K)]
  0x000002b2fec7c6c0 WorkerThread "G1 Conc#1"                       [id=7228, stack(0x000000e812200000,0x000000e812300000) (1024K)]
  0x000002b2f9ad1570 ConcurrentGCThread "G1 Refine#0"               [id=11868, stack(0x000000e810600000,0x000000e810700000) (1024K)]
  0x000002b2f9ad1d90 ConcurrentGCThread "G1 Service"                [id=7912, stack(0x000000e810700000,0x000000e810800000) (1024K)]
Total: 15

Threads with active compile tasks:
Total: 0

VM state: not at safepoint (normal execution)

VM Mutex/Monitor currently owned by a thread: None

OutOfMemory and StackOverflow Exception counts:
StackOverflowErrors=6
LinkageErrors=202

Heap address: 0x0000000084000000, size: 1984 MB, Compressed Oops mode: 32-bit

CDS archive(s) mapped at: [0x000002b280000000-0x000002b280c90000-0x000002b280c90000), size 13172736, SharedBaseAddress: 0x000002b280000000, ArchiveRelocationMode: 1.
Compressed class space mapped at: 0x000002b281000000-0x000002b2c1000000, reserved size: 1073741824
Narrow klass base: 0x000002b280000000, Narrow klass shift: 0, Narrow klass range: 0x100000000

GC Precious Log:
 CardTable entry size: 512
 Card Set container configuration: InlinePtr #cards 5 size 8 Array Of Cards #cards 12 size 40 Howl #buckets 4 coarsen threshold 1843 Howl Bitmap #cards 512 size 80 coarsen threshold 460 Card regions per heap region 1 cards per card region 2048
 CPUs: 8 total, 8 available
 Memory: 7934M
 Large Page Support: Disabled
 NUMA Support: Disabled
 Compressed Oops: Enabled (32-bit)
 Heap Region Size: 1M
 Heap Min Capacity: 8M
 Heap Initial Capacity: 124M
 Heap Max Capacity: 1984M
 Pre-touch: Disabled
 Parallel Workers: 8
 Concurrent Workers: 2
 Concurrent Refinement Workers: 8
 Periodic GC: Disabled

Heap:
 garbage-first heap   total 97280K, used 46709K [0x0000000084000000, 0x0000000100000000)
  region size 1024K, 6 young (6144K), 1 survivors (1024K)
 Metaspace       used 93828K, committed 94720K, reserved 1179648K
  class space    used 11741K, committed 12160K, reserved 1048576K

Heap Regions: E=young(eden), S=young(survivor), O=old, HS=humongous(starts), HC=humongous(continues), CS=collection set, F=free, TAMS=top-at-mark-start, PB=parsable bottom
|   0|0x0000000084000000, 0x0000000084100000, 0x0000000084100000|100%|HS|  |TAMS 0x0000000084000000| PB 0x0000000084000000| Complete 
|   1|0x0000000084100000, 0x0000000084200000, 0x0000000084200000|100%|HS|  |TAMS 0x0000000084100000| PB 0x0000000084100000| Complete 
|   2|0x0000000084200000, 0x0000000084300000, 0x0000000084300000|100%| O|  |TAMS 0x0000000084200000| PB 0x0000000084200000| Untracked 
|   3|0x0000000084300000, 0x0000000084400000, 0x0000000084400000|100%| O|  |TAMS 0x0000000084300000| PB 0x0000000084300000| Untracked 
|   4|0x0000000084400000, 0x0000000084500000, 0x0000000084500000|100%| O|  |TAMS 0x0000000084400000| PB 0x0000000084400000| Untracked 
|   5|0x0000000084500000, 0x0000000084600000, 0x0000000084600000|100%| O|  |TAMS 0x0000000084500000| PB 0x0000000084500000| Untracked 
|   6|0x0000000084600000, 0x0000000084700000, 0x0000000084700000|100%| O|  |TAMS 0x0000000084600000| PB 0x0000000084600000| Untracked 
|   7|0x0000000084700000, 0x00000000847ffff0, 0x0000000084800000| 99%| O|  |TAMS 0x0000000084700000| PB 0x0000000084700000| Untracked 
|   8|0x0000000084800000, 0x00000000848fffe8, 0x0000000084900000| 99%| O|  |TAMS 0x0000000084800000| PB 0x0000000084800000| Untracked 
|   9|0x0000000084900000, 0x00000000849fffb0, 0x0000000084a00000| 99%| O|  |TAMS 0x0000000084900000| PB 0x0000000084900000| Untracked 
|  10|0x0000000084a00000, 0x0000000084afffb8, 0x0000000084b00000| 99%| O|  |TAMS 0x0000000084a00000| PB 0x0000000084a00000| Untracked 
|  11|0x0000000084b00000, 0x0000000084bfffa0, 0x0000000084c00000| 99%| O|  |TAMS 0x0000000084b00000| PB 0x0000000084b00000| Untracked 
|  12|0x0000000084c00000, 0x0000000084d00000, 0x0000000084d00000|100%| O|  |TAMS 0x0000000084c00000| PB 0x0000000084c00000| Untracked 
|  13|0x0000000084d00000, 0x0000000084e00000, 0x0000000084e00000|100%| O|  |TAMS 0x0000000084d00000| PB 0x0000000084d00000| Untracked 
|  14|0x0000000084e00000, 0x0000000084efad70, 0x0000000084f00000| 97%| O|  |TAMS 0x0000000084e00000| PB 0x0000000084e00000| Untracked 
|  15|0x0000000084f00000, 0x0000000084ffffe8, 0x0000000085000000| 99%| O|  |TAMS 0x0000000084f00000| PB 0x0000000084f00000| Untracked 
|  16|0x0000000085000000, 0x00000000850ff528, 0x0000000085100000| 99%| O|  |TAMS 0x0000000085000000| PB 0x0000000085000000| Untracked 
|  17|0x0000000085100000, 0x00000000851fff38, 0x0000000085200000| 99%| O|  |TAMS 0x0000000085100000| PB 0x0000000085100000| Untracked 
|  18|0x0000000085200000, 0x00000000852fffc0, 0x0000000085300000| 99%| O|  |TAMS 0x0000000085200000| PB 0x0000000085200000| Untracked 
|  19|0x0000000085300000, 0x00000000853fffa8, 0x0000000085400000| 99%| O|  |TAMS 0x0000000085300000| PB 0x0000000085300000| Untracked 
|  20|0x0000000085400000, 0x00000000854fe468, 0x0000000085500000| 99%| O|  |TAMS 0x0000000085400000| PB 0x0000000085400000| Untracked 
|  21|0x0000000085500000, 0x00000000855fffe8, 0x0000000085600000| 99%| O|  |TAMS 0x0000000085500000| PB 0x0000000085500000| Untracked 
|  22|0x0000000085600000, 0x00000000856fffb8, 0x0000000085700000| 99%| O|  |TAMS 0x0000000085600000| PB 0x0000000085600000| Untracked 
|  23|0x0000000085700000, 0x00000000857ffff8, 0x0000000085800000| 99%| O|  |TAMS 0x0000000085700000| PB 0x0000000085700000| Untracked 
|  24|0x0000000085800000, 0x0000000085900000, 0x0000000085900000|100%| O|  |TAMS 0x0000000085800000| PB 0x0000000085800000| Untracked 
|  25|0x0000000085900000, 0x0000000085a00000, 0x0000000085a00000|100%| O|  |TAMS 0x0000000085900000| PB 0x0000000085900000| Untracked 
|  26|0x0000000085a00000, 0x0000000085afffe8, 0x0000000085b00000| 99%| O|  |TAMS 0x0000000085a00000| PB 0x0000000085a00000| Untracked 
|  27|0x0000000085b00000, 0x0000000085c00000, 0x0000000085c00000|100%| O|  |TAMS 0x0000000085b00000| PB 0x0000000085b00000| Untracked 
|  28|0x0000000085c00000, 0x0000000085cffff0, 0x0000000085d00000| 99%| O|  |TAMS 0x0000000085c00000| PB 0x0000000085c00000| Untracked 
|  29|0x0000000085d00000, 0x0000000085debc50, 0x0000000085e00000| 92%| O|  |TAMS 0x0000000085d00000| PB 0x0000000085d00000| Untracked 
|  30|0x0000000085e00000, 0x0000000085ee8298, 0x0000000085f00000| 90%| O|  |TAMS 0x0000000085e00000| PB 0x0000000085e00000| Untracked 
|  31|0x0000000085f00000, 0x0000000085fff490, 0x0000000086000000| 99%| O|  |TAMS 0x0000000085f00000| PB 0x0000000085f00000| Untracked 
|  32|0x0000000086000000, 0x0000000086100000, 0x0000000086100000|100%| O|  |TAMS 0x0000000086000000| PB 0x0000000086000000| Untracked 
|  33|0x0000000086100000, 0x0000000086173168, 0x0000000086200000| 44%| O|  |TAMS 0x0000000086100000| PB 0x0000000086100000| Untracked 
|  34|0x0000000086200000, 0x0000000086300000, 0x0000000086300000|100%| O|  |TAMS 0x0000000086200000| PB 0x0000000086200000| Untracked 
|  35|0x0000000086300000, 0x0000000086400000, 0x0000000086400000|100%| O|  |TAMS 0x0000000086300000| PB 0x0000000086300000| Untracked 
|  36|0x0000000086400000, 0x000000008644d800, 0x0000000086500000| 30%| O|  |TAMS 0x0000000086400000| PB 0x0000000086400000| Untracked 
|  37|0x0000000086500000, 0x0000000086500000, 0x0000000086600000|  0%| F|  |TAMS 0x0000000086500000| PB 0x0000000086500000| Untracked 
|  38|0x0000000086600000, 0x0000000086700000, 0x0000000086700000|100%| O|  |TAMS 0x0000000086600000| PB 0x0000000086600000| Untracked 
|  39|0x0000000086700000, 0x0000000086800000, 0x0000000086800000|100%| O|  |TAMS 0x0000000086700000| PB 0x0000000086700000| Untracked 
|  40|0x0000000086800000, 0x0000000086900000, 0x0000000086900000|100%| O|  |TAMS 0x0000000086800000| PB 0x0000000086800000| Untracked 
|  41|0x0000000086900000, 0x0000000086a00000, 0x0000000086a00000|100%| O|  |TAMS 0x0000000086900000| PB 0x0000000086900000| Untracked 
|  42|0x0000000086a00000, 0x0000000086b00000, 0x0000000086b00000|100%| O|  |TAMS 0x0000000086a00000| PB 0x0000000086a00000| Untracked 
|  43|0x0000000086b00000, 0x0000000086b00000, 0x0000000086c00000|  0%| F|  |TAMS 0x0000000086b00000| PB 0x0000000086b00000| Untracked 
|  44|0x0000000086c00000, 0x0000000086c00000, 0x0000000086d00000|  0%| F|  |TAMS 0x0000000086c00000| PB 0x0000000086c00000| Untracked 
|  45|0x0000000086d00000, 0x0000000086d215f0, 0x0000000086e00000| 13%| O|  |TAMS 0x0000000086d00000| PB 0x0000000086d00000| Untracked 
|  46|0x0000000086e00000, 0x0000000086e00000, 0x0000000086f00000|  0%| F|  |TAMS 0x0000000086e00000| PB 0x0000000086e00000| Untracked 
|  47|0x0000000086f00000, 0x0000000086f00000, 0x0000000087000000|  0%| F|  |TAMS 0x0000000086f00000| PB 0x0000000086f00000| Untracked 
|  48|0x0000000087000000, 0x0000000087000000, 0x0000000087100000|  0%| F|  |TAMS 0x0000000087000000| PB 0x0000000087000000| Untracked 
|  49|0x0000000087100000, 0x0000000087100000, 0x0000000087200000|  0%| F|  |TAMS 0x0000000087100000| PB 0x0000000087100000| Untracked 
|  50|0x0000000087200000, 0x0000000087200000, 0x0000000087300000|  0%| F|  |TAMS 0x0000000087200000| PB 0x0000000087200000| Untracked 
|  51|0x0000000087300000, 0x0000000087300000, 0x0000000087400000|  0%| F|  |TAMS 0x0000000087300000| PB 0x0000000087300000| Untracked 
|  52|0x0000000087400000, 0x0000000087400000, 0x0000000087500000|  0%| F|  |TAMS 0x0000000087400000| PB 0x0000000087400000| Untracked 
|  53|0x0000000087500000, 0x00000000875efda0, 0x0000000087600000| 93%| S|CS|TAMS 0x0000000087500000| PB 0x0000000087500000| Complete 
|  54|0x0000000087600000, 0x0000000087600000, 0x0000000087700000|  0%| F|  |TAMS 0x0000000087600000| PB 0x0000000087600000| Untracked 
|  55|0x0000000087700000, 0x0000000087700000, 0x0000000087800000|  0%| F|  |TAMS 0x0000000087700000| PB 0x0000000087700000| Untracked 
|  56|0x0000000087800000, 0x0000000087800000, 0x0000000087900000|  0%| F|  |TAMS 0x0000000087800000| PB 0x0000000087800000| Untracked 
|  57|0x0000000087900000, 0x0000000087900000, 0x0000000087a00000|  0%| F|  |TAMS 0x0000000087900000| PB 0x0000000087900000| Untracked 
|  58|0x0000000087a00000, 0x0000000087a00000, 0x0000000087b00000|  0%| F|  |TAMS 0x0000000087a00000| PB 0x0000000087a00000| Untracked 
|  59|0x0000000087b00000, 0x0000000087b00000, 0x0000000087c00000|  0%| F|  |TAMS 0x0000000087b00000| PB 0x0000000087b00000| Untracked 
|  60|0x0000000087c00000, 0x0000000087c00000, 0x0000000087d00000|  0%| F|  |TAMS 0x0000000087c00000| PB 0x0000000087c00000| Untracked 
|  61|0x0000000087d00000, 0x0000000087d00000, 0x0000000087e00000|  0%| F|  |TAMS 0x0000000087d00000| PB 0x0000000087d00000| Untracked 
|  62|0x0000000087e00000, 0x0000000087e00000, 0x0000000087f00000|  0%| F|  |TAMS 0x0000000087e00000| PB 0x0000000087e00000| Untracked 
|  63|0x0000000087f00000, 0x0000000087f00000, 0x0000000088000000|  0%| F|  |TAMS 0x0000000087f00000| PB 0x0000000087f00000| Untracked 
|  64|0x0000000088000000, 0x0000000088000000, 0x0000000088100000|  0%| F|  |TAMS 0x0000000088000000| PB 0x0000000088000000| Untracked 
|  65|0x0000000088100000, 0x0000000088100000, 0x0000000088200000|  0%| F|  |TAMS 0x0000000088100000| PB 0x0000000088100000| Untracked 
|  66|0x0000000088200000, 0x0000000088200000, 0x0000000088300000|  0%| F|  |TAMS 0x0000000088200000| PB 0x0000000088200000| Untracked 
|  67|0x0000000088300000, 0x0000000088300000, 0x0000000088400000|  0%| F|  |TAMS 0x0000000088300000| PB 0x0000000088300000| Untracked 
|  68|0x0000000088400000, 0x0000000088400000, 0x0000000088500000|  0%| F|  |TAMS 0x0000000088400000| PB 0x0000000088400000| Untracked 
|  69|0x0000000088500000, 0x0000000088500000, 0x0000000088600000|  0%| F|  |TAMS 0x0000000088500000| PB 0x0000000088500000| Untracked 
|  70|0x0000000088600000, 0x0000000088600000, 0x0000000088700000|  0%| F|  |TAMS 0x0000000088600000| PB 0x0000000088600000| Untracked 
|  71|0x0000000088700000, 0x0000000088700000, 0x0000000088800000|  0%| F|  |TAMS 0x0000000088700000| PB 0x0000000088700000| Untracked 
|  72|0x0000000088800000, 0x0000000088800000, 0x0000000088900000|  0%| F|  |TAMS 0x0000000088800000| PB 0x0000000088800000| Untracked 
|  73|0x0000000088900000, 0x0000000088900000, 0x0000000088a00000|  0%| F|  |TAMS 0x0000000088900000| PB 0x0000000088900000| Untracked 
|  74|0x0000000088a00000, 0x0000000088a00000, 0x0000000088b00000|  0%| F|  |TAMS 0x0000000088a00000| PB 0x0000000088a00000| Untracked 
|  75|0x0000000088b00000, 0x0000000088b00000, 0x0000000088c00000|  0%| F|  |TAMS 0x0000000088b00000| PB 0x0000000088b00000| Untracked 
|  76|0x0000000088c00000, 0x0000000088c00000, 0x0000000088d00000|  0%| F|  |TAMS 0x0000000088c00000| PB 0x0000000088c00000| Untracked 
|  77|0x0000000088d00000, 0x0000000088d00000, 0x0000000088e00000|  0%| F|  |TAMS 0x0000000088d00000| PB 0x0000000088d00000| Untracked 
|  78|0x0000000088e00000, 0x0000000088e00000, 0x0000000088f00000|  0%| F|  |TAMS 0x0000000088e00000| PB 0x0000000088e00000| Untracked 
|  79|0x0000000088f00000, 0x0000000088f00000, 0x0000000089000000|  0%| F|  |TAMS 0x0000000088f00000| PB 0x0000000088f00000| Untracked 
|  80|0x0000000089000000, 0x0000000089000000, 0x0000000089100000|  0%| F|  |TAMS 0x0000000089000000| PB 0x0000000089000000| Untracked 
|  81|0x0000000089100000, 0x0000000089100000, 0x0000000089200000|  0%| F|  |TAMS 0x0000000089100000| PB 0x0000000089100000| Untracked 
|  82|0x0000000089200000, 0x0000000089200000, 0x0000000089300000|  0%| F|  |TAMS 0x0000000089200000| PB 0x0000000089200000| Untracked 
|  83|0x0000000089300000, 0x0000000089300000, 0x0000000089400000|  0%| F|  |TAMS 0x0000000089300000| PB 0x0000000089300000| Untracked 
|  84|0x0000000089400000, 0x0000000089400000, 0x0000000089500000|  0%| F|  |TAMS 0x0000000089400000| PB 0x0000000089400000| Untracked 
|  85|0x0000000089500000, 0x0000000089500000, 0x0000000089600000|  0%| F|  |TAMS 0x0000000089500000| PB 0x0000000089500000| Untracked 
|  86|0x0000000089600000, 0x0000000089600000, 0x0000000089700000|  0%| F|  |TAMS 0x0000000089600000| PB 0x0000000089600000| Untracked 
|  87|0x0000000089700000, 0x0000000089700000, 0x0000000089800000|  0%| F|  |TAMS 0x0000000089700000| PB 0x0000000089700000| Untracked 
|  88|0x0000000089800000, 0x0000000089800000, 0x0000000089900000|  0%| F|  |TAMS 0x0000000089800000| PB 0x0000000089800000| Untracked 
|  89|0x0000000089900000, 0x0000000089900000, 0x0000000089a00000|  0%| F|  |TAMS 0x0000000089900000| PB 0x0000000089900000| Untracked 
|  90|0x0000000089a00000, 0x0000000089a9d9d8, 0x0000000089b00000| 61%| E|  |TAMS 0x0000000089a00000| PB 0x0000000089a00000| Complete 
|  91|0x0000000089b00000, 0x0000000089c00000, 0x0000000089c00000|100%| E|CS|TAMS 0x0000000089b00000| PB 0x0000000089b00000| Complete 
|  92|0x0000000089c00000, 0x0000000089d00000, 0x0000000089d00000|100%| E|CS|TAMS 0x0000000089c00000| PB 0x0000000089c00000| Complete 
|  93|0x0000000089d00000, 0x0000000089e00000, 0x0000000089e00000|100%| E|CS|TAMS 0x0000000089d00000| PB 0x0000000089d00000| Complete 
| 123|0x000000008bb00000, 0x000000008bc00000, 0x000000008bc00000|100%| E|CS|TAMS 0x000000008bb00000| PB 0x000000008bb00000| Complete 

Card table byte_map: [0x000002b2f4f10000,0x000002b2f52f0000] _byte_map_base: 0x000002b2f4af0000

Marking Bits: (CMBitMap*) 0x000002b2dd3e0bd0
 Bits: [0x000002b2f52f0000, 0x000002b2f71f0000)

Polling page: 0x000002b2db1a0000

Metaspace:

Usage:
  Non-class:     80.16 MB used.
      Class:     11.47 MB used.
       Both:     91.63 MB used.

Virtual space:
  Non-class space:      128.00 MB reserved,      80.62 MB ( 63%) committed,  2 nodes.
      Class space:        1.00 GB reserved,      11.88 MB (  1%) committed,  1 nodes.
             Both:        1.12 GB reserved,      92.50 MB (  8%) committed. 

Chunk freelists:
   Non-Class:  14.81 MB
       Class:  4.14 MB
        Both:  18.95 MB

MaxMetaspaceSize: unlimited
CompressedClassSpaceSize: 1.00 GB
Initial GC threshold: 21.00 MB
Current GC threshold: 153.06 MB
CDS: on
 - commit_granule_bytes: 65536.
 - commit_granule_words: 8192.
 - virtual_space_node_default_size: 8388608.
 - enlarge_chunks_in_place: 1.
 - use_allocation_guard: 0.


Internal statistics:

num_allocs_failed_limit: 9.
num_arena_births: 1342.
num_arena_deaths: 56.
num_vsnodes_births: 3.
num_vsnodes_deaths: 0.
num_space_committed: 1480.
num_space_uncommitted: 0.
num_chunks_returned_to_freelist: 89.
num_chunks_taken_from_freelist: 4993.
num_chunk_merges: 19.
num_chunk_splits: 3364.
num_chunks_enlarged: 2464.
num_inconsistent_stats: 0.

CodeHeap 'non-profiled nmethods': size=120000Kb used=9494Kb max_used=9494Kb free=110505Kb
 bounds [0x000002b2ed2c0000, 0x000002b2edc10000, 0x000002b2f47f0000]
CodeHeap 'profiled nmethods': size=120000Kb used=18896Kb max_used=18896Kb free=101103Kb
 bounds [0x000002b2e57f0000, 0x000002b2e6a80000, 0x000002b2ecd20000]
CodeHeap 'non-nmethods': size=5760Kb used=2101Kb max_used=2178Kb free=3658Kb
 bounds [0x000002b2ecd20000, 0x000002b2ecf90000, 0x000002b2ed2c0000]
 total_blobs=9914 nmethods=9106 adapters=710
 compilation: enabled
              stopped_count=0, restarted_count=0
 full_count=0

Compilation events (20 events):
Event: 1564.099 Thread 0x000002b2f9c56e70 17726       3       com.mysql.cj.conf.IntegerProperty::checkRange (11 bytes)
Event: 1564.099 Thread 0x000002b2f9c56e70 nmethod 17726 0x000002b2e6a74310 code [0x000002b2e6a744c0, 0x000002b2e6a747a0]
Event: 1564.099 Thread 0x000002b2f9c56e70 17727       3       com.mysql.cj.conf.IntegerProperty::checkRange (132 bytes)
Event: 1564.101 Thread 0x000002b2f9c56e70 nmethod 17727 0x000002b2e6a74890 code [0x000002b2e6a74c00, 0x000002b2e6a76388]
Event: 1564.101 Thread 0x000002b2f9c56e70 17728   !   3       com.mysql.cj.protocol.a.NativeProtocol::setSocketTimeout (45 bytes)
Event: 1564.102 Thread 0x000002b2f9c56e70 nmethod 17728 0x000002b2e6a76b90 code [0x000002b2e6a76d80, 0x000002b2e6a77328]
Event: 1592.493 Thread 0x000002b2f9c503a0 17729   !   4       java.util.concurrent.locks.AbstractQueuedSynchronizer::tryInitializeHead (66 bytes)
Event: 1592.499 Thread 0x000002b2f9c503a0 nmethod 17729 0x000002b2edc03190 code [0x000002b2edc03340, 0x000002b2edc03660]
Event: 1627.576 Thread 0x000002b2f9c503a0 17730   !   4       java.util.concurrent.locks.AbstractQueuedSynchronizer$ConditionObject::newConditionNode (78 bytes)
Event: 1627.591 Thread 0x000002b2f9c503a0 nmethod 17730 0x000002b2edc03790 code [0x000002b2edc03980, 0x000002b2edc03ec0]
Event: 1664.579 Thread 0x000002b2f9c503a0 17731       4       java.util.concurrent.locks.AbstractQueuedSynchronizer$ConditionObject::enableWait (84 bytes)
Event: 1664.587 Thread 0x000002b2f9c503a0 nmethod 17731 0x000002b2edc04210 code [0x000002b2edc04400, 0x000002b2edc04b78]
Event: 1667.868 Thread 0x000002b2f9c56e70 17732   !   3       org.apache.catalina.core.StandardContext::getManager (38 bytes)
Event: 1667.869 Thread 0x000002b2f9c56e70 nmethod 17732 0x000002b2e6a77590 code [0x000002b2e6a777c0, 0x000002b2e6a77f08]
Event: 1693.210 Thread 0x000002b2f9c56e70 17733       3       sun.security.ssl.BaseSSLSocketImpl::getSoTimeout (21 bytes)
Event: 1693.211 Thread 0x000002b2f9c56e70 nmethod 17733 0x000002b2e6a78290 code [0x000002b2e6a78460, 0x000002b2e6a786d8]
Event: 1771.142 Thread 0x000002b2f9c503a0 17734       4       sun.nio.ch.Util::offerFirstTemporaryDirectBuffer (53 bytes)
Event: 1771.149 Thread 0x000002b2f9c503a0 nmethod 17734 0x000002b2edc04e90 code [0x000002b2edc05060, 0x000002b2edc05488]
Event: 1777.943 Thread 0x000002b2f9c56e70 17735       3       org.springframework.core.ResolvableType::getRawClass (58 bytes)
Event: 1777.943 Thread 0x000002b2f9c56e70 nmethod 17735 0x000002b2e6a78790 code [0x000002b2e6a78980, 0x000002b2e6a79088]

GC Heap History (20 events):
Event: 873.310 GC heap before
{Heap before GC invocations=57 (full 4):
 garbage-first heap   total 80896K, used 67399K [0x0000000084000000, 0x0000000100000000)
  region size 1024K, 34 young (34816K), 4 survivors (4096K)
 Metaspace       used 90828K, committed 91648K, reserved 1179648K
  class space    used 11538K, committed 11904K, reserved 1048576K
}
Event: 873.313 GC heap after
{Heap after GC invocations=58 (full 4):
 garbage-first heap   total 80896K, used 39654K [0x0000000084000000, 0x0000000100000000)
  region size 1024K, 3 young (3072K), 3 survivors (3072K)
 Metaspace       used 90828K, committed 91648K, reserved 1179648K
  class space    used 11538K, committed 11904K, reserved 1048576K
}
Event: 874.587 GC heap before
{Heap before GC invocations=58 (full 4):
 garbage-first heap   total 80896K, used 69350K [0x0000000084000000, 0x0000000100000000)
  region size 1024K, 32 young (32768K), 3 survivors (3072K)
 Metaspace       used 91451K, committed 92352K, reserved 1179648K
  class space    used 11568K, committed 11968K, reserved 1048576K
}
Event: 874.590 GC heap after
{Heap after GC invocations=59 (full 4):
 garbage-first heap   total 97280K, used 41862K [0x0000000084000000, 0x0000000100000000)
  region size 1024K, 4 young (4096K), 4 survivors (4096K)
 Metaspace       used 91451K, committed 92352K, reserved 1179648K
  class space    used 11568K, committed 11968K, reserved 1048576K
}
Event: 1100.285 GC heap before
{Heap before GC invocations=59 (full 4):
 garbage-first heap   total 97280K, used 81798K [0x0000000084000000, 0x0000000100000000)
  region size 1024K, 43 young (44032K), 4 survivors (4096K)
 Metaspace       used 91532K, committed 92416K, reserved 1179648K
  class space    used 11573K, committed 11968K, reserved 1048576K
}
Event: 1100.292 GC heap after
{Heap after GC invocations=60 (full 4):
 garbage-first heap   total 97280K, used 42411K [0x0000000084000000, 0x0000000100000000)
  region size 1024K, 3 young (3072K), 3 survivors (3072K)
 Metaspace       used 91532K, committed 92416K, reserved 1179648K
  class space    used 11573K, committed 11968K, reserved 1048576K
}
Event: 1456.327 GC heap before
{Heap before GC invocations=61 (full 4):
 garbage-first heap   total 97280K, used 78251K [0x0000000084000000, 0x0000000100000000)
  region size 1024K, 39 young (39936K), 3 survivors (3072K)
 Metaspace       used 91585K, committed 92480K, reserved 1179648K
  class space    used 11581K, committed 12032K, reserved 1048576K
}
Event: 1456.375 GC heap after
{Heap after GC invocations=62 (full 5):
 garbage-first heap   total 97280K, used 35228K [0x0000000084000000, 0x0000000100000000)
  region size 1024K, 0 young (0K), 0 survivors (0K)
 Metaspace       used 91571K, committed 92480K, reserved 1179648K
  class space    used 11579K, committed 12032K, reserved 1048576K
}
Event: 1456.729 GC heap before
{Heap before GC invocations=62 (full 5):
 garbage-first heap   total 97280K, used 81308K [0x0000000084000000, 0x0000000100000000)
  region size 1024K, 45 young (46080K), 0 survivors (0K)
 Metaspace       used 91862K, committed 92800K, reserved 1179648K
  class space    used 11610K, committed 12032K, reserved 1048576K
}
Event: 1456.733 GC heap after
{Heap after GC invocations=63 (full 5):
 garbage-first heap   total 97280K, used 39924K [0x0000000084000000, 0x0000000100000000)
  region size 1024K, 5 young (5120K), 5 survivors (5120K)
 Metaspace       used 91862K, committed 92800K, reserved 1179648K
  class space    used 11610K, committed 12032K, reserved 1048576K
}
Event: 1465.679 GC heap before
{Heap before GC invocations=64 (full 5):
 garbage-first heap   total 97280K, used 81908K [0x0000000084000000, 0x0000000100000000)
  region size 1024K, 47 young (48128K), 5 survivors (5120K)
 Metaspace       used 92644K, committed 93568K, reserved 1179648K
  class space    used 11662K, committed 12096K, reserved 1048576K
}
Event: 1465.684 GC heap after
{Heap after GC invocations=65 (full 5):
 garbage-first heap   total 97280K, used 42282K [0x0000000084000000, 0x0000000100000000)
  region size 1024K, 4 young (4096K), 4 survivors (4096K)
 Metaspace       used 92644K, committed 93568K, reserved 1179648K
  class space    used 11662K, committed 12096K, reserved 1048576K
}
Event: 1467.267 GC heap before
{Heap before GC invocations=65 (full 5):
 garbage-first heap   total 97280K, used 61738K [0x0000000084000000, 0x0000000100000000)
  region size 1024K, 24 young (24576K), 4 survivors (4096K)
 Metaspace       used 92758K, committed 93696K, reserved 1179648K
  class space    used 11670K, committed 12096K, reserved 1048576K
}
Event: 1467.316 GC heap after
{Heap after GC invocations=66 (full 6):
 garbage-first heap   total 97280K, used 34599K [0x0000000084000000, 0x0000000100000000)
  region size 1024K, 0 young (0K), 0 survivors (0K)
 Metaspace       used 92741K, committed 93696K, reserved 1179648K
  class space    used 11667K, committed 12096K, reserved 1048576K
}
Event: 1467.673 GC heap before
{Heap before GC invocations=66 (full 6):
 garbage-first heap   total 97280K, used 80679K [0x0000000084000000, 0x0000000100000000)
  region size 1024K, 46 young (47104K), 0 survivors (0K)
 Metaspace       used 93002K, committed 93888K, reserved 1179648K
  class space    used 11699K, committed 12096K, reserved 1048576K
}
Event: 1467.677 GC heap after
{Heap after GC invocations=67 (full 6):
 garbage-first heap   total 97280K, used 38625K [0x0000000084000000, 0x0000000100000000)
  region size 1024K, 4 young (4096K), 4 survivors (4096K)
 Metaspace       used 93002K, committed 93888K, reserved 1179648K
  class space    used 11699K, committed 12096K, reserved 1048576K
}
Event: 1469.475 GC heap before
{Heap before GC invocations=68 (full 6):
 garbage-first heap   total 97280K, used 83681K [0x0000000084000000, 0x0000000100000000)
  region size 1024K, 48 young (49152K), 4 survivors (4096K)
 Metaspace       used 93722K, committed 94656K, reserved 1179648K
  class space    used 11736K, committed 12160K, reserved 1048576K
}
Event: 1469.480 GC heap after
{Heap after GC invocations=69 (full 6):
 garbage-first heap   total 97280K, used 42036K [0x0000000084000000, 0x0000000100000000)
  region size 1024K, 4 young (4096K), 4 survivors (4096K)
 Metaspace       used 93722K, committed 94656K, reserved 1179648K
  class space    used 11736K, committed 12160K, reserved 1048576K
}
Event: 1742.305 GC heap before
{Heap before GC invocations=69 (full 6):
 garbage-first heap   total 97280K, used 84020K [0x0000000084000000, 0x0000000100000000)
  region size 1024K, 45 young (46080K), 4 survivors (4096K)
 Metaspace       used 93798K, committed 94720K, reserved 1179648K
  class space    used 11740K, committed 12160K, reserved 1048576K
}
Event: 1742.311 GC heap after
{Heap after GC invocations=70 (full 6):
 garbage-first heap   total 97280K, used 42613K [0x0000000084000000, 0x0000000100000000)
  region size 1024K, 1 young (1024K), 1 survivors (1024K)
 Metaspace       used 93798K, committed 94720K, reserved 1179648K
  class space    used 11740K, committed 12160K, reserved 1048576K
}

Dll operation events (13 events):
Event: 0.004 Loaded shared library C:\Program Files\Java\jdk-21\bin\java.dll
Event: 0.030 Loaded shared library C:\Program Files\Java\jdk-21\bin\jsvml.dll
Event: 0.206 Loaded shared library C:\Program Files\Java\jdk-21\bin\zip.dll
Event: 0.209 Loaded shared library C:\Program Files\Java\jdk-21\bin\instrument.dll
Event: 0.213 Loaded shared library C:\Program Files\Java\jdk-21\bin\net.dll
Event: 0.214 Loaded shared library C:\Program Files\Java\jdk-21\bin\nio.dll
Event: 0.216 Loaded shared library C:\Program Files\Java\jdk-21\bin\zip.dll
Event: 0.314 Loaded shared library C:\Program Files\Java\jdk-21\bin\jimage.dll
Event: 0.349 Loaded shared library C:\Program Files\Java\jdk-21\bin\verify.dll
Event: 0.591 Loaded shared library C:\Program Files\Java\jdk-21\bin\management.dll
Event: 0.592 Loaded shared library C:\Program Files\Java\jdk-21\bin\management_ext.dll
Event: 1.456 Loaded shared library C:\Program Files\Java\jdk-21\bin\sunmscapi.dll
Event: 4.432 Loaded shared library C:\Program Files\Java\jdk-21\bin\extnet.dll

Deoptimization events (20 events):
Event: 1777.942 Thread 0x000002b2c326ea90 DEOPT PACKING pc=0x000002b2ed41d758 sp=0x000000e811ffe730
Event: 1777.942 Thread 0x000002b2c326ea90 DEOPT UNPACKING pc=0x000002b2ecd77da2 sp=0x000000e811ffe650 mode 2
Event: 1777.942 Thread 0x000002b2c326ea90 DEOPT PACKING pc=0x000002b2ed768874 sp=0x000000e811ffe780
Event: 1777.942 Thread 0x000002b2c326ea90 DEOPT UNPACKING pc=0x000002b2ecd788e2 sp=0x000000e811ffdc08 mode 1
Event: 1777.942 Thread 0x000002b2c326ea90 DEOPT PACKING pc=0x000002b2ed66b210 sp=0x000000e811fff1b0
Event: 1777.942 Thread 0x000002b2c326ea90 DEOPT UNPACKING pc=0x000002b2ecd788e2 sp=0x000000e811ffe618 mode 1
Event: 1777.942 Thread 0x000002b2c326ea90 DEOPT PACKING pc=0x000002b2e63d8674 sp=0x000000e811fff300
Event: 1777.942 Thread 0x000002b2c326ea90 DEOPT UNPACKING pc=0x000002b2ecd788e2 sp=0x000000e811ffe7c0 mode 1
Event: 1777.942 Thread 0x000002b2c326ea90 Uncommon trap: trap_request=0xffffff97 fr.pc=0x000002b2ed41d758 relative=0x0000000000000118
Event: 1777.942 Thread 0x000002b2c326ea90 Uncommon trap: reason=unhandled action=none pc=0x000002b2ed41d758 method=jdk.internal.loader.BuiltinClassLoader.loadClass(Ljava/lang/String;Z)Ljava/lang/Class; @ 19 c2
Event: 1777.942 Thread 0x000002b2c326ea90 DEOPT PACKING pc=0x000002b2ed41d758 sp=0x000000e811ffe730
Event: 1777.942 Thread 0x000002b2c326ea90 DEOPT UNPACKING pc=0x000002b2ecd77da2 sp=0x000000e811ffe650 mode 2
Event: 1777.942 Thread 0x000002b2c326ea90 DEOPT PACKING pc=0x000002b2ed768874 sp=0x000000e811ffe780
Event: 1777.942 Thread 0x000002b2c326ea90 DEOPT UNPACKING pc=0x000002b2ecd788e2 sp=0x000000e811ffdc08 mode 1
Event: 1777.942 Thread 0x000002b2c326ea90 DEOPT PACKING pc=0x000002b2ed66b210 sp=0x000000e811fff1b0
Event: 1777.942 Thread 0x000002b2c326ea90 DEOPT UNPACKING pc=0x000002b2ecd788e2 sp=0x000000e811ffe618 mode 1
Event: 1777.942 Thread 0x000002b2c326ea90 DEOPT PACKING pc=0x000002b2e63d8674 sp=0x000000e811fff300
Event: 1777.942 Thread 0x000002b2c326ea90 DEOPT UNPACKING pc=0x000002b2ecd788e2 sp=0x000000e811ffe7c0 mode 1
Event: 1778.797 Thread 0x000002b2c3269bd0 DEOPT PACKING pc=0x000002b2e677cabc sp=0x000000e8128fb850
Event: 1778.797 Thread 0x000002b2c3269bd0 DEOPT UNPACKING pc=0x000002b2ecd788e2 sp=0x000000e8128facf8 mode 0

Classes loaded (20 events):
Event: 612.690 Loading class java/io/ObjectInputFilter$Config
Event: 612.690 Loading class java/io/ObjectInputFilter$Config done
Event: 612.690 Loading class java/io/ObjectInputFilter
Event: 612.690 Loading class java/io/ObjectInputFilter done
Event: 612.691 Loading class java/io/ObjectInputFilter$Config$BuiltinFilterFactory
Event: 612.691 Loading class java/io/ObjectInputFilter$Config$BuiltinFilterFactory done
Event: 612.691 Loading class jdk/internal/event/DeserializationEvent
Event: 612.692 Loading class jdk/internal/event/DeserializationEvent done
Event: 612.692 Loading class java/io/ObjectInputStream$FieldValues
Event: 612.692 Loading class java/io/ObjectInputStream$GetField
Event: 612.692 Loading class java/io/ObjectInputStream$GetField done
Event: 612.692 Loading class java/io/ObjectInputStream$FieldValues done
Event: 1464.697 Loading class jdk/internal/loader/BootLoader$PackageHelper
Event: 1464.704 Loading class jdk/internal/loader/BootLoader$PackageHelper done
Event: 1464.708 Loading class java/util/Scanner
Event: 1464.709 Loading class java/util/Scanner done
Event: 1464.710 Loading class java/util/Scanner$PatternLRUCache
Event: 1464.710 Loading class java/util/Scanner$PatternLRUCache done
Event: 1464.712 Loading class java/util/regex/Matcher$ImmutableMatchResult
Event: 1464.713 Loading class java/util/regex/Matcher$ImmutableMatchResult done

Classes unloaded (20 events):
Event: 848.107 Thread 0x000002b2db1da3f0 Unloading class 0x000002b281b74c00 'jdk/internal/reflect/GeneratedSerializationConstructorAccessor33'
Event: 848.107 Thread 0x000002b2db1da3f0 Unloading class 0x000002b281b74800 'jdk/internal/reflect/GeneratedSerializationConstructorAccessor32'
Event: 848.107 Thread 0x000002b2db1da3f0 Unloading class 0x000002b281b74400 'jdk/internal/reflect/GeneratedSerializationConstructorAccessor31'
Event: 848.107 Thread 0x000002b2db1da3f0 Unloading class 0x000002b281b74000 'jdk/internal/reflect/GeneratedSerializationConstructorAccessor30'
Event: 848.107 Thread 0x000002b2db1da3f0 Unloading class 0x000002b281b65c00 'org/apache/catalina/loader/JdbcLeakPrevention'
Event: 872.741 Thread 0x000002b2db1da3f0 Unloading class 0x000002b281b8d000 'jdk/internal/reflect/GeneratedSerializationConstructorAccessor38'
Event: 872.741 Thread 0x000002b2db1da3f0 Unloading class 0x000002b281b8c800 'jdk/internal/reflect/GeneratedSerializationConstructorAccessor37'
Event: 872.741 Thread 0x000002b2db1da3f0 Unloading class 0x000002b281b8c400 'jdk/internal/reflect/GeneratedSerializationConstructorAccessor36'
Event: 872.741 Thread 0x000002b2db1da3f0 Unloading class 0x000002b281b82c00 'jdk/internal/reflect/GeneratedSerializationConstructorAccessor35'
Event: 872.741 Thread 0x000002b2db1da3f0 Unloading class 0x000002b281b7dc00 'org/apache/catalina/loader/JdbcLeakPrevention'
Event: 1100.313 Thread 0x000002b2db1da3f0 Unloading class 0x000002b281b90c00 'org/apache/catalina/loader/JdbcLeakPrevention'
Event: 1456.340 Thread 0x000002b2db1da3f0 Unloading class 0x000002b281ba4c00 'jdk/internal/reflect/GeneratedSerializationConstructorAccessor43'
Event: 1456.340 Thread 0x000002b2db1da3f0 Unloading class 0x000002b281ba4800 'jdk/internal/reflect/GeneratedSerializationConstructorAccessor42'
Event: 1456.340 Thread 0x000002b2db1da3f0 Unloading class 0x000002b281ba4400 'jdk/internal/reflect/GeneratedSerializationConstructorAccessor41'
Event: 1456.340 Thread 0x000002b2db1da3f0 Unloading class 0x000002b281ba4000 'jdk/internal/reflect/GeneratedSerializationConstructorAccessor40'
Event: 1467.278 Thread 0x000002b2db1da3f0 Unloading class 0x000002b281bc4800 'jdk/internal/reflect/GeneratedSerializationConstructorAccessor48'
Event: 1467.278 Thread 0x000002b2db1da3f0 Unloading class 0x000002b281bc4000 'jdk/internal/reflect/GeneratedSerializationConstructorAccessor47'
Event: 1467.278 Thread 0x000002b2db1da3f0 Unloading class 0x000002b281bb9c00 'jdk/internal/reflect/GeneratedSerializationConstructorAccessor46'
Event: 1467.278 Thread 0x000002b2db1da3f0 Unloading class 0x000002b281bb9800 'jdk/internal/reflect/GeneratedSerializationConstructorAccessor45'
Event: 1467.278 Thread 0x000002b2db1da3f0 Unloading class 0x000002b281bb0000 'org/apache/catalina/loader/JdbcLeakPrevention'

Classes redefined (11 events):
Event: 871.197 Thread 0x000002b2db1da3f0 redefined class name=com.web.api.web.OrderProductAPI, count=1
Event: 871.197 Thread 0x000002b2db1da3f0 redefined class name=com.web.api.web.OrderProductAPI, count=1
Event: 871.197 Thread 0x000002b2db1da3f0 redefined class name=com.web.api.web.OrderProductAPI, count=1
Event: 871.197 Thread 0x000002b2db1da3f0 redefined class name=com.web.api.web.OrderProductAPI, count=1
Event: 1778.823 Thread 0x000002b2db1da3f0 redefined class name=com.web.api.web.OrderProductAPI, count=1
Event: 1778.823 Thread 0x000002b2db1da3f0 redefined class name=com.web.api.web.OrderProductAPI, count=2
Event: 1778.823 Thread 0x000002b2db1da3f0 redefined class name=com.web.api.web.OrderProductAPI, count=1
Event: 1778.823 Thread 0x000002b2db1da3f0 redefined class name=com.web.api.web.OrderProductAPI, count=2
Event: 1778.823 Thread 0x000002b2db1da3f0 redefined class name=com.web.api.web.OrderProductAPI, count=2
Event: 1778.823 Thread 0x000002b2db1da3f0 redefined class name=com.web.api.web.OrderProductAPI, count=2
Event: 1778.823 Thread 0x000002b2db1da3f0 redefined class name=com.web.api.web.OrderProductAPI, count=1

Internal exceptions (20 events):
Event: 1456.670 Thread 0x000002b2c18e7e50 Exception <a 'java/lang/NoClassDefFoundError'{0x0000000087c6b1f0}: org/springframework/batch/core/repository/JobRepository> (0x0000000087c6b1f0) 
thrown [s\open\src\hotspot\share\oops\constantPool.cpp, line 871]
Event: 1456.670 Thread 0x000002b2c18e7e50 Exception <a 'java/lang/NoClassDefFoundError'{0x0000000087c6b848}: org/quartz/Scheduler> (0x0000000087c6b848) 
thrown [s\open\src\hotspot\share\oops\constantPool.cpp, line 871]
Event: 1456.671 Thread 0x000002b2c18e7e50 Exception <a 'java/lang/NoClassDefFoundError'{0x0000000087c6bec8}: org/springframework/session/jdbc/JdbcIndexedSessionRepository> (0x0000000087c6bec8) 
thrown [s\open\src\hotspot\share\oops\constantPool.cpp, line 871]
Event: 1456.710 Thread 0x000002b2c18e7e50 Exception <a 'java/io/FileNotFoundException'{0x00000000876f8ac8}> (0x00000000876f8ac8) 
thrown [s\open\src\hotspot\share\prims\jni.cpp, line 520]
Event: 1456.770 Thread 0x000002b2c18e7e50 Exception <a 'java/lang/NoSuchMethodError'{0x00000000898aea78}: static Lcom/web/model/dto/MyUserDetails;.<clinit>()V> (0x00000000898aea78) 
thrown [s\open\src\hotspot\share\prims\jni.cpp, line 1106]
Event: 1456.817 Thread 0x000002b2c18e7e50 Implicit null exception at 0x000002b2ed5d71cc to 0x000002b2ed5d7824
Event: 1467.263 Thread 0x000002b2c326c9c0 Exception <a 'java/net/SocketException'{0x0000000088babc60}: Connection reset by peer: shutdown> (0x0000000088babc60) 
thrown [s\open\src\hotspot\share\prims\jni.cpp, line 539]
Event: 1467.267 Thread 0x000002b2c18e4340 Exception <a 'java/lang/InterruptedException'{0x0000000088bdd2b0}: sleep interrupted> (0x0000000088bdd2b0) 
thrown [s\open\src\hotspot\share\prims\jvm.cpp, line 3074]
Event: 1467.329 Thread 0x000002b2c326e400 Exception <a 'sun/nio/fs/WindowsException'{0x000000008bb79ff0}> (0x000000008bb79ff0) 
thrown [s\open\src\hotspot\share\prims\jni.cpp, line 520]
Event: 1467.605 Thread 0x000002b2c326e400 Exception <a 'java/lang/NoClassDefFoundError'{0x0000000087ddaf80}: org/flywaydb/core/Flyway> (0x0000000087ddaf80) 
thrown [s\open\src\hotspot\share\oops\constantPool.cpp, line 871]
Event: 1467.606 Thread 0x000002b2c326e400 Exception <a 'java/lang/NoClassDefFoundError'{0x0000000087ddb5e0}: liquibase/integration/spring/SpringLiquibase> (0x0000000087ddb5e0) 
thrown [s\open\src\hotspot\share\oops\constantPool.cpp, line 871]
Event: 1467.608 Thread 0x000002b2c326e400 Exception <a 'java/lang/NoClassDefFoundError'{0x0000000087dfd3f0}: org/jooq/DSLContext> (0x0000000087dfd3f0) 
thrown [s\open\src\hotspot\share\oops\constantPool.cpp, line 871]
Event: 1467.609 Thread 0x000002b2c326e400 Exception <a 'java/lang/NoClassDefFoundError'{0x0000000087c46ec0}: org/springframework/batch/core/repository/JobRepository> (0x0000000087c46ec0) 
thrown [s\open\src\hotspot\share\oops\constantPool.cpp, line 871]
Event: 1467.610 Thread 0x000002b2c326e400 Exception <a 'java/lang/NoClassDefFoundError'{0x0000000087c47518}: org/quartz/Scheduler> (0x0000000087c47518) 
thrown [s\open\src\hotspot\share\oops\constantPool.cpp, line 871]
Event: 1467.610 Thread 0x000002b2c326e400 Exception <a 'java/lang/NoClassDefFoundError'{0x0000000087c47b98}: org/springframework/session/jdbc/JdbcIndexedSessionRepository> (0x0000000087c47b98) 
thrown [s\open\src\hotspot\share\oops\constantPool.cpp, line 871]
Event: 1467.653 Thread 0x000002b2c326e400 Exception <a 'java/io/FileNotFoundException'{0x000000008766e5f0}> (0x000000008766e5f0) 
thrown [s\open\src\hotspot\share\prims\jni.cpp, line 520]
Event: 1467.709 Thread 0x000002b2c326e400 Exception <a 'java/lang/NoSuchMethodError'{0x0000000089ab9618}: static Lcom/web/model/dto/MyUserDetails;.<clinit>()V> (0x0000000089ab9618) 
thrown [s\open\src\hotspot\share\prims\jni.cpp, line 1106]
Event: 1467.843 Thread 0x000002b2c326e400 Implicit null exception at 0x000002b2eda500f5 to 0x000002b2eda507e0
Event: 1467.852 Thread 0x000002b2c326e400 Implicit null exception at 0x000002b2ed587075 to 0x000002b2ed587764
Event: 1467.867 Thread 0x000002b2c326e400 Implicit null exception at 0x000002b2ed585f75 to 0x000002b2ed586664

ZGC Phase Switch (0 events):
No events

VM Operations (20 events):
Event: 1778.992 Executing VM operation: ChangeBreakpoints
Event: 1778.995 Executing VM operation: ChangeBreakpoints done
Event: 1778.996 Executing VM operation: ChangeBreakpoints
Event: 1778.999 Executing VM operation: ChangeBreakpoints done
Event: 1779.019 Executing VM operation: ChangeBreakpoints
Event: 1779.022 Executing VM operation: ChangeBreakpoints done
Event: 1779.023 Executing VM operation: ChangeBreakpoints
Event: 1779.027 Executing VM operation: ChangeBreakpoints done
Event: 1779.028 Executing VM operation: ChangeBreakpoints
Event: 1779.031 Executing VM operation: ChangeBreakpoints done
Event: 1779.033 Executing VM operation: ChangeBreakpoints
Event: 1779.036 Executing VM operation: ChangeBreakpoints done
Event: 1779.038 Executing VM operation: ChangeBreakpoints
Event: 1779.041 Executing VM operation: ChangeBreakpoints done
Event: 1779.042 Executing VM operation: ChangeBreakpoints
Event: 1779.045 Executing VM operation: ChangeBreakpoints done
Event: 1779.047 Executing VM operation: ChangeBreakpoints
Event: 1779.050 Executing VM operation: ChangeBreakpoints done
Event: 1779.060 Executing VM operation: ChangeSingleStep
Event: 1779.060 Executing VM operation: ChangeSingleStep done

Events (20 events):
Event: 1469.356 Thread 0x000002b2c9f9fb60 Thread added: 0x000002b2c9f9fb60
Event: 1469.557 Thread 0x000002b2c326ea90 Thread added: 0x000002b2c326ea90
Event: 1469.564 Thread 0x000002b2c326c9c0 Thread added: 0x000002b2c326c9c0
Event: 1469.564 Thread 0x000002b2c3269bd0 Thread added: 0x000002b2c3269bd0
Event: 1469.564 Thread 0x000002b2c326af80 Thread added: 0x000002b2c326af80
Event: 1469.564 Thread 0x000002b2c326a260 Thread added: 0x000002b2c326a260
Event: 1469.565 Thread 0x000002b2c326a8f0 Thread added: 0x000002b2c326a8f0
Event: 1469.565 Thread 0x000002b2c326b610 Thread added: 0x000002b2c326b610
Event: 1469.565 Thread 0x000002b2c326bca0 Thread added: 0x000002b2c326bca0
Event: 1469.565 Thread 0x000002b2c18e5d80 Thread added: 0x000002b2c18e5d80
Event: 1469.565 Thread 0x000002b2c18e6aa0 Thread added: 0x000002b2c18e6aa0
Event: 1469.565 Thread 0x000002b2c18e2270 Thread added: 0x000002b2c18e2270
Event: 1469.568 Thread 0x000002b2c18e77c0 Thread added: 0x000002b2c18e77c0
Event: 1469.568 Thread 0x000002b2c18e1550 Thread added: 0x000002b2c18e1550
Event: 1469.574 Thread 0x000002b2c326e400 Thread exited: 0x000002b2c326e400
Event: 1469.574 Thread 0x000002b2c3268820 Thread exited: 0x000002b2c3268820
Event: 1473.335 Thread 0x000002b2c3268eb0 Thread exited: 0x000002b2c3268eb0
Event: 1474.592 Thread 0x000002b2c9f9fb60 Thread exited: 0x000002b2c9f9fb60
Event: 1475.336 Thread 0x000002b2c9fa2b10 Thread added: 0x000002b2c9fa2b10
Event: 1477.582 Thread 0x000002b2c9fa2b10 Thread exited: 0x000002b2c9fa2b10


Dynamic libraries:
0x00007ff60c790000 - 0x00007ff60c7a0000 	C:\Program Files\Java\jdk-21\bin\javaw.exe
0x00007ff8e7df0000 - 0x00007ff8e7fe8000 	C:\Windows\SYSTEM32\ntdll.dll
0x00007ff8e5ed0000 - 0x00007ff8e5f92000 	C:\Windows\System32\KERNEL32.DLL
0x00007ff8e5980000 - 0x00007ff8e5c76000 	C:\Windows\System32\KERNELBASE.dll
0x00007ff8e5880000 - 0x00007ff8e5980000 	C:\Windows\System32\ucrtbase.dll
0x00007ff8de720000 - 0x00007ff8de739000 	C:\Program Files\Java\jdk-21\bin\jli.dll
0x00007ff8e6460000 - 0x00007ff8e650f000 	C:\Windows\System32\ADVAPI32.dll
0x00007ff8de740000 - 0x00007ff8de75b000 	C:\Program Files\Java\jdk-21\bin\VCRUNTIME140.dll
0x00007ff8e6570000 - 0x00007ff8e660e000 	C:\Windows\System32\msvcrt.dll
0x00007ff8e60c0000 - 0x00007ff8e615f000 	C:\Windows\System32\sechost.dll
0x00007ff8e75f0000 - 0x00007ff8e7713000 	C:\Windows\System32\RPCRT4.dll
0x00007ff8e5720000 - 0x00007ff8e5747000 	C:\Windows\System32\bcrypt.dll
0x00007ff8e6200000 - 0x00007ff8e639d000 	C:\Windows\System32\USER32.dll
0x00007ff8c5380000 - 0x00007ff8c561a000 	C:\Windows\WinSxS\amd64_microsoft.windows.common-controls_6595b64144ccf1df_6.0.19041.5794_none_60bcd33171f2783c\COMCTL32.dll
0x00007ff8e5c80000 - 0x00007ff8e5ca2000 	C:\Windows\System32\win32u.dll
0x00007ff8e63a0000 - 0x00007ff8e63cb000 	C:\Windows\System32\GDI32.dll
0x00007ff8e5cb0000 - 0x00007ff8e5dca000 	C:\Windows\System32\gdi32full.dll
0x00007ff8e5750000 - 0x00007ff8e57ed000 	C:\Windows\System32\msvcp_win.dll
0x00007ff8dd290000 - 0x00007ff8dd29a000 	C:\Windows\SYSTEM32\VERSION.dll
0x00007ff8e6430000 - 0x00007ff8e645f000 	C:\Windows\System32\IMM32.DLL
0x00007ff8e0bc0000 - 0x00007ff8e0bcc000 	C:\Program Files\Java\jdk-21\bin\vcruntime140_1.dll
0x00007ff8c4e80000 - 0x00007ff8c4f0e000 	C:\Program Files\Java\jdk-21\bin\msvcp140.dll
0x00007ff89bf30000 - 0x00007ff89cc47000 	C:\Program Files\Java\jdk-21\bin\server\jvm.dll
0x00007ff8e7580000 - 0x00007ff8e75eb000 	C:\Windows\System32\WS2_32.dll
0x00007ff8e49d0000 - 0x00007ff8e4a1b000 	C:\Windows\SYSTEM32\POWRPROF.dll
0x00007ff8d6f90000 - 0x00007ff8d6fb7000 	C:\Windows\SYSTEM32\WINMM.dll
0x00007ff8e4890000 - 0x00007ff8e48a2000 	C:\Windows\SYSTEM32\UMPDC.dll
0x00007ff8e3cb0000 - 0x00007ff8e3cc2000 	C:\Windows\SYSTEM32\kernel.appcore.dll
0x00007ff8e1740000 - 0x00007ff8e174a000 	C:\Program Files\Java\jdk-21\bin\jimage.dll
0x00007ff8e2fc0000 - 0x00007ff8e31c1000 	C:\Windows\SYSTEM32\DBGHELP.DLL
0x00007ff8d3dd0000 - 0x00007ff8d3e04000 	C:\Windows\SYSTEM32\dbgcore.DLL
0x00007ff8e57f0000 - 0x00007ff8e5872000 	C:\Windows\System32\bcryptPrimitives.dll
0x00007ff8e16c0000 - 0x00007ff8e16fc000 	C:\Program Files\Java\jdk-21\bin\jdwp.dll
0x00007ff8e1730000 - 0x00007ff8e173f000 	C:\Program Files\Java\jdk-21\bin\instrument.dll
0x00007ff8e16a0000 - 0x00007ff8e16bf000 	C:\Program Files\Java\jdk-21\bin\java.dll
0x00007ff8e67c0000 - 0x00007ff8e6f2e000 	C:\Windows\System32\SHELL32.dll
0x00007ff8e34f0000 - 0x00007ff8e3c93000 	C:\Windows\SYSTEM32\windows.storage.dll
0x00007ff8e7720000 - 0x00007ff8e7a73000 	C:\Windows\System32\combase.dll
0x00007ff8e4ec0000 - 0x00007ff8e4eeb000 	C:\Windows\SYSTEM32\Wldp.dll
0x00007ff8e74b0000 - 0x00007ff8e757d000 	C:\Windows\System32\OLEAUT32.dll
0x00007ff8e73a0000 - 0x00007ff8e744d000 	C:\Windows\System32\SHCORE.dll
0x00007ff8e63d0000 - 0x00007ff8e6425000 	C:\Windows\System32\shlwapi.dll
0x00007ff8e53c0000 - 0x00007ff8e53e5000 	C:\Windows\SYSTEM32\profapi.dll
0x00007ff8c4f10000 - 0x00007ff8c4fe7000 	C:\Program Files\Java\jdk-21\bin\jsvml.dll
0x00007ff8e1d20000 - 0x00007ff8e1d2c000 	C:\Program Files\Java\jdk-21\bin\dt_socket.dll
0x00007ff8e48b0000 - 0x00007ff8e48eb000 	C:\Windows\SYSTEM32\IPHLPAPI.DLL
0x00007ff8e4c20000 - 0x00007ff8e4c8c000 	C:\Windows\system32\mswsock.dll
0x00007ff8e48f0000 - 0x00007ff8e49ba000 	C:\Windows\SYSTEM32\DNSAPI.dll
0x00007ff8e6160000 - 0x00007ff8e6168000 	C:\Windows\System32\NSI.dll
0x00007ff8de250000 - 0x00007ff8de25a000 	C:\Windows\System32\rasadhlp.dll
0x00007ff8dda80000 - 0x00007ff8ddb00000 	C:\Windows\System32\fwpuclnt.dll
0x00007ff8ddef0000 - 0x00007ff8ddf08000 	C:\Program Files\Java\jdk-21\bin\zip.dll
0x00007ff8e1720000 - 0x00007ff8e1730000 	C:\Program Files\Java\jdk-21\bin\net.dll
0x00007ff8e2260000 - 0x00007ff8e236a000 	C:\Windows\SYSTEM32\WINHTTP.dll
0x00007ff8cc9a0000 - 0x00007ff8cc9b6000 	C:\Program Files\Java\jdk-21\bin\nio.dll
0x00007ff8e1060000 - 0x00007ff8e1070000 	C:\Program Files\Java\jdk-21\bin\verify.dll
0x00007ff8df140000 - 0x00007ff8df14a000 	C:\Program Files\Java\jdk-21\bin\management.dll
0x00007ff8de710000 - 0x00007ff8de71b000 	C:\Program Files\Java\jdk-21\bin\management_ext.dll
0x00007ff8e6040000 - 0x00007ff8e6048000 	C:\Windows\System32\PSAPI.DLL
0x00007ff8e1c20000 - 0x00007ff8e1c2e000 	C:\Program Files\Java\jdk-21\bin\sunmscapi.dll
0x00007ff8e5540000 - 0x00007ff8e569d000 	C:\Windows\System32\CRYPT32.dll
0x00007ff8e4f30000 - 0x00007ff8e4f57000 	C:\Windows\SYSTEM32\ncrypt.dll
0x00007ff8e4ef0000 - 0x00007ff8e4f2b000 	C:\Windows\SYSTEM32\NTASN1.dll
0x00007ff8e4e10000 - 0x00007ff8e4e28000 	C:\Windows\SYSTEM32\CRYPTSP.dll
0x00007ff8e44d0000 - 0x00007ff8e4508000 	C:\Windows\system32\rsaenh.dll
0x00007ff8e5380000 - 0x00007ff8e53ae000 	C:\Windows\SYSTEM32\USERENV.dll
0x00007ff8e4e30000 - 0x00007ff8e4e3c000 	C:\Windows\SYSTEM32\CRYPTBASE.dll
0x00007ff8ddf10000 - 0x00007ff8ddf19000 	C:\Program Files\Java\jdk-21\bin\extnet.dll
0x00007ff8ddf20000 - 0x00007ff8ddf27000 	C:\Windows\system32\wshunix.dll

dbghelp: loaded successfully - version: 4.0.5 - missing functions: none
symbol engine: initialized successfully - sym options: 0x614 - pdb path: .;C:\Program Files\Java\jdk-21\bin;C:\Windows\SYSTEM32;C:\Windows\WinSxS\amd64_microsoft.windows.common-controls_6595b64144ccf1df_6.0.19041.5794_none_60bcd33171f2783c;C:\Program Files\Java\jdk-21\bin\server

VM Arguments:
jvm_args: -XX:+ShowCodeDetailsInExceptionMessages -agentlib:jdwp=transport=dt_socket,suspend=y,address=localhost:50433 -javaagent:D:\EclipseIDE\eclipse\configuration\org.eclipse.osgi\446\0\.cp\lib\javaagent-shaded.jar -Dfile.encoding=UTF-8 -Dstdout.encoding=UTF-8 -Dstderr.encoding=UTF-8 
java_command: com.web.ShopwebApplication
java_class_path (initial): D:\BackendJava\My_Workspace\shopapp\shopweb\target\classes;C:\Users\PHAN ANH TUAN\.m2\repository\org\springframework\boot\spring-boot-starter-data-jpa\3.5.0\spring-boot-starter-data-jpa-3.5.0.jar;C:\Users\PHAN ANH TUAN\.m2\repository\org\springframework\boot\spring-boot-starter\3.5.0\spring-boot-starter-3.5.0.jar;C:\Users\PHAN ANH TUAN\.m2\repository\org\springframework\boot\spring-boot-starter-logging\3.5.0\spring-boot-starter-logging-3.5.0.jar;C:\Users\PHAN ANH TUAN\.m2\repository\ch\qos\logback\logback-classic\1.5.18\logback-classic-1.5.18.jar;C:\Users\PHAN ANH TUAN\.m2\repository\ch\qos\logback\logback-core\1.5.18\logback-core-1.5.18.jar;C:\Users\PHAN ANH TUAN\.m2\repository\org\apache\logging\log4j\log4j-to-slf4j\2.24.3\log4j-to-slf4j-2.24.3.jar;C:\Users\PHAN ANH TUAN\.m2\repository\org\apache\logging\log4j\log4j-api\2.24.3\log4j-api-2.24.3.jar;C:\Users\PHAN ANH TUAN\.m2\repository\org\slf4j\jul-to-slf4j\2.0.17\jul-to-slf4j-2.0.17.jar;C:\Users\PHAN ANH TUAN\.m2\repository\org\yaml\snakeyaml\2.4\snakeyaml-2.4.jar;C:\Users\PHAN ANH TUAN\.m2\repository\org\springframework\boot\spring-boot-starter-jdbc\3.5.0\spring-boot-starter-jdbc-3.5.0.jar;C:\Users\PHAN ANH TUAN\.m2\repository\com\zaxxer\HikariCP\6.3.0\HikariCP-6.3.0.jar;C:\Users\PHAN ANH TUAN\.m2\repository\org\springframework\spring-jdbc\6.2.7\spring-jdbc-6.2.7.jar;C:\Users\PHAN ANH TUAN\.m2\repository\org\hibernate\orm\hibernate-core\6.6.15.Final\hibernate-core-6.6.15.Final.jar;C:\Users\PHAN ANH TUAN\.m2\repository\jakarta\persistence\jakarta.persistence-api\3.1.0\jakarta.persistence-api-3.1.0.jar;C:\Users\PHAN ANH TUAN\.m2\repository\jakarta\transaction\jakarta.transaction-api\2.0.1\jakarta.transaction-api-2.0.1.jar;C:\Users\PHAN ANH TUAN\.m2\repository\org\jboss\logging\jboss-logging\3.6.1.Final\jboss-logging-3.6.1.Final.jar;C:\Users\PHAN ANH TUAN\.m2\repository\org\hibernate\common\hibernate-commons-annotations\7.0.3.Final\hibernate-commons-annotations-7.0.3.Final.jar;C:\Users\PHAN ANH TUAN\.m2\repository\io\smallrye\jandex\3.2.0\jandex-3.2.0.jar;C:\Users\PHAN ANH TUAN\.m2\repository\com\fasterxml\classmate\1.7.0\classmate-1.7.0.jar;C:\Users\PHAN ANH TUAN\.m2\repository\net\bytebuddy\byte-buddy\1.17.5\byte-buddy-1.17.5.jar;C:\Users\PHAN ANH TUAN\.m2\repository\org\glassfish\jaxb\jaxb-runtime\4.0.5\jaxb-runtime-4.0.5.jar;C:\Users\PHAN ANH TUAN\.m2\repository\org\glassfish\jaxb\jaxb-core\4.0.5\jaxb-core-4.0.5.jar;C:\Users\PHAN ANH TUAN\.m2\repository\org\eclipse\angus\angus-activation\2.0.2\angus-activation-2.0.2.jar;C:\Users\PHAN ANH TUAN\.m2\repository\org\glassfish\jaxb\txw2\4.0.5\txw2-4.0.5.jar;C:\Users\PHAN ANH TUAN\.m2\repository\com\sun\istack\istack-commons-runtime\4.1.2\istack-commons-runtime-4.1.2.jar;C:\Users\PHAN ANH TUAN\.m2\repository\jakarta\inject\jakarta.inject-api\2.0.1\jakarta.inject-api-2.0.1.jar;C:\Users\PHAN ANH TUAN\.m2\repository\org\antlr\antlr4-runtime\4.13.0\antlr4-runtime-4.13.0.jar;C:\Users\PHAN ANH TUAN\.m2\repository\org\springframework\data\spring-data-jpa\3.5.0\spring-data-jpa-3.5.0.jar;C:\Users\PHAN ANH TUAN\.m2\repository\org\springframework\data\spring-data-commons\3.5.0\spring-data-commons-3.5.0.jar;C:\Users\PHAN ANH TUAN\.m2\repository\org\springframework\spring-orm\6.2.7\spring-orm-6.2.7.jar;C:\Users\PHAN ANH TUAN\.m2\repository\org\springframework\spring-context\6.2.7\spring-context-6.2.7.jar;C:\Users\PHAN ANH TUAN\.m2\repository\org\springframework\spring-tx\6.2.7\spring-tx-6.2.7.jar;C:\Users\PHAN ANH TUAN\.m2\repository\org\springframework\spring-beans\6.2.7\spring-beans-6.2.7.jar;C:\Users\PHAN ANH TUAN\.m2\repository\org\slf4j\slf4j-api\2.0.17\slf4j-api-2.0.17.jar;C:\Users\PHAN ANH TUAN\.m2\repository\org\springframework\spring-aspects\6.2.7\spring-aspects-6.2.7.jar;C:\Users\PHAN ANH TUAN\.m2\repository\org\aspectj\aspectjweaver\1.9.24\aspectjweaver-1.9.24.jar;C:\Users\PHAN ANH TUAN\.m2\repository\org\springframework\boot\spring-boot-starter-web\3.5.0\spring-boot-starter-web-3.5.0.jar;C:\Users\PHAN ANH TUAN\.m2\repository\org\springframework\boot\spring-boot-starter-json\3.5.0\spring-boot-starter-json-3.5.0.jar;C:\Users\PHAN ANH TUAN\.m2\repository\com\fasterxml\jackson\core\jackson-databind\2.19.0\jackson-databind-2.19.0.jar;C:\Users\PHAN ANH TUAN\.m2\repository\com\fasterxml\jackson\core\jackson-annotations\2.19.0\jackson-annotations-2.19.0.jar;C:\Users\PHAN ANH TUAN\.m2\repository\com\fasterxml\jackson\core\jackson-core\2.19.0\jackson-core-2.19.0.jar;C:\Users\PHAN ANH TUAN\.m2\repository\com\fasterxml\jackson\datatype\jackson-datatype-jdk8\2.19.0\jackson-datatype-jdk8-2.19.0.jar;C:\Users\PHAN ANH TUAN\.m2\repository\com\fasterxml\jackson\datatype\jackson-datatype-jsr310\2.19.0\jackson-datatype-jsr310-2.19.0.jar;C:\Users\PHAN ANH TUAN\.m2\repository\com\fasterxml\jackson\module\jackson-module-parameter-names\2.19.0\jackson-module-parameter-names-2.19.0.jar;C:\Users\PHAN ANH TUAN\.m2\repository\org\springframework\spring-web\6.2.7\spring-web-6.2.7.jar;C:\Users\PHAN ANH TUAN\.m2\repository\io\micrometer\micrometer-observation\1.15.0\micrometer-observation-1.15.0.jar;C:\Users\PHAN ANH TUAN\.m2\repository\io\micrometer\micrometer-commons\1.15.0\micrometer-commons-1.15.0.jar;C:\Users\PHAN ANH TUAN\.m2\repository\org\springframework\spring-webmvc\6.2.7\spring-webmvc-6.2.7.jar;C:\Users\PHAN ANH TUAN\.m2\repository\org\springframework\spring-expression\6.2.7\spring-expression-6.2.7.jar;C:\Users\PHAN ANH TUAN\.m2\repository\org\springframework\boot\spring-boot-devtools\3.5.0\spring-boot-devtools-3.5.0.jar;C:\Users\PHAN ANH TUAN\.m2\repository\org\springframework\boot\spring-boot\3.5.0\spring-boot-3.5.0.jar;C:\Users\PHAN ANH TUAN\.m2\repository\org\springframework\boot\spring-boot-autoconfigure\3.5.0\spring-boot-autoconfigure-3.5.0.jar;C:\Users\PHAN ANH TUAN\.m2\repository\org\springframework\boot\spring-boot-starter-tomcat\3.5.0\spring-boot-starter-tomcat-3.5.0.jar;C:\Users\PHAN ANH TUAN\.m2\repository\jakarta\annotation\jakarta.annotation-api\2.1.1\jakarta.annotation-api-2.1.1.jar;C:\Users\PHAN ANH TUAN\.m2\repository\org\apache\tomcat\embed\tomcat-embed-core\10.1.41\tomcat-embed-core-10.1.41.jar;C:\Users\PHAN ANH TUAN\.m2\repository\org\apache\tomcat\embed\tomcat-embed-el\10.1.41\tomcat-embed-el-10.1.41.jar;C:\Users\PHAN ANH TUAN\.m2\repository\org\apache\tomcat\embed\tomcat-embed-websocket\10.1.41\tomcat-embed-websocket-10.1.41.jar;C:\Users\PHAN ANH TUAN\.m2\repository\jakarta\xml\bind\jakarta.xml.bind-api\4.0.2\jakarta.xml.bind-api-4.0.2.jar;C:\Users\PHAN ANH TUAN\.m2\repository\jakarta\activation\jakarta.activation-api\2.1.3\jakarta.activation-api-2.1.3.jar;C:\Users\PHAN ANH TUAN\.m2\repository\org\springframework\spring-core\6.2.7\spring-core-6.2.7.jar;C:\Users\PHAN ANH TUAN\.m2\repository\org\springframework\spring-jcl\6.2.7\spring-jcl-6.2.7.jar;C:\Users\PHAN ANH TUAN\.m2\repository\com\mysql\mysql-connector-j\8.0.33\mysql-connector-j-8.0.33.jar;C:\Users\PHAN ANH TUAN\.m2\repository\org\apache\tomcat\embed\tomcat-embed-jasper\10.1.41\tomcat-embed-jasper-10.1.41.jar;C:\Users\PHAN ANH TUAN\.m2\repository\org\eclipse\jdt\ecj\3.33.0\ecj-3.33.0.jar;C:\Users\PHAN ANH TUAN\.m2\repository\org\springframework\boot\spring-boot-starter-thymeleaf\3.5.0\spring-boot-starter-thymeleaf-3.5.0.jar;C:\Users\PHAN ANH TUAN\.m2\repository\org\thymeleaf\thymeleaf-spring6\3.1.3.RELEASE\thymeleaf-spring6-3.1.3.RELEASE.jar;C:\Users\PHAN ANH TUAN\.m2\repository\org\thymeleaf\thymeleaf\3.1.3.RELEASE\thymeleaf-3.1.3.RELEASE.jar;C:\Users\PHAN ANH TUAN\.m2\repository\org\attoparser\attoparser\2.0.7.RELEASE\attoparser-2.0.7.RELEASE.jar;C:\Users\PHAN ANH TUAN\.m2\repository\org\unbescape\unbescape\1.1.6.RELEASE\unbescape-1.1.6.RELEASE.jar;C:\Users\PHAN ANH TUAN\.m2\repository\org\modelmapper\modelmapper\3.1.1\modelmapper-3.1.1.jar;C:\Users\PHAN ANH TUAN\.m2\repository\org\projectlombok\lombok\1.18.30\lombok-1.18.30.jar;C:\Users\PHAN ANH TUAN\.m2\repository\org\springframework\boot\spring-boot-starter-security\3.5.0\spring-boot-starter-security-3.5.0.jar;C:\Users\PHAN ANH TUAN\.m2\repository\org\springframework\spring-aop\6.2.7\spring-aop-6.2.7.jar;C:\Users\PHAN ANH TUAN\.m2\repository\org\springframework\security\spring-security-config\6.5.0\spring-security-config-6.5.0.jar;C:\Users\PHAN ANH TUAN\.m2\repository\org\springframework\security\spring-security-core\6.5.0\spring-security-core-6.5.0.jar;C:\Users\PHAN ANH TUAN\.m2\repository\org\springframework\security\spring-security-crypto\6.5.0\spring-security-crypto-6.5.0.jar;C:\Users\PHAN ANH TUAN\.m2\repository\org\springframework\security\spring-security-web\6.5.0\spring-security-web-6.5.0.jar
Launcher Type: SUN_STANDARD

[Global flags]
     intx CICompilerCount                          = 4                                         {product} {ergonomic}
     uint ConcGCThreads                            = 2                                         {product} {ergonomic}
     uint G1ConcRefinementThreads                  = 8                                         {product} {ergonomic}
   size_t G1HeapRegionSize                         = 1048576                                   {product} {ergonomic}
    uintx GCDrainStackTargetSize                   = 64                                        {product} {ergonomic}
   size_t InitialHeapSize                          = 130023424                                 {product} {ergonomic}
   size_t MarkStackSize                            = 4194304                                   {product} {ergonomic}
   size_t MaxHeapSize                              = 2080374784                                {product} {ergonomic}
   size_t MaxNewSize                               = 1247805440                                {product} {ergonomic}
   size_t MinHeapDeltaBytes                        = 1048576                                   {product} {ergonomic}
   size_t MinHeapSize                              = 8388608                                   {product} {ergonomic}
    uintx NonNMethodCodeHeapSize                   = 5839372                                {pd product} {ergonomic}
    uintx NonProfiledCodeHeapSize                  = 122909434                              {pd product} {ergonomic}
    uintx ProfiledCodeHeapSize                     = 122909434                              {pd product} {ergonomic}
    uintx ReservedCodeCacheSize                    = 251658240                              {pd product} {ergonomic}
     bool SegmentedCodeCache                       = true                                      {product} {ergonomic}
     bool ShowCodeDetailsInExceptionMessages       = true                                   {manageable} {command line}
   size_t SoftMaxHeapSize                          = 2080374784                             {manageable} {ergonomic}
     bool UseCompressedOops                        = true                           {product lp64_product} {ergonomic}
     bool UseG1GC                                  = true                                      {product} {ergonomic}
     bool UseLargePagesIndividualAllocation        = false                                  {pd product} {ergonomic}

Logging:
Log output configuration:
 #0: stdout all=warning uptime,level,tags foldmultilines=false
 #1: stderr all=off uptime,level,tags foldmultilines=false

Environment Variables:
JAVA_HOME=C:\Program Files\Java\jdk-21
PATH=C:/Program Files/Java/jdk-21/bin/server;C:/Program Files/Java/jdk-21/bin;C:\Program Files (x86)\Common Files\Oracle\Java\javapath;C:\Program Files\Apache Software Foundation\apache-maven-3.9.9\bin;C:\Program Files\Common Files\Oracle\Java\javapath;C:\Windows\system32;C:\Windows;C:\Windows\System32\Wbem;C:\Windows\System32\WindowsPowerShell\v1.0\;C:\Windows\System32\OpenSSH\;C:\Program Files (x86)\Microsoft SQL Server\160\Tools\Binn\;C:\Program Files\Microsoft SQL Server\160\Tools\Binn\;C:\Program Files\Microsoft SQL Server\Client SDK\ODBC\170\Tools\Binn\;C:\Program Files\Microsoft SQL Server\160\DTS\Binn\;C:\Program Files (x86)\Microsoft SQL Server\160\DTS\Binn\;C:\Program Files\Microsoft SQL Server\150\Tools\Binn\;C:\Program Files\Git\cmd;C:\Program Files\TortoiseGit\bin;C:\Users\PHAN ANH TUAN\AppData\Local\Microsoft\WindowsApps;C:\Users\PHAN ANH TUAN\AppData\Local\Programs\Microsoft VS Code\bin;C:\Program Files\JetBrains\IntelliJ IDEA 2025.1\bin;;C:\Windows\System32;
USERNAME=PHAN ANH TUAN
OS=Windows_NT
PROCESSOR_IDENTIFIER=Intel64 Family 6 Model 140 Stepping 1, GenuineIntel
TMP=C:\Users\PHANAN~1\AppData\Local\Temp
TEMP=C:\Users\PHANAN~1\AppData\Local\Temp




Periodic native trim disabled

---------------  S Y S T E M  ---------------

OS:
 Windows 10 , 64 bit Build 19041 (10.0.19041.5794)
OS uptime: 77 days 18:58 hours

CPU: total 8 (initial active 8) (4 cores per cpu, 2 threads per core) family 6 model 140 stepping 1 microcode 0xb8, cx8, cmov, fxsr, ht, mmx, 3dnowpref, sse, sse2, sse3, ssse3, sse4.1, sse4.2, popcnt, lzcnt, tsc, tscinvbit, avx, avx2, aes, erms, clmul, bmi1, bmi2, adx, avx512f, avx512dq, avx512cd, avx512bw, avx512vl, sha, fma, vzeroupper, avx512_vpopcntdq, avx512_vpclmulqdq, avx512_vaes, avx512_vnni, clflush, clflushopt, clwb, avx512_vbmi2, avx512_vbmi, rdtscp, rdpid, fsrm, gfni, avx512_bitalg, f16c, pku, cet_ibt, cet_ss, avx512_ifma
Processor Information for all 8 processors :
  Max Mhz: 1382, Current Mhz: 1382, Mhz Limit: 1382

Memory: 4k page, system-wide physical 7934M (986M free)
TotalPageFile size 18208M (AvailPageFile size 7070M)
current process WorkingSet (physical memory assigned to process): 341M, peak: 397M
current process commit charge ("private bytes"): 386M, peak: 434M

vm_info: Java HotSpot(TM) 64-Bit Server VM (21.0.2+13-LTS-58) for windows-amd64 JRE (21.0.2+13-LTS-58), built on 2024-01-05T18:32:24Z by "mach5one" with MS VC++ 17.1 (VS2022)

END.
