#
# A fatal error has been detected by the Java Runtime Environment:
#
#  EXCEPTION_ACCESS_VIOLATION (0xc0000005) at pc=0x0000014e13139384, pid=13260, tid=17092
#
# JRE version: Java(TM) SE Runtime Environment (21.0.2+13) (build 21.0.2+13-LTS-58)
# Java VM: Java HotSpot(TM) 64-Bit Server VM (21.0.2+13-LTS-58, mixed mode, emulated-client, sharing, tiered, compressed oops, compressed class ptrs, g1 gc, windows-amd64)
# Problematic frame:
# v  ~BufferBlob::MethodHandles adapters 0x0000014e13139384
#
# No core dump will be written. Minidumps are not enabled by default on client versions of Windows
#
# If you would like to submit a bug report, please visit:
#   https://bugreport.java.com/bugreport/crash.jsp
#

---------------  S U M M A R Y ------------

Command Line: -XX:+ShowCodeDetailsInExceptionMessages -agentlib:jdwp=transport=dt_socket,suspend=y,address=localhost:53280 -Dcom.sun.management.jmxremote -Dcom.sun.management.jmxremote.port=53279 -Dcom.sun.management.jmxremote.authenticate=false -Dcom.sun.management.jmxremote.ssl=false -Djava.rmi.server.hostname=localhost -Dspring.jmx.enabled=true -Dmanagement.endpoints.jmx.exposure.include=* -Dspring.application.admin.enabled=true -XX:TieredStopAtLevel=1 -Dspring.boot.project.name=shopweb -javaagent:D:\EclipseIDE\eclipse\configuration\org.eclipse.osgi\446\0\.cp\lib\javaagent-shaded.jar -Dfile.encoding=UTF-8 -Dstdout.encoding=UTF-8 -Dstderr.encoding=UTF-8 com.web.ShopwebApplication --spring.output.ansi.enabled=always

Host: 11th Gen Intel(R) Core(TM) i5-1135G7 @ 2.40GHz, 8 cores, 7G,  Windows 10 , 64 bit Build 19041 (10.0.19041.5794)
Time: Tue Jun 24 14:09:04 2025 SE Asia Standard Time elapsed time: 134.376283 seconds (0d 0h 2m 14s)

---------------  T H R E A D  ---------------

Current thread (0x0000014e641c3c30):  JavaThread "http-nio-8088-exec-3" daemon [_thread_in_Java, id=17092, stack(0x0000000a9bb00000,0x0000000a9bc00000) (1024K)]

Stack: [0x0000000a9bb00000,0x0000000a9bc00000],  sp=0x0000000a9bbfd038,  free space=1012k
Native frames: (J=compiled Java code, j=interpreted, Vv=VM code, C=native code)
C  0x0000014e13139384

The last pc belongs to _linkToVirtual (printed below).

siginfo: EXCEPTION_ACCESS_VIOLATION (0xc0000005), reading address 0xffffffffffffffff


Registers:
RAX=0x0000014e130e9086, RBX=0x0000000089838620, RCX=0x0000000a9bbfd048, RDX=0x0000000000000003
RSP=0x0000000a9bbfd038, RBP=0x0000000a9bbfd090, RSI=0x0000014e63965498, RDI=0x0000014e6204c2d0
R8 =0x0000000000000004, R9 =0x0000000000000004, R10=0x0000014e3872b5a3, R11=0x8983863800000001
R12=0x0000000000000000, R13=0x0000000a9bbfd038, R14=0x0000000a9bbfd0b8, R15=0x0000014e641c3c30
RIP=0x0000014e13139384, EFLAGS=0x0000000000010206


Register to memory mapping:

RAX=0x0000014e130e9086 is at code_begin+3078 in an Interpreter codelet
return entry points  [0x0000014e130e8480, 0x0000014e130ea298]  7704 bytes
RBX=0x0000000089838620 is an oop: java.util.ArrayList 
{0x0000000089838620} - klass: 'java/util/ArrayList'
 - ---- fields (total size 3 words):
 - protected transient 'modCount' 'I' @12  1 (0x00000001)
 - private 'size' 'I' @16  1 (0x00000001)
 - transient 'elementData' '[Ljava/lang/Object;' @20  a 'java/lang/Object'[1] {0x0000000089838638} (0x89838638)
RCX=0x0000000a9bbfd048 is pointing into the stack for thread: 0x0000014e641c3c30
RDX=0x0000000000000003 is an unknown value
RSP=0x0000000a9bbfd038 is pointing into the stack for thread: 0x0000014e641c3c30
RBP=0x0000000a9bbfd090 is pointing into the stack for thread: 0x0000014e641c3c30
RSI=0x0000014e63965498 points into unknown readable memory: 0x88000701ab01ad17 | 17 ad 01 ab 01 07 00 88
RDI=0x0000014e6204c2d0 points into unknown readable memory: 0x0000002000000070 | 70 00 00 00 20 00 00 00
R8 =0x0000000000000004 is an unknown value
R9 =0x0000000000000004 is an unknown value
R10=0x0000014e3872b5a3 is an unknown value
R11=0x8983863800000001 is an unknown value
R12=0x0 is null
R13=0x0000000a9bbfd038 is pointing into the stack for thread: 0x0000014e641c3c30
R14=0x0000000a9bbfd0b8 is pointing into the stack for thread: 0x0000014e641c3c30
R15=0x0000014e641c3c30 is a thread

Top of Stack: (sp=0x0000000a9bbfd038)
0x0000000a9bbfd038:   0000014e130e9086 0000000085bde038
0x0000000a9bbfd048:   0000000a9bbfd048 0000014e1c72b5a3
0x0000000a9bbfd058:   0000000000000005 0000014e1c0b2128
0x0000000a9bbfd068:   000000008983b7a0 0000000084d0e488
0x0000000a9bbfd078:   0000014e1c0b4c20 0000000a9bbfd038
0x0000000a9bbfd088:   0000000a9bbfd0c0 0000000a9bbfd3e8
0x0000000a9bbfd098:   0000014e13bc1bb7 000000008983b228
0x0000000a9bbfd0a8:   0000000089838620 0000000085bde038
0x0000000a9bbfd0b8:   000000008983b3a0 0000000084df8d60
0x0000000a9bbfd0c8:   0000014e1341221e 00000000000000d5
0x0000000a9bbfd0d8:   0000000084df8d60 000000008983b770
0x0000000a9bbfd0e8:   0000000085bde038 000000008983b688
0x0000000a9bbfd0f8:   0000000089838620 0000000089838620
0x0000000a9bbfd108:   000000008983b568 000000008983b3a0
0x0000000a9bbfd118:   0000000085bde038 0000014e13bc1acc
0x0000000a9bbfd128:   000000008983ac10 0000000a9bbfd3e8
0x0000000a9bbfd138:   0000014e13a78b5a 0000000084df8d60
0x0000000a9bbfd148:   000000008983b7a0 000000008983b770
0x0000000a9bbfd158:   0000000a00000001 0000000084df8d60
0x0000000a9bbfd168:   00000000849a75b0 00000000854708e0
0x0000000a9bbfd178:   0000000000000000 0000000a9bbfd3e8
0x0000000a9bbfd188:   0000014e134a1edc 0000000085494901
0x0000000a9bbfd198:   0000014e641c3c30 0000000a9bbfd3e8
0x0000000a9bbfd1a8:   0000014e132e206c 0000000000000000
0x0000000a9bbfd1b8:   0000000000000000 0000000000000000
0x0000000a9bbfd1c8:   0000000000000000 0000000000000000
0x0000000a9bbfd1d8:   0000000000000000 0000000000000000
0x0000000a9bbfd1e8:   0000000000000000 000000008983b7a0
0x0000000a9bbfd1f8:   0000000089838f38 0000000085bde038
0x0000000a9bbfd208:   0000000084dd2960 00000000854652a0
0x0000000a9bbfd218:   00000000854708e0 0000000000000000
0x0000000a9bbfd228:   000000008983b7a0 0000000a9bbfd3e8 

Instructions: (pc=0x0000014e13139384)
0x0000014e13139284:   00 00 00 00 01 00 00 00 00 00 00 00 60 4f 10 9f
0x0000014e13139294:   f8 7f 00 00 00 93 13 13 4e 01 00 00 80 a3 13 13
0x0000014e131392a4:   4e 01 00 00 00 93 13 13 4e 01 00 00 80 a3 13 13
0x0000014e131392b4:   4e 01 00 00 f0 92 13 13 4e 01 00 00 f0 92 13 13
0x0000014e131392c4:   4e 01 00 00 00 00 00 00 00 00 00 00 f8 4f 10 9f
0x0000014e131392d4:   f8 7f 00 00 f0 10 00 00 60 00 00 00 ff ff ff ff
0x0000014e131392e4:   f0 10 00 00 00 00 00 00 00 00 00 00 00 00 00 00
0x0000014e131392f4:   00 00 00 00 00 00 00 00 00 00 00 00 f4 66 66 66
0x0000014e13139304:   0f 1f 84 00 00 00 00 00 66 66 66 90 66 66 66 0f
0x0000014e13139314:   1f 84 00 00 00 00 00 66 66 66 90 90 48 8b 53 08
0x0000014e13139324:   0f b7 52 2e 48 8b 0c d4 8b 59 14 8b 5b 28 8b 5b
0x0000014e13139334:   24 48 8b 5b 10 48 85 db 0f 84 10 00 00 00 41 80
0x0000014e13139344:   bf e0 05 00 00 00 74 03 ff 63 38 ff 63 50 e9 a9
0x0000014e13139354:   f6 ff ff 66 0f 1f 84 00 00 00 00 00 48 8b 53 08
0x0000014e13139364:   0f b7 52 2e 48 8b 0c d4 58 5b 50 44 8b 51 08 49
0x0000014e13139374:   bb 00 00 00 1c 4e 01 00 00 4d 03 d3 4c 8b 5b 10
0x0000014e13139384:   4b 8b 9c da c8 01 00 00 48 85 db 0f 84 10 00 00
0x0000014e13139394:   00 41 80 bf e0 05 00 00 00 74 03 ff 63 38 ff 63
0x0000014e131393a4:   50 e9 56 f6 ff ff 66 66 66 0f 1f 84 00 00 00 00
0x0000014e131393b4:   00 66 66 66 90 0f 1f 80 00 00 00 00 58 5b 50 8b
0x0000014e131393c4:   5b 24 48 8b 5b 10 48 85 db 0f 84 10 00 00 00 41
0x0000014e131393d4:   80 bf e0 05 00 00 00 74 03 ff 63 38 ff 63 50 e9
0x0000014e131393e4:   18 f6 ff ff 66 66 66 0f 1f 84 00 00 00 00 00 66
0x0000014e131393f4:   66 66 90 66 0f 1f 84 00 00 00 00 00 48 8b 53 08
0x0000014e13139404:   0f b7 52 2e 48 8b 0c d4 58 5b 50 48 3b 01 8b 5b
0x0000014e13139414:   24 48 8b 5b 10 48 85 db 0f 84 10 00 00 00 41 80
0x0000014e13139424:   bf e0 05 00 00 00 74 03 ff 63 38 ff 63 50 e9 c9
0x0000014e13139434:   f5 ff ff 66 0f 1f 84 00 00 00 00 00 48 8b 53 08
0x0000014e13139444:   0f b7 52 2e 48 8b 0c d4 58 5b 50 44 8b 51 08 49
0x0000014e13139454:   bb 00 00 00 1c 4e 01 00 00 4d 03 d3 8b 43 18 48
0x0000014e13139464:   8b 40 10 48 8b 5b 10 45 8b 9a a0 00 00 00 4f 8d
0x0000014e13139474:   9c da c8 01 00 00 4d 8d 14 da 49 8b 1b 48 3b c3 


Stack slot to memory mapping:

stack at sp + 0 slots: 0x0000014e130e9086 is at code_begin+3078 in an Interpreter codelet
return entry points  [0x0000014e130e8480, 0x0000014e130ea298]  7704 bytes
stack at sp + 1 slots: 0x0000000085bde038 is an oop: com.web.service.impl.UserServiceImpl 
{0x0000000085bde038} - klass: 'com/web/service/impl/UserServiceImpl'
 - ---- fields (total size 3 words):
 - private 'userRepository' 'Lcom/web/repository/UserRepository;' @12  a 'jdk/proxy4/$Proxy133'{0x0000000085b89b48} (0x85b89b48)
 - private 'userConverter' 'Lcom/web/converter/UserConverter;' @16  a 'com/web/converter/UserConverter'{0x0000000085bde050} (0x85bde050)
stack at sp + 2 slots: 0x0000000a9bbfd048 is pointing into the stack for thread: 0x0000014e641c3c30
stack at sp + 3 slots: 0x0000014e1c72b5a3 is pointing into metadata
stack at sp + 4 slots: 0x0000000000000005 is an unknown value
stack at sp + 5 slots: 0x0000014e1c0b2128 is pointing into metadata
stack at sp + 6 slots: 0x000000008983b7a0 is an oop: jdk.internal.reflect.DirectMethodHandleAccessor 
{0x000000008983b7a0} - klass: 'jdk/internal/reflect/DirectMethodHandleAccessor'
 - ---- fields (total size 4 words):
 - private final 'paramCount' 'I' @12  1 (0x00000001)
 - private final 'flags' 'I' @16  0 (0x00000000)
 - private final 'declaringClass' 'Ljava/lang/Class;' @20  a 'java/lang/Class'{0x0000000084df8d60} = 'com/web/service/impl/UserServiceImpl' (0x84df8d60)
 - private final 'target' 'Ljava/lang/invoke/MethodHandle;' @24  a 'java/lang/invoke/BoundMethodHandle$Species_LLL'{0x000000008983b770} (0x8983b770)
stack at sp + 7 slots: 0x0000000084d0e488 is an oop: java.lang.Class 
{0x0000000084d0e488} - klass: 'java/lang/Class'
 - ---- fields (total size 14 words):
 - private volatile transient 'classRedefinedCount' 'I' @12  0 (0x00000000)
 - injected 'klass' 'J' @16  1434989567224 (0x0000014e1c0b1cf8)
 - injected 'array_klass' 'J' @24  0 (0x0000000000000000)
 - injected 'oop_size' 'I' @32  14 (0x0000000e)
 - injected 'static_oop_field_count' 'I' @36  0 (0x00000000)
 - private volatile transient 'cachedConstructor' 'Ljava/lang/reflect/Constructor;' @40  null (0x00000000)
 - private transient 'name' 'Ljava/lang/String;' @44  null (0x00000000)
 - private transient 'module' 'Ljava/lang/Module;' @48  a 'java/lang/Module'{0x0000000084d073a8} (0x84d073a8)
 - private final 'classLoader' 'Ljava/lang/ClassLoader;' @52  null (0x00000000)
 - private transient 'classData' 'Ljava/lang/Object;' @56  null (0x00000000)
 - private transient 'packageName' 'Ljava/lang/String;' @60  null (0x00000000)
 - private final 'componentType' 'Ljava/lang/Class;' @64  null (0x00000000)
 - private volatile transient 'reflectionData' 'Ljava/lang/ref/SoftReference;' @68  null (0x00000000)
 - private volatile transient 'genericInfo' 'Lsun/reflect/generics/repository/ClassRepository;' @72  null (0x00000000)
 - private volatile transient 'enumConstants' '[Ljava/lang/Object;' @76  null (0x00000000)
 - private volatile transient 'enumConstantDirectory' 'Ljava/util/Map;' @80  null (0x00000000)
 - private volatile transient 'annotationData' 'Ljava/lang/Class$AnnotationData;' @84  null (0x00000000)
 - private volatile transient 'annotationType' 'Lsun/reflect/annotation/AnnotationType;' @88  null (0x00000000)
 - transient 'classValueMap' 'Ljava/lang/ClassValue$ClassValueMap;' @92  null (0x00000000)
 - injected 'protection_domain' 'Ljava/lang/Object;' @96  null (0x00000000)
 - injected 'signers_name' 'Ljava/lang/Object;' @100  null (0x00000000)
 - injected 'source_file' 'Ljava/lang/Object;' @104  null (0x00000000)
 - signature: Ljava/lang/invoke/DirectMethodHandle$Holder;
 - ---- static fields (0):

MethodHandle::interpreter_entry::_linkToVirtual [0x0000014e13139357, 0x0000014e131393aa] (83 bytes)
[MachCode]
  0x0000014e13139357: 660f 1f84 | 0000 0000 | 0048 8b53 | 080f b752 | 2e48 8b0c | d458 5b50 | 448b 5108 | 49bb 0000 
  0x0000014e13139377: 001c 4e01 | 0000 4d03 | d34c 8b5b | 104b 8b9c | dac8 0100 | 0048 85db | 0f84 1000 | 0000 4180 
  0x0000014e13139397: bfe0 0500 | 0000 7403 | ff63 38ff | 6350 e956 | 
[/MachCode]

---------------  P R O C E S S  ---------------

Threads class SMR info:
_java_thread_list=0x0000014e63f457b0, length=38, elements={
0x0000014e1b34a450, 0x0000014e1b34aeb0, 0x0000014e1b34e860, 0x0000014e1b34f2c0,
0x0000014e1b350d50, 0x0000014e1b354170, 0x0000014e1b359d40, 0x0000014e1b5671f0,
0x0000014e1b5c24e0, 0x0000014e1b5d2bf0, 0x0000014e1b5d3a90, 0x0000014e611e5480,
0x0000014e613468f0, 0x0000014e61363c70, 0x0000014e613c1ec0, 0x0000014e616d5060,
0x0000014e616e16f0, 0x0000014e617077e0, 0x0000014e618ae6b0, 0x0000014e618ad990,
0x0000014e618af3d0, 0x0000014e618ad300, 0x0000014e618ac5e0, 0x0000014e641c2880,
0x0000014e641c2f10, 0x0000014e641c35a0, 0x0000014e641c6a20, 0x0000014e641c3c30,
0x0000014e641c42c0, 0x0000014e641c4fe0, 0x0000014e641c4950, 0x0000014e641c5670,
0x0000014e641c5d00, 0x0000014e641c70b0, 0x0000014e641c6390, 0x0000014e641c7740,
0x0000014e641c7dd0, 0x0000014e641c8460
}

Java Threads: ( => current thread )
  0x0000014e1b34a450 JavaThread "Reference Handler"          daemon [_thread_blocked, id=10416, stack(0x0000000a99200000,0x0000000a99300000) (1024K)]
  0x0000014e1b34aeb0 JavaThread "Finalizer"                  daemon [_thread_blocked, id=19404, stack(0x0000000a99300000,0x0000000a99400000) (1024K)]
  0x0000014e1b34e860 JavaThread "Signal Dispatcher"          daemon [_thread_blocked, id=12108, stack(0x0000000a99400000,0x0000000a99500000) (1024K)]
  0x0000014e1b34f2c0 JavaThread "Attach Listener"            daemon [_thread_blocked, id=14464, stack(0x0000000a99500000,0x0000000a99600000) (1024K)]
  0x0000014e1b350d50 JavaThread "Service Thread"             daemon [_thread_blocked, id=16232, stack(0x0000000a99600000,0x0000000a99700000) (1024K)]
  0x0000014e1b354170 JavaThread "Monitor Deflation Thread"   daemon [_thread_blocked, id=18416, stack(0x0000000a99700000,0x0000000a99800000) (1024K)]
  0x0000014e1b359d40 JavaThread "C1 CompilerThread0"         daemon [_thread_blocked, id=19816, stack(0x0000000a99800000,0x0000000a99900000) (1024K)]
  0x0000014e1b5671f0 JavaThread "Common-Cleaner"             daemon [_thread_blocked, id=15876, stack(0x0000000a99900000,0x0000000a99a00000) (1024K)]
  0x0000014e1b5c24e0 JavaThread "JDWP Transport Listener: dt_socket" daemon [_thread_blocked, id=9192, stack(0x0000000a99c00000,0x0000000a99d00000) (1024K)]
  0x0000014e1b5d2bf0 JavaThread "JDWP Event Helper Thread"   daemon [_thread_blocked, id=9880, stack(0x0000000a99d00000,0x0000000a99e00000) (1024K)]
  0x0000014e1b5d3a90 JavaThread "JDWP Command Reader"        daemon [_thread_in_native, id=15228, stack(0x0000000a99e00000,0x0000000a99f00000) (1024K)]
  0x0000014e611e5480 JavaThread "Notification Thread"        daemon [_thread_blocked, id=15264, stack(0x0000000a99f00000,0x0000000a9a000000) (1024K)]
  0x0000014e613468f0 JavaThread "RMI TCP Accept-0"           daemon [_thread_in_native, id=19388, stack(0x0000000a9a000000,0x0000000a9a100000) (1024K)]
  0x0000014e61363c70 JavaThread "RMI TCP Accept-53279"       daemon [_thread_in_native, id=10976, stack(0x0000000a9a100000,0x0000000a9a200000) (1024K)]
  0x0000014e613c1ec0 JavaThread "RMI TCP Accept-0"           daemon [_thread_in_native, id=7976, stack(0x0000000a9a200000,0x0000000a9a300000) (1024K)]
  0x0000014e616d5060 JavaThread "RMI Scheduler(0)"           daemon [_thread_blocked, id=12148, stack(0x0000000a9ab00000,0x0000000a9ac00000) (1024K)]
  0x0000014e616e16f0 JavaThread "RMI TCP Connection(4)-127.0.0.1" daemon [_thread_in_native, id=5532, stack(0x0000000a9ac00000,0x0000000a9ad00000) (1024K)]
  0x0000014e617077e0 JavaThread "JMX server connection timeout 38" daemon [_thread_blocked, id=18700, stack(0x0000000a9ad00000,0x0000000a9ae00000) (1024K)]
  0x0000014e618ae6b0 JavaThread "Catalina-utility-1"                [_thread_blocked, id=10060, stack(0x0000000a9b100000,0x0000000a9b200000) (1024K)]
  0x0000014e618ad990 JavaThread "Catalina-utility-2"                [_thread_blocked, id=15528, stack(0x0000000a9b300000,0x0000000a9b400000) (1024K)]
  0x0000014e618af3d0 JavaThread "container-0"                       [_thread_blocked, id=18884, stack(0x0000000a9b400000,0x0000000a9b500000) (1024K)]
  0x0000014e618ad300 JavaThread "mysql-cj-abandoned-connection-cleanup" daemon [_thread_blocked, id=4772, stack(0x0000000a9b500000,0x0000000a9b600000) (1024K)]
  0x0000014e618ac5e0 JavaThread "HikariPool-1:housekeeper"   daemon [_thread_blocked, id=6420, stack(0x0000000a9b700000,0x0000000a9b800000) (1024K)]
  0x0000014e641c2880 JavaThread "File Watcher"               daemon [_thread_blocked, id=20252, stack(0x0000000a99b00000,0x0000000a99c00000) (1024K)]
  0x0000014e641c2f10 JavaThread "Live Reload Server"         daemon [_thread_in_native, id=4820, stack(0x0000000a9b900000,0x0000000a9ba00000) (1024K)]
  0x0000014e641c35a0 JavaThread "http-nio-8088-exec-1"       daemon [_thread_blocked, id=20120, stack(0x0000000a9b000000,0x0000000a9b100000) (1024K)]
  0x0000014e641c6a20 JavaThread "http-nio-8088-exec-2"       daemon [_thread_blocked, id=404, stack(0x0000000a9ba00000,0x0000000a9bb00000) (1024K)]
=>0x0000014e641c3c30 JavaThread "http-nio-8088-exec-3"       daemon [_thread_in_Java, id=17092, stack(0x0000000a9bb00000,0x0000000a9bc00000) (1024K)]
  0x0000014e641c42c0 JavaThread "http-nio-8088-exec-4"       daemon [_thread_blocked, id=13152, stack(0x0000000a9bc00000,0x0000000a9bd00000) (1024K)]
  0x0000014e641c4fe0 JavaThread "http-nio-8088-exec-5"       daemon [_thread_blocked, id=1404, stack(0x0000000a9bd00000,0x0000000a9be00000) (1024K)]
  0x0000014e641c4950 JavaThread "http-nio-8088-exec-6"       daemon [_thread_blocked, id=9844, stack(0x0000000a9be00000,0x0000000a9bf00000) (1024K)]
  0x0000014e641c5670 JavaThread "http-nio-8088-exec-7"       daemon [_thread_blocked, id=5776, stack(0x0000000a9bf00000,0x0000000a9c000000) (1024K)]
  0x0000014e641c5d00 JavaThread "http-nio-8088-exec-8"       daemon [_thread_blocked, id=9528, stack(0x0000000a9c000000,0x0000000a9c100000) (1024K)]
  0x0000014e641c70b0 JavaThread "http-nio-8088-exec-9"       daemon [_thread_blocked, id=20756, stack(0x0000000a9c100000,0x0000000a9c200000) (1024K)]
  0x0000014e641c6390 JavaThread "http-nio-8088-exec-10"      daemon [_thread_blocked, id=1288, stack(0x0000000a9c200000,0x0000000a9c300000) (1024K)]
  0x0000014e641c7740 JavaThread "http-nio-8088-Poller"       daemon [_thread_in_native, id=19100, stack(0x0000000a9c300000,0x0000000a9c400000) (1024K)]
  0x0000014e641c7dd0 JavaThread "http-nio-8088-Acceptor"     daemon [_thread_in_native, id=12924, stack(0x0000000a9c400000,0x0000000a9c500000) (1024K)]
  0x0000014e641c8460 JavaThread "DestroyJavaVM"                     [_thread_blocked, id=844, stack(0x0000000a98a00000,0x0000000a98b00000) (1024K)]
Total: 38

Other Threads:
  0x0000014e1b328f80 VMThread "VM Thread"                           [id=12084, stack(0x0000000a99100000,0x0000000a99200000) (1024K)]
  0x0000014e1b313960 WatcherThread "VM Periodic Task Thread"        [id=10364, stack(0x0000000a99000000,0x0000000a99100000) (1024K)]
  0x0000014e0acd0fa0 WorkerThread "GC Thread#0"                     [id=10544, stack(0x0000000a98b00000,0x0000000a98c00000) (1024K)]
  0x0000014e613c2930 WorkerThread "GC Thread#1"                     [id=7320, stack(0x0000000a9a300000,0x0000000a9a400000) (1024K)]
  0x0000014e613be900 WorkerThread "GC Thread#2"                     [id=13296, stack(0x0000000a9a400000,0x0000000a9a500000) (1024K)]
  0x0000014e613beca0 WorkerThread "GC Thread#3"                     [id=6640, stack(0x0000000a9a500000,0x0000000a9a600000) (1024K)]
  0x0000014e6139a1e0 WorkerThread "GC Thread#4"                     [id=9684, stack(0x0000000a9a600000,0x0000000a9a700000) (1024K)]
  0x0000014e6139a580 WorkerThread "GC Thread#5"                     [id=3472, stack(0x0000000a9a700000,0x0000000a9a800000) (1024K)]
  0x0000014e6139a920 WorkerThread "GC Thread#6"                     [id=720, stack(0x0000000a9a800000,0x0000000a9a900000) (1024K)]
  0x0000014e6139acc0 WorkerThread "GC Thread#7"                     [id=20548, stack(0x0000000a9a900000,0x0000000a9aa00000) (1024K)]
  0x0000014e0ace2060 ConcurrentGCThread "G1 Main Marker"            [id=17448, stack(0x0000000a98c00000,0x0000000a98d00000) (1024K)]
  0x0000014e0ace2a70 WorkerThread "G1 Conc#0"                       [id=6060, stack(0x0000000a98d00000,0x0000000a98e00000) (1024K)]
  0x0000014e61937900 WorkerThread "G1 Conc#1"                       [id=9408, stack(0x0000000a9b200000,0x0000000a9b300000) (1024K)]
  0x0000014e1b1e54f0 ConcurrentGCThread "G1 Refine#0"               [id=8840, stack(0x0000000a98e00000,0x0000000a98f00000) (1024K)]
  0x0000014e1b1e5e70 ConcurrentGCThread "G1 Service"                [id=11052, stack(0x0000000a98f00000,0x0000000a99000000) (1024K)]
Total: 15

Threads with active compile tasks:
Total: 0

VM state: not at safepoint (normal execution)

VM Mutex/Monitor currently owned by a thread: None

Heap address: 0x0000000084000000, size: 1984 MB, Compressed Oops mode: 32-bit

CDS archive(s) mapped at: [0x0000014e1c000000-0x0000014e1cc90000-0x0000014e1cc90000), size 13172736, SharedBaseAddress: 0x0000014e1c000000, ArchiveRelocationMode: 1.
Compressed class space mapped at: 0x0000014e1d000000-0x0000014e5d000000, reserved size: 1073741824
Narrow klass base: 0x0000014e1c000000, Narrow klass shift: 0, Narrow klass range: 0x100000000

GC Precious Log:
 CardTable entry size: 512
 Card Set container configuration: InlinePtr #cards 5 size 8 Array Of Cards #cards 12 size 40 Howl #buckets 4 coarsen threshold 1843 Howl Bitmap #cards 512 size 80 coarsen threshold 460 Card regions per heap region 1 cards per card region 2048
 CPUs: 8 total, 8 available
 Memory: 7934M
 Large Page Support: Disabled
 NUMA Support: Disabled
 Compressed Oops: Enabled (32-bit)
 Heap Region Size: 1M
 Heap Min Capacity: 8M
 Heap Initial Capacity: 124M
 Heap Max Capacity: 1984M
 Pre-touch: Disabled
 Parallel Workers: 8
 Concurrent Workers: 2
 Concurrent Refinement Workers: 8
 Periodic GC: Disabled

Heap:
 garbage-first heap   total 106496K, used 63242K [0x0000000084000000, 0x0000000100000000)
  region size 1024K, 33 young (33792K), 6 survivors (6144K)
 Metaspace       used 77487K, committed 78336K, reserved 1179648K
  class space    used 10678K, committed 11072K, reserved 1048576K

Heap Regions: E=young(eden), S=young(survivor), O=old, HS=humongous(starts), HC=humongous(continues), CS=collection set, F=free, TAMS=top-at-mark-start, PB=parsable bottom
|   0|0x0000000084000000, 0x0000000084100000, 0x0000000084100000|100%|HS|  |TAMS 0x0000000084000000| PB 0x0000000084000000| Complete 
|   1|0x0000000084100000, 0x0000000084200000, 0x0000000084200000|100%|HS|  |TAMS 0x0000000084100000| PB 0x0000000084100000| Complete 
|   2|0x0000000084200000, 0x0000000084300000, 0x0000000084300000|100%| O|  |TAMS 0x0000000084200000| PB 0x0000000084200000| Untracked 
|   3|0x0000000084300000, 0x0000000084400000, 0x0000000084400000|100%| O|  |TAMS 0x0000000084300000| PB 0x0000000084300000| Untracked 
|   4|0x0000000084400000, 0x0000000084500000, 0x0000000084500000|100%| O|  |TAMS 0x0000000084400000| PB 0x0000000084400000| Untracked 
|   5|0x0000000084500000, 0x0000000084600000, 0x0000000084600000|100%| O|  |TAMS 0x0000000084500000| PB 0x0000000084500000| Untracked 
|   6|0x0000000084600000, 0x0000000084700000, 0x0000000084700000|100%| O|  |TAMS 0x0000000084600000| PB 0x0000000084600000| Untracked 
|   7|0x0000000084700000, 0x0000000084800000, 0x0000000084800000|100%| O|  |TAMS 0x0000000084700000| PB 0x0000000084700000| Untracked 
|   8|0x0000000084800000, 0x0000000084900000, 0x0000000084900000|100%| O|  |TAMS 0x0000000084800000| PB 0x0000000084800000| Untracked 
|   9|0x0000000084900000, 0x0000000084a00000, 0x0000000084a00000|100%| O|  |TAMS 0x0000000084900000| PB 0x0000000084900000| Untracked 
|  10|0x0000000084a00000, 0x0000000084b00000, 0x0000000084b00000|100%| O|  |TAMS 0x0000000084a00000| PB 0x0000000084a00000| Untracked 
|  11|0x0000000084b00000, 0x0000000084c00000, 0x0000000084c00000|100%| O|  |TAMS 0x0000000084b00000| PB 0x0000000084b00000| Untracked 
|  12|0x0000000084c00000, 0x0000000084d00000, 0x0000000084d00000|100%| O|  |TAMS 0x0000000084c00000| PB 0x0000000084c00000| Untracked 
|  13|0x0000000084d00000, 0x0000000084e00000, 0x0000000084e00000|100%| O|  |TAMS 0x0000000084d00000| PB 0x0000000084d00000| Untracked 
|  14|0x0000000084e00000, 0x0000000084f00000, 0x0000000084f00000|100%| O|  |TAMS 0x0000000084e00000| PB 0x0000000084e00000| Untracked 
|  15|0x0000000084f00000, 0x0000000085000000, 0x0000000085000000|100%| O|  |TAMS 0x0000000084f00000| PB 0x0000000084f00000| Untracked 
|  16|0x0000000085000000, 0x0000000085100000, 0x0000000085100000|100%| O|  |TAMS 0x0000000085000000| PB 0x0000000085000000| Untracked 
|  17|0x0000000085100000, 0x0000000085200000, 0x0000000085200000|100%| O|  |TAMS 0x0000000085100000| PB 0x0000000085100000| Untracked 
|  18|0x0000000085200000, 0x0000000085300000, 0x0000000085300000|100%| O|  |TAMS 0x0000000085200000| PB 0x0000000085200000| Untracked 
|  19|0x0000000085300000, 0x0000000085400000, 0x0000000085400000|100%| O|  |TAMS 0x0000000085300000| PB 0x0000000085300000| Untracked 
|  20|0x0000000085400000, 0x00000000854ffff8, 0x0000000085500000| 99%| O|  |TAMS 0x0000000085400000| PB 0x0000000085400000| Untracked 
|  21|0x0000000085500000, 0x0000000085600000, 0x0000000085600000|100%| O|  |TAMS 0x0000000085500000| PB 0x0000000085500000| Untracked 
|  22|0x0000000085600000, 0x0000000085700000, 0x0000000085700000|100%| O|  |TAMS 0x0000000085600000| PB 0x0000000085600000| Untracked 
|  23|0x0000000085700000, 0x0000000085800000, 0x0000000085800000|100%| O|  |TAMS 0x0000000085700000| PB 0x0000000085700000| Untracked 
|  24|0x0000000085800000, 0x0000000085900000, 0x0000000085900000|100%| O|  |TAMS 0x0000000085800000| PB 0x0000000085800000| Untracked 
|  25|0x0000000085900000, 0x0000000085a00000, 0x0000000085a00000|100%| O|  |TAMS 0x0000000085900000| PB 0x0000000085900000| Untracked 
|  26|0x0000000085a00000, 0x0000000085b00000, 0x0000000085b00000|100%| O|  |TAMS 0x0000000085a00000| PB 0x0000000085a00000| Untracked 
|  27|0x0000000085b00000, 0x0000000085c00000, 0x0000000085c00000|100%| O|  |TAMS 0x0000000085b00000| PB 0x0000000085b00000| Untracked 
|  28|0x0000000085c00000, 0x0000000085d00000, 0x0000000085d00000|100%| O|  |TAMS 0x0000000085c00000| PB 0x0000000085c00000| Untracked 
|  29|0x0000000085d00000, 0x0000000085dfdff8, 0x0000000085e00000| 99%| O|  |TAMS 0x0000000085d00000| PB 0x0000000085d00000| Untracked 
|  30|0x0000000085e00000, 0x0000000085e00000, 0x0000000085f00000|  0%| F|  |TAMS 0x0000000085e00000| PB 0x0000000085e00000| Untracked 
|  31|0x0000000085f00000, 0x0000000085f00000, 0x0000000086000000|  0%| F|  |TAMS 0x0000000085f00000| PB 0x0000000085f00000| Untracked 
|  32|0x0000000086000000, 0x0000000086000000, 0x0000000086100000|  0%| F|  |TAMS 0x0000000086000000| PB 0x0000000086000000| Untracked 
|  33|0x0000000086100000, 0x0000000086100000, 0x0000000086200000|  0%| F|  |TAMS 0x0000000086100000| PB 0x0000000086100000| Untracked 
|  34|0x0000000086200000, 0x0000000086200000, 0x0000000086300000|  0%| F|  |TAMS 0x0000000086200000| PB 0x0000000086200000| Untracked 
|  35|0x0000000086300000, 0x0000000086300000, 0x0000000086400000|  0%| F|  |TAMS 0x0000000086300000| PB 0x0000000086300000| Untracked 
|  36|0x0000000086400000, 0x0000000086400000, 0x0000000086500000|  0%| F|  |TAMS 0x0000000086400000| PB 0x0000000086400000| Untracked 
|  37|0x0000000086500000, 0x0000000086500000, 0x0000000086600000|  0%| F|  |TAMS 0x0000000086500000| PB 0x0000000086500000| Untracked 
|  38|0x0000000086600000, 0x0000000086600000, 0x0000000086700000|  0%| F|  |TAMS 0x0000000086600000| PB 0x0000000086600000| Untracked 
|  39|0x0000000086700000, 0x0000000086700000, 0x0000000086800000|  0%| F|  |TAMS 0x0000000086700000| PB 0x0000000086700000| Untracked 
|  40|0x0000000086800000, 0x0000000086800000, 0x0000000086900000|  0%| F|  |TAMS 0x0000000086800000| PB 0x0000000086800000| Untracked 
|  41|0x0000000086900000, 0x0000000086900000, 0x0000000086a00000|  0%| F|  |TAMS 0x0000000086900000| PB 0x0000000086900000| Untracked 
|  42|0x0000000086a00000, 0x0000000086ac4a18, 0x0000000086b00000| 76%| S|CS|TAMS 0x0000000086a00000| PB 0x0000000086a00000| Complete 
|  43|0x0000000086b00000, 0x0000000086c00000, 0x0000000086c00000|100%| S|CS|TAMS 0x0000000086b00000| PB 0x0000000086b00000| Complete 
|  44|0x0000000086c00000, 0x0000000086d00000, 0x0000000086d00000|100%| S|CS|TAMS 0x0000000086c00000| PB 0x0000000086c00000| Complete 
|  45|0x0000000086d00000, 0x0000000086e00000, 0x0000000086e00000|100%| S|CS|TAMS 0x0000000086d00000| PB 0x0000000086d00000| Complete 
|  46|0x0000000086e00000, 0x0000000086e00000, 0x0000000086f00000|  0%| F|  |TAMS 0x0000000086e00000| PB 0x0000000086e00000| Untracked 
|  47|0x0000000086f00000, 0x0000000086f00000, 0x0000000087000000|  0%| F|  |TAMS 0x0000000086f00000| PB 0x0000000086f00000| Untracked 
|  48|0x0000000087000000, 0x0000000087100000, 0x0000000087100000|100%| S|CS|TAMS 0x0000000087000000| PB 0x0000000087000000| Complete 
|  49|0x0000000087100000, 0x0000000087200000, 0x0000000087200000|100%| S|CS|TAMS 0x0000000087100000| PB 0x0000000087100000| Complete 
|  50|0x0000000087200000, 0x0000000087200000, 0x0000000087300000|  0%| F|  |TAMS 0x0000000087200000| PB 0x0000000087200000| Untracked 
|  51|0x0000000087300000, 0x0000000087300000, 0x0000000087400000|  0%| F|  |TAMS 0x0000000087300000| PB 0x0000000087300000| Untracked 
|  52|0x0000000087400000, 0x0000000087400000, 0x0000000087500000|  0%| F|  |TAMS 0x0000000087400000| PB 0x0000000087400000| Untracked 
|  53|0x0000000087500000, 0x0000000087500000, 0x0000000087600000|  0%| F|  |TAMS 0x0000000087500000| PB 0x0000000087500000| Untracked 
|  54|0x0000000087600000, 0x0000000087600000, 0x0000000087700000|  0%| F|  |TAMS 0x0000000087600000| PB 0x0000000087600000| Untracked 
|  55|0x0000000087700000, 0x0000000087700000, 0x0000000087800000|  0%| F|  |TAMS 0x0000000087700000| PB 0x0000000087700000| Untracked 
|  56|0x0000000087800000, 0x0000000087800000, 0x0000000087900000|  0%| F|  |TAMS 0x0000000087800000| PB 0x0000000087800000| Untracked 
|  57|0x0000000087900000, 0x0000000087900000, 0x0000000087a00000|  0%| F|  |TAMS 0x0000000087900000| PB 0x0000000087900000| Untracked 
|  58|0x0000000087a00000, 0x0000000087a00000, 0x0000000087b00000|  0%| F|  |TAMS 0x0000000087a00000| PB 0x0000000087a00000| Untracked 
|  59|0x0000000087b00000, 0x0000000087b00000, 0x0000000087c00000|  0%| F|  |TAMS 0x0000000087b00000| PB 0x0000000087b00000| Untracked 
|  60|0x0000000087c00000, 0x0000000087c00000, 0x0000000087d00000|  0%| F|  |TAMS 0x0000000087c00000| PB 0x0000000087c00000| Untracked 
|  61|0x0000000087d00000, 0x0000000087d00000, 0x0000000087e00000|  0%| F|  |TAMS 0x0000000087d00000| PB 0x0000000087d00000| Untracked 
|  62|0x0000000087e00000, 0x0000000087e00000, 0x0000000087f00000|  0%| F|  |TAMS 0x0000000087e00000| PB 0x0000000087e00000| Untracked 
|  63|0x0000000087f00000, 0x0000000087f00000, 0x0000000088000000|  0%| F|  |TAMS 0x0000000087f00000| PB 0x0000000087f00000| Untracked 
|  64|0x0000000088000000, 0x0000000088000000, 0x0000000088100000|  0%| F|  |TAMS 0x0000000088000000| PB 0x0000000088000000| Untracked 
|  65|0x0000000088100000, 0x0000000088100000, 0x0000000088200000|  0%| F|  |TAMS 0x0000000088100000| PB 0x0000000088100000| Untracked 
|  66|0x0000000088200000, 0x0000000088200000, 0x0000000088300000|  0%| F|  |TAMS 0x0000000088200000| PB 0x0000000088200000| Untracked 
|  67|0x0000000088300000, 0x0000000088300000, 0x0000000088400000|  0%| F|  |TAMS 0x0000000088300000| PB 0x0000000088300000| Untracked 
|  68|0x0000000088400000, 0x0000000088400000, 0x0000000088500000|  0%| F|  |TAMS 0x0000000088400000| PB 0x0000000088400000| Untracked 
|  69|0x0000000088500000, 0x0000000088500000, 0x0000000088600000|  0%| F|  |TAMS 0x0000000088500000| PB 0x0000000088500000| Untracked 
|  70|0x0000000088600000, 0x0000000088600000, 0x0000000088700000|  0%| F|  |TAMS 0x0000000088600000| PB 0x0000000088600000| Untracked 
|  71|0x0000000088700000, 0x0000000088700000, 0x0000000088800000|  0%| F|  |TAMS 0x0000000088700000| PB 0x0000000088700000| Untracked 
|  72|0x0000000088800000, 0x0000000088800000, 0x0000000088900000|  0%| F|  |TAMS 0x0000000088800000| PB 0x0000000088800000| Untracked 
|  73|0x0000000088900000, 0x0000000088900000, 0x0000000088a00000|  0%| F|  |TAMS 0x0000000088900000| PB 0x0000000088900000| Untracked 
|  74|0x0000000088a00000, 0x0000000088a00000, 0x0000000088b00000|  0%| F|  |TAMS 0x0000000088a00000| PB 0x0000000088a00000| Untracked 
|  75|0x0000000088b00000, 0x0000000088b00000, 0x0000000088c00000|  0%| F|  |TAMS 0x0000000088b00000| PB 0x0000000088b00000| Untracked 
|  76|0x0000000088c00000, 0x0000000088c00000, 0x0000000088d00000|  0%| F|  |TAMS 0x0000000088c00000| PB 0x0000000088c00000| Untracked 
|  77|0x0000000088d00000, 0x0000000088d80800, 0x0000000088e00000| 50%| E|  |TAMS 0x0000000088d00000| PB 0x0000000088d00000| Complete 
|  78|0x0000000088e00000, 0x0000000088f00000, 0x0000000088f00000|100%| E|CS|TAMS 0x0000000088e00000| PB 0x0000000088e00000| Complete 
|  79|0x0000000088f00000, 0x0000000089000000, 0x0000000089000000|100%| E|CS|TAMS 0x0000000088f00000| PB 0x0000000088f00000| Complete 
|  80|0x0000000089000000, 0x0000000089100000, 0x0000000089100000|100%| E|CS|TAMS 0x0000000089000000| PB 0x0000000089000000| Complete 
|  81|0x0000000089100000, 0x0000000089200000, 0x0000000089200000|100%| E|CS|TAMS 0x0000000089100000| PB 0x0000000089100000| Complete 
|  82|0x0000000089200000, 0x0000000089300000, 0x0000000089300000|100%| E|CS|TAMS 0x0000000089200000| PB 0x0000000089200000| Complete 
|  83|0x0000000089300000, 0x0000000089400000, 0x0000000089400000|100%| E|CS|TAMS 0x0000000089300000| PB 0x0000000089300000| Complete 
|  84|0x0000000089400000, 0x0000000089500000, 0x0000000089500000|100%| E|CS|TAMS 0x0000000089400000| PB 0x0000000089400000| Complete 
|  85|0x0000000089500000, 0x0000000089600000, 0x0000000089600000|100%| E|CS|TAMS 0x0000000089500000| PB 0x0000000089500000| Complete 
|  86|0x0000000089600000, 0x0000000089700000, 0x0000000089700000|100%| E|CS|TAMS 0x0000000089600000| PB 0x0000000089600000| Complete 
|  87|0x0000000089700000, 0x0000000089800000, 0x0000000089800000|100%| E|CS|TAMS 0x0000000089700000| PB 0x0000000089700000| Complete 
|  88|0x0000000089800000, 0x0000000089900000, 0x0000000089900000|100%| E|CS|TAMS 0x0000000089800000| PB 0x0000000089800000| Complete 
|  89|0x0000000089900000, 0x0000000089a00000, 0x0000000089a00000|100%| E|CS|TAMS 0x0000000089900000| PB 0x0000000089900000| Complete 
|  90|0x0000000089a00000, 0x0000000089b00000, 0x0000000089b00000|100%| E|CS|TAMS 0x0000000089a00000| PB 0x0000000089a00000| Complete 
|  91|0x0000000089b00000, 0x0000000089c00000, 0x0000000089c00000|100%| E|CS|TAMS 0x0000000089b00000| PB 0x0000000089b00000| Complete 
|  92|0x0000000089c00000, 0x0000000089d00000, 0x0000000089d00000|100%| E|CS|TAMS 0x0000000089c00000| PB 0x0000000089c00000| Complete 
|  93|0x0000000089d00000, 0x0000000089e00000, 0x0000000089e00000|100%| E|CS|TAMS 0x0000000089d00000| PB 0x0000000089d00000| Complete 
|  94|0x0000000089e00000, 0x0000000089f00000, 0x0000000089f00000|100%| E|CS|TAMS 0x0000000089e00000| PB 0x0000000089e00000| Complete 
|  95|0x0000000089f00000, 0x000000008a000000, 0x000000008a000000|100%| E|CS|TAMS 0x0000000089f00000| PB 0x0000000089f00000| Complete 
|  96|0x000000008a000000, 0x000000008a100000, 0x000000008a100000|100%| E|CS|TAMS 0x000000008a000000| PB 0x000000008a000000| Complete 
|  97|0x000000008a100000, 0x000000008a200000, 0x000000008a200000|100%| E|CS|TAMS 0x000000008a100000| PB 0x000000008a100000| Complete 
|  98|0x000000008a200000, 0x000000008a300000, 0x000000008a300000|100%| E|CS|TAMS 0x000000008a200000| PB 0x000000008a200000| Complete 
|  99|0x000000008a300000, 0x000000008a400000, 0x000000008a400000|100%| E|CS|TAMS 0x000000008a300000| PB 0x000000008a300000| Complete 
| 100|0x000000008a400000, 0x000000008a500000, 0x000000008a500000|100%| E|CS|TAMS 0x000000008a400000| PB 0x000000008a400000| Complete 
| 101|0x000000008a500000, 0x000000008a600000, 0x000000008a600000|100%| E|CS|TAMS 0x000000008a500000| PB 0x000000008a500000| Complete 
| 102|0x000000008a600000, 0x000000008a700000, 0x000000008a700000|100%| E|CS|TAMS 0x000000008a600000| PB 0x000000008a600000| Complete 
| 123|0x000000008bb00000, 0x000000008bc00000, 0x000000008bc00000|100%| E|CS|TAMS 0x000000008bb00000| PB 0x000000008bb00000| Complete 

Card table byte_map: [0x0000014e165d0000,0x0000014e169b0000] _byte_map_base: 0x0000014e161b0000

Marking Bits: (CMBitMap*) 0x0000014e0acd15b0
 Bits: [0x0000014e169b0000, 0x0000014e188b0000)

Polling page: 0x0000014e08b60000

Metaspace:

Usage:
  Non-class:     65.24 MB used.
      Class:     10.43 MB used.
       Both:     75.67 MB used.

Virtual space:
  Non-class space:      128.00 MB reserved,      65.69 MB ( 51%) committed,  2 nodes.
      Class space:        1.00 GB reserved,      10.81 MB (  1%) committed,  1 nodes.
             Both:        1.12 GB reserved,      76.50 MB (  7%) committed. 

Chunk freelists:
   Non-Class:  14.10 MB
       Class:  5.10 MB
        Both:  19.20 MB

MaxMetaspaceSize: unlimited
CompressedClassSpaceSize: 1.00 GB
Initial GC threshold: 21.00 MB
Current GC threshold: 101.50 MB
CDS: on
 - commit_granule_bytes: 65536.
 - commit_granule_words: 8192.
 - virtual_space_node_default_size: 8388608.
 - enlarge_chunks_in_place: 1.
 - use_allocation_guard: 0.


Internal statistics:

num_allocs_failed_limit: 6.
num_arena_births: 1126.
num_arena_deaths: 0.
num_vsnodes_births: 3.
num_vsnodes_deaths: 0.
num_space_committed: 1224.
num_space_uncommitted: 0.
num_chunks_returned_to_freelist: 6.
num_chunks_taken_from_freelist: 3769.
num_chunk_merges: 6.
num_chunk_splits: 2744.
num_chunks_enlarged: 2139.
num_inconsistent_stats: 0.

CodeCache: size=49152Kb used=14051Kb max_used=15652Kb free=35100Kb
 bounds [0x0000014e130e0000, 0x0000014e14050000, 0x0000014e160e0000]
 total_blobs=8067 nmethods=7298 adapters=692
 compilation: enabled
              stopped_count=0, restarted_count=0
 full_count=0

Compilation events (20 events):
Event: 123.332 Thread 0x0000014e1b359d40 7368       1       sun.nio.ch.SelectorImpl::ensureOpen (16 bytes)
Event: 123.332 Thread 0x0000014e1b359d40 nmethod 7368 0x0000014e13e19e10 code [0x0000014e13e19fc0, 0x0000014e13e1a118]
Event: 123.548 Thread 0x0000014e1b359d40 7369       1       java.io.BufferedOutputStream::flushBuffer (29 bytes)
Event: 123.548 Thread 0x0000014e1b359d40 nmethod 7369 0x0000014e13e19a90 code [0x0000014e13e19c40, 0x0000014e13e19d58]
Event: 124.338 Thread 0x0000014e1b359d40 7370   !   1       org.apache.tomcat.util.net.NioEndpoint$Poller::events (275 bytes)
Event: 124.340 Thread 0x0000014e1b359d40 nmethod 7370 0x0000014e13e18390 code [0x0000014e13e18660, 0x0000014e13e19068]
Event: 124.340 Thread 0x0000014e1b359d40 7371  s    1       org.apache.tomcat.util.collections.SynchronizedQueue::size (23 bytes)
Event: 124.341 Thread 0x0000014e1b359d40 nmethod 7371 0x0000014e13e17f90 code [0x0000014e13e18120, 0x0000014e13e182c0]
Event: 126.804 Thread 0x0000014e1b359d40 7372   !   1       java.lang.Thread::sleep (82 bytes)
Event: 126.804 Thread 0x0000014e1b359d40 nmethod 7372 0x0000014e13e17410 code [0x0000014e13e17600, 0x0000014e13e17950]
Event: 126.804 Thread 0x0000014e1b359d40 7373   !   1       java.lang.Thread::beforeSleep (33 bytes)
Event: 126.804 Thread 0x0000014e1b359d40 nmethod 7373 0x0000014e13e17110 code [0x0000014e13e172a0, 0x0000014e13e17350]
Event: 126.804 Thread 0x0000014e1b359d40 7374       1       jdk.internal.event.ThreadSleepEvent::isTurnedOn (7 bytes)
Event: 126.804 Thread 0x0000014e1b359d40 nmethod 7374 0x0000014e13e16e10 code [0x0000014e13e16fa0, 0x0000014e13e17048]
Event: 132.501 Thread 0x0000014e1b359d40 7376   !   1       java.lang.Thread::afterSleep (13 bytes)
Event: 132.501 Thread 0x0000014e1b359d40 nmethod 7376 0x0000014e13e16a90 code [0x0000014e13e16c20, 0x0000014e13e16d18]
Event: 132.797 Thread 0x0000014e1b359d40 7377       1       java.util.concurrent.locks.AbstractQueuedSynchronizer$ConditionObject::doSignal (54 bytes)
Event: 132.797 Thread 0x0000014e1b359d40 nmethod 7377 0x0000014e13e16510 code [0x0000014e13e166c0, 0x0000014e13e16910]
Event: 132.797 Thread 0x0000014e1b359d40 7378       1       java.util.concurrent.locks.AbstractQueuedSynchronizer::enqueue (72 bytes)
Event: 132.798 Thread 0x0000014e1b359d40 nmethod 7378 0x0000014e13e15d90 code [0x0000014e13e15f80, 0x0000014e13e16348]

GC Heap History (20 events):
Event: 2.562 GC heap before
{Heap before GC invocations=13 (full 0):
 garbage-first heap   total 72704K, used 58178K [0x0000000084000000, 0x0000000100000000)
  region size 1024K, 42 young (43008K), 6 survivors (6144K)
 Metaspace       used 35429K, committed 36096K, reserved 1114112K
  class space    used 4735K, committed 5056K, reserved 1048576K
}
Event: 2.566 GC heap after
{Heap after GC invocations=14 (full 0):
 garbage-first heap   total 72704K, used 22694K [0x0000000084000000, 0x0000000100000000)
  region size 1024K, 4 young (4096K), 4 survivors (4096K)
 Metaspace       used 35429K, committed 36096K, reserved 1114112K
  class space    used 4735K, committed 5056K, reserved 1048576K
}
Event: 2.742 GC heap before
{Heap before GC invocations=14 (full 0):
 garbage-first heap   total 72704K, used 61606K [0x0000000084000000, 0x0000000100000000)
  region size 1024K, 42 young (43008K), 4 survivors (4096K)
 Metaspace       used 39128K, committed 39744K, reserved 1114112K
  class space    used 5307K, committed 5568K, reserved 1048576K
}
Event: 2.745 GC heap after
{Heap after GC invocations=15 (full 0):
 garbage-first heap   total 88064K, used 23600K [0x0000000084000000, 0x0000000100000000)
  region size 1024K, 3 young (3072K), 3 survivors (3072K)
 Metaspace       used 39128K, committed 39744K, reserved 1114112K
  class space    used 5307K, committed 5568K, reserved 1048576K
}
Event: 2.792 GC heap before
{Heap before GC invocations=15 (full 0):
 garbage-first heap   total 88064K, used 32816K [0x0000000084000000, 0x0000000100000000)
  region size 1024K, 13 young (13312K), 3 survivors (3072K)
 Metaspace       used 39969K, committed 40576K, reserved 1114112K
  class space    used 5468K, committed 5760K, reserved 1048576K
}
Event: 2.795 GC heap after
{Heap after GC invocations=16 (full 0):
 garbage-first heap   total 88064K, used 23632K [0x0000000084000000, 0x0000000100000000)
  region size 1024K, 3 young (3072K), 3 survivors (3072K)
 Metaspace       used 39969K, committed 40576K, reserved 1114112K
  class space    used 5468K, committed 5760K, reserved 1048576K
}
Event: 3.218 GC heap before
{Heap before GC invocations=17 (full 0):
 garbage-first heap   total 88064K, used 72784K [0x0000000084000000, 0x0000000100000000)
  region size 1024K, 51 young (52224K), 3 survivors (3072K)
 Metaspace       used 47425K, committed 48000K, reserved 1114112K
  class space    used 6404K, committed 6656K, reserved 1048576K
}
Event: 3.221 GC heap after
{Heap after GC invocations=18 (full 0):
 garbage-first heap   total 88064K, used 25597K [0x0000000084000000, 0x0000000100000000)
  region size 1024K, 5 young (5120K), 5 survivors (5120K)
 Metaspace       used 47425K, committed 48000K, reserved 1114112K
  class space    used 6404K, committed 6656K, reserved 1048576K
}
Event: 3.465 GC heap before
{Heap before GC invocations=18 (full 0):
 garbage-first heap   total 88064K, used 71677K [0x0000000084000000, 0x0000000100000000)
  region size 1024K, 51 young (52224K), 5 survivors (5120K)
 Metaspace       used 51791K, committed 52416K, reserved 1114112K
  class space    used 6981K, committed 7232K, reserved 1048576K
}
Event: 3.470 GC heap after
{Heap after GC invocations=19 (full 0):
 garbage-first heap   total 88064K, used 26683K [0x0000000084000000, 0x0000000100000000)
  region size 1024K, 5 young (5120K), 5 survivors (5120K)
 Metaspace       used 51791K, committed 52416K, reserved 1114112K
  class space    used 6981K, committed 7232K, reserved 1048576K
}
Event: 3.731 GC heap before
{Heap before GC invocations=19 (full 0):
 garbage-first heap   total 88064K, used 72763K [0x0000000084000000, 0x0000000100000000)
  region size 1024K, 51 young (52224K), 5 survivors (5120K)
 Metaspace       used 57158K, committed 57792K, reserved 1114112K
  class space    used 7770K, committed 8064K, reserved 1048576K
}
Event: 3.734 GC heap after
{Heap after GC invocations=20 (full 0):
 garbage-first heap   total 88064K, used 27916K [0x0000000084000000, 0x0000000100000000)
  region size 1024K, 5 young (5120K), 5 survivors (5120K)
 Metaspace       used 57158K, committed 57792K, reserved 1114112K
  class space    used 7770K, committed 8064K, reserved 1048576K
}
Event: 3.983 GC heap before
{Heap before GC invocations=20 (full 0):
 garbage-first heap   total 88064K, used 75020K [0x0000000084000000, 0x0000000100000000)
  region size 1024K, 51 young (52224K), 5 survivors (5120K)
 Metaspace       used 61423K, committed 62080K, reserved 1114112K
  class space    used 8459K, committed 8768K, reserved 1048576K
}
Event: 3.988 GC heap after
{Heap after GC invocations=21 (full 0):
 garbage-first heap   total 106496K, used 28871K [0x0000000084000000, 0x0000000100000000)
  region size 1024K, 4 young (4096K), 4 survivors (4096K)
 Metaspace       used 61423K, committed 62080K, reserved 1114112K
  class space    used 8459K, committed 8768K, reserved 1048576K
}
Event: 7.421 GC heap before
{Heap before GC invocations=22 (full 0):
 garbage-first heap   total 106496K, used 88263K [0x0000000084000000, 0x0000000100000000)
  region size 1024K, 62 young (63488K), 4 survivors (4096K)
 Metaspace       used 66379K, committed 67136K, reserved 1114112K
  class space    used 9169K, committed 9536K, reserved 1048576K
}
Event: 7.425 GC heap after
{Heap after GC invocations=23 (full 0):
 garbage-first heap   total 106496K, used 31194K [0x0000000084000000, 0x0000000100000000)
  region size 1024K, 6 young (6144K), 6 survivors (6144K)
 Metaspace       used 66379K, committed 67136K, reserved 1114112K
  class space    used 9169K, committed 9536K, reserved 1048576K
}
Event: 13.308 GC heap before
{Heap before GC invocations=23 (full 0):
 garbage-first heap   total 106496K, used 88538K [0x0000000084000000, 0x0000000100000000)
  region size 1024K, 62 young (63488K), 6 survivors (6144K)
 Metaspace       used 70842K, committed 71680K, reserved 1114112K
  class space    used 9794K, committed 10176K, reserved 1048576K
}
Event: 13.316 GC heap after
{Heap after GC invocations=24 (full 0):
 garbage-first heap   total 106496K, used 33939K [0x0000000084000000, 0x0000000100000000)
  region size 1024K, 8 young (8192K), 8 survivors (8192K)
 Metaspace       used 70842K, committed 71680K, reserved 1114112K
  class space    used 9794K, committed 10176K, reserved 1048576K
}
Event: 13.679 GC heap before
{Heap before GC invocations=24 (full 0):
 garbage-first heap   total 106496K, used 88211K [0x0000000084000000, 0x0000000100000000)
  region size 1024K, 62 young (63488K), 8 survivors (8192K)
 Metaspace       used 75870K, committed 76736K, reserved 1179648K
  class space    used 10468K, committed 10880K, reserved 1048576K
}
Event: 13.685 GC heap after
{Heap after GC invocations=25 (full 0):
 garbage-first heap   total 106496K, used 36618K [0x0000000084000000, 0x0000000100000000)
  region size 1024K, 6 young (6144K), 6 survivors (6144K)
 Metaspace       used 75870K, committed 76736K, reserved 1179648K
  class space    used 10468K, committed 10880K, reserved 1048576K
}

Dll operation events (12 events):
Event: 0.005 Loaded shared library C:\Program Files\Java\jdk-21\bin\java.dll
Event: 0.105 Loaded shared library C:\Program Files\Java\jdk-21\bin\zip.dll
Event: 0.107 Loaded shared library C:\Program Files\Java\jdk-21\bin\instrument.dll
Event: 0.111 Loaded shared library C:\Program Files\Java\jdk-21\bin\net.dll
Event: 0.112 Loaded shared library C:\Program Files\Java\jdk-21\bin\nio.dll
Event: 0.114 Loaded shared library C:\Program Files\Java\jdk-21\bin\zip.dll
Event: 0.207 Loaded shared library C:\Program Files\Java\jdk-21\bin\jimage.dll
Event: 0.237 Loaded shared library C:\Program Files\Java\jdk-21\bin\management.dll
Event: 0.243 Loaded shared library C:\Program Files\Java\jdk-21\bin\management_ext.dll
Event: 0.375 Loaded shared library C:\Program Files\Java\jdk-21\bin\extnet.dll
Event: 0.390 Loaded shared library C:\Program Files\Java\jdk-21\bin\verify.dll
Event: 1.164 Loaded shared library C:\Program Files\Java\jdk-21\bin\sunmscapi.dll

Deoptimization events (20 events):
Event: 26.881 Thread 0x0000014e641c3c30 DEOPT PACKING pc=0x0000014e13924b14 sp=0x0000000a9bbfc610
Event: 26.881 Thread 0x0000014e641c3c30 DEOPT UNPACKING pc=0x0000014e131388e2 sp=0x0000000a9bbfbbd0 mode 1
Event: 29.506 Thread 0x0000014e641c3c30 DEOPT PACKING pc=0x0000014e135b86d9 sp=0x0000000a9bbf9160
Event: 29.506 Thread 0x0000014e641c3c30 DEOPT UNPACKING pc=0x0000014e131388e2 sp=0x0000000a9bbf85b8 mode 1
Event: 29.506 Thread 0x0000014e641c3c30 DEOPT PACKING pc=0x0000014e135b27ac sp=0x0000000a9bbf91f0
Event: 29.506 Thread 0x0000014e641c3c30 DEOPT UNPACKING pc=0x0000014e131388e2 sp=0x0000000a9bbf8698 mode 1
Event: 29.506 Thread 0x0000014e641c3c30 DEOPT PACKING pc=0x0000014e13627294 sp=0x0000000a9bbf9c40
Event: 29.506 Thread 0x0000014e641c3c30 DEOPT UNPACKING pc=0x0000014e131388e2 sp=0x0000000a9bbf9108 mode 1
Event: 29.506 Thread 0x0000014e641c3c30 DEOPT PACKING pc=0x0000014e13d7cfec sp=0x0000000a9bbf9cd0
Event: 29.506 Thread 0x0000014e641c3c30 DEOPT UNPACKING pc=0x0000014e131388e2 sp=0x0000000a9bbf9160 mode 1
Event: 29.506 Thread 0x0000014e641c3c30 DEOPT PACKING pc=0x0000014e135b86d9 sp=0x0000000a9bbf9160
Event: 29.506 Thread 0x0000014e641c3c30 DEOPT UNPACKING pc=0x0000014e131388e2 sp=0x0000000a9bbf85b8 mode 1
Event: 29.506 Thread 0x0000014e641c3c30 DEOPT PACKING pc=0x0000014e135b27ac sp=0x0000000a9bbf91f0
Event: 29.506 Thread 0x0000014e641c3c30 DEOPT UNPACKING pc=0x0000014e131388e2 sp=0x0000000a9bbf8698 mode 1
Event: 29.506 Thread 0x0000014e641c3c30 DEOPT PACKING pc=0x0000014e13627294 sp=0x0000000a9bbf9c40
Event: 29.506 Thread 0x0000014e641c3c30 DEOPT UNPACKING pc=0x0000014e131388e2 sp=0x0000000a9bbf9108 mode 1
Event: 29.506 Thread 0x0000014e641c3c30 DEOPT PACKING pc=0x0000014e13d7cfec sp=0x0000000a9bbf9cd0
Event: 29.506 Thread 0x0000014e641c3c30 DEOPT UNPACKING pc=0x0000014e131388e2 sp=0x0000000a9bbf9160 mode 1
Event: 134.322 Thread 0x0000014e641c3c30 DEOPT PACKING pc=0x0000014e13bc203c sp=0x0000000a9bbfd050
Event: 134.322 Thread 0x0000014e641c3c30 DEOPT UNPACKING pc=0x0000014e131388e2 sp=0x0000000a9bbfc4f8 mode 0

Classes loaded (20 events):
Event: 13.745 Loading class java/time/format/DateTimeFormatterBuilder$ZoneTextPrinterParser
Event: 13.745 Loading class java/time/format/DateTimeFormatterBuilder$ZoneTextPrinterParser done
Event: 13.746 Loading class java/time/format/DateTimeFormatterBuilder$ReducedPrinterParser
Event: 13.746 Loading class java/time/format/DateTimeFormatterBuilder$ReducedPrinterParser done
Event: 13.770 Loading class java/util/stream/ReferencePipeline$4
Event: 13.770 Loading class java/util/stream/ReferencePipeline$4 done
Event: 13.770 Loading class java/util/function/IntBinaryOperator
Event: 13.770 Loading class java/util/function/IntBinaryOperator done
Event: 13.770 Loading class java/util/stream/ReduceOps$7
Event: 13.771 Loading class java/util/stream/ReduceOps$7 done
Event: 13.771 Loading class java/util/stream/ReduceOps$6ReducingSink
Event: 13.771 Loading class java/util/stream/ReduceOps$6ReducingSink done
Event: 13.771 Loading class java/util/stream/ReferencePipeline$4$1
Event: 13.771 Loading class java/util/stream/ReferencePipeline$4$1 done
Event: 13.775 Loading class java/lang/Throwable$WrappedPrintWriter
Event: 13.775 Loading class java/lang/Throwable$WrappedPrintWriter done
Event: 13.821 Loading class java/util/stream/LongStream
Event: 13.821 Loading class java/util/stream/LongStream done
Event: 13.821 Loading class java/util/stream/DoubleStream
Event: 13.821 Loading class java/util/stream/DoubleStream done

Classes unloaded (0 events):
No events

Classes redefined (1 events):
Event: 134.340 Thread 0x0000014e1b328f80 redefined class name=com.web.service.impl.UserServiceImpl, count=1

Internal exceptions (20 events):
Event: 7.570 Thread 0x0000014e618ae020 Exception <a 'java/lang/IncompatibleClassChangeError'{0x00000000895036c8}: Found class java.lang.Object, but interface was expected> (0x00000000895036c8) 
thrown [s\open\src\hotspot\share\interpreter\linkResolver.cpp, line 840]
Event: 7.627 Thread 0x0000014e618ae020 Exception <a 'java/lang/NoSuchMethodError'{0x0000000088c30520}: 'int java.lang.invoke.DirectMethodHandle$Holder.invokeStaticInit(java.lang.Object, java.lang.Object, java.lang.Object, java.lang.Object)'> (0x0000000088c30520) 
thrown [s\open\src\hotspot\share\interpreter\linkResolver.cpp, line 773]
Event: 7.690 Thread 0x0000014e618ae020 Exception <a 'java/lang/IncompatibleClassChangeError'{0x00000000885b7bd0}: Found class java.lang.Object, but interface was expected> (0x00000000885b7bd0) 
thrown [s\open\src\hotspot\share\interpreter\linkResolver.cpp, line 840]
Event: 7.711 Thread 0x0000014e618ae020 Exception <a 'java/lang/NoSuchMethodError'{0x000000008829af20}: 'java.lang.Object java.lang.invoke.Invokers$Holder.invoke_MT(java.lang.Object, java.lang.Object, java.lang.Object, java.lang.Object, java.lang.Object, java.lang.Object, java.lang.Object, java.lang.Object, java.lang.Object, java.lang.Object, java.lang.Object)'> (0x000000008829af20) 
thrown [s\open\src\hotspot\share\interpreter\linkResolver.cpp, line 773]
Event: 7.779 Thread 0x0000014e618ae020 Exception <a 'java/lang/NoSuchMethodError'{0x0000000087ca14f0}: 'java.lang.Object java.lang.invoke.DirectMethodHandle$Holder.newInvokeSpecial(java.lang.Object, java.lang.Object, int, java.lang.Object, java.lang.Object)'> (0x0000000087ca14f0) 
thrown [s\open\src\hotspot\share\interpreter\linkResolver.cpp, line 773]
Event: 13.130 Thread 0x0000014e641c7dd0 Exception <a 'java/lang/NoSuchMethodError'{0x000000008766e7f0}: 'java.lang.Object java.lang.invoke.DirectMethodHandle$Holder.invokeStatic(java.lang.Object, java.lang.Object, java.lang.Object, int, int)'> (0x000000008766e7f0) 
thrown [s\open\src\hotspot\share\interpreter\linkResolver.cpp, line 773]
Event: 13.130 Thread 0x0000014e641c7dd0 Exception <a 'java/lang/NoSuchMethodError'{0x0000000087671f90}: 'java.lang.Object java.lang.invoke.DirectMethodHandle$Holder.invokeStaticInit(java.lang.Object, java.lang.Object, java.lang.Object, int, int)'> (0x0000000087671f90) 
thrown [s\open\src\hotspot\share\interpreter\linkResolver.cpp, line 773]
Event: 13.290 Thread 0x0000014e641c35a0 Exception <a 'java/lang/NoSuchMethodError'{0x00000000873dd630}: 'java.lang.Object java.lang.invoke.DirectMethodHandle$Holder.invokeSpecial(java.lang.Object, java.lang.Object, java.lang.Object, java.lang.Object, java.lang.Object, long)'> (0x00000000873dd630) 
thrown [s\open\src\hotspot\share\interpreter\linkResolver.cpp, line 773]
Event: 13.290 Thread 0x0000014e641c35a0 Exception <a 'java/lang/NoSuchMethodError'{0x00000000873e0df0}: 'java.lang.Object java.lang.invoke.Invokers$Holder.linkToTargetMethod(java.lang.Object, java.lang.Object, java.lang.Object, long, java.lang.Object)'> (0x00000000873e0df0) 
thrown [s\open\src\hotspot\share\interpreter\linkResolver.cpp, line 773]
Event: 13.373 Thread 0x0000014e641c35a0 Exception <a 'java/lang/NoSuchMethodError'{0x000000008a1f5b10}: 'int java.lang.invoke.Invokers$Holder.invokeExact_MT(java.lang.Object, java.lang.Object, java.lang.Object)'> (0x000000008a1f5b10) 
thrown [s\open\src\hotspot\share\interpreter\linkResolver.cpp, line 773]
Event: 13.374 Thread 0x0000014e641c35a0 Exception <a 'java/lang/NoSuchMethodError'{0x000000008a1f99c0}: 'java.lang.Object java.lang.invoke.DirectMethodHandle$Holder.invokeInterface(java.lang.Object, java.lang.Object, java.lang.Object, java.lang.Object)'> (0x000000008a1f99c0) 
thrown [s\open\src\hotspot\share\interpreter\linkResolver.cpp, line 773]
Event: 13.425 Thread 0x0000014e641c35a0 Exception <a 'java/lang/NoSuchMethodError'{0x000000008977b2f0}: 'java.lang.Object java.lang.invoke.DirectMethodHandle$Holder.invokeInterface(java.lang.Object, java.lang.Object, int)'> (0x000000008977b2f0) 
thrown [s\open\src\hotspot\share\interpreter\linkResolver.cpp, line 773]
Event: 13.445 Thread 0x0000014e641c35a0 Exception <a 'java/lang/NoSuchMethodError'{0x00000000893f52d0}: 'void java.lang.invoke.Invokers$Holder.invokeExact_MT(java.lang.Object, java.lang.Object, int, java.lang.Object)'> (0x00000000893f52d0) 
thrown [s\open\src\hotspot\share\interpreter\linkResolver.cpp, line 773]
Event: 13.450 Thread 0x0000014e641c35a0 Exception <a 'java/lang/IncompatibleClassChangeError'{0x00000000892858e8}: Found class java.lang.Object, but interface was expected> (0x00000000892858e8) 
thrown [s\open\src\hotspot\share\interpreter\linkResolver.cpp, line 840]
Event: 13.709 Thread 0x0000014e641c35a0 Exception <a 'java/lang/NoSuchMethodError'{0x000000008a3a4c90}: 'java.lang.Object java.lang.invoke.DirectMethodHandle$Holder.invokeStatic(java.lang.Object, java.lang.Object, java.lang.Object, java.lang.Object, int, java.lang.Object)'> (0x000000008a3a4c90) 
thrown [s\open\src\hotspot\share\interpreter\linkResolver.cpp, line 773]
Event: 13.709 Thread 0x0000014e641c35a0 Exception <a 'java/lang/NoSuchMethodError'{0x000000008a3ac388}: 'java.lang.Object java.lang.invoke.DirectMethodHandle$Holder.newInvokeSpecial(java.lang.Object, java.lang.Object, java.lang.Object, java.lang.Object, int)'> (0x000000008a3ac388) 
thrown [s\open\src\hotspot\share\interpreter\linkResolver.cpp, line 773]
Event: 13.709 Thread 0x0000014e641c35a0 Exception <a 'java/lang/NoSuchMethodError'{0x000000008a3b0898}: 'java.lang.Object java.lang.invoke.DirectMethodHandle$Holder.invokeSpecial(java.lang.Object, java.lang.Object, java.lang.Object, java.lang.Object, java.lang.Object, int)'> (0x000000008a3b0898) 
thrown [s\open\src\hotspot\share\interpreter\linkResolver.cpp, line 773]
Event: 13.709 Thread 0x0000014e641c35a0 Exception <a 'java/lang/NoSuchMethodError'{0x000000008a3b4668}: 'java.lang.Object java.lang.invoke.Invokers$Holder.linkToTargetMethod(java.lang.Object, java.lang.Object, java.lang.Object, int, java.lang.Object)'> (0x000000008a3b4668) 
thrown [s\open\src\hotspot\share\interpreter\linkResolver.cpp, line 773]
Event: 13.736 Thread 0x0000014e641c42c0 Exception <a 'java/lang/NoSuchMethodError'{0x000000008a11d3b8}: 'java.lang.Object java.lang.invoke.DirectMethodHandle$Holder.invokeStatic(java.lang.Object, int, int)'> (0x000000008a11d3b8) 
thrown [s\open\src\hotspot\share\interpreter\linkResolver.cpp, line 773]
Event: 29.508 Thread 0x0000014e641c3c30 Exception <a 'java/lang/NoSuchMethodError'{0x0000000089777938}: 'void java.lang.invoke.DirectMethodHandle$Holder.invokeSpecialIFC(java.lang.Object, java.lang.Object, int, java.lang.Object, java.lang.Object, java.lang.Object, java.lang.Object)'> (0x0000000089777938) 
thrown [s\open\src\hotspot\share\interpreter\linkResolver.cpp, line 773]

ZGC Phase Switch (0 events):
No events

VM Operations (20 events):
Event: 73.325 Executing VM operation: Cleanup
Event: 73.325 Executing VM operation: Cleanup done
Event: 105.582 Executing VM operation: Cleanup
Event: 105.582 Executing VM operation: Cleanup done
Event: 120.363 Executing VM operation: HandshakeAllThreads (HandshakeForDeflation)
Event: 120.363 Executing VM operation: HandshakeAllThreads (HandshakeForDeflation) done
Event: 120.363 Executing VM operation: RendezvousGCThreads
Event: 120.363 Executing VM operation: RendezvousGCThreads done
Event: 129.454 Executing VM operation: Cleanup
Event: 129.454 Executing VM operation: Cleanup done
Event: 134.322 Executing VM operation: ChangeSingleStep
Event: 134.322 Executing VM operation: ChangeSingleStep done
Event: 134.322 Executing VM operation: ChangeSingleStep
Event: 134.322 Executing VM operation: ChangeSingleStep done
Event: 134.334 Executing VM operation: RedefineClasses
Event: 134.358 Executing VM operation: RedefineClasses done
Event: 134.369 Executing VM operation: ChangeBreakpoints
Event: 134.370 Executing VM operation: ChangeBreakpoints done
Event: 134.374 Executing VM operation: ChangeSingleStep
Event: 134.374 Executing VM operation: ChangeSingleStep done

Events (20 events):
Event: 7.816 Thread 0x0000014e641c8460 Thread added: 0x0000014e641c8460
Event: 8.737 Thread 0x0000014e618abf50 Thread exited: 0x0000014e618abf50
Event: 9.780 Thread 0x0000014e1b56d5e0 Thread exited: 0x0000014e1b56d5e0
Event: 13.467 Thread 0x0000014e1b56d5e0 Thread added: 0x0000014e1b56d5e0
Event: 13.468 Thread 0x0000014e621cc530 Thread added: 0x0000014e621cc530
Event: 19.808 Thread 0x0000014e621cc530 Thread exited: 0x0000014e621cc530
Event: 24.813 Thread 0x0000014e1b56d5e0 Thread exited: 0x0000014e1b56d5e0
Event: 32.815 Thread 0x0000014e1b56d5e0 Thread added: 0x0000014e1b56d5e0
Event: 32.815 Thread 0x0000014e644403b0 Thread added: 0x0000014e644403b0
Event: 32.815 Thread 0x0000014e64128200 Thread added: 0x0000014e64128200
Event: 37.897 Thread 0x0000014e64128200 Thread exited: 0x0000014e64128200
Event: 39.352 Thread 0x0000014e644403b0 Thread exited: 0x0000014e644403b0
Event: 42.801 Thread 0x0000014e1b56d5e0 Thread exited: 0x0000014e1b56d5e0
Event: 44.656 Thread 0x0000014e1b56d5e0 Thread added: 0x0000014e1b56d5e0
Event: 44.656 Thread 0x0000014e616352b0 Thread added: 0x0000014e616352b0
Event: 44.656 Thread 0x0000014e61635960 Thread added: 0x0000014e61635960
Event: 49.688 Thread 0x0000014e61635960 Thread exited: 0x0000014e61635960
Event: 49.688 Thread 0x0000014e616352b0 Thread exited: 0x0000014e616352b0
Event: 49.688 Thread 0x0000014e1b56d5e0 Thread exited: 0x0000014e1b56d5e0
Event: 90.527 Thread 0x0000014e61604290 Thread exited: 0x0000014e61604290


Dynamic libraries:
0x00007ff76be90000 - 0x00007ff76bea0000 	C:\Program Files\Java\jdk-21\bin\javaw.exe
0x00007ff8e7df0000 - 0x00007ff8e7fe8000 	C:\Windows\SYSTEM32\ntdll.dll
0x00007ff8e5ed0000 - 0x00007ff8e5f92000 	C:\Windows\System32\KERNEL32.DLL
0x00007ff8e5980000 - 0x00007ff8e5c76000 	C:\Windows\System32\KERNELBASE.dll
0x00007ff8e5880000 - 0x00007ff8e5980000 	C:\Windows\System32\ucrtbase.dll
0x00007ff8e1c10000 - 0x00007ff8e1c2b000 	C:\Program Files\Java\jdk-21\bin\VCRUNTIME140.dll
0x00007ff8e1510000 - 0x00007ff8e1529000 	C:\Program Files\Java\jdk-21\bin\jli.dll
0x00007ff8e6460000 - 0x00007ff8e650f000 	C:\Windows\System32\ADVAPI32.dll
0x00007ff8e6570000 - 0x00007ff8e660e000 	C:\Windows\System32\msvcrt.dll
0x00007ff8e60c0000 - 0x00007ff8e615f000 	C:\Windows\System32\sechost.dll
0x00007ff8e75f0000 - 0x00007ff8e7713000 	C:\Windows\System32\RPCRT4.dll
0x00007ff8e5720000 - 0x00007ff8e5747000 	C:\Windows\System32\bcrypt.dll
0x00007ff8e6200000 - 0x00007ff8e639d000 	C:\Windows\System32\USER32.dll
0x00007ff8e5c80000 - 0x00007ff8e5ca2000 	C:\Windows\System32\win32u.dll
0x00007ff8c5380000 - 0x00007ff8c561a000 	C:\Windows\WinSxS\amd64_microsoft.windows.common-controls_6595b64144ccf1df_6.0.19041.5794_none_60bcd33171f2783c\COMCTL32.dll
0x00007ff8e63a0000 - 0x00007ff8e63cb000 	C:\Windows\System32\GDI32.dll
0x00007ff8e5cb0000 - 0x00007ff8e5dca000 	C:\Windows\System32\gdi32full.dll
0x00007ff8e5750000 - 0x00007ff8e57ed000 	C:\Windows\System32\msvcp_win.dll
0x00007ff8dd290000 - 0x00007ff8dd29a000 	C:\Windows\SYSTEM32\VERSION.dll
0x00007ff8e6430000 - 0x00007ff8e645f000 	C:\Windows\System32\IMM32.DLL
0x00007ff8e1790000 - 0x00007ff8e179c000 	C:\Program Files\Java\jdk-21\bin\vcruntime140_1.dll
0x00007ff8c4900000 - 0x00007ff8c498e000 	C:\Program Files\Java\jdk-21\bin\msvcp140.dll
0x00007ff89e750000 - 0x00007ff89f467000 	C:\Program Files\Java\jdk-21\bin\server\jvm.dll
0x00007ff8e7580000 - 0x00007ff8e75eb000 	C:\Windows\System32\WS2_32.dll
0x00007ff8d6f90000 - 0x00007ff8d6fb7000 	C:\Windows\SYSTEM32\WINMM.dll
0x00007ff8e49d0000 - 0x00007ff8e4a1b000 	C:\Windows\SYSTEM32\POWRPROF.dll
0x00007ff8e4890000 - 0x00007ff8e48a2000 	C:\Windows\SYSTEM32\UMPDC.dll
0x00007ff8e3cb0000 - 0x00007ff8e3cc2000 	C:\Windows\SYSTEM32\kernel.appcore.dll
0x00007ff8e1d20000 - 0x00007ff8e1d2a000 	C:\Program Files\Java\jdk-21\bin\jimage.dll
0x00007ff8e2fc0000 - 0x00007ff8e31c1000 	C:\Windows\SYSTEM32\DBGHELP.DLL
0x00007ff8d3dd0000 - 0x00007ff8d3e04000 	C:\Windows\SYSTEM32\dbgcore.DLL
0x00007ff8e57f0000 - 0x00007ff8e5872000 	C:\Windows\System32\bcryptPrimitives.dll
0x00007ff8c0b50000 - 0x00007ff8c0b8c000 	C:\Program Files\Java\jdk-21\bin\jdwp.dll
0x00007ff8e1970000 - 0x00007ff8e197f000 	C:\Program Files\Java\jdk-21\bin\instrument.dll
0x00007ff8e17b0000 - 0x00007ff8e17cf000 	C:\Program Files\Java\jdk-21\bin\java.dll
0x00007ff8e67c0000 - 0x00007ff8e6f2e000 	C:\Windows\System32\SHELL32.dll
0x00007ff8e34f0000 - 0x00007ff8e3c93000 	C:\Windows\SYSTEM32\windows.storage.dll
0x00007ff8e7720000 - 0x00007ff8e7a73000 	C:\Windows\System32\combase.dll
0x00007ff8e4ec0000 - 0x00007ff8e4eeb000 	C:\Windows\SYSTEM32\Wldp.dll
0x00007ff8e74b0000 - 0x00007ff8e757d000 	C:\Windows\System32\OLEAUT32.dll
0x00007ff8e73a0000 - 0x00007ff8e744d000 	C:\Windows\System32\SHCORE.dll
0x00007ff8e63d0000 - 0x00007ff8e6425000 	C:\Windows\System32\shlwapi.dll
0x00007ff8e53c0000 - 0x00007ff8e53e5000 	C:\Windows\SYSTEM32\profapi.dll
0x00007ff8e0ff0000 - 0x00007ff8e0ffc000 	C:\Program Files\Java\jdk-21\bin\dt_socket.dll
0x00007ff8e48b0000 - 0x00007ff8e48eb000 	C:\Windows\SYSTEM32\IPHLPAPI.DLL
0x00007ff8e4c20000 - 0x00007ff8e4c8c000 	C:\Windows\system32\mswsock.dll
0x00007ff8e48f0000 - 0x00007ff8e49ba000 	C:\Windows\SYSTEM32\DNSAPI.dll
0x00007ff8e6160000 - 0x00007ff8e6168000 	C:\Windows\System32\NSI.dll
0x00007ff8de250000 - 0x00007ff8de25a000 	C:\Windows\System32\rasadhlp.dll
0x00007ff8dda80000 - 0x00007ff8ddb00000 	C:\Windows\System32\fwpuclnt.dll
0x00007ff8e14f0000 - 0x00007ff8e1508000 	C:\Program Files\Java\jdk-21\bin\zip.dll
0x00007ff8e17a0000 - 0x00007ff8e17b0000 	C:\Program Files\Java\jdk-21\bin\net.dll
0x00007ff8e2260000 - 0x00007ff8e236a000 	C:\Windows\SYSTEM32\WINHTTP.dll
0x00007ff8df190000 - 0x00007ff8df1a6000 	C:\Program Files\Java\jdk-21\bin\nio.dll
0x00007ff8e1780000 - 0x00007ff8e178a000 	C:\Program Files\Java\jdk-21\bin\management.dll
0x00007ff8e1750000 - 0x00007ff8e175b000 	C:\Program Files\Java\jdk-21\bin\management_ext.dll
0x00007ff8e6040000 - 0x00007ff8e6048000 	C:\Windows\System32\PSAPI.DLL
0x00007ff8c1ca0000 - 0x00007ff8c1cb7000 	C:\Windows\system32\napinsp.dll
0x00007ff8c1c80000 - 0x00007ff8c1c9b000 	C:\Windows\system32\pnrpnsp.dll
0x00007ff8c1c50000 - 0x00007ff8c1c6d000 	C:\Windows\system32\wshbth.dll
0x00007ff8e2370000 - 0x00007ff8e238d000 	C:\Windows\system32\NLAapi.dll
0x00007ff8c1c30000 - 0x00007ff8c1c42000 	C:\Windows\System32\winrnr.dll
0x00007ff8e4e10000 - 0x00007ff8e4e28000 	C:\Windows\SYSTEM32\CRYPTSP.dll
0x00007ff8e44d0000 - 0x00007ff8e4508000 	C:\Windows\system32\rsaenh.dll
0x00007ff8e5380000 - 0x00007ff8e53ae000 	C:\Windows\SYSTEM32\USERENV.dll
0x00007ff8e4e30000 - 0x00007ff8e4e3c000 	C:\Windows\SYSTEM32\CRYPTBASE.dll
0x00007ff8e14e0000 - 0x00007ff8e14e9000 	C:\Program Files\Java\jdk-21\bin\extnet.dll
0x00007ff8e16a0000 - 0x00007ff8e16b0000 	C:\Program Files\Java\jdk-21\bin\verify.dll
0x00007ff8e1d00000 - 0x00007ff8e1d0e000 	C:\Program Files\Java\jdk-21\bin\sunmscapi.dll
0x00007ff8e5540000 - 0x00007ff8e569d000 	C:\Windows\System32\CRYPT32.dll
0x00007ff8e4f30000 - 0x00007ff8e4f57000 	C:\Windows\SYSTEM32\ncrypt.dll
0x00007ff8e4ef0000 - 0x00007ff8e4f2b000 	C:\Windows\SYSTEM32\NTASN1.dll
0x00007ff8e15c0000 - 0x00007ff8e15c7000 	C:\Windows\system32\wshunix.dll

dbghelp: loaded successfully - version: 4.0.5 - missing functions: none
symbol engine: initialized successfully - sym options: 0x614 - pdb path: .;C:\Program Files\Java\jdk-21\bin;C:\Windows\SYSTEM32;C:\Windows\WinSxS\amd64_microsoft.windows.common-controls_6595b64144ccf1df_6.0.19041.5794_none_60bcd33171f2783c;C:\Program Files\Java\jdk-21\bin\server

VM Arguments:
jvm_args: -XX:+ShowCodeDetailsInExceptionMessages -agentlib:jdwp=transport=dt_socket,suspend=y,address=localhost:53280 -Dcom.sun.management.jmxremote -Dcom.sun.management.jmxremote.port=53279 -Dcom.sun.management.jmxremote.authenticate=false -Dcom.sun.management.jmxremote.ssl=false -Djava.rmi.server.hostname=localhost -Dspring.jmx.enabled=true -Dmanagement.endpoints.jmx.exposure.include=* -Dspring.application.admin.enabled=true -XX:TieredStopAtLevel=1 -Dspring.boot.project.name=shopweb -javaagent:D:\EclipseIDE\eclipse\configuration\org.eclipse.osgi\446\0\.cp\lib\javaagent-shaded.jar -Dfile.encoding=UTF-8 -Dstdout.encoding=UTF-8 -Dstderr.encoding=UTF-8 
java_command: com.web.ShopwebApplication --spring.output.ansi.enabled=always
java_class_path (initial): D:\BackendJava\My_Workspace\shopapp\shopweb\target\classes;C:\Users\PHAN ANH TUAN\.m2\repository\org\springframework\boot\spring-boot-starter-data-jpa\3.5.0\spring-boot-starter-data-jpa-3.5.0.jar;C:\Users\PHAN ANH TUAN\.m2\repository\org\springframework\boot\spring-boot-starter\3.5.0\spring-boot-starter-3.5.0.jar;C:\Users\PHAN ANH TUAN\.m2\repository\org\springframework\boot\spring-boot-starter-logging\3.5.0\spring-boot-starter-logging-3.5.0.jar;C:\Users\PHAN ANH TUAN\.m2\repository\ch\qos\logback\logback-classic\1.5.18\logback-classic-1.5.18.jar;C:\Users\PHAN ANH TUAN\.m2\repository\ch\qos\logback\logback-core\1.5.18\logback-core-1.5.18.jar;C:\Users\PHAN ANH TUAN\.m2\repository\org\apache\logging\log4j\log4j-to-slf4j\2.24.3\log4j-to-slf4j-2.24.3.jar;C:\Users\PHAN ANH TUAN\.m2\repository\org\apache\logging\log4j\log4j-api\2.24.3\log4j-api-2.24.3.jar;C:\Users\PHAN ANH TUAN\.m2\repository\org\slf4j\jul-to-slf4j\2.0.17\jul-to-slf4j-2.0.17.jar;C:\Users\PHAN ANH TUAN\.m2\repository\org\yaml\snakeyaml\2.4\snakeyaml-2.4.jar;C:\Users\PHAN ANH TUAN\.m2\repository\org\springframework\boot\spring-boot-starter-jdbc\3.5.0\spring-boot-starter-jdbc-3.5.0.jar;C:\Users\PHAN ANH TUAN\.m2\repository\com\zaxxer\HikariCP\6.3.0\HikariCP-6.3.0.jar;C:\Users\PHAN ANH TUAN\.m2\repository\org\springframework\spring-jdbc\6.2.7\spring-jdbc-6.2.7.jar;C:\Users\PHAN ANH TUAN\.m2\repository\org\hibernate\orm\hibernate-core\6.6.15.Final\hibernate-core-6.6.15.Final.jar;C:\Users\PHAN ANH TUAN\.m2\repository\jakarta\persistence\jakarta.persistence-api\3.1.0\jakarta.persistence-api-3.1.0.jar;C:\Users\PHAN ANH TUAN\.m2\repository\jakarta\transaction\jakarta.transaction-api\2.0.1\jakarta.transaction-api-2.0.1.jar;C:\Users\PHAN ANH TUAN\.m2\repository\org\jboss\logging\jboss-logging\3.6.1.Final\jboss-logging-3.6.1.Final.jar;C:\Users\PHAN ANH TUAN\.m2\repository\org\hibernate\common\hibernate-commons-annotations\7.0.3.Final\hibernate-commons-annotations-7.0.3.Final.jar;C:\Users\PHAN ANH TUAN\.m2\repository\io\smallrye\jandex\3.2.0\jandex-3.2.0.jar;C:\Users\PHAN ANH TUAN\.m2\repository\com\fasterxml\classmate\1.7.0\classmate-1.7.0.jar;C:\Users\PHAN ANH TUAN\.m2\repository\net\bytebuddy\byte-buddy\1.17.5\byte-buddy-1.17.5.jar;C:\Users\PHAN ANH TUAN\.m2\repository\org\glassfish\jaxb\jaxb-runtime\4.0.5\jaxb-runtime-4.0.5.jar;C:\Users\PHAN ANH TUAN\.m2\repository\org\glassfish\jaxb\jaxb-core\4.0.5\jaxb-core-4.0.5.jar;C:\Users\PHAN ANH TUAN\.m2\repository\org\eclipse\angus\angus-activation\2.0.2\angus-activation-2.0.2.jar;C:\Users\PHAN ANH TUAN\.m2\repository\org\glassfish\jaxb\txw2\4.0.5\txw2-4.0.5.jar;C:\Users\PHAN ANH TUAN\.m2\repository\com\sun\istack\istack-commons-runtime\4.1.2\istack-commons-runtime-4.1.2.jar;C:\Users\PHAN ANH TUAN\.m2\repository\jakarta\inject\jakarta.inject-api\2.0.1\jakarta.inject-api-2.0.1.jar;C:\Users\PHAN ANH TUAN\.m2\repository\org\antlr\antlr4-runtime\4.13.0\antlr4-runtime-4.13.0.jar;C:\Users\PHAN ANH TUAN\.m2\repository\org\springframework\data\spring-data-jpa\3.5.0\spring-data-jpa-3.5.0.jar;C:\Users\PHAN ANH TUAN\.m2\repository\org\springframework\data\spring-data-commons\3.5.0\spring-data-commons-3.5.0.jar;C:\Users\PHAN ANH TUAN\.m2\repository\org\springframework\spring-orm\6.2.7\spring-orm-6.2.7.jar;C:\Users\PHAN ANH TUAN\.m2\repository\org\springframework\spring-context\6.2.7\spring-context-6.2.7.jar;C:\Users\PHAN ANH TUAN\.m2\repository\org\springframework\spring-aop\6.2.7\spring-aop-6.2.7.jar;C:\Users\PHAN ANH TUAN\.m2\repository\org\springframework\spring-tx\6.2.7\spring-tx-6.2.7.jar;C:\Users\PHAN ANH TUAN\.m2\repository\org\springframework\spring-beans\6.2.7\spring-beans-6.2.7.jar;C:\Users\PHAN ANH TUAN\.m2\repository\org\slf4j\slf4j-api\2.0.17\slf4j-api-2.0.17.jar;C:\Users\PHAN ANH TUAN\.m2\repository\org\springframework\spring-aspects\6.2.7\spring-aspects-6.2.7.jar;C:\Users\PHAN ANH TUAN\.m2\repository\org\aspectj\aspectjweaver\1.9.24\aspectjweaver-1.9.24.jar;C:\Users\PHAN ANH TUAN\.m2\repository\org\springframework\boot\spring-boot-starter-web\3.5.0\spring-boot-starter-web-3.5.0.jar;C:\Users\PHAN ANH TUAN\.m2\repository\org\springframework\boot\spring-boot-starter-json\3.5.0\spring-boot-starter-json-3.5.0.jar;C:\Users\PHAN ANH TUAN\.m2\repository\com\fasterxml\jackson\core\jackson-databind\2.19.0\jackson-databind-2.19.0.jar;C:\Users\PHAN ANH TUAN\.m2\repository\com\fasterxml\jackson\core\jackson-annotations\2.19.0\jackson-annotations-2.19.0.jar;C:\Users\PHAN ANH TUAN\.m2\repository\com\fasterxml\jackson\core\jackson-core\2.19.0\jackson-core-2.19.0.jar;C:\Users\PHAN ANH TUAN\.m2\repository\com\fasterxml\jackson\datatype\jackson-datatype-jdk8\2.19.0\jackson-datatype-jdk8-2.19.0.jar;C:\Users\PHAN ANH TUAN\.m2\repository\com\fasterxml\jackson\datatype\jackson-datatype-jsr310\2.19.0\jackson-datatype-jsr310-2.19.0.jar;C:\Users\PHAN ANH TUAN\.m2\repository\com\fasterxml\jackson\module\jackson-module-parameter-names\2.19.0\jackson-module-parameter-names-2.19.0.jar;C:\Users\PHAN ANH TUAN\.m2\repository\org\springframework\spring-web\6.2.7\spring-web-6.2.7.jar;C:\Users\PHAN ANH TUAN\.m2\repository\io\micrometer\micrometer-observation\1.15.0\micrometer-observation-1.15.0.jar;C:\Users\PHAN ANH TUAN\.m2\repository\io\micrometer\micrometer-commons\1.15.0\micrometer-commons-1.15.0.jar;C:\Users\PHAN ANH TUAN\.m2\repository\org\springframework\spring-webmvc\6.2.7\spring-webmvc-6.2.7.jar;C:\Users\PHAN ANH TUAN\.m2\repository\org\springframework\spring-expression\6.2.7\spring-expression-6.2.7.jar;C:\Users\PHAN ANH TUAN\.m2\repository\org\springframework\boot\spring-boot-devtools\3.5.0\spring-boot-devtools-3.5.0.jar;C:\Users\PHAN ANH TUAN\.m2\repository\org\springframework\boot\spring-boot\3.5.0\spring-boot-3.5.0.jar;C:\Users\PHAN ANH TUAN\.m2\repository\org\springframework\boot\spring-boot-autoconfigure\3.5.0\spring-boot-autoconfigure-3.5.0.jar;C:\Users\PHAN ANH TUAN\.m2\repository\org\springframework\boot\spring-boot-starter-tomcat\3.5.0\spring-boot-starter-tomcat-3.5.0.jar;C:\Users\PHAN ANH TUAN\.m2\repository\jakarta\annotation\jakarta.annotation-api\2.1.1\jakarta.annotation-api-2.1.1.jar;C:\Users\PHAN ANH TUAN\.m2\repository\org\apache\tomcat\embed\tomcat-embed-core\10.1.41\tomcat-embed-core-10.1.41.jar;C:\Users\PHAN ANH TUAN\.m2\repository\org\apache\tomcat\embed\tomcat-embed-el\10.1.41\tomcat-embed-el-10.1.41.jar;C:\Users\PHAN ANH TUAN\.m2\repository\org\apache\tomcat\embed\tomcat-embed-websocket\10.1.41\tomcat-embed-websocket-10.1.41.jar;C:\Users\PHAN ANH TUAN\.m2\repository\jakarta\xml\bind\jakarta.xml.bind-api\4.0.2\jakarta.xml.bind-api-4.0.2.jar;C:\Users\PHAN ANH TUAN\.m2\repository\jakarta\activation\jakarta.activation-api\2.1.3\jakarta.activation-api-2.1.3.jar;C:\Users\PHAN ANH TUAN\.m2\repository\org\springframework\spring-core\6.2.7\spring-core-6.2.7.jar;C:\Users\PHAN ANH TUAN\.m2\repository\org\springframework\spring-jcl\6.2.7\spring-jcl-6.2.7.jar;C:\Users\PHAN ANH TUAN\.m2\repository\com\mysql\mysql-connector-j\8.0.33\mysql-connector-j-8.0.33.jar;C:\Users\PHAN ANH TUAN\.m2\repository\org\apache\tomcat\embed\tomcat-embed-jasper\10.1.41\tomcat-embed-jasper-10.1.41.jar;C:\Users\PHAN ANH TUAN\.m2\repository\org\eclipse\jdt\ecj\3.33.0\ecj-3.33.0.jar;C:\Users\PHAN ANH TUAN\.m2\repository\org\springframework\boot\spring-boot-starter-thymeleaf\3.5.0\spring-boot-starter-thymeleaf-3.5.0.jar;C:\Users\PHAN ANH TUAN\.m2\repository\org\thymeleaf\thymeleaf-spring6\3.1.3.RELEASE\thymeleaf-spring6-3.1.3.RELEASE.jar;C:\Users\PHAN ANH TUAN\.m2\repository\org\thymeleaf\thymeleaf\3.1.3.RELEASE\thymeleaf-3.1.3.RELEASE.jar;C:\Users\PHAN ANH TUAN\.m2\repository\org\attoparser\attoparser\2.0.7.RELEASE\attoparser-2.0.7.RELEASE.jar;C:\Users\PHAN ANH TUAN\.m2\repository\org\unbescape\unbescape\1.1.6.RELEASE\unbescape-1.1.6.RELEASE.jar;C:\Users\PHAN ANH TUAN\.m2\repository\org\modelmapper\modelmapper\0.7.4\modelmapper-0.7.4.jar;C:\Users\PHAN ANH TUAN\.m2\repository\org\projectlombok\lombok\1.18.24\lombok-1.18.24.jar
Launcher Type: SUN_STANDARD

[Global flags]
     intx CICompilerCount                          = 4                                         {product} {ergonomic}
     uint ConcGCThreads                            = 2                                         {product} {ergonomic}
     uint G1ConcRefinementThreads                  = 8                                         {product} {ergonomic}
   size_t G1HeapRegionSize                         = 1048576                                   {product} {ergonomic}
    uintx GCDrainStackTargetSize                   = 64                                        {product} {ergonomic}
   size_t InitialHeapSize                          = 130023424                                 {product} {ergonomic}
     bool ManagementServer                         = true                                      {product} {command line}
   size_t MarkStackSize                            = 4194304                                   {product} {ergonomic}
   size_t MaxHeapSize                              = 2080374784                                {product} {ergonomic}
   size_t MaxNewSize                               = 1247805440                                {product} {ergonomic}
   size_t MinHeapDeltaBytes                        = 1048576                                   {product} {ergonomic}
   size_t MinHeapSize                              = 8388608                                   {product} {ergonomic}
    uintx NonNMethodCodeHeapSize                   = 4096                                   {pd product} {ergonomic}
    uintx NonProfiledCodeHeapSize                  = 0                                      {pd product} {ergonomic}
     bool ProfileInterpreter                       = false                                  {pd product} {command line}
    uintx ProfiledCodeHeapSize                     = 0                                      {pd product} {ergonomic}
     bool ShowCodeDetailsInExceptionMessages       = true                                   {manageable} {command line}
   size_t SoftMaxHeapSize                          = 2080374784                             {manageable} {ergonomic}
     intx TieredStopAtLevel                        = 1                                         {product} {command line}
     bool UseCompressedOops                        = true                           {product lp64_product} {ergonomic}
     bool UseG1GC                                  = true                                      {product} {ergonomic}
     bool UseLargePagesIndividualAllocation        = false                                  {pd product} {ergonomic}

Logging:
Log output configuration:
 #0: stdout all=warning uptime,level,tags foldmultilines=false
 #1: stderr all=off uptime,level,tags foldmultilines=false

Environment Variables:
JAVA_HOME=C:\Program Files\Java\jdk-21
PATH=C:/Program Files/Java/jdk-21/bin/server;C:/Program Files/Java/jdk-21/bin;C:\Program Files (x86)\Common Files\Oracle\Java\javapath;C:\Program Files\Apache Software Foundation\apache-maven-3.9.9\bin;C:\Program Files\Common Files\Oracle\Java\javapath;C:\Windows\system32;C:\Windows;C:\Windows\System32\Wbem;C:\Windows\System32\WindowsPowerShell\v1.0\;C:\Windows\System32\OpenSSH\;C:\Program Files (x86)\Microsoft SQL Server\160\Tools\Binn\;C:\Program Files\Microsoft SQL Server\160\Tools\Binn\;C:\Program Files\Microsoft SQL Server\Client SDK\ODBC\170\Tools\Binn\;C:\Program Files\Microsoft SQL Server\160\DTS\Binn\;C:\Program Files (x86)\Microsoft SQL Server\160\DTS\Binn\;C:\Program Files\Microsoft SQL Server\150\Tools\Binn\;C:\Program Files\Git\cmd;C:\Program Files\TortoiseGit\bin;C:\Users\PHAN ANH TUAN\AppData\Local\Microsoft\WindowsApps;C:\Users\PHAN ANH TUAN\AppData\Local\Programs\Microsoft VS Code\bin;C:\Program Files\JetBrains\IntelliJ IDEA 2025.1\bin;;C:\Windows\System32;
USERNAME=PHAN ANH TUAN
OS=Windows_NT
PROCESSOR_IDENTIFIER=Intel64 Family 6 Model 140 Stepping 1, GenuineIntel
TMP=C:\Users\PHANAN~1\AppData\Local\Temp
TEMP=C:\Users\PHANAN~1\AppData\Local\Temp




Periodic native trim disabled

---------------  S Y S T E M  ---------------

OS:
 Windows 10 , 64 bit Build 19041 (10.0.19041.5794)
OS uptime: 35 days 10:28 hours

CPU: total 8 (initial active 8) (4 cores per cpu, 2 threads per core) family 6 model 140 stepping 1 microcode 0xb8, cx8, cmov, fxsr, ht, mmx, 3dnowpref, sse, sse2, sse3, ssse3, sse4.1, sse4.2, popcnt, lzcnt, tsc, tscinvbit, avx, avx2, aes, erms, clmul, bmi1, bmi2, adx, avx512f, avx512dq, avx512cd, avx512bw, avx512vl, sha, fma, vzeroupper, avx512_vpopcntdq, avx512_vpclmulqdq, avx512_vaes, avx512_vnni, clflush, clflushopt, clwb, avx512_vbmi2, avx512_vbmi, rdtscp, rdpid, fsrm, gfni, avx512_bitalg, f16c, pku, cet_ibt, cet_ss, avx512_ifma
Processor Information for all 8 processors :
  Max Mhz: 1382, Current Mhz: 1382, Mhz Limit: 1382

Memory: 4k page, system-wide physical 7934M (1512M free)
TotalPageFile size 16647M (AvailPageFile size 5650M)
current process WorkingSet (physical memory assigned to process): 287M, peak: 287M
current process commit charge ("private bytes"): 328M, peak: 328M

vm_info: Java HotSpot(TM) 64-Bit Server VM (21.0.2+13-LTS-58) for windows-amd64 JRE (21.0.2+13-LTS-58), built on 2024-01-05T18:32:24Z by "mach5one" with MS VC++ 17.1 (VS2022)

END.
